[10:18:50:PM] Logged in as: trap
[10:18:50:PM] Captcha required!
[10:18:50:PM] Captcha required! 6Lfg5x4UAAAAADk1zOokp1zPPFD-WtBvpT4HXa0U
[10:19:24:PM] Logged in as: trap
[10:19:25:PM] Captcha required, sending nonsense.
[10:19:25:PM] Client joined the room: trap:3555478
[10:19:25:PM] Joins: sydney:3555405:sydneymobile
[10:19:25:PM] Joins: floyd:3555323:floydie00
[10:19:25:PM] Joins: chadder:3555111:chadcarmoncarriere
[10:19:25:PM] Joins: no:3555100:topkanrn
[10:19:25:PM] Joins: z:3555017:grigiogirl
[10:19:25:PM] Joins: rona:3554463:tinychatnz2
[10:19:25:PM] Joins: Holy:3554249:haak92
[10:19:25:PM] Joins: tigar:3554051:aleksandarjanicijevic
[10:19:25:PM] Joins moderator: Scourge:3555366:oatmealol2
[10:19:25:PM] Joins: dbunny:3554030:dbunny
[10:19:25:PM] Joins: garfeel:3554186:johntitor
[10:19:25:PM] Joins moderator: tirednormie:3554019:tirednormie2
[10:19:25:PM] Joins: soya:3553867:soyasauce
[10:19:25:PM] Joins: Fapneo:3553688:fapneo
[10:19:25:PM] Joins: MeKLiN:3553659:meklin
[10:19:25:PM] Joins: AdvantageousMutation:3553548:plaugesauce
[10:19:25:PM] Joins: koyboy:3553394:koyboy
[10:19:25:PM] Joins: Virgin_but_not_incel:3552775:faceheightframe5
[10:19:25:PM] Joins moderator: MAN_WITH_DAY_OFF:3552652:unicorns93
[10:19:25:PM] Joins: CaptainBeerProTravis:3552367:beerprosparty
[10:19:25:PM] Joins: scay:3552083:sdfsfsdfsdfs
[10:19:25:PM] Joins: hatebreed:3551228:bongdemon420
[10:19:25:PM] Joins: owl:3549987:artifex
[10:19:25:PM] Joins: L:3549316:ps93
[10:19:25:PM] Joins: Caged_Momus:3549201:momus
[10:19:25:PM] Joins: feelio:3547173:tfwfeelio
[10:19:25:PM] Joins: day8noresults:3538381:hiitsnick1
[10:19:25:PM] Joins: s2:3536891:20031023
[10:19:25:PM] Joins: CosmicRyder:3552007:cosmicryder
[10:19:25:PM] Joins: guest-71715:3530631:fightdogmeat
[10:19:25:PM] z:3555017 is broadcasting.
[10:19:25:PM] MeKLiN:3553659 is broadcasting.
[10:19:25:PM] AdvantageousMutation:3553548 is broadcasting.
[10:19:25:PM] tigar:3554051 is broadcasting.
[10:19:25:PM] koyboy:3553394 is broadcasting.
[10:19:25:PM] CaptainBeerProTravis:3552367 is broadcasting.
[10:19:25:PM] L:3549316 is broadcasting.
[10:19:25:PM] Caged_Momus:3549201 is broadcasting.
[10:19:25:PM] floyd:3555323 is broadcasting.
[10:19:25:PM] MAN_WITH_DAY_OFF:3552652 is broadcasting.
[10:19:25:PM] soya:3553867 is broadcasting.
[10:19:25:PM] day8noresults:3538381 is broadcasting.
[10:19:27:PM] CosmicRyder: how do you frequent an r9k room and not know sam hyde?
[10:19:29:PM] L:3549316 Left the room.
[10:19:30:PM] angora:3555464 has account: angora
[10:19:30:PM] angora:3555464 joined the room.
[10:19:31:PM] sydney: it was on one fo those "expected" retard 13 year old snap trends
[10:19:33:PM] L:3555486 has account: ps93
[10:19:33:PM] L:3555486 joined the room.
[10:19:36:PM] MAN_WITH_DAY_OFF: yeah lol
[10:19:40:PM] L:3555486 is broadcasting.
[10:19:44:PM] angora: rip tc 2020
[10:19:45:PM] MAN_WITH_DAY_OFF: she sent a snap thing being like 'send pics of your face'
[10:19:51:PM] MAN_WITH_DAY_OFF: she was gonna edit them or something
[10:19:53:PM] chadder: SYDNEY LOOK AT K
[10:19:54:PM] chadder: OMG
[10:19:56:PM] MAN_WITH_DAY_OFF: DFR sent his lol
[10:19:56:PM] sydney: is that dfr
[10:19:59:PM] sydney: fuck lol
[10:19:59:PM] scay:3552083 Left the room.
[10:20:03:PM] angora: lol
[10:20:05:PM] scay:3555537 has account: sdfsfsdfsdfs
[10:20:05:PM] scay:3555537 joined the room.
[10:20:09:PM] MAN_WITH_DAY_OFF: let me check
[10:20:10:PM] L:3555486 stopped broadcasting.
[10:20:11:PM] scay:3555537 is broadcasting.
[10:20:16:PM] sydney: oh wait that's uni
[10:20:18:PM] dbunny:3554030 Left the room.
[10:20:30:PM] angora: uni loooks like such a chad
[10:20:43:PM] angora: hes so tall and handsom AND strong
[10:20:45:PM] rona: ok work time
[10:20:52:PM] MAN_WITH_DAY_OFF: No
[10:20:52:PM] angora: 10/10 would smash
[10:20:57:PM] MAN_WITH_DAY_OFF: none of those dudes were DFR
[10:20:58:PM] tirednormie banned no
[10:20:58:PM] no:3555100 Left the room.
[10:20:59:PM] angora: no homo
[10:21:05:PM] MAN_WITH_DAY_OFF: sydney pfffff
[10:21:08:PM] sydney: u sure? he had the freckles filter on
[10:21:09:PM] tirednormie:3554019 Left the room.
[10:21:15:PM] sydney: she said something in the caption about "Nate"
[10:21:19:PM] chadder:3555111 Left the room.
[10:21:20:PM] rona:3554463 Left the room.
[10:21:20:PM] garfeel: No Hugo, No Holden, No XXXXXXX
[10:21:22:PM] sydney: YA THT"S HIM
[10:21:24:PM] garfeel: No Chicken
[10:21:24:PM] angora:3555464 Left the room.
[10:21:25:PM] sydney: THAT'S DFR
[10:21:39:PM] CaptainBeerProTravis:3552367 Left the room.
[10:21:39:PM] L:3555486 is broadcasting.
[10:21:39:PM] z:3555017 Left the room.
[10:21:41:PM] MAN_WITH_DAY_OFF: no its not
[10:21:42:PM] sydney: fuckin lol
[10:21:43:PM] no:3555668 has account: famjtalc
[10:21:43:PM] no:3555668 joined the room.
[10:21:46:PM] day8noresults: that doesnt even look like dfr
[10:21:50:PM] sydney: it is, he just has a filter on
[10:22:02:PM] no: fat fat its fat sydfat
[10:22:04:PM] sydney: i sweaer to go di looked at it and thought it was dfr then i saw his name
[10:22:08:PM] no: big big monster
