[03:40:37:PM] Logged in as: meklin
[03:40:38:PM] Captcha required!
[03:40:38:PM] Captcha required! 6Lfg5x4UAAAAADk1zOokp1zPPFD-WtBvpT4HXa0U
[03:43:31:PM] Logged in as: meklin
[03:43:32:PM] Client joined the room: Pumpkin:6730747
[03:43:32:PM] Joins: Sisiindiboy:6730695:sisiindiboy
[03:43:32:PM] Joins: angora:6730458:angora
[03:43:32:PM] Joins moderator: joe:6729460:socjoe
[03:43:32:PM] Joins: 241:6726861:mixed
[03:43:32:PM] Joins moderator: Dylan:6726859:dylannn
[03:43:32:PM] Joins: rob:6729877:kyle87
[03:43:32:PM] Joins moderator: bedbugtwink:6724956:fruitl0op
[03:43:32:PM] Joins: YanivTabibian:6730649:yanivtabibian
[03:43:32:PM] Joins: DontPM:6728429:molly69me
[03:43:32:PM] Joins: bill:6720881:billtheguy
[03:43:32:PM] Joins: Krishna:6727315:hauntedhouse
[03:43:32:PM] Joins: Doplah:6715697:doplah
[03:43:32:PM] Joins: Jaythepanda:6730243:jaythepanda
[03:43:32:PM] Joins: omginternetparty:6713482:wayferrer2
[03:43:32:PM] Joins: freeman:6723298:sond
[03:43:32:PM] Joins: Sunshine:6710242:toolism
[03:43:32:PM] Joins room owner: th3psychward:6713056:th3psychward
[03:43:32:PM] Joins: MeKLiN:6730600:trap
[03:43:32:PM] Joins: TheVikingOfDisapproval:6726604:coffeezone
[03:43:32:PM] Joins moderator: Mommy:6719574:blueandmind
[03:43:32:PM] Joins moderator: mason:6681825:maesynmay
[03:43:32:PM] DontPM:6728429 is broadcasting.
[03:43:32:PM] Krishna:6727315 is broadcasting.
[03:43:32:PM] TheVikingOfDisapproval:6726604 is broadcasting.
[03:43:32:PM] angora:6730458 is broadcasting.
[03:43:32:PM] Dylan:6726859 is broadcasting.
[03:43:32:PM] Mommy:6719574 is broadcasting.
[03:43:32:PM] omginternetparty:6713482 is broadcasting.
[03:43:32:PM] joe:6729460 is broadcasting.
[03:43:32:PM] YouTube: now playing "Funny Hamsters Videos Compilation #2 | Cute and Funny moments of the animals - Cute TV"
[03:43:40:PM] Krishna:6727315 Left the room.
[03:44:07:PM] angora: i wish you n=lived next ot me
[03:44:09:PM] angora: silly kittens
[03:44:10:PM] YanivTabibian:6730649 Left the room.
[03:44:16:PM] MeKLiN:6730600 Left the room.
[03:44:18:PM] angora: id take you out on a boat with me
[03:44:19:PM] Room Owner MeKLiN:6730797:trap
[03:44:19:PM] MeKLiN:6730797 joined the room.
[03:44:24:PM] angora: and then stick you in . a baga
[03:44:28:PM] MeKLiN:6730797 Left the room.
[03:44:29:PM] Room Owner MeKLiN:6730816:trap
[03:44:29:PM] MeKLiN:6730816 joined the room.
[03:44:30:PM] angora: and throw you in the water
[03:44:41:PM] rob: Blue: my dad ra_ped me
[03:44:43:PM] angora: NO YOU DO
[03:44:44:PM] rob:6729877 Changed nick to: rainman
[03:44:47:PM] MeKLiN:6730816 is broadcasting.
[03:44:48:PM] Sisiindiboy:6730695 Left the room.
[03:44:52:PM] th3psychward:6713056 is broadcasting.
[03:45:05:PM] POGI:6730873 has account: christianrosejos
[03:45:05:PM] POGI:6730873 joined the room.
[03:45:06:PM] angora: sebby lets hangout
[03:45:25:PM] MeKLiN: !kick Sunshine
[03:45:25:PM] Pumpkin kicked Sunshine
[03:45:25:PM] Sunshine:6710242 Left the room.
[03:45:30:PM] Zolla:6730908 has account: zolla8
[03:45:31:PM] Zolla:6730908 joined the room.
[03:45:34:PM] angora:6730458 Left the room.
[03:46:00:PM] POGI:6730873 Left the room.
[03:46:05:PM] bedbugtwink:6724956 Left the room.
[03:46:08:PM] Room Owner bedbugtwink:6730966:fruitl0op
[03:46:08:PM] bedbugtwink:6730966 joined the room.
[03:46:18:PM] MeKLiN: !lurkers 
[03:46:42:PM] Zolla:6730908 Left the room.
[03:47:07:PM] DDD:6731039 has account: wilmarandresgerena
[03:47:07:PM] DDD:6731039 joined the room.
[03:47:11:PM] MeKLiN: it makes you live longerr
[03:47:30:PM] DDD:6731039 Left the room.
[03:47:42:PM] MeKLiN:6730816 stopped broadcasting.
[03:48:10:PM] MFCHEF:6731125 has account: nochilll
[03:48:10:PM] MFCHEF:6731125 joined the room.
[03:48:28:PM] MFCHEF:6731125 Left the room.
[03:49:00:PM] Jaythepanda:6730243 Left the room.
[03:49:04:PM] rainman:6729877 Left the room.
[03:49:57:PM] MeKLiN:6730816 is broadcasting.
[03:50:16:PM] MeKLiN:6730816 stopped broadcasting.
[03:50:30:PM] MeKLiN:6730816 is broadcasting.
[03:50:42:PM] MeKLiN: damn is sunshine ok
[03:50:57:PM] MeKLiN: tell him i was just testing the bot
[03:51:34:PM] MeKLiN: figured id do a kick test on someone who thinks its ok to be a shithead in chat for years on end
[03:52:13:PM] th3psychward:6713056 Left the room.
[03:52:28:PM] Jaythepanda:6731474 has account: jaythepanda
[03:52:28:PM] Jaythepanda:6731474 joined the room.
[03:52:28:PM] MeKLiN: no one here cares about itchy
[03:52:36:PM] MeKLiN: shes dating a muslim mexican guy
[03:52:52:PM] MeKLiN: i used to like her before she turned mean and drunkie
[03:53:11:PM] MeKLiN: juust another selfish person who give the wrong impression to us in the community
[03:53:19:PM] MeKLiN: whom are honeest people, and shee was not honest
[03:53:32:PM] reegee:6731553 has account: reegee
[03:53:32:PM] reegee:6731553 joined the room.
[03:54:09:PM] Jaythepanda:6731474 is broadcasting.
[03:54:23:PM] The youtube (BBMxeX9I2eQ) was stopped.
[03:54:46:PM] Mommy started youtube video (Nutty Professor 2: The Klumps (8/9) Movie CLIP - Giant Hamster Attack (2000) HD)
[03:54:46:PM] YouTube: Mommy started "Nutty Professor 2: The Klumps (8/9) Movie CLIP - Giant Hamster Attack (2000) HD"
[03:55:04:PM] lost4:6731660 has account: lost4
[03:55:05:PM] lost4:6731660 joined the room.
[03:55:45:PM] neofytou:6731710 has account: neofytou
[03:55:45:PM] neofytou:6731710 joined the room.
[03:55:45:PM] Moderator elle:6731711:niceonebruva
[03:55:45:PM] elle:6731711 joined the room.
[03:56:08:PM] MeKLiN: i just put dota in 1440x1080
[03:56:12:PM] neofytou:6731710 Left the room.
[03:56:28:PM] Jaythepanda: dota!
[03:56:59:PM] lost4:6731660 Left the room.
[03:57:01:PM] elle:6731711 Left the room.
[03:57:38:PM] The youtube (vkmf3Hbnh_4) was stopped.
[03:57:39:PM] MeKLiN: it doesnt look right
[03:57:50:PM] Mommy started youtube video (Syrian Hamsters | Are They Right For You?)
[03:57:50:PM] YouTube: Mommy started "Syrian Hamsters | Are They Right For You?"
[03:57:50:PM] MeKLiN: and i coudlnt see some of the heroes to select, but i typed the name i wanted and pressed alt enter
[03:58:08:PM] bedbugtwink:6730966 Left the room.
[03:58:10:PM] Room Owner bedbugtwink:6731867:fruitl0op
[03:58:10:PM] bedbugtwink:6731867 joined the room.
[03:58:25:PM] bedbugtwink:6731867 is broadcasting.
[03:58:37:PM] DefectiveChildreen:6731913 has account: wxzixyzit
[03:58:37:PM] DefectiveChildreen:6731913 joined the room.
[03:58:47:PM] omginternetparty: https://www.youtube.com/watch?v=tGdL-34L-GE
[03:58:53:PM] DefectiveChildreen:6731913 Left the room.
[03:58:55:PM] Jaythepanda: i had two once
[03:58:58:PM] 1950:6731943 has account: farismikhail
[03:58:58:PM] 1950:6731943 joined the room.
[03:59:03:PM] Mommy started youtube video (Sand Cat Kittens Filmed in the Wild for First Time | Nat Geo Wild)
[03:59:03:PM] YouTube: Mommy started "Sand Cat Kittens Filmed in the Wild for First Time | Nat Geo Wild"
[03:59:24:PM] 1950:6731943 Left the room.
[03:59:27:PM] Sorin:6731981 has account: hoserto
[03:59:27:PM] Sorin:6731981 joined the room.
[03:59:29:PM] Jaythepanda: poor kitty
[03:59:41:PM] Sorin:6731981 Left the room.
[03:59:48:PM] Room Owner ruby:6732006:ruby12345
[03:59:48:PM] ruby:6732006 joined the room.
[03:59:56:PM] ruby:6732006 Left the room.
[04:00:04:PM] purrxox6969:6732039 has account: purrxox6969
[04:00:05:PM] purrxox6969:6732039 joined the room.
[04:00:08:PM] The youtube (tGdL-34L-GE) was stopped.
[04:00:11:PM] Adolf_Napolian_Rasputin:6732055 has account: magicjamal
[04:00:12:PM] Adolf_Napolian_Rasputin:6732055 joined the room.
[04:00:20:PM] Mommy started youtube video (6 MISTAKES hamster owners make!)
[04:00:20:PM] YouTube: Mommy started "6 MISTAKES hamster owners make!"
[04:00:25:PM] Adolf_Napolian_Rasputin:6732055 Left the room.
[04:00:32:PM] KovacevicBojan:6732083 has account: kovacevicbojan
[04:00:33:PM] KovacevicBojan:6732083 joined the room.
[04:00:46:PM] KovacevicBojan:6732083 Left the room.
[04:01:20:PM] purrxox6969:6732039 Left the room.
[04:02:32:PM] justus2r3:6732228 has account: justus2r3
[04:02:32:PM] justus2r3:6732228 joined the room.
[04:02:55:PM] DontPM:6728429 Left the room.
[04:02:57:PM] DontPM:6732258 has account: molly69me
[04:02:57:PM] DontPM:6732258 joined the room.
[04:03:29:PM] DontPM:6732258 is broadcasting.
[04:03:34:PM] Mommy searched the youtube video to: 316
[04:04:28:PM] Mommy searched the youtube video to: 211
[04:04:30:PM] Mommy searched the youtube video to: 331
[04:04:32:PM] Mommy searched the youtube video to: 154
[04:05:07:PM] Jaythepanda: cool
[04:05:37:PM] TheVikingOfDisapproval: note the tactical poop shape
[04:05:46:PM] ShadowkhanShendu:6732500 has account: shadowkhanshendu
[04:05:46:PM] ShadowkhanShendu:6732500 joined the room.
[04:05:52:PM] TheVikingOfDisapproval: i need not spell out the imagry more
[04:06:07:PM] ShadowkhanShendu:6732500 Left the room.
[04:06:15:PM] DontPM:6732258 stopped broadcasting.
[04:06:16:PM] DontPM:6732258 Left the room.
[04:06:29:PM] justus2r3:6732228 is broadcasting.
[04:06:35:PM] GamerKatt:6732572 has account: katt007
[04:06:36:PM] GamerKatt:6732572 joined the room.
[04:06:43:PM] GamerKatt:6732572 Left the room.
[04:06:51:PM] The youtube (UzBVH9gSSuE) was stopped.
[04:06:51:PM] Jaythepanda: pie is amazing
[04:06:54:PM] justus2r3:6732228 stopped broadcasting.
[04:06:57:PM] justus2r3:6732228 Left the room.
[04:07:02:PM] Mommy started youtube video (BASIC HAMSTER CARE | All about hamsters! 🐹)
[04:07:02:PM] YouTube: Mommy started "BASIC HAMSTER CARE | All about hamsters! 🐹"
[04:07:29:PM] dildo_factory:6732648 has account: zkorium
[04:07:29:PM] dildo_factory:6732648 joined the room.
[04:07:55:PM] dildo_factory: !yt 
[04:08:28:PM] Jaythepanda: ill make you all a cake
[04:08:32:PM] Dylan: DO IT
[04:08:38:PM] bedbugtwink: :DDD
[04:08:41:PM] likemydickyet:6732758 has account: likemydickyet
[04:08:41:PM] likemydickyet:6732758 joined the room.
[04:08:42:PM] Dylan: Bake me a cake!
[04:08:43:PM] Dylan: :D
[04:08:47:PM] likemydickyet:6732758 Left the room.
[04:08:54:PM] dildo_factory: !stop 
[04:08:55:PM] Jaythepanda: i cant now, its too late
[04:08:59:PM] dildo_factory: !skip 
[04:09:04:PM] dildo_factory: !next 
[04:09:18:PM] dildo_factory:6732648 Left the room.
[04:09:40:PM] likemydickyet:6732844 has account: likemydickyet
[04:09:40:PM] likemydickyet:6732844 joined the room.
[04:09:44:PM] likemydickyet:6732844 Left the room.
[04:09:45:PM] likemydickyet:6732853 has account: likemydickyet
[04:09:46:PM] likemydickyet:6732853 joined the room.
[04:09:50:PM] likemydickyet:6732853 Left the room.
[04:09:51:PM] likemydickyet:6732860 has account: likemydickyet
[04:09:51:PM] likemydickyet:6732860 joined the room.
[04:09:53:PM] likemydickyet:6732860 Left the room.
[04:09:58:PM] likemydickyet:6732878 has account: likemydickyet
[04:09:58:PM] likemydickyet:6732878 joined the room.
[04:09:59:PM] likemydickyet:6732878 Left the room.
[04:10:04:PM] Moderator shayla:6732887:ajshaylasheppard
[04:10:04:PM] shayla:6732887 joined the room.
[04:10:15:PM] likemydickyet:6732908 has account: likemydickyet
[04:10:15:PM] likemydickyet:6732908 joined the room.
[04:10:17:PM] shayla:6732887 is broadcasting.
[04:10:17:PM] likemydickyet:6732908 Left the room.
[04:10:18:PM] robi303:6732914 has account: robi303
[04:10:19:PM] robi303:6732914 joined the room.
[04:10:46:PM] reegee:6731553 Left the room.
[04:10:47:PM] Jaythepanda: now i want pudding
[04:10:52:PM] robi303:6732914 Left the room.
[04:11:15:PM] clarissa:6732998 has account: rexzy
[04:11:16:PM] clarissa:6732998 joined the room.
[04:11:22:PM] clarissa:6732998 is broadcasting.
[04:11:23:PM] YanivTabibian:6733008 has account: yanivtabibian
[04:11:23:PM] YanivTabibian:6733008 joined the room.
[04:11:31:PM] IshanJeewantha:6733018 has account: ishanjeewantha
[04:11:31:PM] IshanJeewantha:6733018 joined the room.
[04:11:34:PM] Anni:6733027 has account: annakissing
[04:11:35:PM] Anni:6733027 joined the room.
[04:11:50:PM] heisenberg:6733054 has account: verrissimo
[04:11:50:PM] heisenberg:6733054 joined the room.
[04:12:04:PM] Anni:6733027 Left the room.
[04:12:08:PM] d:6733091 has account: mrshrute
[04:12:08:PM] d:6733091 joined the room.
[04:12:11:PM] YanivTabibian: She still sleep?
[04:12:32:PM] d:6733091 Left the room.
[04:12:33:PM] robi303:6733125 has account: robi303
[04:12:33:PM] robi303:6733125 joined the room.
[04:12:46:PM] YanivTabibian:6733008 Left the room.
[04:12:56:PM] purrxox6969:6733155 has account: purrxox6969
[04:12:56:PM] purrxox6969:6733155 joined the room.
[04:12:56:PM] spades:6733156 has account: spadesz
[04:12:56:PM] spades:6733156 joined the room.
[04:12:56:PM] YanivTabibian:6733160 has account: yanivtabibian
[04:12:56:PM] YanivTabibian:6733160 joined the room.
[04:13:10:PM] IshanJeewantha:6733018 Left the room.
[04:13:16:PM] spades: meh
[04:13:17:PM] heisenberg:6733054 Left the room.
[04:13:18:PM] YanivTabibian:6733160 Left the room.
[04:13:20:PM] YanivTabibian:6733200 has account: yanivtabibian
[04:13:20:PM] YanivTabibian:6733200 joined the room.
[04:13:22:PM] robi303: Can I have fun with my girl on live ? 
[04:13:58:PM] clarissa: sure
[04:14:26:PM] YanivTabibian:6733200 Left the room.
[04:14:39:PM] purrxox6969:6733155 is broadcasting.
[04:15:02:PM] The youtube (3VoBRJrr2_0) was stopped.
[04:15:03:PM] Mommy:6719574 stopped broadcasting.
[04:15:06:PM] Jaythepanda: cookie!
[04:15:20:PM] mehr:6733357 has account: mariamillerlee
[04:15:21:PM] mehr:6733357 joined the room.
[04:15:29:PM] Jaythepanda: agree
[04:15:35:PM] mehr:6733357 Left the room.
[04:15:48:PM] Mommy:6719574 Left the room.
[04:16:34:PM] robi303:6733125 Left the room.
[04:16:38:PM] baer:6733478 has account: berndhettich
[04:16:39:PM] baer:6733478 joined the room.
[04:16:45:PM] purrxox6969: Hahaha
[04:16:56:PM] purrxox6969: The release is better
[04:17:00:PM] purrxox6969: 😂😂😂
[04:17:07:PM] bill:6720881 Left the room.
[04:17:09:PM] jenah:6733526 has account: jenahmganong
[04:17:09:PM] jenah:6733526 joined the room.
[04:17:12:PM] jenah:6733526 is broadcasting.
[04:17:38:PM] LOKI:6733572 has account: donemakingthissh
[04:17:38:PM] LOKI:6733572 joined the room.
[04:17:40:PM] spades: sup
[04:17:53:PM] EPLUS_:6733592 has account: looneybatch
[04:17:54:PM] EPLUS_:6733592 joined the room.
[04:17:57:PM] Jaythepanda: hey
[04:18:21:PM] purrxox6969: My cam wont work
[04:18:22:PM] purrxox6969: Wyf
[04:18:27:PM] Batmanbearpig:6733643 has account: wolfcrazed
[04:18:27:PM] Batmanbearpig:6733643 joined the room.
[04:18:34:PM] baer:6733478 Left the room.
[04:18:48:PM] Batmanbearpig:6733643 is broadcasting.
[04:18:56:PM] Batmanbearpig: Heya folks
[04:19:16:PM] freeman: yse
[04:19:47:PM] Batmanbearpig: looking like pennywise over there clarrisa
[04:19:58:PM] purrxox6969:6733155 stopped broadcasting.
[04:19:59:PM] purrxox6969:6733155 Left the room.
[04:20:01:PM] purrxox6969:6733787 has account: purrxox6969
[04:20:01:PM] purrxox6969:6733787 joined the room.
[04:20:17:PM] jenah:6733526 Left the room.
[04:20:17:PM] purrxox6969:6733787 Left the room.
[04:20:28:PM] slurpndrool:6733836 has account: slurpndrool
[04:20:28:PM] slurpndrool:6733836 joined the room.
[04:20:28:PM] oranges:6733837 has account: greatguy32167
[04:20:29:PM] oranges:6733837 joined the room.
[04:20:39:PM] oranges:6733837 Left the room.
[04:20:41:PM] unknownsIy2003:6733863 has account: d2r2
[04:20:41:PM] unknownsIy2003:6733863 joined the room.
[04:20:51:PM] unknownsIy2003:6733863 Left the room.
[04:21:41:PM] Jr:6733983 has account: ghostwriterx
[04:21:41:PM] Jr:6733983 joined the room.
[04:21:58:PM] Jr:6733983 is broadcasting.
[04:22:03:PM] islandguy:6734014 has account: ronaldlittlehale
[04:22:03:PM] islandguy:6734014 joined the room.
[04:22:45:PM] mighmadolma:6734078 has account: mighmadolma
[04:22:45:PM] mighmadolma:6734078 joined the room.
[04:23:21:PM] Jr:6733983 Left the room.
[04:23:26:PM] shayla: lel
[04:23:39:PM] spades: haha clarissa
[04:24:01:PM] LOKI:6733572 Left the room.
[04:24:09:PM] justus2r3:6734181 has account: justus2r3
[04:24:09:PM] justus2r3:6734181 joined the room.
[04:24:18:PM] islandguy:6734014 Left the room.
[04:24:38:PM] justus2r3:6734181 Left the room.
[04:25:00:PM] Jaythepanda: i want a bite
[04:25:23:PM] mighmadolma:6734078 Left the room.
[04:26:42:PM] purrxox6969:6734422 has account: purrxox6969
[04:26:42:PM] purrxox6969:6734422 joined the room.
[04:26:51:PM] purrxox6969:6734422 Left the room.
[04:27:11:PM] omginternetparty:6713482 Changed nick to: callisto
[04:27:50:PM] baer:6734547 has account: berndhettich
[04:27:51:PM] baer:6734547 joined the room.
[04:28:08:PM] baer:6734547 Left the room.
[04:28:59:PM] Miki:6734660 has account: miki23
[04:28:59:PM] Miki:6734660 joined the room.
[04:29:01:PM] kev:6734646 has account: kev89
[04:29:02:PM] kev:6734646 joined the room.
[04:29:17:PM] Miki:6734660 Left the room.
[04:29:19:PM] MARKKKK:6734700 has account: markkkkdjfdfi
[04:29:19:PM] MARKKKK:6734700 joined the room.
[04:29:26:PM] 241:6726861 is broadcasting.
[04:29:39:PM] kj:6734725 has account: kj1212
[04:29:39:PM] kj:6734725 joined the room.
[04:30:00:PM] 241:6726861 Left the room.
[04:30:01:PM] kj:6734725 is broadcasting.
[04:30:01:PM] 241:6734758 has account: mixed
[04:30:02:PM] 241:6734758 joined the room.
[04:30:04:PM] 241:6734758 is broadcasting.
[04:30:37:PM] kj:6734725 Left the room.
[04:30:49:PM] MARKKKK:6734700 Left the room.
[04:30:50:PM] pleb_of_allegiance:6734830 has account: girthbirthmerth
[04:30:50:PM] pleb_of_allegiance:6734830 joined the room.
[04:30:53:PM] Dylan banned kev
[04:30:53:PM] kev:6734646 Left the room.
[04:31:08:PM] pleb_of_allegiance:6734830 Left the room.
[04:31:15:PM] Batmanbearpig: somebodymust owe me money
[04:31:18:PM] Anni:6734873 has account: annakissing
[04:31:18:PM] Anni:6734873 joined the room.
[04:31:20:PM] Batmanbearpig: my palms itchy af
[04:31:33:PM] Anni:6734873 Left the room.
[04:31:38:PM] slurpndrool:6733836 Left the room.
[04:31:39:PM] slurpndrool:6734898 has account: slurpndrool
[04:31:39:PM] slurpndrool:6734898 joined the room.
[04:31:46:PM] slurpndrool:6734898 Left the room.
[04:31:48:PM] PupMuted:6734917 has account: territo
[04:31:49:PM] PupMuted:6734917 joined the room.
[04:31:55:PM] Miki:6734931 has account: miki23
[04:31:55:PM] Miki:6734931 joined the room.
[04:31:56:PM] PupMuted:6734917 Left the room.
[04:32:03:PM] Miki:6734931 Left the room.
[04:32:53:PM] Dylan banned clarissa
[04:32:53:PM] clarissa:6732998 Left the room.
[04:33:24:PM] kj:6735047 has account: kj1212
[04:33:24:PM] kj:6735047 joined the room.
[04:33:58:PM] if:6735090 has account: keith4355
[04:33:58:PM] if:6735090 joined the room.
[04:34:10:PM] Miki:6735101 has account: miki23
[04:34:10:PM] Miki:6735101 joined the room.
[04:34:11:PM] if:6735090 Left the room.
[04:34:21:PM] kj:6735047 Left the room.
[04:34:48:PM] Jhonenes:6735151 has account: jhonenes
[04:34:48:PM] Jhonenes:6735151 joined the room.
[04:34:49:PM] Henny:6735150 has account: henready4it
[04:34:49:PM] Henny:6735150 joined the room.
[04:34:53:PM] Miki:6735101 Left the room.
[04:34:59:PM] Jhonenes:6735151 is broadcasting.
[04:35:06:PM] Batmanbearpig: god /i was o fat
[04:35:09:PM] Batmanbearpig: so*
[04:35:30:PM] Henny:6735150 Left the room.
[04:35:51:PM] bedbugtwink kicked Jhonenes
[04:35:51:PM] Jhonenes:6735151 Left the room.
[04:36:08:PM] frato:6735258 has account: frato
[04:36:08:PM] frato:6735258 joined the room.
[04:36:42:PM] Jaythepanda: i have a cold so i cant talk much
[04:36:49:PM] xSoko:6735321 has account: xsoko
[04:36:49:PM] xSoko:6735321 joined the room.
[04:36:57:PM] bedbugtwink: brutal
[04:37:02:PM] xSoko:6735321 is broadcasting.
[04:37:07:PM] justus2r3:6735342 has account: justus2r3
[04:37:07:PM] justus2r3:6735342 joined the room.
[04:37:18:PM] justus2r3:6735342 Left the room.
[04:37:28:PM] Batmanbearpig: Ouchness
[04:37:41:PM] pleb_of_allegiance:6735393 has account: girthbirthmerth
[04:37:42:PM] pleb_of_allegiance:6735393 joined the room.
[04:37:43:PM] frato:6735258 Left the room.
[04:38:12:PM] Dylan:6726859 stopped broadcasting.
[04:38:14:PM] Jaythepanda: you share?
[04:38:24:PM] MoIIy:6735448 has account: mollyrally
[04:38:24:PM] MoIIy:6735448 joined the room.
[04:38:26:PM] Dylan: All mine!
[04:38:30:PM] pleb_of_allegiance: bedbugtwink doesnt change her pants so her undies are very stinky
[04:39:01:PM] mason:6681825 Left the room.
[04:39:02:PM] Room Owner mason:6735517:maesynmay
[04:39:02:PM] mason:6735517 joined the room.
[04:39:08:PM] pleb_of_allegiance:6735393 Left the room.
[04:39:27:PM] OthmaneAbouyacoub:6735574 has account: othmaneabouyacoub
[04:39:27:PM] OthmaneAbouyacoub:6735574 joined the room.
[04:39:28:PM] MoIIy:6735448 is broadcasting.
[04:39:28:PM] mason:6735517 Left the room.
[04:39:30:PM] Room Owner mason:6735580:maesynmay
[04:39:30:PM] mason:6735580 joined the room.
[04:39:34:PM] mason:6735580 Left the room.
[04:39:35:PM] Room Owner mason:6735590:maesynmay
[04:39:36:PM] mason:6735590 joined the room.
[04:39:39:PM] mason:6735590 Left the room.
[04:39:42:PM] OthmaneAbouyacoub:6735574 Left the room.
[04:39:43:PM] Room Owner mason:6735603:maesynmay
[04:39:43:PM] mason:6735603 joined the room.
[04:39:58:PM] caxlmoina:6735634 has account: caxlmoina
[04:39:58:PM] caxlmoina:6735634 joined the room.
[04:40:04:PM] caxlmoina:6735634 Left the room.
[04:40:18:PM] Dylan:6726859 is broadcasting.
[04:40:30:PM] Pete_:6735679 has account: medicated
[04:40:31:PM] Pete_:6735679 joined the room.
[04:40:43:PM] Pete_:6735679 Left the room.
[04:41:49:PM] jaywalk187:6735807 has account: jaywalk187
[04:41:50:PM] jaywalk187:6735807 joined the room.
[04:42:51:PM] godzilla:6735896 has account: goose114
[04:42:52:PM] godzilla:6735896 joined the room.
[04:43:10:PM] TimaraPace:6735929 has account: timarapace
[04:43:10:PM] TimaraPace:6735929 joined the room.
[04:43:12:PM] 241:6734758 stopped broadcasting.
[04:43:24:PM] TimaraPace:6735929 is broadcasting.
[04:43:52:PM] SherinZyz:6735984 has account: sherinzyz
[04:43:52:PM] SherinZyz:6735984 joined the room.
[04:44:06:PM] bedbugtwink:6731867 Left the room.
[04:44:09:PM] Room Owner bedbugtwink:6736007:fruitl0op
[04:44:09:PM] bedbugtwink:6736007 joined the room.
[04:44:10:PM] jaywalk187:6735807 Left the room.
[04:44:17:PM] Veronica:6736015 has account: badkittychan
[04:44:18:PM] Veronica:6736015 joined the room.
[04:44:29:PM] SherinZyz: Hi
[04:44:40:PM] MoIIy:6735448 stopped broadcasting.
[04:44:43:PM] SherinZyz:6735984 Left the room.
[04:44:50:PM] Veronica:6736015 Left the room.
[04:45:03:PM] MoIIy:6735448 is broadcasting.
[04:45:41:PM] TimaraPace:6735929 stopped broadcasting.
[04:45:42:PM] TimaraPace:6735929 Left the room.
[04:45:46:PM] TimaraPace:6736133 has account: timarapace
[04:45:47:PM] TimaraPace:6736133 joined the room.
[04:45:51:PM] Sorin:6736139 has account: morsean
[04:45:51:PM] Sorin:6736139 joined the room.
[04:45:57:PM] TimaraPace:6736133 is broadcasting.
[04:46:10:PM] SherinZyz:6736171 has account: sherinzyz
[04:46:10:PM] SherinZyz:6736171 joined the room.
[04:46:26:PM] hk:6736190 has account: hacck
[04:46:26:PM] hk:6736190 joined the room.
[04:46:36:PM] SherinZyz:6736171 Left the room.
[04:46:37:PM] Sorin:6736139 Left the room.
[04:46:39:PM] Sorin:6736209 has account: morsean
[04:46:39:PM] Sorin:6736209 joined the room.
[04:46:51:PM] 0OTYRIPhKO0:6736232 has account: r9kchat
[04:46:51:PM] 0OTYRIPhKO0:6736232 joined the room.
[04:46:54:PM] 0OTYRIPhKO0: ⚠️ Autism 🧙‍♂️Virgin 🚹 Shutin ☣ Piss bottles 🗿Lonely 👹Hideous 🐻 Pervert 🦖 Old  💯 𝕸𝖊𝖎𝖓 𝕶𝖆𝖒𝖕𝖋  🛑 I am human and i need to belong
[04:47:07:PM] Sorin:6736209 Left the room.
[04:47:19:PM] TimaraPace:6736133 stopped broadcasting.
[04:47:20:PM] TimaraPace:6736133 Left the room.
[04:47:21:PM] hk:6736190 Left the room.
[04:47:23:PM] robo:6736271 has account: captainserver
[04:47:23:PM] robo:6736271 joined the room.
[04:47:36:PM] 0OTYRIPhKO0:6736232 Left the room.
[04:47:40:PM] robo: 今日が私の、あなたの、私達の最良の独立記念日であります様に🙏      Dear,Lauren. Happy Independence Day. https://t.co/gVdL6EH6Ci
[04:47:45:PM] Smarty:6736301 has account: neerajalawadhi
[04:47:45:PM] Smarty:6736301 joined the room.
[04:47:45:PM] robo: lol
[04:48:21:PM] robo:6736271 is broadcasting.
[04:48:31:PM] robo: lol
[04:48:45:PM] bL:6736381 has account: sincyringe6
[04:48:45:PM] bL:6736381 joined the room.
[04:48:45:PM] robo:6736271 Left the room.
[04:48:56:PM] bL:6736381 Left the room.
[04:49:09:PM] godzilla:6735896 Left the room.
[04:49:22:PM] Smarty:6736301 Left the room.
[04:49:23:PM] Jaythepanda: name one
[04:49:26:PM] DefectiveChildreen:6736445 has account: wxzixyzit
[04:49:26:PM] DefectiveChildreen:6736445 joined the room.
[04:49:40:PM] DefectiveChildreen:6736445 Left the room.
[04:49:51:PM] j8rd31996:6736475 has account: j8rd31996
[04:49:51:PM] j8rd31996:6736475 joined the room.
[04:50:02:PM] j8rd31996:6736475 Left the room.
[04:50:31:PM] pussy_fidIer:6736527 has account: yomani
[04:50:31:PM] pussy_fidIer:6736527 joined the room.
[04:50:31:PM] post_ironic_stress_disorder:6736531 has account: ballbag
[04:50:32:PM] post_ironic_stress_disorder:6736531 joined the room.
[04:50:36:PM] callisto: https://www.youtube.com/watch?v=m8isewAncM0
[04:50:44:PM] robo:6736546 has account: captainserver
[04:50:44:PM] robo:6736546 joined the room.
[04:50:47:PM] pussy_fidIer:6736527 Left the room.
[04:50:48:PM] robo:6736546 is broadcasting.
[04:50:51:PM] post_ironic_stress_disorder: https://tinychat.com/room/rising9k
[04:50:53:PM] MoIIy: llaptop to bad to play videos
[04:51:09:PM] post_ironic_stress_disorder:6736531 Left the room.
[04:51:19:PM] justus2r3:6736614 has account: justus2r3
[04:51:19:PM] justus2r3:6736614 joined the room.
[04:51:19:PM] bedbugtwink:6736007 is broadcasting.
[04:51:25:PM] shayla started youtube video (Kiiara - dopemang (feat. Ashley All Day) (Official Audio))
[04:51:25:PM] YouTube: shayla started "Kiiara - dopemang (feat. Ashley All Day) (Official Audio)"
[04:52:05:PM] bedbugtwink: time for blood shed
[04:52:06:PM] justus2r3:6736614 Left the room.
[04:52:14:PM] callisto: mmm
[04:52:18:PM] callisto: redrum
[04:52:29:PM] bedbugtwink: REDRUM OH REDRUM
[04:52:36:PM] callisto: lol
[04:52:51:PM] xxmissrawrxx:6736765 has account: xxmizzrawrxx
[04:52:51:PM] xxmissrawrxx:6736765 joined the room.
[04:53:36:PM] xxmissrawrxx:6736765 Left the room.
[04:53:58:PM] YanivTabibian:6736870 has account: yanivtabibian
[04:53:58:PM] YanivTabibian:6736870 joined the room.
[04:54:14:PM] YanivTabibian:6736870 Left the room.
[04:54:14:PM] The youtube (m8isewAncM0) was stopped.
[04:54:20:PM] Jaythepanda: https://youtu.be/KQ67fDlqqhc
[04:54:43:PM] nvxshaaaedggsddwsbb:6736944 has account: nvxshaaaedggsddwsbb
[04:54:43:PM] nvxshaaaedggsddwsbb:6736944 joined the room.
[04:55:25:PM] MARKKKK:6737001 has account: markkkkdjfdfi
[04:55:25:PM] MARKKKK:6737001 joined the room.
[04:55:28:PM] Trev:6737004 has account: gandalfthegreen
[04:55:28:PM] Trev:6737004 joined the room.
[04:55:39:PM] MARKKKK:6737001 Left the room.
[04:55:53:PM] YanivTabibian:6737037 has account: yanivtabibian
[04:55:53:PM] YanivTabibian:6737037 joined the room.
[04:55:55:PM] Miki:6737043 has account: miki23
[04:55:55:PM] Miki:6737043 joined the room.
[04:55:58:PM] smingo7:6737050 has account: smingo7
[04:55:58:PM] smingo7:6737050 joined the room.
[04:56:14:PM] zilllaa:6737071 has account: zilllaa
[04:56:14:PM] zilllaa:6737071 joined the room.
[04:56:21:PM] YanivTabibian:6737037 Left the room.
[04:56:25:PM] Miki:6737043 Left the room.
[04:56:27:PM] zilllaa:6737071 Left the room.
[04:56:50:PM] smingo7:6737050 Left the room.
[04:56:50:PM] Moderator Princess:6737133:princesspuff08
[04:56:50:PM] Princess:6737133 joined the room.
[04:57:06:PM] Princess:6737133 Left the room.
[04:57:12:PM] Dylan: Dylann
#2954
[04:57:13:PM] Moderator elle:6737167:niceonebruva
[04:57:13:PM] elle:6737167 joined the room.
[04:57:40:PM] guest:6737220 has account: lilybabygirl10
[04:57:40:PM] guest:6737220 joined the room.
[04:57:44:PM] wumbatdorf:6737228 has account: awhrhaewahew
[04:57:44:PM] wumbatdorf:6737228 joined the room.
[04:57:49:PM] guest-146:6737233 has account: morsean
[04:57:49:PM] guest-146:6737233 joined the room.
[04:58:04:PM] wumbatdorf:6737228 Left the room.
[04:58:05:PM] guest:6737220 Changed nick to: rhianna
[04:58:06:PM] bedbugtwink: !8ball how's my day going?
[04:58:11:PM] bedbugtwink: :/
[04:58:31:PM] rakesh:6737286 has account: galligucardonajuan
[04:58:31:PM] rakesh:6737286 joined the room.
[04:58:39:PM] rhianna:6737220 Left the room.
[04:58:44:PM] MoIIy: NotInUse#6892
[04:58:58:PM] elle:6737167 Left the room.
[04:59:11:PM] Batmanbearpig: shiny
[04:59:16:PM] Batmanbearpig: happy holidays everybody
[04:59:25:PM] Jaythepanda: so shiny
[04:59:36:PM] Moderator Princess:6737386:princesspuff08
[04:59:36:PM] Princess:6737386 joined the room.
[04:59:38:PM] Batmanbearpig: bright n shiny like a diamond
[04:59:43:PM] xSoko:6735321 Left the room.
[04:59:43:PM] Trev:6737004 is broadcasting.
[04:59:57:PM] Room Owner unknownsly2003:6737434:meta
[04:59:57:PM] unknownsly2003:6737434 joined the room.
[05:00:01:PM] unknownsly2003:6737434 Left the room.
[05:00:08:PM] Batmanbearpig: thats cool mine are stars too
[05:00:25:PM] Batmanbearpig: ew glitter
[05:00:31:PM] Batmanbearpig: the herpies of the art world
[05:01:02:PM] Trev: pretty much lol
[05:01:11:PM] oranges:6737543 has account: greatguy32167
[05:01:12:PM] oranges:6737543 joined the room.
[05:01:16:PM] Batmanbearpig: glitter bomb reaction vids crack me up tbh
[05:01:36:PM] pure_souled_chat_man:6737573 has account: dockmecock
[05:01:37:PM] pure_souled_chat_man:6737573 joined the room.
[05:01:38:PM] Batmanbearpig: you washing with rubbing alch tonight bitch xD
[05:01:45:PM] Rocky:6737575 has account: kelee
[05:01:45:PM] Rocky:6737575 joined the room.
[05:01:47:PM] purrxox6969:6737587 has account: purrxox6969
[05:01:47:PM] purrxox6969:6737587 joined the room.
[05:01:53:PM] pure_souled_chat_man:6737573 Left the room.
[05:02:04:PM] oranges:6737543 Left the room.
[05:02:11:PM] Trev: the package thief one?
[05:02:11:PM] Rocky:6737575 Left the room.
[05:02:22:PM] Jaythepanda: ill drink
[05:02:54:PM] Batmanbearpig: dog aint having it
[05:03:02:PM] Batmanbearpig: wont let me put the glasses on him
[05:03:17:PM] rakesh:6737286 Left the room.
[05:03:22:PM] Batmanbearpig: talk about a Kodak moment
[05:04:09:PM] Sunshine:6737815 has account: toolism
[05:04:10:PM] Sunshine:6737815 joined the room.
[05:04:10:PM] Jaythepanda: doggie
[05:04:24:PM] Sunshine: hellol friends
[05:04:28:PM] Sunshine: im all wet
[05:04:29:PM] guest-146:6737233 Left the room.
[05:04:29:PM] bedbugtwink:6736007 stopped broadcasting.
[05:04:29:PM] Princess:6737386 is broadcasting.
[05:04:29:PM] Sunshine: with sweat
[05:04:41:PM] Batmanbearpig: Oh lord
[05:04:50:PM] Batmanbearpig: lol yup yup thats General Disseray
[05:05:00:PM] Batmanbearpig: He's a Pittwolf like off a Family uy
[05:05:03:PM] Batmanbearpig: guy*
[05:05:04:PM] Trev: 0:32 / 3:54
'I FINK U FREEKY' by DIE ANTWOORD (Official) https://youtu.be/8Uee_mcxvrw
[05:05:05:PM] Pumpkin banned Trev
[05:05:05:PM] Trev:6737004 Left the room.
[05:05:05:PM] purrxox6969:6737587 is broadcasting.
[05:05:23:PM] Batmanbearpig: OINK
[05:05:27:PM] Sunshine: gross why not just get dressed
[05:05:32:PM] Sunshine: this is what gets cucks in here
[05:05:36:PM] gooper:6737970 has account: tippytators
[05:05:36:PM] gooper:6737970 joined the room.
[05:05:52:PM] Batmanbearpig: bra and the fan blowing in the distNCE
[05:06:03:PM] Batmanbearpig: ferra faucet ghair
[05:06:07:PM] Batmanbearpig: hair*
[05:06:10:PM] Sunshine: lets play rape murder marry
[05:06:13:PM] Robbie:6738034 has account: robtimmers
[05:06:13:PM] Robbie:6738034 joined the room.
[05:06:20:PM] callisto:6713482 stopped broadcasting.
[05:06:28:PM] Batmanbearpig: I'm watching RENT
[05:06:32:PM] shayla:6732887 stopped broadcasting.
[05:06:34:PM] purrxox6969: Princess
[05:06:37:PM] purrxox6969: That all you got
[05:06:40:PM] Sunshine: ya sluts are grat
[05:06:44:PM] Sunshine:6737815 is broadcasting.
[05:06:46:PM] shayla:6732887 is broadcasting.
[05:06:53:PM] koistella:6738095 has account: koistella
[05:06:53:PM] koistella:6738095 joined the room.
[05:06:57:PM] purrxox6969:6737587 stopped broadcasting.
[05:06:58:PM] purrxox6969:6737587 Left the room.
[05:07:08:PM] Robbie:6738034 Left the room.
[05:07:12:PM] callisto:6713482 Left the room.
[05:07:14:PM] purrxox6969:6738145 has account: purrxox6969
[05:07:14:PM] purrxox6969:6738145 joined the room.
[05:07:14:PM] callisto:6738148 has account: wayferrer2
[05:07:15:PM] callisto:6738148 joined the room.
[05:07:17:PM] koistella:6738095 Left the room.
[05:07:20:PM] Sunshine: monopoly time with sunshineeee
[05:07:25:PM] callisto:6738148 is broadcasting.
[05:07:26:PM] MoIIy:6735448 Left the room.
[05:07:26:PM] Batmanbearpig: messing with my dog
[05:07:43:PM] purrxox6969:6738145 is broadcasting.
[05:07:54:PM] Jaythepanda: behave!
[05:08:13:PM] purrxox6969: Close up
[05:08:39:PM] Batmanbearpig: he scratched my side
[05:08:45:PM] Batmanbearpig: game over
[05:08:53:PM] Jaythepanda: game over?
[05:09:05:PM] Batmanbearpig: I have a birthmark a mole on my right lovehandle
[05:09:20:PM] Batmanbearpig: I'm covered in moles actually
[05:09:36:PM] Batmanbearpig: 17 on my back n another on my cheek/face
[05:09:50:PM] Sunshine: mediocre everythang calm down guys
[05:09:56:PM] brodie35:6738460 has account: brodie35
[05:09:57:PM] brodie35:6738460 joined the room.
[05:10:08:PM] purrxox6969: Whatsvwith the fan
[05:10:13:PM] Batmanbearpig: shadow puppets
[05:10:18:PM] Sunshine: its called fashion hunni
[05:10:53:PM] Batmanbearpig: fuzion HA
[05:10:54:PM] Tickly:6738547 has account: cuteboy77p
[05:10:55:PM] Tickly:6738547 joined the room.
[05:11:12:PM] TheVikingOfDisapproval: my paranoia is telling me that princess is a time traveller
[05:11:22:PM] bedbugtwink: closed purrxox6969
[05:11:22:PM] purrxox6969:6738145 stopped broadcasting.
[05:11:25:PM] Jaythepanda: little belly
[05:11:40:PM] bedbugtwink:6736007 is broadcasting.
[05:11:44:PM] r1cky1:6738629 has account: r1cky1
[05:11:44:PM] r1cky1:6738629 joined the room.
[05:11:50:PM] brodie35:6738460 Left the room.
[05:11:50:PM] brodie35:6738637 has account: brodie35
[05:11:50:PM] brodie35:6738637 joined the room.
[05:12:06:PM] Batmanbearpig: need to trim them claws
[05:12:07:PM] tom1uk:6738671 has account: tom1uk
[05:12:07:PM] tom1uk:6738671 joined the room.
[05:12:09:PM] Batmanbearpig: g'damn
[05:12:13:PM] dweeb_nation:6738680 has account: basedgod
[05:12:13:PM] dweeb_nation:6738680 joined the room.
[05:12:20:PM] tom1uk:6738671 Left the room.
[05:12:25:PM] dweeb_nation:6738680 Left the room.
[05:12:31:PM] r1cky1:6738629 Left the room.
[05:12:56:PM] Degeneracy:6738745 has account: rising9k
[05:12:56:PM] Degeneracy:6738745 joined the room.
[05:13:03:PM] Batmanbearpig: Imma get the hose
[05:13:17:PM] Degeneracy:6738745 Left the room.
[05:13:24:PM] Batmanbearpig: lolol
[05:13:44:PM] purrxox6969: Shes sharing it with the world...
[05:13:50:PM] purrxox6969: Make a deal
[05:13:54:PM] Sunshine: we've admired, u mind gettign dressed now?
[05:13:57:PM] purrxox6969: If he makes money of your photo you get a cut
[05:14:00:PM] Sunshine: its just gonna be cuck city in here
[05:14:09:PM] brodie35:6738637 Left the room.
[05:14:12:PM] Sunshine: sad lonely bois pming u rn
[05:14:13:PM] nvxshaaaedggsddwsbb:6736944 Left the room.
[05:14:19:PM] copepod:6738870 has account: copepodsmahtin
[05:14:19:PM] copepod:6738870 joined the room.
[05:14:25:PM] brodie35:6738883 has account: brodie35
[05:14:25:PM] brodie35:6738883 joined the room.
[05:14:42:PM] Tickly:6738547 Left the room.
[05:14:43:PM] havana:6738910 has account: mscuba18
[05:14:43:PM] havana:6738910 joined the room.
[05:14:43:PM] copepod:6738870 Left the room.
[05:14:48:PM] purrxox6969: There ya go girl
[05:14:54:PM] purrxox6969: I'll wave my fan with you
[05:15:19:PM] guest:6738981 has account: thiswebsitesucks
[05:15:19:PM] guest:6738981 joined the room.
[05:15:24:PM] guest:6738981 Left the room.
[05:15:40:PM] havana:6738910 Left the room.
[05:15:51:PM] tezzy:6739038 has account: tsarinatezzy
[05:15:52:PM] tezzy:6739038 joined the room.
[05:15:53:PM] brodie35:6738883 Left the room.
[05:15:58:PM] guest:6739050 has account: thiswebsitesucks
[05:15:58:PM] guest:6739050 joined the room.
[05:16:05:PM] Jaythepanda: princess, are you on camskip?
[05:16:07:PM] guest:6739050 Left the room.
[05:16:12:PM] Dylan: Camskip?
[05:16:19:PM] MARKKKK:6739092 has account: markkkkdjfdfi
[05:16:19:PM] MARKKKK:6739092 joined the room.
[05:16:20:PM] Batmanbearpig: way I look at it if she's willing to do THIS on cam whats she doin irl
[05:16:28:PM] brodie35:6739110 has account: brodie35
[05:16:28:PM] brodie35:6739110 joined the room.
[05:16:28:PM] tezzy: hello
[05:16:47:PM] brodie35:6739110 Left the room.
[05:16:51:PM] Jaythepanda: camgirl site
[05:16:51:PM] tony:6739175 has account: tony1
[05:16:51:PM] tony:6739175 joined the room.
[05:16:57:PM] tezzy: so its not blowing
[05:16:58:PM] Dylan: Oh right
[05:17:00:PM] MARKKKK:6739092 Left the room.
[05:17:03:PM] Jaythepanda: another cam chat thing
[05:17:04:PM] Dylan: Chaturbate is better
[05:17:06:PM] Holy:6739202 has account: haak92
[05:17:06:PM] Holy:6739202 joined the room.
[05:17:08:PM] sumathithiru:6739207 has account: sumathithiru
[05:17:08:PM] sumathithiru:6739207 joined the room.
[05:17:10:PM] bedbugtwink:6736007 Left the room.
[05:17:10:PM] purrxox6969:6738145 is broadcasting.
[05:17:16:PM] Batmanbearpig: pfft
[05:17:20:PM] Room Owner bedbugtwink:6739238:fruitl0op
[05:17:20:PM] bedbugtwink:6739238 joined the room.
[05:17:21:PM] bedbugtwink:6739238 Left the room.
[05:17:23:PM] Room Owner bedbugtwink:6739242:fruitl0op
[05:17:23:PM] bedbugtwink:6739242 joined the room.
[05:17:29:PM] SherinZyz:6739256 has account: sherinzyz
[05:17:29:PM] SherinZyz:6739256 joined the room.
[05:17:30:PM] Jaythepanda: chaturbate is not better
[05:17:34:PM] OG:6739267 has account: og
[05:17:35:PM] OG:6739267 joined the room.
[05:17:37:PM] TheVikingOfDisapproval: being a whore for lack of a better term was much easier for the whore when cities were racially and culturally defined and unique- the whore could cater to specific unique interests of their clearly definined people who employed them
[05:18:02:PM] sumathithiru:6739207 Left the room.
[05:18:10:PM] TheVikingOfDisapproval: multicultural cities and metropoli are not supportive of those life styles
[05:18:19:PM] purrxox6969: River water is the safest to swim in, its always running
[05:18:33:PM] OG:6739267 Left the room.
[05:18:38:PM] bop:6739400 has account: kingofquueen
[05:18:39:PM] bop:6739400 joined the room.
[05:18:51:PM] AQUA:6739430 has account: aqualungz
[05:18:51:PM] AQUA:6739430 joined the room.
[05:18:53:PM] bop:6739400 Left the room.
[05:18:55:PM] purrxox6969: Where is that Shayla?
[05:18:57:PM] bedbugtwink:6739242 Left the room.
[05:18:58:PM] mason: i enjoy fecal contaminated water because polio means i never have to walk again
[05:18:59:PM] Room Owner bedbugtwink:6739455:fruitl0op
[05:18:59:PM] bedbugtwink:6739455 joined the room.
[05:18:59:PM] copepod:6739456 has account: copepodsmahtin
[05:19:00:PM] copepod:6739456 joined the room.
[05:19:02:PM] mason: i hate walking
[05:19:05:PM] SherinZyz:6739256 Left the room.
[05:19:14:PM] bedbugtwink kicked purrxox6969
[05:19:14:PM] purrxox6969:6738145 Left the room.
[05:19:14:PM] Tickly:6739489 has account: cuteboy77p
[05:19:14:PM] Tickly:6739489 joined the room.
[05:19:15:PM] Sunshine: neve rlooked at it that way mason
[05:19:18:PM] TheVikingOfDisapproval: the wisdom of an incoming slave to the brave new world mason
[05:19:21:PM] tezzy:6739038 Left the room.
[05:19:23:PM] AQUA:6739430 Left the room.
[05:19:28:PM] bedbugtwink:6739455 is broadcasting.
[05:19:37:PM] Jaythepanda: i will go.. ill see you all <3
[05:19:50:PM] bedbugtwink: peace jay
[05:20:00:PM] callisto: who is jay
[05:20:01:PM] TheVikingOfDisapproval: you know the video im talking about right?
[05:20:13:PM] TheVikingOfDisapproval: the one where it shows the slaves performing self harm to get out of working
[05:20:29:PM] Sunshine: i dontl ike black ppl but im not afraid of swimming inside of them
[05:20:31:PM] birdie:6739609 has account: birdie
[05:20:31:PM] birdie:6739609 joined the room.
[05:20:38:PM] birdie:6739609 Left the room.
[05:21:00:PM] copepod: yet u vpayed taxes to a islamic nigger for 8 years
[05:21:01:PM] Jaythepanda:6731474 Left the room.
[05:21:03:PM] mwh:6739664 has account: themwh76
[05:21:03:PM] mwh:6739664 joined the room.
[05:21:07:PM] copepod:6739456 is broadcasting.
[05:21:11:PM] Sunshine: how do u know
[05:21:16:PM] SamDlo:6739687 has account: samdlo
[05:21:17:PM] SamDlo:6739687 joined the room.
[05:21:22:PM] bedbugtwink: closed copepod
[05:21:22:PM] copepod:6739456 stopped broadcasting.
[05:21:27:PM] copepod:6739456 Left the room.
[05:21:29:PM] SamDlo:6739687 is broadcasting.
[05:21:29:PM] copepod:6739714 has account: copepodsmahtin
[05:21:30:PM] copepod:6739714 joined the room.
[05:21:31:PM] a:6739716 has account: personinmonday
[05:21:31:PM] a:6739716 joined the room.
[05:21:33:PM] Owl:6739721 has account: artifex
[05:21:33:PM] Owl:6739721 joined the room.
[05:21:44:PM] Dylan:6726859 Changed nick to: Princess_Manager
[05:21:46:PM] Princess_Manager:6726859 stopped broadcasting.
[05:21:46:PM] copepod:6739714 is broadcasting.
[05:21:53:PM] Princess_Manager banned copepod
[05:21:53:PM] copepod:6739714 Left the room.
[05:21:53:PM] Princess_Manager:6726859 is broadcasting.
[05:22:08:PM] Batmanbearpig:6733643 Left the room.
[05:22:12:PM] Holy:6739202 is broadcasting.
[05:22:13:PM] Batmanbearpig:6739787 has account: wolfcrazed
[05:22:14:PM] Batmanbearpig:6739787 joined the room.
[05:22:14:PM] Holy:6739202 stopped broadcasting.
[05:22:20:PM] Holy:6739202 Changed nick to: Haak
[05:22:22:PM] Haak:6739202 is broadcasting.
[05:22:25:PM] Owl:6739721 Left the room.
[05:22:27:PM] TheVikingOfDisapproval: nice username dylan
[05:22:43:PM] Batmanbearpig:6739787 Left the room.
[05:23:05:PM] Sunshine: u guys are awful at giving orders
[05:23:06:PM] TheVikingOfDisapproval: i like the wind blowing princess' hair
[05:23:11:PM] TheVikingOfDisapproval: really makes the broadcast for me
[05:23:20:PM] post_ironic_stress_disorder:6739876 has account: ballbag
[05:23:21:PM] post_ironic_stress_disorder:6739876 joined the room.
[05:23:39:PM] Spreadlove:6739899 has account: jaythepanda
[05:23:40:PM] Spreadlove:6739899 joined the room.
[05:23:48:PM] Spreadlove:6739899 Left the room.
[05:23:51:PM] Princess_Manager banned SamDlo
[05:23:51:PM] SamDlo:6739687 Left the room.
[05:24:00:PM] post_ironic_stress_disorder:6739876 Left the room.
[05:24:09:PM] lolatheicon:6739947 has account: lolatheicon
[05:24:09:PM] lolatheicon:6739947 joined the room.
[05:24:10:PM] Hugo:6739949 has account: herlado420
[05:24:11:PM] Hugo:6739949 joined the room.
[05:24:19:PM] Princess_Manager banned callisto
[05:24:19:PM] callisto:6738148 Left the room.
[05:24:19:PM] Haak:6739202 Left the room.
[05:24:25:PM] bodo:6739969 has account: ba01
[05:24:25:PM] bodo:6739969 joined the room.
[05:24:39:PM] a: what a room mostly full of degenerates... pot heads and drunkards will not inherit the kingdom of heaven
[05:24:46:PM] MARKKKK:6740003 has account: markkkkdjfdfi
[05:24:46:PM] MARKKKK:6740003 joined the room.
[05:24:46:PM] LORD_THANOS_IN_CHAIR:6740004 has account: briancornly
[05:24:46:PM] LORD_THANOS_IN_CHAIR:6740004 joined the room.
[05:24:54:PM] a:6739716 Left the room.
[05:24:57:PM] MARKKKK:6740003 Left the room.
[05:25:07:PM] MeKLiN: yes we will
[05:25:19:PM] lolatheicon:6739947 Left the room.
[05:25:36:PM] LORD_THANOS_IN_CHAIR: slut manager is awesome
[05:26:04:PM] nvxshaaaedggsddwsbb:6740114 has account: nvxshaaaedggsddwsbb
[05:26:05:PM] nvxshaaaedggsddwsbb:6740114 joined the room.
[05:26:13:PM] MeKLiN: no one cares, shayla
[05:26:16:PM] LORD_THANOS_IN_CHAIR:6740004 Left the room.
[05:26:20:PM] MeKLiN: stop waving your phone around like your dildo
[05:26:27:PM] MeKLiN: it stinks
[05:26:32:PM] MeKLiN: and the things people use them for stink as well
[05:26:46:PM] MeKLiN: phones are evil and it warped your mind into thtinking we give a fuck about your instagram
[05:26:52:PM] MeKLiN: you stupid kiked kunt
[05:26:52:PM] mwh:6739664 is broadcasting.
[05:27:03:PM] Miki:6740221 has account: miki23
[05:27:03:PM] Miki:6740221 joined the room.
[05:27:06:PM] Miki:6740221 Left the room.
[05:27:19:PM] MeKLiN: your unborn child would benefit from you not having the phone in your hand 24/7 like some deranged zombie
[05:27:20:PM] zilllaa:6740251 has account: zilllaa
[05:27:20:PM] zilllaa:6740251 joined the room.
[05:27:23:PM] MeKLiN: youu fucking americanized freak
[05:27:28:PM] MeKLiN: PUT YOUR PHONE DOWN FOR 5 MINUTES
[05:27:30:PM] pure_souled_chat_man:6740270 has account: dockmecock
[05:27:30:PM] pure_souled_chat_man:6740270 joined the room.
[05:27:40:PM] MeKLiN: NOBODY IS CALLING YOU
[05:27:43:PM] pure_souled_chat_man:6740270 Left the room.
[05:27:44:PM] MeKLiN: YOU ARENT CALLING ANYONE
[05:27:50:PM] MeKLiN: princess, you too
[05:28:06:PM] MeKLiN: do you feel likee you'er going to get an important message any minute
[05:28:08:PM] mwh:6739664 stopped broadcasting.
[05:28:09:PM] zilllaa:6740251 is broadcasting.
[05:28:12:PM] MeKLiN: i dont
[05:28:17:PM] Princess: meklin do what i say :)
[05:28:19:PM] MeKLiN: wouldnt they just call your managers phone
[05:28:27:PM] MeKLiN: i cant hear you because im superior to voice chatters
[05:28:28:PM] mwh:6739664 is broadcasting.
[05:28:29:PM] MeKLiN: i type 130wpm
[05:28:39:PM] Sunshine: not likely
[05:28:42:PM] MeKLiN: im in a different plane of chatting
[05:28:54:PM] MeKLiN: !kick sunshine
[05:29:02:PM] Sunshine: whoa again?
[05:29:04:PM] Princess: meklin
[05:29:10:PM] MeKLiN: cant say i didnt try
[05:29:10:PM] Princess: mute your thing please c:?
[05:29:20:PM] MeKLiN: im not making any noise
[05:29:23:PM] MeKLiN: therefore, i am muted
[05:29:32:PM] aleguer:6740477 has account: aleguer123
[05:29:32:PM] aleguer:6740477 joined the room.
[05:29:35:PM] MeKLiN:6730816 Left the room.
[05:29:45:PM] aleguer:6740477 Left the room.
[05:29:54:PM] Princess_Manager:6726859 Changed nick to: Dylan
[05:29:55:PM] TheVikingOfDisapproval: https://twitter.com/nonamehidding
[05:30:05:PM] Dylan:6726859 stopped broadcasting.
[05:30:08:PM] Dylan:6726859 is broadcasting.
[05:30:37:PM] zilllaa:6740251 stopped broadcasting.
[05:30:38:PM] zilllaa:6740251 Left the room.
[05:30:40:PM] bodo:6739969 Left the room.
[05:30:41:PM] bodo:6740586 has account: ba01
[05:30:41:PM] bodo:6740586 joined the room.
[05:30:50:PM] TheVikingOfDisapproval: if you follow my twitter you will see women's issues are a very low percentage of my over all tweet-social-objections and observations if that subject at all is touched within their envelope at all
[05:30:53:PM] gewriggeld:6740541 has account: gewriggeldnews
[05:30:53:PM] gewriggeld:6740541 joined the room.
[05:31:06:PM] gewriggeld:6740541 is broadcasting.
[05:31:08:PM] bodo:6740586 Left the room.
[05:31:14:PM] gooper:6737970 Left the room.
[05:31:15:PM] bedbugtwink: closed gewriggeld
[05:31:15:PM] gewriggeld:6740541 stopped broadcasting.
[05:31:20:PM] gewriggeld:6740541 Left the room.
[05:31:24:PM] gewriggeld:6740656 has account: gewriggeldnews
[05:31:24:PM] gewriggeld:6740656 joined the room.
[05:31:24:PM] bodo:6740658 has account: ba01
[05:31:25:PM] bodo:6740658 joined the room.
[05:31:29:PM] Dylan banned mwh
[05:31:29:PM] mwh:6739664 Left the room.
[05:31:30:PM] spades:6733156 Left the room.
[05:31:35:PM] Skullz:6740671 has account: bb0berlord
[05:31:36:PM] Skullz:6740671 joined the room.
[05:31:37:PM] gewriggeld: good boy...keep defending ur pedo buddy
[05:31:41:PM] gewriggeld: i want u 2
[05:31:42:PM] Skullz: gay.
[05:31:44:PM] Skullz:6740671 Left the room.
[05:31:47:PM] gewriggeld:6740656 is broadcasting.
[05:31:48:PM] mehr:6740688 has account: mariamillerlee
[05:31:48:PM] mehr:6740688 joined the room.
[05:31:49:PM] futura:6740692 has account: futura
[05:31:49:PM] futura:6740692 joined the room.
[05:31:53:PM] Tickly:6739489 Left the room.
[05:31:53:PM] bedbugtwink: for u
[05:31:54:PM] Dylan banned gewriggeld
[05:31:54:PM] gewriggeld:6740656 Left the room.
[05:32:04:PM] Room Owner vapin:6740723:th3psychward
[05:32:05:PM] vapin:6740723 joined the room.
[05:32:06:PM] mehr:6740688 Left the room.
[05:32:07:PM] Room Owner MeKLiN:6740728:trap
[05:32:07:PM] MeKLiN:6740728 joined the room.
[05:32:08:PM] vapin:6740723 Left the room.
[05:32:09:PM] Room Owner vapin:6740732:th3psychward
[05:32:09:PM] vapin:6740732 joined the room.
[05:32:17:PM] vapin:6740732 Changed nick to: th3psychward
[05:32:31:PM] MeKLiN:6740728 Left the room.
[05:32:31:PM] Room Owner MeKLiN:6740765:trap
[05:32:32:PM] MeKLiN:6740765 joined the room.
[05:32:36:PM] MeKLiN:6740765 is broadcasting.
[05:32:47:PM] MeKLiN: !tokes 
[05:32:56:PM] th3psychward:6740732 Left the room.
[05:32:57:PM] PR3MAL:6740794 has account: preminvasion
[05:32:57:PM] PR3MAL:6740794 joined the room.
[05:32:57:PM] Room Owner th3psychward:6740795:th3psychward
[05:32:57:PM] th3psychward:6740795 joined the room.
[05:33:07:PM] th3psychward:6740795 is broadcasting.
[05:33:17:PM] hornymute:6740815 has account: hornymute
[05:33:18:PM] hornymute:6740815 joined the room.
[05:33:33:PM] hornymute:6740815 is broadcasting.
[05:33:40:PM] th3psychward banned hornymute
[05:33:40:PM] hornymute:6740815 Left the room.
[05:33:45:PM] Anon2k19:6740849 has account: whiteassassinkek
[05:33:45:PM] Anon2k19:6740849 joined the room.
[05:33:47:PM] futura:6740692 Left the room.
[05:33:55:PM] MeKLiN: !ba hornymute
[05:34:00:PM] MeKLiN: !bn hornymute
[05:34:10:PM] oranges:6740883 has account: greatguy32167
[05:34:10:PM] oranges:6740883 joined the room.
[05:34:13:PM] MARKKKK:6740890 has account: markkkkdjfdfi
[05:34:13:PM] MARKKKK:6740890 joined the room.
[05:34:19:PM] MeKLiN: close shayla
[05:34:24:PM] MeKLiN: shes trying to lower the chat iq
[05:34:30:PM] bodo:6740658 Left the room.
[05:34:32:PM] th3psychward banned oranges
[05:34:32:PM] oranges:6740883 Left the room.
[05:34:34:PM] MeKLiN: and get us to care about the dumb boring shit she clicks on her phone
[05:34:34:PM] MARKKKK:6740890 Left the room.
[05:35:13:PM] MeKLiN: can i do it princess?
[05:35:21:PM] MeKLiN: guaranteed beard
[05:35:30:PM] MeKLiN: ok take a hairless gay boy sperm then
[05:35:38:PM] MeKLiN: and watch your son fail to create grandchildren
[05:35:43:PM] MeKLiN: me, i already have 2 kids
[05:35:48:PM] MeKLiN: im lookin at grandpa life soon :)
[05:35:51:PM] Anon2k19: Princess has fake tits cos I solf my porsche 911 to pay for them and downgraded to a Nissan gtr wide body
[05:36:07:PM] Anon2k19: ^^^
[05:36:08:PM] MeKLiN:6740765 stopped broadcasting.
[05:36:14:PM] MeKLiN:6740765 Left the room.
[05:36:18:PM] Room Owner MeKLiN:6741084:trap
[05:36:18:PM] MeKLiN:6741084 joined the room.
[05:36:20:PM] chadwick_Lefrost:6741087 has account: aubery
[05:36:20:PM] chadwick_Lefrost:6741087 joined the room.
[05:36:21:PM] gooper:6741089 has account: tippytators
[05:36:21:PM] gooper:6741089 joined the room.
[05:36:26:PM] MeKLiN:6741084 is broadcasting.
[05:36:54:PM] Anon2k19: Is this 39 year old a nonce
[05:37:01:PM] Anon2k19: ???
[05:37:08:PM] Miki:6741176 has account: miki23
[05:37:08:PM] Miki:6741176 joined the room.
[05:37:11:PM] Miki:6741176 Left the room.
[05:37:23:PM] chadwick_Lefrost:6741087 Left the room.
[05:37:36:PM] Anon2k19: He's clearly a pedophile
[05:37:39:PM] Hugo:6739949 Left the room.
[05:38:04:PM] TheVikingOfDisapproval: LOOK MOM
[05:38:07:PM] TheVikingOfDisapproval: I POSTED IT AGAIN
[05:38:11:PM] TheVikingOfDisapproval: I SAID THE WORD!
[05:38:14:PM] Anon2k19: I always get told by women I'm good looking
[05:38:15:PM] TheVikingOfDisapproval: MOOOOOOOOOOOOOOOOOOOOOOOOOOOOOOOOOOOOOOOOOOOOOOOOOOOOOOOOOOOOM
[05:38:19:PM] TheVikingOfDisapproval: GET THE CAMERA
[05:38:24:PM] swedishguy29:6741298 has account: swedishguy28
[05:38:25:PM] swedishguy29:6741298 joined the room.
[05:38:29:PM] swedishguy29:6741298 is broadcasting.
[05:38:31:PM] reegee:6741308 has account: reegee
[05:38:32:PM] reegee:6741308 joined the room.
[05:38:39:PM] bedbugtwink:6739455 stopped broadcasting.
[05:38:39:PM] PR3MAL:6740794 Left the room.
[05:38:41:PM] Anon2k19: Young college girls and older mature milfs tell me I'm very good looking
[05:38:44:PM] PR3MAL:6741325 has account: preminvasion
[05:38:45:PM] PR3MAL:6741325 joined the room.
[05:38:59:PM] raulex:6741348 has account: raulex
[05:38:59:PM] raulex:6741348 joined the room.
[05:39:11:PM] bevror:6741329 has account: bevrorthyfootba
[05:39:11:PM] bevror:6741329 joined the room.
[05:39:34:PM] swedishguy29:6741298 Left the room.
[05:39:35:PM] robo:6736546 stopped broadcasting.
[05:39:39:PM] Skullz:6741402 has account: bb0berlord
[05:39:39:PM] Skullz:6741402 joined the room.
[05:39:40:PM] dhaq:6741405 has account: dhaq
[05:39:41:PM] dhaq:6741405 joined the room.
[05:39:43:PM] robo:6736546 Left the room.
[05:39:43:PM] robo:6741412 has account: captainserver
[05:39:44:PM] robo:6741412 joined the room.
[05:39:44:PM] Skullz: sly is in lurkchat go get 'em
[05:39:47:PM] dhaq:6741405 is broadcasting.
[05:39:47:PM] Skullz:6741402 Left the room.
[05:39:52:PM] Anon2k19: Plus girls I've had sex with have said my cock is fairly large
[05:39:56:PM] Sunshine: FRUIT
[05:39:59:PM] bevror:6741329 is broadcasting.
[05:40:00:PM] bodo:6741438 has account: ba01
[05:40:01:PM] bodo:6741438 joined the room.
[05:40:01:PM] TheVikingOfDisapproval: not your personal army
[05:40:11:PM] Highlife:6741455 has account: highlife
[05:40:11:PM] Highlife:6741455 joined the room.
[05:40:14:PM] Anon2k19: I have fruits doxx
[05:40:33:PM] Dylan banned bevror
[05:40:33:PM] bevror:6741329 Left the room.
[05:40:46:PM] Highlife:6741455 Left the room.
[05:40:58:PM] Anon2k19: I have fruits pornhub url
[05:41:04:PM] dhaq:6741405 stopped broadcasting.
[05:41:06:PM] MeKLiN: !ba bevrorthyfootba
[05:41:08:PM] Zolla:6741563 has account: zolla8
[05:41:08:PM] Zolla:6741563 joined the room.
[05:41:10:PM] dhaq:6741405 Left the room.
[05:41:12:PM] guest:6741571 has account: thiswebsitesucks
[05:41:12:PM] guest:6741571 joined the room.
[05:41:13:PM] robo:6741412 is broadcasting.
[05:41:14:PM] guest:6741571 is broadcasting.
[05:41:26:PM] Muhil:6741592 has account: muhilan
[05:41:27:PM] Muhil:6741592 joined the room.
[05:41:28:PM] nugs:6741593 has account: nuggod
[05:41:29:PM] nugs:6741593 joined the room.
[05:41:34:PM] nugs:6741593 is broadcasting.
[05:41:37:PM] Anon2k19: Anyone wanna jerk off watching fruit masterbating
[05:41:44:PM] PR3MAL:6741325 is broadcasting.
[05:41:56:PM] Muhil:6741592 Left the room.
[05:41:58:PM] Anon2k19: Fruit fingering herself on pornhub
[05:42:21:PM] Zolla:6741563 Left the room.
[05:42:28:PM] Princess: nugs you're so pretty love your face
[05:42:56:PM] Anon2k19:6740849 Left the room.
[05:43:15:PM] nvxshaaaedggsddwsbb:6740114 Left the room.
[05:43:26:PM] Dylan: closed guest
[05:43:26:PM] guest:6741571 stopped broadcasting.
[05:43:32:PM] guest:6741571 Left the room.
[05:43:34:PM] guest:6741794 has account: thiswebsitesucks
[05:43:34:PM] guest:6741794 joined the room.
[05:43:36:PM] guest:6741794 is broadcasting.
[05:43:44:PM] guest-152:6741811 has account: marronsoleil
[05:43:45:PM] guest-152:6741811 joined the room.
[05:43:50:PM] guest-152:6741811 Changed nick to: Soleil
[05:44:02:PM] Owl:6741835 has account: artifex
[05:44:02:PM] Owl:6741835 joined the room.
[05:44:33:PM] Owl:6741835 Left the room.
[05:44:33:PM] TheVikingOfDisapproval: princess your hair looks magnificient
[05:44:39:PM] TheVikingOfDisapproval: you should feel always welcome here
[05:44:54:PM] chadwick_Lefrost:6741891 has account: aubery
[05:44:54:PM] chadwick_Lefrost:6741891 joined the room.
[05:44:57:PM] Dylan: closed guest
[05:44:57:PM] guest:6741794 stopped broadcasting.
[05:45:01:PM] guest:6741794 Left the room.
[05:45:02:PM] guest:6741908 has account: thiswebsitesucks
[05:45:02:PM] guest:6741908 joined the room.
[05:45:04:PM] guest:6741908 is broadcasting.
[05:45:07:PM] zopa:6741918 has account: zopatechbikeru
[05:45:07:PM] zopa:6741918 joined the room.
[05:45:11:PM] Dylan: closed guest
[05:45:11:PM] guest:6741908 stopped broadcasting.
[05:45:17:PM] Tickly:6741937 has account: cuteboy77p
[05:45:17:PM] Tickly:6741937 joined the room.
[05:45:18:PM] guest:6741908 Left the room.
[05:45:19:PM] guest:6741942 has account: thiswebsitesucks
[05:45:19:PM] guest:6741942 joined the room.
[05:45:21:PM] guest:6741942 is broadcasting.
[05:45:28:PM] zopa:6741918 Left the room.
[05:45:29:PM] chadwick_Lefrost:6741891 Left the room.
[05:45:53:PM] MemeMancer:6742003 has account: mememancer
[05:45:53:PM] MemeMancer:6742003 joined the room.
[05:46:09:PM] tadeu_10:6742019 has account: tadeu10
[05:46:09:PM] tadeu_10:6742019 joined the room.
[05:46:32:PM] Dylan: closed guest
[05:46:32:PM] guest:6741942 stopped broadcasting.
[05:46:32:PM] mason:6735603 is broadcasting.
[05:46:40:PM] guest:6741942 Left the room.
[05:46:48:PM] MemeMancer: Whites are here to stay until they build space colonies to escape the inferior races.
[05:46:53:PM] TheVikingOfDisapproval: fuck white people
[05:46:59:PM] TheVikingOfDisapproval: i identify as a viking
[05:46:59:PM] robo:6741412 stopped broadcasting.
[05:46:59:PM] bodo:6741438 is broadcasting.
[05:47:00:PM] MemeMancer: lol
[05:47:03:PM] mason: actually it's the niggers who go to space
[05:47:07:PM] bodo: hey
[05:47:09:PM] MemeMancer: Vikings.  Norse.  White
[05:47:09:PM] mason: jews get thrown into the sun
[05:47:18:PM] justus2r3:6742119 has account: justus2r3
[05:47:18:PM] justus2r3:6742119 joined the room.
[05:47:27:PM] MemeMancer: Good
[05:47:30:PM] nerothecorso:6742141 has account: dreamzone
[05:47:30:PM] nerothecorso:6742141 joined the room.
[05:47:30:PM] robo:6741412 Left the room.
[05:47:33:PM] Benny2Belts:6742144 has account: hotncute
[05:47:33:PM] Benny2Belts:6742144 joined the room.
[05:47:35:PM] justus2r3:6742119 Left the room.
[05:47:43:PM] MemeMancer: Eradicate all noncontributing, nonbeneficial races.
[05:47:49:PM] Tickly:6741937 Left the room.
[05:47:50:PM] Benny2Belts:6742144 Left the room.
[05:47:57:PM] MemeMancer: What's the point to keep around a race that doesn't help and also sometimes hurts?
[05:48:00:PM] gooper:6741089 Left the room.
[05:48:06:PM] TheVikingOfDisapproval: i will create a kingdom in the ruin of your white people empire and my red haired beautiful and strong stocky people will out live your melting pot people who calls themselves "white"
[05:48:24:PM] PR3MAL:6741325 Left the room.
[05:48:24:PM] raulex:6741348 is broadcasting.
[05:48:36:PM] th3psychward banned raulex
[05:48:36:PM] raulex:6741348 Left the room.
[05:48:37:PM] MemeMancer: That's like Logic(the rapper) saying he's black.
[05:48:38:PM] TheVikingOfDisapproval: survive the test of time and see it and me there standing there as well
[05:48:41:PM] MemeMancer: No. Logic you are white.
[05:49:06:PM] MemeMancer: Red hair people are white.
[05:49:11:PM] gooper:6742279 has account: tippytators
[05:49:12:PM] gooper:6742279 joined the room.
[05:49:18:PM] MemeMancer: Just a different branch.
[05:49:48:PM] TheVikingOfDisapproval: I don't recognize the authoirty of your labels
[05:50:02:PM] MemeMancer: I respect your decision not to.
[05:50:07:PM] MemeMancer: It is labeling.
[05:50:37:PM] smingo7:6742418 has account: smingo7
[05:50:37:PM] smingo7:6742418 joined the room.
[05:51:12:PM] deliveryboy:6742463 has account: deliveryboy
[05:51:12:PM] deliveryboy:6742463 joined the room.
[05:51:34:PM] fygcf:6742501 has account: fygcf
[05:51:34:PM] fygcf:6742501 joined the room.
[05:51:48:PM] deliveryboy: tinychat never stop being florida
[05:52:00:PM] fygcf:6742501 Left the room.
[05:52:11:PM] MemeMancer: Florida is a vial place.
[05:52:12:PM] gooper:6742279 Left the room.
[05:52:14:PM] MemeMancer: vile
[05:52:24:PM] TheVikingOfDisapproval: vital
[05:52:31:PM] MemeMancer: Well that too.
[05:52:37:PM] MemeMancer: For politics.
[05:52:40:PM] Sunshine: floridas where white hicks are made
[05:52:52:PM] smingo7:6742418 Left the room.
[05:52:56:PM] deliveryboy: not everyone looks great enough to be attractive to the opposite sex
[05:53:00:PM] gooper:6742640 has account: tippytators
[05:53:00:PM] gooper:6742640 joined the room.
[05:53:11:PM] Sunshine: most ppl dont
[05:53:15:PM] 241:6734758 Left the room.
[05:53:29:PM] deliveryboy: go to VIP room and then you'll see
[05:53:36:PM] deliveryboy: they do things in there
[05:53:40:PM] reegee:6741308 Left the room.
[05:53:40:PM] TheVikingOfDisapproval: america's culture has ALWAYS been under attack and sabotaged by NON-AMERICAN actors at heart and soul who hate freedom other people express and are responsible over
[05:53:46:PM] MemeMancer: i feel like evolution sometimes favors looks over brains but can still do both
[05:53:53:PM] frank_kd:6742724 has account: dhruvthakur
[05:53:53:PM] frank_kd:6742724 joined the room.
[05:53:58:PM] shayla:6732887 stopped broadcasting.
[05:54:00:PM] shayla:6732887 Left the room.
[05:54:07:PM] tadeu_10:6742019 Left the room.
[05:54:11:PM] nugs:6741593 Left the room.
[05:54:17:PM] gooper:6742640 Left the room.
[05:54:28:PM] TheVikingOfDisapproval: they fear freedom which is research and passion based knowledge rooted responsibility over a thing be it real or idea
[05:54:33:PM] TheVikingOfDisapproval: don't beleieve me?
[05:54:57:PM] deliveryboy: attention is a thing
[05:54:57:PM] TheVikingOfDisapproval: apply what I say to life and see for yourself
[05:55:07:PM] MemeMancer: i find it hard to believe that people hate freedom but easy to believe that they like order.  Too much order
[05:55:32:PM] frank_kd:6742724 Left the room.
[05:55:44:PM] deliveryboy: mememancer are you a libertarian
[05:56:03:PM] MemeMancer: you know.. i might just be
[05:56:10:PM] frank_kd:6742934 has account: dhruvthakur
[05:56:10:PM] frank_kd:6742934 joined the room.
[05:56:16:PM] bodo:6741438 stopped broadcasting.
[05:56:16:PM] TheVikingOfDisapproval: its ok dylan me too
[05:56:22:PM] MemeMancer: because i am sometimes so far right that i lean toward Libertarian
[05:56:25:PM] TheVikingOfDisapproval: i like big baboon asses too
[05:56:29:PM] MemeMancer: but with other things, i lean left
[05:56:30:PM] TheVikingOfDisapproval: OOOO OOOOO
[05:56:36:PM] TheVikingOfDisapproval: (monkey sounds)
[05:56:42:PM] MemeMancer: im all over the fuckin political compass due to so much cognitive dissonance
[05:56:47:PM] MemeMancer: and incomplete information
[05:56:50:PM] MemeMancer: due to incomplete research
[05:56:51:PM] havana:6742982 has account: mscuba18
[05:56:52:PM] havana:6742982 joined the room.
[05:56:53:PM] MemeMancer: due to procrastination
[05:57:18:PM] smingo7:6743013 has account: smingo7
[05:57:18:PM] smingo7:6743013 joined the room.
[05:57:30:PM] deliveryboy: boobs are pretty much because men were breast fed and they have a subconscious desire of it because of an adolescence memory
[05:57:31:PM] tony:6739175 Left the room.
[05:57:33:PM] havana:6742982 Left the room.
[05:57:45:PM] Sunshine:6737815 stopped broadcasting.
[05:57:46:PM] smingo7:6743013 Left the room.
[05:58:00:PM] click:6743090 has account: 1989
[05:58:00:PM] click:6743090 joined the room.
[05:58:02:PM] MemeMancer: boxy body
[05:58:12:PM] bodo:6741438 is broadcasting.
[05:58:27:PM] reegee:6743133 has account: reegee
[05:58:27:PM] reegee:6743133 joined the room.
[05:58:27:PM] MemeMancer: i can see that as probable deliveryboy but there must be another reason
[05:58:27:PM] TheVikingOfDisapproval: HEY MEMEMANCER consider only this then- how much of what you are forced to process in your mind was designed a long long time ago in the original meme wars as a means to steal your time away, your life quantified as an hour glass whose sands might be stolen and even sold away? then also contemplate then these things and how many you might filter as a waste of time or a good investment?
[05:58:27:PM] Pumpkin banned TheVikingOfDisapproval
[05:58:27:PM] TheVikingOfDisapproval:6726604 Left the room.
[05:58:29:PM] deliveryboy: put some aloe on that sunburn
[05:58:47:PM] reegee:6743133 Left the room.
[05:58:48:PM] deliveryboy: is it?
[05:58:59:PM] SenorB:6743179 has account: sirbeardy
[05:58:59:PM] SenorB:6743179 joined the room.
[05:59:03:PM] SenorB:6743179 Left the room.
[05:59:13:PM] th3psychward banned bodo
[05:59:13:PM] bodo:6741438 Left the room.
[05:59:16:PM] jatos:6743205 has account: jatos
[05:59:16:PM] jatos:6743205 joined the room.
[05:59:24:PM] th3psychward:6740795 Left the room.
[05:59:24:PM] Room Owner th3psychward:6743219:th3psychward
[05:59:24:PM] th3psychward:6743219 joined the room.
[05:59:25:PM] MemeMancer: give me a 2nd to process that
[05:59:28:PM] MemeMancer: second*
[05:59:31:PM] th3psychward kicked Dylan
[05:59:31:PM] Dylan:6726859 Left the room.
[05:59:33:PM] th3psychward:6743219 is broadcasting.
[05:59:37:PM] Moderator Dylan:6743233:dylannn
[05:59:37:PM] Dylan:6743233 joined the room.
[05:59:38:PM] click:6743090 Left the room.
[05:59:44:PM] Dylan:6743233 is broadcasting.
[05:59:50:PM] deliveryboy: i've seen dudes from behind who i thought were woman because of their butts
[05:59:53:PM] griff420197801:6743262 joined the room.
[05:59:54:PM] Pumpkin banned griff420197801
[05:59:54:PM] griff420197801:6743262 Left the room.
[06:00:04:PM] KartikKhawale:6743282 has account: kartikkhawale
[06:00:04:PM] KartikKhawale:6743282 joined the room.
[06:00:10:PM] bilob:6743287 has account: bilob
[06:00:10:PM] bilob:6743287 joined the room.
[06:00:21:PM] psidick:6743305 has account: psidick
[06:00:21:PM] psidick:6743305 joined the room.
[06:00:26:PM] bilob:6743287 Left the room.
[06:00:26:PM] deliveryboy: dad bod ftw
[06:00:32:PM] guest:6743316 joined the room.
[06:00:32:PM] Pumpkin banned guest
[06:00:32:PM] guest:6743316 Left the room.
[06:00:59:PM] KartikKhawale:6743282 Left the room.
[06:01:04:PM] MemeMancer: TVOD, I understand some of what you've suggested there but not all of it
[06:01:09:PM] th3psychward: take guest off
[06:01:13:PM] th3psychward: for a second
[06:01:15:PM] Tpbm:6743398 has account: kristop
[06:01:15:PM] Tpbm:6743398 joined the room.
[06:01:21:PM] deliveryboy: people can suck their stomach in
[06:01:21:PM] th3psychward: my friend wants to join
[06:01:22:PM] psidick:6743305 Left the room.
[06:01:34:PM] Room Owner TheVikingOfDisapproval:6743427:coffeezone
[06:01:35:PM] TheVikingOfDisapproval:6743427 joined the room.
[06:01:39:PM] deliveryboy: i think that goatee looks like you're shaggy
[06:02:11:PM] Tpbm: princess is a tranny
[06:02:13:PM] deliveryboy: do you even know what strippers make
[06:02:18:PM] MemeMancer: TVOD = TheVikingOfDisapproval
[06:02:19:PM] Tpbm: from the tranny incel room
[06:02:34:PM] TheVikingOfDisapproval: did my last message send?
[06:02:37:PM] Nym:6743533 has account: ravenswing
[06:02:37:PM] Nym:6743533 joined the room.
[06:02:41:PM] MemeMancer: i believe so
[06:02:43:PM] Nym:6743533 Left the room.
[06:02:44:PM] TheVikingOfDisapproval: k good
[06:02:52:PM] Tpbm: mason smol
[06:03:07:PM] MemeMancer: HEY MEMEMANCER consider only this then- how much of what you are forced to process in your mind was designed a long long time ago in the original meme wars as a means to steal your time away, your life quantified as an hour glass whose sands might be stolen and even sold away? then also contemplate then these things and how many you might filter as a waste of time or a good investment?
[06:03:07:PM] Pumpkin banned MemeMancer
[06:03:07:PM] MemeMancer:6742003 Left the room.
[06:03:10:PM] deliveryboy: i'm looking at the site for your club and all the girls look like they have chin surgery done
[06:03:16:PM] TheVikingOfDisapproval: lol
[06:03:33:PM] deliveryboy: dylan sounds like he's doxing you
[06:03:43:PM] frank_kd: Same as ofy age
[06:03:46:PM] frank_kd: My*
[06:03:50:PM] TheVikingOfDisapproval:6743427 is broadcasting.
[06:04:29:PM] smingo7:6743708 has account: smingo7
[06:04:29:PM] smingo7:6743708 joined the room.
[06:04:49:PM] deliveryboy: mason loks like he's already
[06:05:10:PM] Dylan:6743233 stopped broadcasting.
[06:05:13:PM] smingo7:6743708 Left the room.
[06:05:17:PM] Tpbm: I thought u only got hard for men anyway dylan
[06:05:21:PM] nerothecorso:6742141 Left the room.
[06:05:22:PM] Tpbm: princess is basically a man
[06:05:25:PM] Soleil: I think your face is beautiful princess
[06:05:25:PM] deliveryboy:6742463 Left the room.
[06:05:32:PM] TheVikingOfDisapproval: me too
[06:05:40:PM] TheVikingOfDisapproval: small chin is an insult
[06:05:45:PM] TheVikingOfDisapproval: not strong chin
[06:05:49:PM] Sicklee:6743784 has account: blameitonalcohol
[06:05:49:PM] Sicklee:6743784 joined the room.
[06:05:50:PM] sing:6743794 has account: tennken
[06:05:50:PM] sing:6743794 joined the room.
[06:05:51:PM] smingo7:6743816 has account: smingo7
[06:05:51:PM] smingo7:6743816 joined the room.
[06:05:57:PM] Sicklee:6743784 is broadcasting.
[06:05:59:PM] Tpbm: princess when did u start transitioning?
[06:06:06:PM] Soleil: I dont like how you all shame almost every woman here
[06:06:07:PM] Sicklee:6743784 stopped broadcasting.
[06:06:14:PM] Sicklee: princess got naked yesterday
[06:06:18:PM] Sicklee: just letting sebby know
[06:06:18:PM] mason: i need to get a pump
[06:06:21:PM] Sicklee: daddy sebby
[06:06:25:PM] Sicklee: she got naked wihtour ur permission
[06:06:27:PM] frank_kd:6742934 is broadcasting.
[06:06:33:PM] Soleil: how about you get on camera Tpbm bet i can roast you up hard
[06:06:52:PM] Martial:6743909 has account: aflhjdgfljkhag
[06:06:52:PM] Martial:6743909 joined the room.
[06:07:00:PM] Sicklee: Mason getting roided
[06:07:01:PM] Martial:6743909 Left the room.
[06:07:01:PM] PsychedUp:6743925 has account: backbitch2477
[06:07:02:PM] PsychedUp:6743925 joined the room.
[06:07:03:PM] Sicklee: lookin good man
[06:07:20:PM] guest:6743959 joined the room.
[06:07:20:PM] Pumpkin banned guest
[06:07:20:PM] guest:6743959 Left the room.
[06:07:24:PM] smingo7:6743816 Left the room.
[06:07:38:PM] Sicklee: oh i remember meklin
[06:07:44:PM] Sicklee: he looked good as a woman
[06:08:06:PM] Sicklee: show thong princess
[06:08:09:PM] guest:6744038 joined the room.
[06:08:09:PM] Pumpkin banned guest
[06:08:09:PM] guest:6744038 Left the room.
[06:08:26:PM] guest:6744070 joined the room.
[06:08:26:PM] Pumpkin banned guest
[06:08:26:PM] guest:6744070 Left the room.
[06:09:08:PM] MemeMancer:6744135 has account: mememancer
[06:09:08:PM] MemeMancer:6744135 joined the room.
[06:09:20:PM] TeriSearcey:6744148 has account: terisearcey
[06:09:20:PM] TeriSearcey:6744148 joined the room.
[06:09:22:PM] sing:6743794 Left the room.
[06:09:36:PM] MemeMancer: Ok, I'm back
[06:09:42:PM] smingo7:6744185 has account: smingo7
[06:09:43:PM] smingo7:6744185 joined the room.
[06:09:44:PM] MemeMancer: the Pumpkin bot banned me for some odd reason
[06:09:51:PM] PsychedUp: Sebby blew his load 
[06:10:05:PM] bilob:6744209 has account: bilob
[06:10:05:PM] bilob:6744209 joined the room.
[06:10:05:PM] PsychedUp: He like.  Holly shit 
[06:10:16:PM] Dylan:6743233 is broadcasting.
[06:10:17:PM] bilob:6744209 Left the room.
[06:10:19:PM] Sicklee: how can u tell psyched
[06:10:20:PM] PsychedUp: I love herion 
[06:10:21:PM] smingo7:6744185 Left the room.
[06:10:23:PM] Sicklee: loss of willpower?
[06:10:41:PM] TheVikingOfDisapproval: dylan are you gonna let meklin talk this way to your client??
[06:10:48:PM] TheVikingOfDisapproval: or did you quit as her manager?
[06:10:50:PM] MemeMancer: lol
[06:10:52:PM] brfsscf:6744258 has account: brfsscf
[06:10:52:PM] brfsscf:6744258 joined the room.
[06:11:03:PM] Dylan: Nope, I will not tolerate this!
[06:11:05:PM] Dylan banned MeKLiN
[06:11:05:PM] MeKLiN:6741084 Left the room.
[06:11:05:PM] Dylan banned Pumpkin
[06:11:05:PM] You have been banned from the room.
