[08:52:24:PM] Logged in as: talkingteeth
[08:52:24:PM] Client joined the room: BOTNAME:1656833
[08:52:25:PM] Joins moderator: PISS_INHER_CUNT:1656829:gantman
[08:52:25:PM] Joins: OMGIGOTBANNEDSQrVhUh:1656712:xwgsuvv
[08:52:25:PM] Joins: OMGIGOTBANNED4VcrsidZ:1656703:modmebljshaxkvj
[08:52:25:PM] Joins: WHXsTpIT:1656692:screwtinym3qplc
[08:52:25:PM] Joins: OMGIGOTBANNEDyKuydO:1656700:finjck
[08:52:25:PM] Joins: CSri:1656696:7v9den
[08:52:25:PM] Joins: OMGIGOTBANNEDqt8hJNSOZ:1656717:justmezdsgxd
[08:52:25:PM] Joins: 9vvFu2soE:1656683:175mpy
[08:52:25:PM] Joins: 2gfyoi:1656654:i52msj
[08:52:25:PM] Joins: OMGIGOTBANNED9dvI:1656714:tkeky9vfgkt
[08:52:25:PM] Joins: TiiP:1656690:fuckyouall8bxvdt
[08:52:25:PM] Joins: pTZHXIYYig:1656709:megetmodqlyehnz8
[08:52:25:PM] Joins: caiJbi5:1656670:z6weg7
[08:52:25:PM] Joins: OMGIGOTBANNEDFJ6ukQChJT:1656673:screwtinys8joq4
[08:52:25:PM] Joins: UVE24:1656687:6swpprbyg
[08:52:25:PM] Joins: OMGIGOTBANNEDFg:1656707:pip2q7z
[08:52:25:PM] Joins: OMGIGOTBANNED7UfGdfxbII:1656718:buejrx6t
[08:52:25:PM] Joins: OMGIGOTBANNEDNITB1cA:1656698:urjqa6dpl01
[08:52:25:PM] Joins: e6bGsO:1656697:qv0ryn5uk
[08:52:25:PM] Joins: OMGIGOTBANNED4tkDIiZFV:1656682:eq4calulgfz
[08:52:25:PM] Joins: OMGIGOTBANNEDo1R:1656679:atclwn
[08:52:25:PM] Joins: ypPzhg:1656677:fuckyouallmsttws
[08:52:25:PM] Joins: QQElIGb6:1656728:k5pvwy61auq
[08:52:25:PM] Joins: OMGIGOTBANNEDJLr:1656668:mdkabopnqun
[08:52:25:PM] Joins: yQYXXF8ht:1656686:pqhltw
[08:52:25:PM] Joins: fs12:1656664:qzcowa
[08:52:25:PM] Joins: Yxw:1656705:modmenudexaz
[08:52:25:PM] Joins: wtoiwg6c:1656663:justmek0kgwt
[08:52:25:PM] Joins: OMGIGOTBANNED0CyeM:1656661:yiquzp3jsg
[08:52:25:PM] Joins: fl57A82:1656726:hq1qptgk
[08:52:25:PM] Joins: LxPIi:1656719:z4wnyluzu
[08:52:25:PM] Joins: uTcTB:1656716:gh849lz0
[08:52:25:PM] Joins: sQnLLlE4:1656695:bwptrhd5kc
[08:52:25:PM] Joins: OMGIGOTBANNEDVz6zV4mN9L:1656721:sr8msasufk
[08:52:25:PM] Joins: OMGIGOTBANNEDvqMNm2pH:1656665:modmet8fpn19uw
[08:52:25:PM] Joins: mI3727S9:1656701:screwtinynnjfhab
[08:52:25:PM] Joins: bDlliwA:1656699:ehbc9zkna
[08:52:25:PM] Joins: p5IRK8rQ3Xh:1656662:sfmqzrqh
[08:52:25:PM] Joins: iLZae7AVX:1656660:vcijqovzjf
[08:52:25:PM] Joins: OMGIGOTBANNEDYhDf:1656659:justmesirydzsua
[08:52:25:PM] Joins: 3g:1656655:justmebdbyomzhy
[08:52:25:PM] Joins: OMGIGOTBANNEDAU:1656658:justme4zeiwt6
[08:52:25:PM] Joins: Pi8LV3Z:1656653:sov3tjwru
[08:52:25:PM] Joins: KoSjJR:1656651:idkqk3gj
[08:52:25:PM] Joins: 4xmUKnXiD:1656647:fuckyouallwqypzh
[08:52:25:PM] Joins: OMGIGOTBANNEDJd2yZ94G11:1656648:megetmodblbech
[08:52:25:PM] Joins: 6SW0VhR:1656640:1jbzs9aj
[08:52:25:PM] Joins: OMGIGOTBANNEDa83aj:1656637:n78byhsxtj
[08:52:25:PM] Joins: GyobwA:1656636:cg2jeoqtx
[08:52:25:PM] Joins: OCLi7:1656642:khqros
[08:52:25:PM] Joins: zVfXwDy:1656630:apwu5ip
[08:52:25:PM] Joins: JW:1656626:j4ocn8f
[08:52:25:PM] Joins: T4NAB:1656629:5pqo3ails
[08:52:25:PM] Joins: DtHF8zfaiFD:1656628:727mse
[08:52:25:PM] Joins: MEH3rndZw:1656515:modmeqhvopyv7v
[08:52:25:PM] Joins: a8aPw9:1656495:fuckyouallhhpzdd
[08:52:25:PM] Joins: OMGIGOTBANNEDiPYslDA:1656496:p1vmko
[08:52:25:PM] Joins: 134b2uCzCh:1656477:screwtiny1ift2s
[08:52:25:PM] Joins: KMM4wlJVSZ:1656486:modmeedptjg
[08:52:25:PM] Joins: OMGIGOTBANNED5SOgdVkQZCE:1656474:nhpn6ae
[08:52:25:PM] Joins: 16b:1656519:justmeqi0kpfl
[08:52:25:PM] Joins: OMGIGOTBANNED4OueIXNiQap:1656455:justmezoso3gwdy
[08:52:25:PM] Joins: Legend:1656812:database
[08:52:25:PM] Joins: KPEG:1656475:fkb7yo8o96t
[08:52:25:PM] Joins: UKSkJ:1656494:megetmodvjcw94
[08:52:25:PM] Joins: 4oT5z44v:1656484:nfp7cr
[08:52:25:PM] Joins: OMGIGOTBANNEDt4U90:1656488:justmelmtwhgk
[08:52:25:PM] Joins: fRcyAi:1656443:modmelmq9x2nzcp
[08:52:25:PM] Joins: Rnn:1656597:5zliwy
[08:52:25:PM] Joins: dePww:1656485:mphac0fp
[08:52:25:PM] Joins: jmGghQ:1656590:qc5dogazotz
[08:52:25:PM] Joins: ADi:1656588:ybceclu75e
[08:52:25:PM] Joins: TsSfQ:1656586:mj0oknkbg
[08:52:25:PM] Joins: jb:1656583:screwtiny7aqea5x
[08:52:25:PM] Joins: KuRta8LHnH:1656582:9sgdcmgbem
[08:52:25:PM] Joins: v7QU:1656579:n32stmzd
[08:52:25:PM] Joins: DU:1656576:cjwnvojns
[08:52:25:PM] Joins: pD5spvDO:1656573:fsmybxp
[08:52:25:PM] Joins: CC:1656572:cjxlzqycu
[08:52:25:PM] Joins: aFnHtk:1656570:screwtinyfaysod4
[08:52:25:PM] Joins: pZY:1656567:pwoxzg
[08:52:25:PM] Joins: 3QvD6:1656566:c70jmpqhni
[08:52:25:PM] Joins: Jc40thRMZUu:1656564:kcv6b2i4i
[08:52:25:PM] Joins: 34U:1656562:g4zvypfya
[08:52:25:PM] Joins: dEL3Z:1656561:coxkum
[08:52:25:PM] Joins: RBfdhJBcri:1656558:justmecs9e2rf1
[08:52:25:PM] Joins: 128vSrk:1656557:fuckyouallzmtc8v
[08:52:25:PM] Joins: tR3cvG142:1656550:megetmod2lz2u3zw
[08:52:25:PM] Joins: iLos3Tys:1656549:dikzkcpguuj
[08:52:25:PM] Joins: ObmEcrEw:1656548:ylczlmrzb9
[08:52:25:PM] Joins: OMGIGOTBANNEDlZ1Po:1656489:screwtinytdmsx82
[08:52:25:PM] Joins: Uj8vVRT3w:1656546:mflbyheg
[08:52:25:PM] Joins: BEazroLsz7:1656544:megetmodmc3ohm
[08:52:25:PM] Joins: IIYoC4eua:1656545:ub7ywj1dsug
[08:52:25:PM] Joins: 1c:1656539:justmexw0jdqb
[08:52:25:PM] Joins: rEZ12Y:1656538:ebg25p
[08:52:25:PM] Joins: CjaLiBCMVb:1656537:fuckyouallld3y9r
[08:52:25:PM] Joins: kR0vD:1656527:screwtinyh62i96
[08:52:25:PM] Joins: 1yjPA8:1656528:w6ypuwd4
[08:52:25:PM] Joins: QjMvs5R:1656529:viwu52ktwo
[08:52:25:PM] Joins: HitorMiss:1656505:summerhunny
[08:52:25:PM] Joins: OMGIGOTBANNEDEoi:1656513:megetmod3ncpkt
[08:52:25:PM] Joins: zJOhys:1656487:xvlkecy03
[08:52:25:PM] Joins: aBAj7ZRUK:1656482:y5t6viqm
[08:52:25:PM] Joins: XjngB0:1656510:8uznk5r2vpr
[08:52:25:PM] Joins: iy:1656476:screwtiny1acte4c
[08:52:25:PM] Joins: 55xnOG:1656471:6ipl86
[08:52:25:PM] Joins: fpKa:1656467:megetmodlcysovy2
[08:52:25:PM] Joins: zT6PL23eqM:1656458:l4p3cem
[08:52:25:PM] Joins: 1UOKapTP9Yp:1656453:modme47pngkbrvb
[08:52:25:PM] Joins: YjztQbnc9QY:1656469:megetmoducifphe
[08:52:25:PM] Joins: OMGIGOTBANNEDIEFO5lDh:1656464:d2tfjgzah
[08:52:25:PM] Joins: JO5DKvm:1656445:screwtinyhide77
[08:52:25:PM] Joins: Zy:1656421:screwtinyiip4ix
[08:52:25:PM] Joins: JCp2puf:1656422:c663ybb3nf
[08:52:25:PM] Joins: Rbng5GHL:1656438:megetmodwc2fxube
[08:52:25:PM] Joins: d1SxVY:1656435:bjnn6iyjl12
[08:52:25:PM] Joins: OMGIGOTBANNEDpyT95Nn:1656419:fruj3oh
[08:52:25:PM] Joins: pw4jCQOkR1j:1656432:justmel9fa1wv
[08:52:25:PM] Joins: rFfCxX1F:1656434:ehzh6u
[08:52:25:PM] Joins: NyX6PVS:1656424:uhddllhoq0c
[08:52:25:PM] Joins: DneZNdM:1656420:m7daod
[08:52:25:PM] Joins: Vo1ayc:1656418:justme6tkt7rsoww
[08:52:25:PM] Joins: UKX3lO:1656416:5nuinzslcc
[08:52:25:PM] Joins: pI2EY:1656413:gan4qusyyokq
[08:52:25:PM] Joins: JAfYCrsIqQ:1656412:u6bg7ft
[08:52:25:PM] Joins: JwN:1656411:rmv21t6ptvh
[08:52:25:PM] Joins: TL6fEeP2:1656409:screwtinyxycf5u
[08:52:25:PM] Joins: MAw14EVOZ:1656408:ikqarahhjtz
[08:52:25:PM] Joins: ZDlliwA:1656706:i0hwvcqgl
[08:52:25:PM] Joins: rofl:1656369:looey
[08:52:25:PM] Joins: guest:1655817:asdoifnaiosdf
[08:52:25:PM] Joins: dope:1655472:lekkerdope
[08:52:25:PM] Joins: zz:1655620:bongdemon420
[08:52:25:PM] Joins: CHRISTMASGIFTS777:1655597:allizdoomed888
[08:52:25:PM] Joins: g:1655468:gownorrhea
[08:52:25:PM] Joins: MTjuPiD3:1656459:megetmodr8k20s
[08:52:25:PM] Joins: WEENIE:1655448:weenie
[08:52:25:PM] Joins: OMGIGOTBANNEDFW23TRhA:1656688:screwtinyggdd6t
[08:52:25:PM] Joins: L:1654965:ps93
[08:52:25:PM] Joins: n33krFsG:1656708:screwtinyankda1
[08:52:25:PM] Joins: bottom_____is:1654686:conrad
[08:52:25:PM] Joins moderator: Michael_Litoris:1654634:fagolini
[08:52:25:PM] Joins: s2:1653858:20031023
[08:52:25:PM] Joins: OMGIGOTBANNEDjthF:1656657:ng9yh3bvn
[08:52:25:PM] Joins: vegs:1653624:veg
[08:52:25:PM] Joins: KFNh7vRYl2:1656442:rotyc8
[08:52:25:PM] Joins: OMGIGOTBANNEDE2OV:1656710:nbzi4fl9
[08:52:25:PM] Joins: 7MFlcM:1656516:uplsxz4xzm
[08:52:25:PM] Joins: the_oracle_at_:1652809:tirednormie2
[08:52:25:PM] Joins: 9UOa:1656500:jty5itp
[08:52:25:PM] Joins: death:1652456:fabio007
[08:52:25:PM] Joins: delphi:1652723:duality
[08:52:25:PM] Joins: Qr09potgy0:1656543:gvzfffxwqd
[08:52:25:PM] Joins: SPAFT:1651781:spaft
[08:52:25:PM] Joins: OMGIGOTBANNEDOOYGp:1656691:jhkhnxov
[08:52:25:PM] Joins: scay:1656354:dfgdfgdfgsdfsdf
[08:52:25:PM] Joins: ddddd:1651076:johnnybravo
[08:52:25:PM] Joins: lO0RjewfsxT:1656711:kv52srg
[08:52:25:PM] Joins: cialiswarrior:1656037:gaycodfish
[08:52:25:PM] Joins room owner: Wittmann:1648979:real9k
[08:52:25:PM] Joins: VXTsU9DROFC:1656591:megetmoddo53kkaj
[08:52:25:PM] Joins: OMGIGOTBANNED59NzaD:1656694:hq2xt1ux8n
[08:52:25:PM] Joins: scarfade:1654672:bregman
[08:52:25:PM] Joins: actually:1642203:irregularchicken
[08:52:25:PM] vegs:1653624 is broadcasting.
[08:52:25:PM] L:1654965 is broadcasting.
[08:52:25:PM] scay:1656354 is broadcasting.
[08:52:25:PM] g:1655468 is broadcasting.
[08:52:25:PM] WEENIE:1655448 is broadcasting.
[08:52:25:PM] delphi:1652723 is broadcasting.
[08:52:25:PM] guest:1655817 is broadcasting.
[08:52:25:PM] SPAFT:1651781 is broadcasting.
[08:52:25:PM] the_oracle_at_:1652809 is broadcasting.
[08:52:25:PM] Michael_Litoris:1654634 is broadcasting.
[08:52:25:PM] Wittmann:1648979 is broadcasting.
[08:52:25:PM] actually:1642203 is broadcasting.
[08:52:25:PM] caiJbi5: 🖕 NOT 🖕🖕 BANNED🖕🖕🖕🖕🖕🖕 FUCK THIS ROOM

🖕 NOT 🖕🖕 BANNED🖕🖕🖕🖕🖕🖕 FUCK THIS ROOM

🖕 NOT 🖕🖕 BANNED🖕🖕🖕🖕🖕🖕 FUCK THIS ROOM

🖕 NOT 🖕🖕 BANNED🖕🖕🖕🖕🖕🖕 FUCK THIS ROOM

🖕 NOT 🖕🖕 BANNED🖕🖕🖕🖕🖕🖕 FUCK THIS ROOM

🖕 NOT 🖕🖕 BANNED🖕🖕🖕🖕🖕🖕 FUCK THIS ROOM

🖕 NOT 🖕🖕 BANNED🖕🖕🖕🖕🖕🖕 FUCK THIS ROOM
🖕 NOT 🖕🖕 BANNED🖕🖕🖕🖕🖕🖕 FUCK THIS ROOM

🖕 FALCON  NOT 🖕🖕 BANNED
                -
FUCK   YOU  DICKS   FUCK    YOU  BLACK   TRASH   🖕  FUCK YOU ALL
  



[08:52:25:PM] UVE24: 🖕 NOT 🖕🖕 BANNED🖕🖕🖕🖕🖕🖕 FUCK THIS ROOM

🖕 NOT 🖕🖕 BANNED🖕🖕🖕🖕🖕🖕 FUCK THIS ROOM

🖕 NOT 🖕🖕 BANNED🖕🖕🖕🖕🖕🖕 FUCK THIS ROOM

🖕 NOT 🖕🖕 BANNED🖕🖕🖕🖕🖕🖕 FUCK THIS ROOM

🖕 NOT 🖕🖕 BANNED🖕🖕🖕🖕🖕🖕 FUCK THIS ROOM

🖕 NOT 🖕🖕 BANNED🖕🖕🖕🖕🖕🖕 FUCK THIS ROOM

🖕 NOT 🖕🖕 BANNED🖕🖕🖕🖕🖕🖕 FUCK THIS ROOM
🖕 NOT 🖕🖕 BANNED🖕🖕🖕🖕🖕🖕 FUCK THIS ROOM

🖕 FALCON  NOT 🖕🖕 BANNED
                -
FUCK   YOU  DICKS   FUCK    YOU  BLACK   TRASH   🖕  FUCK YOU ALL
  



[08:52:25:PM] lO0RjewfsxT: 🖕 NOT 🖕🖕 BANNED🖕🖕🖕🖕🖕🖕 FUCK THIS ROOM

🖕 NOT 🖕🖕 BANNED🖕🖕🖕🖕🖕🖕 FUCK THIS ROOM

🖕 NOT 🖕🖕 BANNED🖕🖕🖕🖕🖕🖕 FUCK THIS ROOM

🖕 NOT 🖕🖕 BANNED🖕🖕🖕🖕🖕🖕 FUCK THIS ROOM

🖕 NOT 🖕🖕 BANNED🖕🖕🖕🖕🖕🖕 FUCK THIS ROOM

🖕 NOT 🖕🖕 BANNED🖕🖕🖕🖕🖕🖕 FUCK THIS ROOM

🖕 NOT 🖕🖕 BANNED🖕🖕🖕🖕🖕🖕 FUCK THIS ROOM
🖕 NOT 🖕🖕 BANNED🖕🖕🖕🖕🖕🖕 FUCK THIS ROOM

🖕 FALCON  NOT 🖕🖕 BANNED
                -
FUCK   YOU  DICKS   FUCK    YOU  BLACK   TRASH   🖕  FUCK YOU ALL
  



[08:52:25:PM] sydney:1656834 has account: holdenisabitch
[08:52:25:PM] sydney:1656834 joined the room.
[08:52:25:PM] pTZHXIYYig: 🖕 NOT 🖕🖕 BANNED🖕🖕🖕🖕🖕🖕 FUCK THIS ROOM

🖕 NOT 🖕🖕 BANNED🖕🖕🖕🖕🖕🖕 FUCK THIS ROOM

🖕 NOT 🖕🖕 BANNED🖕🖕🖕🖕🖕🖕 FUCK THIS ROOM

🖕 NOT 🖕🖕 BANNED🖕🖕🖕🖕🖕🖕 FUCK THIS ROOM

🖕 NOT 🖕🖕 BANNED🖕🖕🖕🖕🖕🖕 FUCK THIS ROOM

🖕 NOT 🖕🖕 BANNED🖕🖕🖕🖕🖕🖕 FUCK THIS ROOM

🖕 NOT 🖕🖕 BANNED🖕🖕🖕🖕🖕🖕 FUCK THIS ROOM
🖕 NOT 🖕🖕 BANNED🖕🖕🖕🖕🖕🖕 FUCK THIS ROOM

🖕 FALCON  NOT 🖕🖕 BANNED
                -
FUCK   YOU  DICKS   FUCK    YOU  BLACK   TRASH   🖕  FUCK YOU ALL
  



[08:52:25:PM] n33krFsG:1656708 Changed nick to: G3PY
[08:52:25:PM] LxPIi: 🖕 NOT 🖕🖕 BANNED🖕🖕🖕🖕🖕🖕 FUCK THIS ROOM

🖕 NOT 🖕🖕 BANNED🖕🖕🖕🖕🖕🖕 FUCK THIS ROOM

🖕 NOT 🖕🖕 BANNED🖕🖕🖕🖕🖕🖕 FUCK THIS ROOM

🖕 NOT 🖕🖕 BANNED🖕🖕🖕🖕🖕🖕 FUCK THIS ROOM

🖕 NOT 🖕🖕 BANNED🖕🖕🖕🖕🖕🖕 FUCK THIS ROOM

🖕 NOT 🖕🖕 BANNED🖕🖕🖕🖕🖕🖕 FUCK THIS ROOM

🖕 NOT 🖕🖕 BANNED🖕🖕🖕🖕🖕🖕 FUCK THIS ROOM
🖕 NOT 🖕🖕 BANNED🖕🖕🖕🖕🖕🖕 FUCK THIS ROOM

🖕 FALCON  NOT 🖕🖕 BANNED
                -
FUCK   YOU  DICKS   FUCK    YOU  BLACK   TRASH   🖕  FUCK YOU ALL
  



[08:52:25:PM] uTcTB: 🖕 NOT 🖕🖕 BANNED🖕🖕🖕🖕🖕🖕 FUCK THIS ROOM

🖕 NOT 🖕🖕 BANNED🖕🖕🖕🖕🖕🖕 FUCK THIS ROOM

🖕 NOT 🖕🖕 BANNED🖕🖕🖕🖕🖕🖕 FUCK THIS ROOM

🖕 NOT 🖕🖕 BANNED🖕🖕🖕🖕🖕🖕 FUCK THIS ROOM

🖕 NOT 🖕🖕 BANNED🖕🖕🖕🖕🖕🖕 FUCK THIS ROOM

🖕 NOT 🖕🖕 BANNED🖕🖕🖕🖕🖕🖕 FUCK THIS ROOM

🖕 NOT 🖕🖕 BANNED🖕🖕🖕🖕🖕🖕 FUCK THIS ROOM
🖕 NOT 🖕🖕 BANNED🖕🖕🖕🖕🖕🖕 FUCK THIS ROOM

🖕 FALCON  NOT 🖕🖕 BANNED
                -
FUCK   YOU  DICKS   FUCK    YOU  BLACK   TRASH   🖕  FUCK YOU ALL
  



[08:52:25:PM] fl57A82: 🖕 NOT 🖕🖕 BANNED🖕🖕🖕🖕🖕🖕 FUCK THIS ROOM

🖕 NOT 🖕🖕 BANNED🖕🖕🖕🖕🖕🖕 FUCK THIS ROOM

🖕 NOT 🖕🖕 BANNED🖕🖕🖕🖕🖕🖕 FUCK THIS ROOM

🖕 NOT 🖕🖕 BANNED🖕🖕🖕🖕🖕🖕 FUCK THIS ROOM

🖕 NOT 🖕🖕 BANNED🖕🖕🖕🖕🖕🖕 FUCK THIS ROOM

🖕 NOT 🖕🖕 BANNED🖕🖕🖕🖕🖕🖕 FUCK THIS ROOM

🖕 NOT 🖕🖕 BANNED🖕🖕🖕🖕🖕🖕 FUCK THIS ROOM
🖕 NOT 🖕🖕 BANNED🖕🖕🖕🖕🖕🖕 FUCK THIS ROOM

🖕 FALCON  NOT 🖕🖕 BANNED
                -
FUCK   YOU  DICKS   FUCK    YOU  BLACK   TRASH   🖕  FUCK YOU ALL
  



[08:52:25:PM] Yxw: 🖕 NOT 🖕🖕 BANNED🖕🖕🖕🖕🖕🖕 FUCK THIS ROOM

🖕 NOT 🖕🖕 BANNED🖕🖕🖕🖕🖕🖕 FUCK THIS ROOM

🖕 NOT 🖕🖕 BANNED🖕🖕🖕🖕🖕🖕 FUCK THIS ROOM

🖕 NOT 🖕🖕 BANNED🖕🖕🖕🖕🖕🖕 FUCK THIS ROOM

🖕 NOT 🖕🖕 BANNED🖕🖕🖕🖕🖕🖕 FUCK THIS ROOM

🖕 NOT 🖕🖕 BANNED🖕🖕🖕🖕🖕🖕 FUCK THIS ROOM

🖕 NOT 🖕🖕 BANNED🖕🖕🖕🖕🖕🖕 FUCK THIS ROOM
🖕 NOT 🖕🖕 BANNED🖕🖕🖕🖕🖕🖕 FUCK THIS ROOM

🖕 FALCON  NOT 🖕🖕 BANNED
                -
FUCK   YOU  DICKS   FUCK    YOU  BLACK   TRASH   🖕  FUCK YOU ALL
  



[08:52:25:PM] 9vvFu2soE: 🖕 NOT 🖕🖕 BANNED🖕🖕🖕🖕🖕🖕 FUCK THIS ROOM

🖕 NOT 🖕🖕 BANNED🖕🖕🖕🖕🖕🖕 FUCK THIS ROOM

🖕 NOT 🖕🖕 BANNED🖕🖕🖕🖕🖕🖕 FUCK THIS ROOM

🖕 NOT 🖕🖕 BANNED🖕🖕🖕🖕🖕🖕 FUCK THIS ROOM

🖕 NOT 🖕🖕 BANNED🖕🖕🖕🖕🖕🖕 FUCK THIS ROOM

🖕 NOT 🖕🖕 BANNED🖕🖕🖕🖕🖕🖕 FUCK THIS ROOM

🖕 NOT 🖕🖕 BANNED🖕🖕🖕🖕🖕🖕 FUCK THIS ROOM
🖕 NOT 🖕🖕 BANNED🖕🖕🖕🖕🖕🖕 FUCK THIS ROOM

🖕 FALCON  NOT 🖕🖕 BANNED
                -
FUCK   YOU  DICKS   FUCK    YOU  BLACK   TRASH   🖕  FUCK YOU ALL
  



[08:52:25:PM] please don't spam/flood the chat
[08:52:25:PM] You have been kicked from the room.
[08:53:11:PM] Logged in as: talkingteeth
[08:53:12:PM] Captcha required!
[08:53:12:PM] Captcha required! 6Lfg5x4UAAAAADk1zOokp1zPPFD-WtBvpT4HXa0U
