[12:00:00:AM] WEENIE:5444133 is broadcasting.
[12:00:06:AM] COWBOYS57:5444147 has account: keithwiley58
[12:00:07:AM] COWBOYS57:5444147 joined the room.
[12:00:10:AM] The youtube (FvDM7gsvCME) was stopped.
[12:00:23:AM] emils2017:5444024 Left the room.
[12:00:28:AM] thatcandrew:5444172 has account: thatcantdrew
[12:00:28:AM] thatcandrew:5444172 joined the room.
[12:00:34:AM] sllrx:5444182 has account: trudat80
[12:00:34:AM] sllrx:5444182 joined the room.
[12:00:36:AM] nickel:5443009 stopped broadcasting.
[12:00:36:AM] sovietnationalcitizen: yes sleek i agree with you
[12:00:50:AM] yas:5444117 Left the room.
[12:00:50:AM] sovietnationalcitizen: jew rleigion is stupid cuz it says only jews can go to heaven or some shit
[12:00:51:AM] yas:5444217 has account: iamyas
[12:00:51:AM] yas:5444217 joined the room.
[12:00:54:AM] yas:5444217 is broadcasting.
[12:00:56:AM] awesome420z:5444228 has account: daexbf
[12:00:57:AM] awesome420z:5444228 joined the room.
[12:00:57:AM] thatcandrew:5444172 is broadcasting.
[12:00:57:AM] sovietnationalcitizen: so their religion sucks as much as their degenerate nature
[12:01:11:AM] LandLORD888: crimson im moving to canada
[12:01:11:AM] awesome420z:5444228 Left the room.
[12:01:28:AM] Shirt_YoinkerM8:5444281 has account: blackshirtl1ft
[12:01:29:AM] Shirt_YoinkerM8:5444281 joined the room.
[12:01:36:AM] Shirt_YoinkerM8:5444281 Left the room.
[12:02:11:AM] Room Owner AlienQueen:5444341:th3alienqueen
[12:02:11:AM] AlienQueen:5444341 joined the room.
[12:02:14:AM] sllrx:5444182 Left the room.
[12:02:15:AM] AlienQueen:5444341 is broadcasting.
[12:02:52:AM] undePhined: factual?
[12:02:56:AM] undePhined: is a word
[12:02:59:AM] JonSnowsbrother: real supersaiyan bobby hill
[12:03:00:AM] COWBOYS57:5444147 Left the room.
[12:03:01:AM] emi: factually
[12:03:07:AM] nickel:5443009 is broadcasting.
[12:03:10:AM] sllrx:5444437 has account: trudat80
[12:03:10:AM] sllrx:5444437 joined the room.
[12:03:14:AM] undePhined: fac·tu·al
/ˈfak(t)SH(o͞o)əl/
Learn to pronounce
adjective
concerned with what is actually the case rather than interpretations of or reactions to it.
[12:03:14:AM] Pumpkin banned undePhined
[12:03:14:AM] undePhined:5442998 Left the room.
[12:03:21:AM] yas: https://www.google.com/search?q=factually&rlz=1C1CHBF_enUS842US842&oq=factually&aqs=chrome..69i57j0l5.1804j1j7&sourceid=chrome&ie=UTF-8
[12:03:28:AM] WEENIE: !forgive undePhined XD
[12:03:41:AM] sovietnationalcitizen: factually is word tho its very retarded form
[12:03:52:AM] Crimson:5440925 stopped broadcasting.
[12:03:57:AM] sleek: british black broad lol
[12:03:58:AM] sllrx:5444437 Left the room.
[12:03:58:AM] Crimson:5440925 Left the room.
[12:04:00:AM] sovietnationalcitizen: its fact-al-ly and adds with adverb it just sounds fucking retarded
[12:04:08:AM] Miko:5444509 has account: saliados
[12:04:09:AM] Miko:5444509 joined the room.
[12:04:14:AM] micropeen:5444525 has account: micropeen
[12:04:14:AM] micropeen:5444525 joined the room.
[12:04:14:AM] guest:5444528 has account: jjjjoo
[12:04:15:AM] guest:5444528 joined the room.
[12:04:21:AM] Moderator deathgripsisonline:5444541:souljawitch
[12:04:21:AM] deathgripsisonline:5444541 joined the room.
[12:04:22:AM] micropeen:5444525 Left the room.
[12:04:23:AM] Miko:5444509 is broadcasting.
[12:04:27:AM] sovietnationalcitizen: and this dumb retard yas isnt using word correct
[12:04:41:AM] MicroIndulgence:5443621 stopped broadcasting.
[12:04:43:AM] guest:5444528 Changed nick to: Abse
[12:05:13:AM] Sara:5441873 Left the room.
[12:05:25:AM] lalaa80:5444635 has account: lalaa80
[12:05:25:AM] lalaa80:5444635 joined the room.
[12:05:25:AM] Pumpkin banned lalaa80
[12:05:25:AM] lalaa80:5444635 Left the room.
[12:05:56:AM] JonSnowsbrother:5443829 Left the room.
[12:05:59:AM] Abse:5444528 Left the room.
[12:06:10:AM] Abse:5444707 has account: jjjjoo
[12:06:11:AM] Abse:5444707 joined the room.
[12:06:36:AM] reegee:5444736 has account: reegee
[12:06:36:AM] reegee:5444736 joined the room.
[12:06:38:AM] sleek: scum lord
[12:06:46:AM] JoachimVonTittentrop:5441643 Left the room.
[12:06:47:AM] JoachimVonTittentrop:5444752 has account: drgoebbels
[12:06:47:AM] JoachimVonTittentrop:5444752 joined the room.
[12:07:02:AM] uwu:5444777 has account: wren
[12:07:02:AM] uwu:5444777 joined the room.
[12:07:02:AM] JoachimVonTittentrop:5444752 is broadcasting.
[12:07:06:AM] thatcandrew:5444172 Left the room.
[12:07:08:AM] Abse:5444707 Left the room.
[12:07:10:AM] badbrad26:5444786 has account: badbrad26
[12:07:10:AM] badbrad26:5444786 joined the room.
[12:07:10:AM] Pumpkin banned badbrad26
[12:07:10:AM] badbrad26:5444786 Left the room.
[12:07:11:AM] JoachimVonTittentrop: ur mom is dum
[12:07:12:AM] emi: closed yas
[12:07:12:AM] yas:5444217 stopped broadcasting.
[12:07:16:AM] uwu:5444777 Left the room.
[12:07:25:AM] guest:5444813 has account: grandpapete
[12:07:25:AM] guest:5444813 joined the room.
[12:07:30:AM] guest:5444813 Changed nick to: grandpapete
[12:07:30:AM] CentroStampaSudCostanzo:5444827 has account: centrostampasudcostanzo
[12:07:30:AM] CentroStampaSudCostanzo:5444827 joined the room.
[12:07:31:AM] 1950dls:5442561 Left the room.
[12:07:32:AM] 1950dls:5444834 has account: 1950dls
[12:07:32:AM] 1950dls:5444834 joined the room.
[12:07:39:AM] CentroStampaSudCostanzo:5444827 Left the room.
[12:07:41:AM] KushLove:5444845 has account: turntupzone
[12:07:41:AM] KushLove:5444845 joined the room.
[12:07:41:AM] grandpapete:5444813 Left the room.
[12:07:49:AM] KushLove:5444845 Left the room.
[12:07:55:AM] Miko:5444509 Left the room.
[12:08:13:AM] MicroIndulgence:5443621 Left the room.
[12:08:14:AM] yas:5444217 is broadcasting.
[12:08:15:AM] Room Owner MicroIndulgence:5444884:microindulgence
[12:08:15:AM] MicroIndulgence:5444884 joined the room.
[12:08:32:AM] aussie:5444910 has account: socaussie
[12:08:32:AM] aussie:5444910 joined the room.
[12:08:32:AM] Pumpkin banned aussie
[12:08:32:AM] aussie:5444910 Left the room.
[12:08:37:AM] JoachimVonTittentrop: i was here during da vietnaam whore
[12:08:43:AM] th3psychward kicked yas
[12:08:43:AM] yas:5444217 Left the room.
[12:08:53:AM] LandLORD888:5444056 Left the room.
[12:08:55:AM] guest:5444954 has account: charli3
[12:08:55:AM] guest:5444954 joined the room.
[12:09:04:AM] guest:5444954 Changed nick to: Charli3
[12:09:10:AM] Aysha:5444977 has account: bambz135
[12:09:10:AM] Aysha:5444977 joined the room.
[12:09:19:AM] Aysha:5444977 Left the room.
[12:09:20:AM] YassiNeFilali:5445000 has account: yassinefilali
[12:09:20:AM] YassiNeFilali:5445000 joined the room.
[12:09:24:AM] WEENIE:5444133 stopped broadcasting.
[12:09:32:AM] undePhined:5445021 has account: hermesthoth
[12:09:32:AM] undePhined:5445021 joined the room.
[12:09:34:AM] YassiNeFilali:5445000 Left the room.
[12:09:39:AM] JoachimVonTittentrop: my penis has a voice
[12:09:43:AM] Charli3:5444954 Left the room.
[12:09:57:AM] sovietnationalcitizen: joachim major troll
[12:10:21:AM] JoachimVonTittentrop: "help, i'm soo little, some come grab me in prop me up" says my penis
[12:10:26:AM] th3psychward kicked WEENIE
[12:10:26:AM] WEENIE:5444133 Left the room.
[12:10:31:AM] deathgripsisonline:5444541 Left the room.
[12:10:32:AM] Moderator WEENIE:5445106:weenie
[12:10:32:AM] WEENIE:5445106 joined the room.
[12:10:38:AM] WEENIE:5445106 is broadcasting.
[12:11:04:AM] JoachimVonTittentrop: "i need cpr" says my pene
[12:11:56:AM] sovietnationalcitizen:5442037 Left the room.
[12:12:34:AM] Liam_:5445328 has account: l1am
[12:12:34:AM] Liam_:5445328 joined the room.
[12:12:35:AM] AnthonyBenton:5445331 has account: anthonybenton
[12:12:35:AM] AnthonyBenton:5445331 joined the room.
[12:12:35:AM] JoachimVonTittentrop: my name is sthephenn
[12:12:38:AM] AnthonyBenton:5445331 is broadcasting.
[12:12:56:AM] sovietnationalcitizen:5445356 has account: europeanunion
[12:12:56:AM] sovietnationalcitizen:5445356 joined the room.
[12:12:56:AM] AnthonyBenton:5445331 stopped broadcasting.
[12:12:58:AM] AnthonyBenton:5445331 Left the room.
[12:13:01:AM] Liam_:5445328 is broadcasting.
[12:13:09:AM] sovietnationalcitizen: sleek i didnt go to university to be communist and im not marxistcommunist
[12:13:09:AM] AlienQueen:5444341 stopped broadcasting.
[12:13:20:AM] sovietnationalcitizen: im from communist country
[12:13:21:AM] Moderator yas:5445391:iamyas
[12:13:21:AM] yas:5445391 joined the room.
[12:13:23:AM] ash:5445396 has account: dragonsash
[12:13:23:AM] ash:5445396 joined the room.
[12:13:26:AM] yas:5445391 is broadcasting.
[12:13:31:AM] undePhined:5445021 is broadcasting.
[12:13:32:AM] sovietnationalcitizen: and i follow soviet communism not marxism
[12:13:36:AM] Charli3:5445416 has account: charli3
[12:13:36:AM] Charli3:5445416 joined the room.
[12:13:41:AM] sovietnationalcitizen: marxismleninism
[12:13:44:AM] hell_ye:5445424 has account: ju1c38ox
[12:13:44:AM] hell_ye:5445424 joined the room.
[12:13:48:AM] JoachimVonTittentrop: i follow judeo-bolshevism
[12:13:50:AM] hell_ye:5445424 Left the room.
[12:14:27:AM] JoachimVonTittentrop: i want judeo-bolshevism to unite with jewish plutocracy for world domination
[12:14:32:AM] Kristen:5445497 has account: kriss631sit
[12:14:32:AM] Kristen:5445497 joined the room.
[12:14:43:AM] reegee:5444736 Left the room.
[12:14:46:AM] sovietnationalcitizen: what fuck is judeobolshevism
[12:14:50:AM] ash:5445396 Left the room.
[12:14:56:AM] Liam_: jewish conspiracy
[12:14:59:AM] JoachimVonTittentrop: it's an antisemitic canard you silly goy
[12:15:07:AM] wildchild:5442873 Left the room.
[12:15:08:AM] wildchild:5445557 has account: wildchildinkbab
[12:15:09:AM] wildchild:5445557 joined the room.
[12:15:22:AM] JoachimVonTittentrop: wikipedia says so
[12:15:25:AM] eMiL_Muted:5445575 has account: emiljagas
[12:15:25:AM] eMiL_Muted:5445575 joined the room.
[12:15:25:AM] Kristen:5445497 Left the room.
[12:15:27:AM] Charli3:5445416 Left the room.
[12:16:38:AM] ns09:5445680 has account: ns09
[12:16:38:AM] ns09:5445680 joined the room.
[12:16:54:AM] awesome420z:5445707 has account: daexbf
[12:16:55:AM] awesome420z:5445707 joined the room.
[12:16:55:AM] LaMarFoxx:5445708 has account: lamarfoxx
[12:16:55:AM] LaMarFoxx:5445708 joined the room.
[12:17:03:AM] LaMarFoxx:5445708 Left the room.
[12:17:06:AM] Dermis:5445710 has account: dermis
[12:17:06:AM] Dermis:5445710 joined the room.
[12:17:07:AM] nickel:5443009 stopped broadcasting.
[12:17:07:AM] ns09:5445680 Left the room.
[12:17:25:AM] Liam_: undePhined: Op Ivy?
[12:17:48:AM] nickel: BRB
[12:17:57:AM] estebghghgh:5445808 has account: wooptyhell
[12:17:57:AM] estebghghgh:5445808 joined the room.
[12:17:58:AM] estebghghgh:5445808 Left the room.
[12:18:04:AM] JoachimVonTittentrop: i spreek engrish reeal good for 5 dorrar
[12:18:08:AM] 1950dls:5444834 Left the room.
[12:18:14:AM] ch1:5445835 has account: nightcrawl
[12:18:14:AM] ch1:5445835 joined the room.
[12:18:22:AM] undePhined: What do you mean Liam?
[12:18:22:AM] sovietnationalcitizen: yas go to treblinka
[12:18:25:AM] Moderator deathgripsisonline:5445853:souljawitch
[12:18:25:AM] deathgripsisonline:5445853 joined the room.
[12:18:43:AM] undePhined: The punk band?
[12:18:43:AM] sovietnationalcitizen: polish is language you dumbass jew
[12:18:44:AM] JoachimVonTittentrop: get deloused
[12:18:52:AM] Liam_: undePhined: i thought your caption was a reference to the song "knowledge" by operation ivy
[12:18:58:AM] JoachimVonTittentrop: i'm judeo-negroid
[12:19:00:AM] undePhined: oh yeah it is
[12:19:04:AM] undePhined: Op Ivy is great
[12:19:06:AM] Liam_: cool
[12:19:10:AM] undePhined: I like NoFx too
[12:19:13:AM] undePhined: and a bunch of others
[12:19:19:AM] undePhined: Streetlight Manifesto
[12:19:25:AM] Liam_: menzingers
[12:19:31:AM] DDD:5445936 has account: wilmarandresgerena
[12:19:31:AM] DDD:5445936 joined the room.
[12:19:38:AM] awesome420z:5445707 Left the room.
[12:19:43:AM] undePhined: i'll check them out
[12:19:48:AM] sovietnationalcitizen: romm full semites 2019.6.22
[12:19:52:AM] deathgripsisonline:5445853 is broadcasting.
[12:19:55:AM] ch1:5445835 Left the room.
[12:19:59:AM] JoachimVonTittentrop: rommel full of semites
[12:20:12:AM] Liam_: Credo in unum Deum
[12:20:13:AM] Dermis:5445710 Left the room.
[12:20:18:AM] Mike:5446014 has account: mikedc15
[12:20:18:AM] Mike:5446014 joined the room.
[12:20:22:AM] JoachimVonTittentrop: i have an 8 inch nose goy
[12:20:36:AM] Liam_: Visibilium omnium, et invisibilium
[12:20:44:AM] sovietnationalcitizen: yas welcome to auschwitz
[12:20:47:AM] JoachimVonTittentrop: et tu brute?
[12:20:48:AM] nickel: BACK
[12:20:55:AM] nickel:5443009 is broadcasting.
[12:20:59:AM] Liam_: Roman Catholicism > rabbinic judaism
[12:21:17:AM] JoachimVonTittentrop: i need to rectify the rectifier in my rectangular rectum
[12:21:21:AM] bananashrimp:5446117 has account: milkymorena
[12:21:21:AM] bananashrimp:5446117 joined the room.
[12:21:35:AM] yas:5445391 stopped broadcasting.
[12:21:39:AM] yas:5445391 is broadcasting.
[12:22:02:AM] yas:5445391 Left the room.
[12:22:06:AM] deathgripsisonline:5445853 Left the room.
[12:22:19:AM] Mike:5446014 Left the room.
[12:22:32:AM] Moderator deathgripsisonline:5446241:souljawitch
[12:22:33:AM] deathgripsisonline:5446241 joined the room.
[12:22:39:AM] DDD:5445936 Left the room.
[12:22:39:AM] bananashrimp:5446117 is broadcasting.
[12:22:41:AM] admiral_zquarium:5446257 has account: zkorium
[12:22:41:AM] admiral_zquarium:5446257 joined the room.
[12:22:50:AM] admiral_zquarium:5446257 Left the room.
[12:22:53:AM] AlienQueen:5444341 is broadcasting.
[12:23:15:AM] JoachimVonTittentrop: my ip is bigger than urs
[12:23:25:AM] undePhined: Kali Linux
[12:23:30:AM] undePhined: and some sort of tool in Kali
[12:23:32:AM] deathgripsisonline:5446241 Left the room.
[12:23:33:AM] JoachimVonTittentrop: red star linux
[12:23:35:AM] undePhined: and a video tutorial
[12:23:45:AM] Maori:5446346 has account: kuri
[12:23:45:AM] Maori:5446346 joined the room.
[12:23:46:AM] undePhined: and any script kiddie can figure out how to do it
[12:23:59:AM] undePhined: with enough patience and concentration
[12:24:09:AM] admiral_zquarium:5446371 has account: zkorium
[12:24:09:AM] admiral_zquarium:5446371 joined the room.
[12:24:10:AM] sovietnationalcitizen: stephen hats fucking sick
[12:24:20:AM] admiral_zquarium:5446371 Left the room.
[12:24:25:AM] JoachimVonTittentrop: my ip address is so long and fat
[12:24:43:AM] JoachimVonTittentrop: too big for this subnet
[12:24:47:AM] 2strawz:5446419 has account: theunderworld
[12:24:47:AM] 2strawz:5446419 joined the room.
[12:24:53:AM] 2strawz:5446419 Left the room.
[12:24:59:AM] awesome420z:5446434 has account: daexbf
[12:24:59:AM] awesome420z:5446434 joined the room.
[12:25:03:AM] Liam_: bye all
[12:25:04:AM] Liam_:5445328 stopped broadcasting.
[12:25:06:AM] Liam_:5445328 Left the room.
[12:25:07:AM] JoachimVonTittentrop: gtfo
[12:25:12:AM] Maori:5446346 Left the room.
[12:25:13:AM] awesome420z:5446434 Left the room.
[12:25:58:AM] sovietnationalcitizen: sleek make your own room
[12:26:55:AM] Smokey:5446608 has account: smokeyllama
[12:26:55:AM] Smokey:5446608 joined the room.
[12:26:58:AM] Smokey:5446608 Left the room.
[12:27:04:AM] JoachimVonTittentrop: my banana is ripe and peeled
[12:27:10:AM] _:5446634 has account: 420jesus666
[12:27:10:AM] _:5446634 joined the room.
[12:27:15:AM] JoachimVonTittentrop: overripe and mushy
[12:27:30:AM] Owl:5446667 has account: artifex
[12:27:31:AM] Owl:5446667 joined the room.
[12:27:39:AM] emi:5441283 stopped broadcasting.
[12:27:39:AM] emi:5441283 Left the room.
[12:27:41:AM] sovietnationalcitizen: sleek LOL
[12:27:42:AM] Room Owner emi:5446692:l0lemilie
[12:27:43:AM] emi:5446692 joined the room.
[12:27:46:AM] emi:5446692 is broadcasting.
[12:27:47:AM] awesome420z:5446701 has account: daexbf
[12:27:47:AM] awesome420z:5446701 joined the room.
[12:27:52:AM] sovietnationalcitizen: degenerates
[12:27:54:AM] th3psychward:5441555 Left the room.
[12:27:55:AM] mich:5438585 Left the room.
[12:27:59:AM] emi:5446692 stopped broadcasting.
[12:27:59:AM] Room Owner C:5446712:th3psychward
[12:27:59:AM] C:5446712 joined the room.
[12:27:59:AM] awesome420z:5446701 Left the room.
[12:28:02:AM] GUTS88:5446718 has account: joeromito
[12:28:03:AM] GUTS88:5446718 joined the room.
[12:28:04:AM] C:5446712 Left the room.
[12:28:07:AM] Room Owner C:5446727:th3psychward
[12:28:08:AM] C:5446727 joined the room.
[12:28:12:AM] Owl:5446667 Left the room.
[12:28:12:AM] emi:5446692 is broadcasting.
[12:28:15:AM] C:5446727 is broadcasting.
[12:28:15:AM] JoachimVonTittentrop: lgbtits
[12:28:21:AM] _:5446634 Left the room.
[12:28:22:AM] Moderator need_heroin:5446749:souljawitch
[12:28:23:AM] need_heroin:5446749 joined the room.
[12:28:26:AM] emi:5446692 stopped broadcasting.
[12:28:32:AM] sovietnationalcitizen: i want send every person in this room other than sleek to treblinka concentration camp
[12:28:34:AM] ash:5446764 has account: dragonsash
[12:28:34:AM] ash:5446764 joined the room.
[12:28:34:AM] emi: being stalked
[12:28:34:AM] GUTS88:5446718 is broadcasting.
[12:28:39:AM] emi:5446692 is broadcasting.
[12:28:45:AM] C: closed GUTS88
[12:28:45:AM] GUTS88:5446718 stopped broadcasting.
[12:28:50:AM] emi:5446692 stopped broadcasting.
[12:28:52:AM] JoachimVonTittentrop: why send me? can i be a guard?
[12:29:00:AM] GUTS88: WHOS C?
[12:29:00:AM] sovietnationalcitizen: cuz youre a fucking degenerate troll
[12:29:05:AM] GUTS88: if i see you
[12:29:07:AM] emi:5446692 is broadcasting.
[12:29:11:AM] GUTS88: il break your fucking skull
[12:29:12:AM] C:5446727 Left the room.
[12:29:13:AM] Room Owner C:5446804:th3psychward
[12:29:13:AM] C:5446804 joined the room.
[12:29:13:AM] GUTS88: take care
[12:29:16:AM] GUTS88:5446718 Left the room.
[12:29:16:AM] C:5446804 is broadcasting.
[12:29:23:AM] mich:5446822 has account: jupiterprincess
[12:29:23:AM] mich:5446822 joined the room.
[12:29:23:AM] JoachimVonTittentrop: the nazis were all trolls
[12:29:24:AM] admiral_zquarium:5446823 has account: zkorium
[12:29:24:AM] admiral_zquarium:5446823 joined the room.
[12:29:29:AM] admiral_zquarium:5446823 is broadcasting.
[12:29:38:AM] emi: i need pills
[12:29:39:AM] C:5446804 stopped broadcasting.
[12:29:44:AM] C:5446804 Changed nick to: th3psychward
[12:29:45:AM] th3psychward:5446804 Left the room.
[12:29:46:AM] Room Owner th3psychward:5446859:th3psychward
[12:29:46:AM] th3psychward:5446859 joined the room.
[12:29:50:AM] th3psychward:5446859 is broadcasting.
[12:29:50:AM] sleek: ur a digrace
[12:29:52:AM] ash: ... they were brainless sheep...
[12:29:55:AM] sleek: disgrace*
[12:30:12:AM] JoachimVonTittentrop: sheep are tasty
[12:30:13:AM] sovietnationalcitizen: nazis suck i only like their concentration camp and racial extermination ideas
[12:30:41:AM] sovietnationalcitizen: nazism fascism ideas arent very good in essence
[12:30:44:AM] admiral_zquarium:5446823 stopped broadcasting.
[12:30:47:AM] admiral_zquarium:5446823 is broadcasting.
[12:30:54:AM] need_heroin:5446749 Left the room.
[12:30:56:AM] psqqq:5446964 has account: psqqq
[12:30:56:AM] psqqq:5446964 joined the room.
[12:30:57:AM] Pumpkin banned psqqq
[12:30:57:AM] psqqq:5446964 Left the room.
[12:31:00:AM] mich:5446822 Left the room.
[12:31:03:AM] mich:5446975 has account: jupiterprincess
[12:31:03:AM] mich:5446975 joined the room.
[12:31:09:AM] bayaq: !yt v7bOtOs1Q8c
[12:31:10:AM] YouTube: Pumpkin started "Migos - John Wick"
[12:31:16:AM] JoachimVonTittentrop: i think national socialism is good
[12:31:17:AM] stephen: theres a hoe in the ozone layer
[12:31:24:AM] sovietnationalcitizen: my favorite thing which happened in history is soviet union and maoist china
[12:31:29:AM] JoachimVonTittentrop: but basing it on cult of personality is unstable
[12:31:38:AM] jellom85:5447024 has account: jellom85
[12:31:38:AM] jellom85:5447024 joined the room.
[12:31:49:AM] sleek:5436586 stopped broadcasting.
[12:31:49:AM] eMiL_Muted:5445575 is broadcasting.
[12:31:55:AM] sovietnationalcitizen: not talking about north korea cuz no person here really knows truth about it
[12:32:08:AM] jellom85:5447024 Left the room.
[12:32:19:AM] th3psychward started youtube video (1 Second Video)
[12:32:19:AM] YouTube: th3psychward started "1 Second Video"
[12:32:21:AM] The youtube (Wch3gJG2GJ4) was stopped.
[12:32:22:AM] JoachimVonTittentrop: ooga booga smoke ween n sheeit
[12:32:24:AM] Moderator deathgripsisonline:5447094:souljawitch
[12:32:24:AM] deathgripsisonline:5447094 joined the room.
[12:32:54:AM] admiral_zquarium:5446823 Left the room.
[12:32:56:AM] sovietnationalcitizen:5445356 Left the room.
[12:33:02:AM] sovietnationalcitizen:5447138 has account: europeanunion
[12:33:02:AM] sovietnationalcitizen:5447138 joined the room.
[12:33:03:AM] sllrx:5447140 has account: trudat80
[12:33:03:AM] sllrx:5447140 joined the room.
[12:33:09:AM] deathgripsisonline:5447094 is broadcasting.
[12:33:27:AM] _:5447190 has account: 420jesus666
[12:33:27:AM] _:5447190 joined the room.
[12:33:34:AM] theone:5447200 has account: theone4unow
[12:33:34:AM] theone:5447200 joined the room.
[12:33:37:AM] sovietnationalcitizen: sleek cam up
[12:33:39:AM] guest:5447206 has account: aksjhdkasjh
[12:33:39:AM] guest:5447206 joined the room.
[12:33:48:AM] guest:5447206 Changed nick to: NuckFiggers
[12:33:51:AM] sleek: ive had my fill
[12:33:54:AM] Zolla:5447241 has account: zolla8
[12:33:54:AM] Zolla:5447241 joined the room.
[12:34:01:AM] sleek: black obnoxious cunt talks over everyone
[12:34:17:AM] sovietnationalcitizen: sebby you dont own site you jsut went to teatime some days ago and they hated you
[12:34:21:AM] sleek: always dumb people who speak teh most
[12:34:26:AM] Zolla:5447241 Left the room.
[12:34:36:AM] ken:5447318 has account: sexyguy95
[12:34:36:AM] ken:5447318 joined the room.
[12:34:37:AM] sovietnationalcitizen: and he went to chillspot and they said nothing
[12:34:42:AM] sllrx:5447140 Left the room.
[12:34:45:AM] DeVata:5447326 has account: devata313
[12:34:46:AM] DeVata:5447326 joined the room.
[12:34:46:AM] th3psychward: https://techcrunch.com/2014/12/16/tinychat-paltalk-video-messaging/
[12:34:51:AM] ken:5447318 Left the room.
[12:34:52:AM] _: phisher link dont click
[12:34:59:AM] sovietnationalcitizen: he owns this room hes almost hated in every other room other than this room
[12:35:00:AM] NuckFiggers: what is he talking about
[12:35:03:AM] sovietnationalcitizen: its true
[12:35:16:AM] JoachimVonTittentrop: every other room is a retarded weed room
[12:35:21:AM] NuckFiggers: this enormous nosed individual with a filthy room
[12:35:33:AM] sovietnationalcitizen: no it isnt
[12:35:41:AM] midnightblue:5447399 has account: midnightblue111
[12:35:42:AM] midnightblue:5447399 joined the room.
[12:35:42:AM] sovietnationalcitizen: they in tinychat do weed do
[12:35:45:AM] sovietnationalcitizen: too
[12:35:47:AM] nickel:5443009 stopped broadcasting.
[12:35:47:AM] NuckFiggers:5447206 is broadcasting.
[12:35:49:AM] sovietnationalcitizen: psychwrd
[12:35:58:AM] th3psychward: closed NuckFiggers
[12:35:58:AM] NuckFiggers:5447206 stopped broadcasting.
[12:36:02:AM] NuckFiggers: HEY
[12:36:04:AM] tomato:5447436 has account: tomatotom
[12:36:04:AM] tomato:5447436 joined the room.
[12:36:05:AM] NuckFiggers: i was gonna move my fookin camera
[12:36:06:AM] NuckFiggers: you big turd
[12:36:08:AM] JoachimVonTittentrop: that's racist you nigger
[12:36:09:AM] tomato:5447436 Left the room.
[12:36:18:AM] _: yo devata
[12:36:21:AM] theone:5447200 Left the room.
[12:36:29:AM] nickel:5443009 is broadcasting.
[12:36:30:AM] DeVata:5447326 Left the room.
[12:36:52:AM] midnightblue:5447399 Left the room.
[12:37:14:AM] NuckFiggers: Kick this monkey out and let me video
[12:37:14:AM] sextasy21:5447532 has account: sextasy21
[12:37:15:AM] sextasy21:5447532 joined the room.
[12:37:38:AM] JoachimVonTittentrop: imagine having hair in 2019
[12:37:42:AM] JoachimVonTittentrop: just get a wig
[12:38:31:AM] sovietnationalcitizen: blacks are in common very evil they create trouble and cheat others wherever they go, just saying truths
[12:38:33:AM] nickel:5443009 stopped broadcasting.
[12:38:33:AM] NuckFiggers:5447206 is broadcasting.
[12:39:21:AM] JoachimVonTittentrop: i'm the face of all black people
[12:39:22:AM] Million:5447708 has account: miami
[12:39:22:AM] Million:5447708 joined the room.
[12:39:28:AM] bayaq:5437964 stopped broadcasting.
[12:39:28:AM] ash:5446764 is broadcasting.
[12:39:30:AM] shelly195:5447722 has account: shelly195
[12:39:30:AM] shelly195:5447722 joined the room.
[12:39:36:AM] Million:5447708 Left the room.
[12:39:38:AM] sovietnationalcitizen: i never met 1 nice black person theyre all manipulative and shifty criminal nature degenerates
[12:39:53:AM] sextasy21:5447532 Left the room.
[12:40:06:AM] th3psychward: closed NuckFiggers
[12:40:06:AM] NuckFiggers:5447206 stopped broadcasting.
[12:40:17:AM] NuckFiggers: broski i was picking my cat up
[12:40:30:AM] emi: ^^^
[12:40:31:AM] NuckFiggers: i got back to my computer one second later you rat nose fuck
[12:40:42:AM] JoachimVonTittentrop: my iq is 8 inches
[12:40:55:AM] Moonsie:5447850 has account: moonsie
[12:40:55:AM] Moonsie:5447850 joined the room.
[12:40:59:AM] sovietnationalcitizen: hitler liked blacks you know some were in wehrmacht some died in concentration camps
[12:41:02:AM] Moonsie:5447850 is broadcasting.
[12:41:03:AM] sovietnationalcitizen: well he didntl ike blacks
[12:41:10:AM] sovietnationalcitizen: tho he thought some blacks were aryans or some shit i think
[12:41:14:AM] sovietnationalcitizen: and he ahted some
[12:41:17:AM] sovietnationalcitizen: mixed ideas
[12:41:17:AM] WEENIE:5445106 stopped broadcasting.
[12:41:17:AM] NuckFiggers:5447206 is broadcasting.
[12:41:18:AM] NuckFiggers:5447206 stopped broadcasting.
[12:41:19:AM] WEENIE:5445106 Left the room.
[12:41:21:AM] NuckFiggers:5447206 is broadcasting.
[12:41:25:AM] undePhined:5445021 stopped broadcasting.
[12:41:34:AM] nickel:5443009 is broadcasting.
[12:41:39:AM] davidtomas:5447927 has account: mentalmania
[12:41:39:AM] davidtomas:5447927 joined the room.
[12:41:48:AM] K:5447936 has account: kuulkyle
[12:41:48:AM] K:5447936 joined the room.
[12:41:50:AM] th3psychward: closed stephen
[12:41:50:AM] stephen:5432535 stopped broadcasting.
[12:41:50:AM] undePhined:5445021 is broadcasting.
[12:41:51:AM] undePhined:5445021 stopped broadcasting.
[12:41:51:AM] davidtomas:5447927 is broadcasting.
[12:41:51:AM] sovietnationalcitizen: i dont like any blacks
[12:41:56:AM] emi: amazing cat
[12:42:03:AM] stephen: ahahahaha
[12:42:09:AM] _: david is such a troll
[12:42:15:AM] stephen: sebbby is pretty retarded
[12:42:18:AM] ash:5446764 stopped broadcasting.
[12:42:35:AM] JoachimVonTittentrop: my mommy says i'm not retarded
[12:42:38:AM] stephen: that was me
[12:42:43:AM] stephen: i am illuminati
[12:42:49:AM] sovietnationalcitizen: davidtomas shut fuck up you degenerate indian
[12:43:01:AM] stephen:5432535 is broadcasting.
[12:43:09:AM] sovietnationalcitizen: davidtomas goes to every room and crashes it
[12:43:29:AM] K:5447936 Left the room.
[12:43:41:AM] guest:5448068 has account: emils2017
[12:43:42:AM] guest:5448068 joined the room.
[12:43:51:AM] guest:5448068 Left the room.
[12:43:56:AM] JoachimVonTittentrop: finally someone is addressing the canadian menace
[12:44:09:AM] davidtomas:5447927 Left the room.
[12:44:09:AM] ash:5446764 is broadcasting.
[12:44:22:AM] ash:5446764 stopped broadcasting.
[12:44:22:AM] _:5447190 Left the room.
[12:44:34:AM] sovietnationalcitizen: sebby trumps ban on countries was only for on week
[12:44:39:AM] sovietnationalcitizen: https://en.wikipedia.org/wiki/Visa_policy_of_the_United_States#Admission_refused_(superseded)
[12:44:45:AM] ash:5446764 Left the room.
[12:44:51:AM] i_need_candy_ciggarettes:5448182 has account: ylykilzwood
[12:44:52:AM] i_need_candy_ciggarettes:5448182 joined the room.
[12:44:56:AM] JoachimVonTittentrop: trump needs to build a magic castle for white people
[12:45:02:AM] Dermis:5448209 has account: dermis
[12:45:02:AM] Dermis:5448209 joined the room.
[12:45:02:AM] i_need_candy_ciggarettes:5448182 is broadcasting.
[12:45:10:AM] JoachimVonTittentrop: where there will be christmas trees and magic ice skating rinks
[12:45:11:AM] Smokey:5448212 has account: smokeyllama
[12:45:11:AM] Smokey:5448212 joined the room.
[12:45:12:AM] i_need_candy_ciggarettes:5448182 stopped broadcasting.
[12:45:14:AM] Smokey:5448212 Left the room.
[12:45:18:AM] MegaSeemo:5448235 has account: megaseemo
[12:45:18:AM] MegaSeemo:5448235 joined the room.
[12:45:27:AM] MegaSeemo:5448235 is broadcasting.
[12:45:27:AM] i_need_candy_ciggarettes:5448182 Left the room.
[12:45:42:AM] planet:5448269 has account: planeterf
[12:45:43:AM] planet:5448269 joined the room.
[12:45:46:AM] sovietnationalcitizen: it was only for one week
[12:45:59:AM] planet:5448269 Left the room.
[12:46:26:AM] MegaSeemo: Hello 
[12:46:27:AM] Dermis:5448209 Left the room.
[12:46:27:AM] undePhined:5445021 Left the room.
[12:46:37:AM] sovietnationalcitizen: fucking american shit
[12:46:38:AM] sovietnationalcitizen: State Sponsors of Terrorism:[79]

 Iran (1984–present)
 North Korea (2017–present)
 Syria (1979–present; in a civil war since March 2011. The executive order also suspended any further resettlement of Syrian refugees indefinitely)
 Sudan (1993–present)
Countries of Particular Concern (designated by the Obama administration):

 Iraq (removed from the State Sponsors of Terrorism list twice in 1982 and 2004; country in a civil war and ISIL insurgency since June 2014, following the aftermath of the
[12:46:38:AM] Pumpkin banned sovietnationalcitizen
[12:46:38:AM] sovietnationalcitizen:5447138 Left the room.
[12:46:38:AM] JoachimVonTittentrop: hello goblin cock-gobbler
[12:46:43:AM] sleek: the septum ring accentuates ur wide now
[12:46:47:AM] sleek: nose*
[12:46:56:AM] Dermis:5448382 has account: dermis
[12:46:57:AM] Dermis:5448382 joined the room.
[12:47:00:AM] sleek: nice shallow source of identiy
[12:47:57:AM] Dermis:5448382 Left the room.
[12:48:08:AM] sleek: the OG God is the sun
[12:48:37:AM] Moonsie:5447850 Left the room.
[12:48:39:AM] ash:5448541 has account: dragonsash
[12:48:39:AM] ash:5448541 joined the room.
[12:48:55:AM] Maori:5448566 has account: kuri
[12:48:55:AM] Maori:5448566 joined the room.
[12:49:31:AM] manly19:5448628 has account: manly19
[12:49:31:AM] manly19:5448628 joined the room.
[12:49:38:AM] JoachimVonTittentrop:5444752 stopped broadcasting.
[12:49:44:AM] Maori:5448566 is broadcasting.
[12:49:55:AM] Maori: lol you're gods?
[12:50:03:AM] Maori: lol you're gods?
[12:50:06:AM] MegaSeemo:5448235 stopped broadcasting.
[12:50:11:AM] shelly195:5447722 Left the room.
[12:50:11:AM] shelly195:5448677 has account: shelly195
[12:50:11:AM] shelly195:5448677 joined the room.
[12:50:20:AM] MegaSeemo:5448235 Left the room.
[12:50:37:AM] Kristen:5448710 has account: kriss631sit
[12:50:38:AM] Kristen:5448710 joined the room.
[12:51:00:AM] Kristen:5448710 Changed nick to: Kriss
[12:51:07:AM] Kriss:5448710 Left the room.
[12:51:07:AM] sllrx:5448746 has account: trudat80
[12:51:07:AM] sllrx:5448746 joined the room.
[12:51:20:AM] sllrx:5448746 Left the room.
[12:51:37:AM] Room Owner eatadik:5448787:sweetheart
[12:51:37:AM] eatadik:5448787 joined the room.
[12:51:54:AM] mich:5446975 Left the room.
[12:52:22:AM] JoachimVonTittentrop: twilight of the gods
[12:52:31:AM] bud:5448859 has account: girthbirthmerth
[12:52:31:AM] bud:5448859 joined the room.
[12:52:37:AM] bud:5448859 Left the room.
[12:52:39:AM] undePhined:5448876 has account: hermesthoth
[12:52:40:AM] undePhined:5448876 joined the room.
[12:52:49:AM] eatadik: sebbys room is a fkn pig sty
[12:52:55:AM] undePhined:5448876 is broadcasting.
[12:53:00:AM] Maori: where you
[12:53:05:AM] Million:5448921 has account: miami
[12:53:05:AM] Million:5448921 joined the room.
[12:53:12:AM] bananashrimp: This is wild bro
[12:53:20:AM] eatadik:5448787 Left the room.
[12:53:35:AM] emi: free mason
[12:53:36:AM] Room Owner eatadik:5448971:sweetheart
[12:53:36:AM] eatadik:5448971 joined the room.
[12:53:38:AM] manly19:5448628 Left the room.
[12:53:42:AM] Million:5448921 Left the room.
[12:53:43:AM] emi: thats the scary shit
[12:53:48:AM] reaper:5448994 has account: reaper
[12:53:49:AM] reaper:5448994 joined the room.
[12:54:05:AM] JoachimVonTittentrop: illuminaughty
[12:54:32:AM] eatadik: u have ugly tonsils
[12:54:36:AM] eatadik: stop copying me
[12:54:46:AM] Maori:5448566 Left the room.
[12:55:01:AM] JoachimVonTittentrop: just accept hitler as your personal fuhrer
[12:55:11:AM] Maori:5449144 has account: kuri
[12:55:11:AM] Maori:5449144 joined the room.
[12:55:18:AM] JoachimVonTittentrop: he is waiting to enter your heart
[12:55:21:AM] reaper:5448994 Left the room.
[12:55:34:AM] Dequavis:5449179 has account: thefuckisthatbud
[12:55:34:AM] Dequavis:5449179 joined the room.
[12:55:58:AM] Maori: stolen valor
[12:56:02:AM] Maori:5449144 is broadcasting.
[12:56:05:AM] Dequavis: some slut needs to shut her trap
[12:56:10:AM] sleek: illuminati started in german
[12:56:19:AM] sleek: since them its been hijacked by evil people
[12:56:20:AM] sleek: then*
[12:56:25:AM] nickel:5443009 stopped broadcasting.
[12:56:25:AM] JoachimVonTittentrop: i'm grand wizard of the illuminati
[12:56:27:AM] eatadik:5448971 Left the room.
[12:56:33:AM] nickel:5443009 Left the room.
[12:56:38:AM] ZiedFarhat:5449267 has account: ziedfarhat
[12:56:38:AM] ZiedFarhat:5449267 joined the room.
[12:56:46:AM] JoachimVonTittentrop: send me shekels or i'll have you shot
[12:56:51:AM] ZiedFarhat:5449267 Left the room.
[12:56:51:AM] grandpapete:5449294 has account: grandpapete
[12:56:51:AM] grandpapete:5449294 joined the room.
[12:57:00:AM] wildchild:5445557 Left the room.
[12:57:03:AM] wildchild:5449314 has account: wildchildinkbab
[12:57:03:AM] wildchild:5449314 joined the room.
[12:57:12:AM] Dequavis:5449179 Left the room.
[12:57:13:AM] ZiedFarhat:5449331 has account: ziedfarhat
[12:57:13:AM] ZiedFarhat:5449331 joined the room.
[12:57:26:AM] ZiedFarhat:5449331 Left the room.
[12:57:27:AM] PainIsTheName:5449351 has account: petervalentine
[12:57:27:AM] PainIsTheName:5449351 joined the room.
[12:57:50:AM] PainIsTheName:5449351 is broadcasting.
[12:58:12:AM] x420x:5449423 has account: emtee
[12:58:12:AM] x420x:5449423 joined the room.
[12:58:13:AM] ob1:5449426 has account: djob1
[12:58:13:AM] ob1:5449426 joined the room.
[12:58:17:AM] ob1:5449426 is broadcasting.
[12:58:25:AM] Maori: orphines
[12:58:34:AM] x420x:5449423 Changed nick to: MT
[12:58:46:AM] MT:5449423 Left the room.
[12:58:52:AM] Maori:5449144 Left the room.
[12:59:12:AM] Maori:5449528 has account: kuri
[12:59:12:AM] Maori:5449528 joined the room.
[12:59:36:AM] love:5449561 has account: kaplianhre
[12:59:37:AM] love:5449561 joined the room.
[01:00:01:AM] Maori:5449528 is broadcasting.
[01:00:03:AM] JoachimVonTittentrop: orphand and endorphins on morphine
[01:00:07:AM] JoachimVonTittentrop: orphans
[01:00:28:AM] grandpapete:5449294 Left the room.
[01:00:52:AM] bananashrimp:5446117 Left the room.
[01:00:52:AM] love:5449561 is broadcasting.
[01:01:31:AM] love:5449561 stopped broadcasting.
[01:01:34:AM] Maori:5449528 Left the room.
[01:01:38:AM] love:5449561 Left the room.
[01:01:45:AM] shelly195:5448677 Left the room.
[01:01:58:AM] PainIsTheName: wgy
[01:02:00:AM] shelly195:5449741 has account: shelly195
[01:02:00:AM] shelly195:5449741 joined the room.
[01:02:01:AM] PainIsTheName: why stephen
[01:02:08:AM] Moderator nickel:5449754:rawnickel
[01:02:08:AM] nickel:5449754 joined the room.
[01:02:22:AM] nickel:5449754 is broadcasting.
