[08:56:09:PM] Logged in as: talkingteeth
[08:56:10:PM] Client joined the room: BOTNAME:1288898
[08:56:10:PM] Joins: PS:1288891:fakeemaildjdjd
[08:56:10:PM] Joins: sydney:1288826:holdenisabitch
[08:56:10:PM] Joins: K:1288663:testing
[08:56:10:PM] Joins moderator: badly_drawn_boy:1288380:ggeneric
[08:56:10:PM] Joins: soyasauce:1288057:soyasauce
[08:56:10:PM] Joins: Penis:1287808:tatelynn
[08:56:10:PM] Joins: doxxy:1287440:uxxx
[08:56:10:PM] Joins: mason:1287392:jumpingjackwabbi
[08:56:10:PM] Joins: BIGGUS_DICKUS_FARTUS:1286880:dickfarts
[08:56:10:PM] Joins: ddddd:1286605:johnnybravo
[08:56:10:PM] Joins: littlebunny:1286190:littlebunny
[08:56:10:PM] Joins: puss:1285770:puss
[08:56:10:PM] Joins: jergens:1285141:tattot51
[08:56:10:PM] Joins: I_never_laugh:1284825:lifesuckslife
[08:56:10:PM] Joins: L:1284813:ps93
[08:56:10:PM] Joins room owner: Wittmann:1284702:real9k
[08:56:10:PM] Joins: MeKLiN:1284000:meklin
[08:56:10:PM] Joins: Tenvirgcel:1283587:nohinname
[08:56:10:PM] Joins: scay:1283574:sdfdsf2322222
[08:56:10:PM] Joins moderator: Rider:1277147:gantman
[08:56:10:PM] Joins: SPAFT:1288060:spaft
[08:56:10:PM] Joins moderator: caf:1275591:hitier
[08:56:10:PM] Joins: guest:1275546:drunkasshell
[08:56:10:PM] Joins: itsnotaboutcrushingpuss:1242096:faceheightframe5
[08:56:10:PM] sydney:1288826 is broadcasting.
[08:56:10:PM] Penis:1287808 is broadcasting.
[08:56:10:PM] K:1288663 is broadcasting.
[08:56:10:PM] Rider:1277147 is broadcasting.
[08:56:10:PM] L:1284813 is broadcasting.
[08:56:10:PM] SPAFT:1288060 is broadcasting.
[08:56:10:PM] MeKLiN:1284000 is broadcasting.
[08:56:10:PM] mason:1287392 is broadcasting.
[08:56:10:PM] doxxy:1287440 is broadcasting.
[08:56:10:PM] scay:1283574 is broadcasting.
[08:57:01:PM] Logged in as: talkingteeth
[08:57:03:PM] Connection was closed, code: 25
[08:57:15:PM] Logged in as: talkingteeth
[08:57:17:PM] Client joined the room: BOTNAME:1288958
[08:57:17:PM] Joins moderator: caf:1288909:hitier
[08:57:17:PM] Joins: sydney:1288826:holdenisabitch
[08:57:17:PM] Joins: K:1288663:testing
[08:57:17:PM] Joins moderator: badly_drawn_boy:1288380:ggeneric
[08:57:17:PM] Joins: soyasauce:1288057:soyasauce
[08:57:17:PM] Joins: Penis:1287808:tatelynn
[08:57:17:PM] Joins: doxxy:1287440:uxxx
[08:57:17:PM] Joins: mason:1287392:jumpingjackwabbi
[08:57:17:PM] Joins: BIGGUS_DICKUS_FARTUS:1286880:dickfarts
[08:57:17:PM] Joins: ddddd:1286605:johnnybravo
[08:57:17:PM] Joins: littlebunny:1286190:littlebunny
[08:57:17:PM] Joins: puss:1285770:puss
[08:57:17:PM] Joins: jergens:1285141:tattot51
[08:57:17:PM] Joins: I_never_laugh:1284825:lifesuckslife
[08:57:17:PM] Joins: L:1284813:ps93
[08:57:17:PM] Joins room owner: Wittmann:1284702:real9k
[08:57:17:PM] Joins: MeKLiN:1284000:meklin
[08:57:17:PM] Joins: Tenvirgcel:1283587:nohinname
[08:57:17:PM] Joins: scay:1283574:sdfdsf2322222
[08:57:17:PM] Joins moderator: Rider:1277147:gantman
[08:57:17:PM] Joins: SPAFT:1288060:spaft
[08:57:17:PM] Joins: guest:1275546:drunkasshell
[08:57:17:PM] Joins: itsnotaboutcrushingpuss:1242096:faceheightframe5
[08:57:17:PM] caf:1288909 is broadcasting.
[08:57:17:PM] sydney:1288826 is broadcasting.
[08:57:17:PM] Penis:1287808 is broadcasting.
[08:57:17:PM] K:1288663 is broadcasting.
[08:57:17:PM] Rider:1277147 is broadcasting.
[08:57:17:PM] L:1284813 is broadcasting.
[08:57:17:PM] SPAFT:1288060 is broadcasting.
[08:57:17:PM] MeKLiN:1284000 is broadcasting.
[08:57:17:PM] mason:1287392 is broadcasting.
[08:57:17:PM] doxxy:1287440 is broadcasting.
[08:57:17:PM] scay:1283574 is broadcasting.
[08:57:17:PM] Tenvirgcel:1283587 is broadcasting.
[08:57:28:PM] I_never_laugh: i'm kind of sad... now that soya is 100% white confirmed
[08:57:32:PM] caf: what le fuck
[08:57:36:PM] SPAFT: did i tell you all my girlfriend is 46 years old?
[08:57:43:PM] I_never_laugh: i had hopes she was at least 1-2% non-white so she'd be okay with dating me
[08:57:54:PM] sydney: lol holden
[08:57:58:PM] soyasauce: spaft did u see my 23andme https://imgur.com/a/TUVWFKf
[08:58:12:PM] Tenvirgcel: soya quit flattering yourself
[08:58:21:PM] Tenvirgcel: no1curr
[08:58:22:PM] SPAFT: congrats, you are nearly as white as me
[08:58:22:PM] soyasauce: flattering myself in what way
[08:58:23:PM] Tenvirgcel: lol
[08:58:26:PM] soyasauce: sorry you're not white lol
[08:58:30:PM] soyasauce: must suck lol
[08:58:33:PM] caf: >Italian 0.6%
[08:58:33:PM] I_never_laugh: soya
[08:58:35:PM] I_never_laugh: is ur bf white
[08:58:36:PM] caf: oof sorry sweetie
[08:58:37:PM] caf: not white
[08:58:38:PM] Tenvirgcel: i dont care about whiteness
[08:58:41:PM] soyasauce: tfw scandi viking genetics lol
[08:58:47:PM] soyasauce: tfw raping and pillaging italians
[08:58:50:PM] dope:1289042 has account: lekkerdope
[08:58:51:PM] dope:1289042 joined the room.
[08:58:53:PM] sydney: i feel like 23andme would destroy my life
[08:59:00:PM] I_never_laugh: i got way more rape stories in my family than u soya
[08:59:01:PM] soyasauce: lol caf
[08:59:03:PM] sydney: if it gave me anything but german and norwegian
[08:59:04:PM] I_never_laugh: i rapemog u so much genetically
[08:59:08:PM] caf: why? its obvious you arent white sydney
[08:59:12:PM] caf: do you own mirrors?
[08:59:16:PM] soyasauce: it says the italian comes from likely one ancestor in the 1700s who was 100% italian
[08:59:18:PM] kamekura:1289062 has account: tamotsu
[08:59:19:PM] kamekura:1289062 joined the room.
[08:59:26:PM] L: syd even though both ur parents are white ur not white
[08:59:34:PM] soyasauce: u have inbred genetics davi
[08:59:35:PM] caf: you arent either ps93
[08:59:37:PM] Tenvirgcel: if i did 23andme i'd get 100% GOD
[08:59:38:PM] soyasauce: iberian freak
[08:59:39:PM] L: fuck
[08:59:40:PM] I_never_laugh: soya
[08:59:43:PM] I_never_laugh: u love me lol
[08:59:44:PM] sydney: apparently i look just  like my dad
[08:59:44:PM] I_never_laugh: admit it
[08:59:44:PM] caf: the only white person i see in here, maybe, is mason
[08:59:44:PM] L: tfw 75% not white
[08:59:46:PM] I_never_laugh: we need to make love
[08:59:50:PM] MeKLiN: dont paste pms guys there is a bot it banned me
[08:59:51:PM] soyasauce: 100% euro feels good
[08:59:54:PM] L: and by not white i mean italian
[08:59:57:PM] littlebunny: rider why u ban linn but you don't ban me?
[08:59:58:PM] L: it does
[09:00:00:PM] I_never_laugh: i wanna fuck a white girl... at least once in my life
[09:00:02:PM] L: welcome to the club soya
[09:00:02:PM] MeKLiN: i was trying to be cool and paste pms and then a bot banned me!
[09:00:02:PM] I_never_laugh: and i choose u soya..
[09:00:08:PM] I_never_laugh: ure my chosen white girl
[09:00:16:PM] soyasauce: no thanks
[09:00:17:PM] caf: whos bot is this
[09:00:19:PM] caf: its not mine
[09:00:25:PM] I_never_laugh: am i not brown enough for u?
[09:00:27:PM] dope: german and jap, 100% blitzkrieg
[09:00:28:PM] Tenvirgcel: Penis hat is so stupid
[09:00:31:PM] L: im german,polish,irish and italian
[09:00:31:PM] MeKLiN: the bot pm'd me
[09:00:33:PM] caf: PISS DUMP
[09:00:35:PM] MeKLiN: !8ball are u a bot
[09:00:39:PM] merrychristmas:1289124 has account: bootysweat
[09:00:39:PM] merrychristmas:1289124 joined the room.
[09:00:41:PM] MeKLiN:1284000 Left the room.
[09:00:41:PM] kamekura:1289062 is broadcasting.
[09:00:41:PM] caf: !8ball motherfucker
[09:00:42:PM] soyasauce: im saving my superior white aryan genetics for my bf lol
[09:00:42:PM] Room Owner MeKLiN:1289125:meklin
[09:00:42:PM] MeKLiN:1289125 joined the room.
[09:00:45:PM] Tenvirgcel: I hate her room i hate her bf i hate her being here
[09:00:46:PM] MeKLiN: !8ball are u a bot
[09:00:48:PM] caf: !8ball who the fuck
[09:00:49:PM] sydney: soya do u tell ur bf about chatting
[09:00:49:PM] soyasauce: hi milhouse
[09:00:50:PM] dope:1289042 Left the room.
[09:00:51:PM] sydney: does he know you do this
[09:00:51:PM] I_never_laugh: but ur bf is ethnic
[09:00:52:PM] soyasauce: yes
[09:00:53:PM] sydney:1288826 stopped broadcasting.
[09:00:57:PM] merrychristmas: sydney you left me hanging
[09:00:59:PM] merrychristmas: lol
[09:01:00:PM] particlephysics:1289142 has account: particlephysics
[09:01:00:PM] particlephysics:1289142 joined the room.
[09:01:03:PM] soyasauce: ive shown him it multiple times and we laugh lol
[09:01:05:PM] sydney: lol no he doesn't
[09:01:05:PM] I_never_laugh: is he really soya
[09:01:06:PM] caf: god i wish i was as good looking as milhouse
[09:01:09:PM] soyasauce: im not like u sydney
[09:01:10:PM] MeKLiN:1289125 is broadcasting.
[09:01:11:PM] I_never_laugh: does your dad know
[09:01:13:PM] sydney: cope
[09:01:14:PM] I_never_laugh: that ure fucking a brown guy
[09:01:17:PM] I_never_laugh: is his dick brown too
[09:01:17:PM] soyasauce: i know u could never conceptualize being honest
[09:01:18:PM] sydney: god milhouse looks so cool
[09:01:20:PM] K: new alpha chatting hairstyle
[09:01:24:PM] MeKLiN: !8ball are u a bot
[09:01:24:PM] soyasauce: esp when u are whoring in here loool
[09:01:25:PM] K: milhouse setting trends
[09:01:27:PM] soyasauce: 247
[09:01:30:PM] merrychristmas: k how are you..
[09:01:31:PM] I_never_laugh: what about his nipples, r they brtown soya?
[09:01:36:PM] caf: kamekura can u teach me how 2 get women
[09:01:40:PM] sydney: soya ur the one who talks to everyone here privately lol
[09:01:40:PM] L: !8ball am i ugly?
[09:01:41:PM] merrychristmas: k drunk again..
[09:01:49:PM] I_never_laugh: soya has never pmed me
[09:01:50:PM] I_never_laugh: in 3 years
[09:01:51:PM] kamekura: hi soy
[09:01:57:PM] soyasauce: sydney u show them ur boobs
[09:02:00:PM] K: i havent drank for 4 days :)
[09:02:00:PM] sydney: davi no one pms you
[09:02:05:PM] MeKLiN: !tokes 
[09:02:06:PM] sydney: nice K!!
[09:02:07:PM] soyasauce: u know what i talk about privately w chatters?
[09:02:12:PM] sydney: sober queen
[09:02:13:PM] soyasauce: on snapchat we send eachother vids of our cats
[09:02:16:PM] soyasauce: and birds lol
[09:02:18:PM] I_never_laugh: yes no one pms me
[09:02:19:PM] particlephysics: Soya you have literally showed your nudes to the biggest loser here
[09:02:21:PM] soyasauce: meanwhile u show ur tits
[09:02:24:PM] soyasauce: and drool on urself
[09:02:26:PM] K: thinking about drinking today
[09:02:27:PM] Penis: high meklin how was ur gam
[09:02:29:PM] soyasauce: very sad state of affairs for u
[09:02:29:PM] L: cleavage is different
[09:02:32:PM] MeKLiN: bad
[09:02:32:PM] merrychristmas: dont drink k..
[09:02:33:PM] sydney: actively speaking to men who have displayed sexual interest in you
[09:02:36:PM] MeKLiN: i was afk and died
[09:02:38:PM] I_never_laugh: i never saw soyas nudes..
[09:02:40:PM] K: hm...
[09:02:40:PM] sydney: while having a bf
[09:02:41:PM] I_never_laugh: =/
[09:02:41:PM] Penis: oh no
[09:02:41:PM] doxxy: sydney check pm
[09:02:42:PM] sydney: Very intersting
[09:02:45:PM] merrychristmas: guys dont like fat girls.. in general
[09:02:51:PM] sydney: fuck u doxxy
[09:02:52:PM] soyasauce: i barely speak to them we show eachother cat vids
[09:02:54:PM] soyasauce: ur sad
[09:02:56:PM] MeKLiN: i rated it as a 'fun' though
[09:03:00:PM] Tenvirgcel: soya kys
[09:03:01:PM] caf: bro
[09:03:01:PM] littlebunny: ew
[09:03:02:PM] caf: whos bot
[09:03:04:PM] caf: is this
[09:03:07:PM] soyasauce: most men have sexual interest in me should i quit my job too lol
[09:03:12:PM] Penis: not fun
[09:03:13:PM] littlebunny: i could never sleep in a smelly bed
[09:03:18:PM] particlephysics: Most men?
[09:03:21:PM] mmk:1289267 has account: marissadawn
[09:03:21:PM] mmk:1289267 joined the room.
[09:03:24:PM] SPAFT: ...
[09:03:25:PM] particlephysics: Jesus lol
[09:03:30:PM] I_never_laugh: i wish soya died
[09:03:31:PM] SPAFT: bro dont even say anything
[09:03:35:PM] I_never_laugh: that would be better for me
[09:03:37:PM] soyasauce: men r pigs truly
[09:03:39:PM] merrychristmas: penis is in here too?
[09:03:40:PM] merrychristmas: wow
[09:03:41:PM] mason: i've slept in a ditch before
[09:03:43:PM] merrychristmas: lol
[09:03:46:PM] soyasauce: spaft mad that i pointed out that he is chubby
[09:03:53:PM] soyasauce: nigra mad that i have those morebored caps
[09:03:57:PM] soyasauce: the usual
[09:03:59:PM] I_never_laugh: which caps
[09:04:00:PM] soyasauce: the saga continues
[09:04:01:PM] littlebunny: i think spaft just has major depressive disorder and lack of hygiene is a symptom
[09:04:02:PM] caf: see these glasses
[09:04:05:PM] Tenvirgcel: post morebored caps?
[09:04:08:PM] caf: see these glasses
[09:04:10:PM] caf: i read books
[09:04:11:PM] littlebunny: yeah
[09:04:13:PM] Tenvirgcel: i want to laugh at nigra
[09:04:13:PM] mmk: hey yall
[09:04:13:PM] Penis: oh merrychristmas is here. time to go
[09:04:15:PM] Penis:1287808 stopped broadcasting.
[09:04:15:PM] I_never_laugh:1284825 is broadcasting.
[09:04:23:PM] sydney: shower beer time
[09:04:28:PM] littlebunny: no my therapist diagnosed me already
[09:04:35:PM] sydney:1288826 Left the room.
[09:04:37:PM] kamekura:1289062 Left the room.
[09:04:37:PM] mmk:1289267 is broadcasting.
[09:04:40:PM] merrychristmas: shower beer?
[09:04:40:PM] littlebunny: major depressive disorder and PTSD
[09:04:44:PM] MeKLiN: therapists cant do that they arent doctors
[09:04:45:PM] doxxy: can i join sydney
[09:04:46:PM] particlephysics: mmk hi sexy
[09:04:48:PM] doxxy: i will help wash
[09:04:50:PM] particlephysics:1289142 Left the room.
[09:04:50:PM] merrychristmas: lol
[09:05:00:PM] doxxy: mmk is fat
[09:05:02:PM] doxxy: lmao
[09:05:04:PM] doxxy: reeeeeeeeeeeeeee
[09:05:07:PM] mmk: lol
[09:05:07:PM] littlebunny: maybe idk
[09:05:13:PM] doxxy: lose some chub?
[09:05:17:PM] Tenvirgcel: *whale noises*
[09:05:22:PM] littlebunny: but maybe you should talk to someone
[09:05:29:PM] K: tene doing mating calls?
[09:05:35:PM] littlebunny: i think i'm more empathizing with you
[09:05:39:PM] littlebunny: than projecting
[09:05:42:PM] Tenvirgcel: lol K
[09:05:45:PM] doxxy: mmk you should join the gym
[09:05:47:PM] doxxy: slob
[09:05:50:PM] littlebunny: okay fuck off then bitch
[09:05:54:PM] rara:1289417 has account: incl1
[09:05:55:PM] rara:1289417 joined the room.
[09:05:57:PM] littlebunny: get ur rope slut
[09:05:58:PM] badly_drawn_boy:1288380 Left the room.
[09:06:02:PM] soyasauce: ok i will now say my goodbyes for the evening
[09:06:04:PM] ImBaby:1289427 has account: lohlife
[09:06:04:PM] ImBaby:1289427 joined the room.
[09:06:06:PM] soyasauce: goodbye everyone!
[09:06:11:PM] soyasauce: https://imgur.com/a/TUVWFKf i leave u with this!
[09:06:12:PM] doxxy:1287440 stopped broadcasting.
[09:06:13:PM] rara: Hello, goodbye
[09:06:13:PM] soyasauce: please review!
[09:06:13:PM] Penis:1287808 Left the room.
[09:06:13:PM] littlebunny: i wanna lasso ur neck and make ur eyes pop out
[09:06:15:PM] soyasauce: thank u!
[09:06:16:PM] jergens: fuck you soya
[09:06:16:PM] ImBaby:1289427 Left the room.
[09:06:18:PM] soyasauce: lol
[09:06:20:PM] soyasauce: pinoy
[09:06:22:PM] soyasauce:1288057 Left the room.
[09:06:24:PM] littlebunny: then nut in ur eye holes
[09:06:34:PM] doxxy:1287440 is broadcasting.
[09:06:37:PM] I_never_laugh: god we all need t odie
[09:06:38:PM] littlebunny: idk
[09:06:43:PM] littlebunny: nah too lazy rn
[09:06:46:PM] littlebunny: too high
[09:06:53:PM] Evoz:1289474 has account: mobileuserapp
[09:06:53:PM] Evoz:1289474 joined the room.
[09:07:04:PM] doxxy: mmk cant even be bothered tro type
[09:07:07:PM] doxxy: too fat
[09:07:09:PM] doxxy: and slow
[09:07:10:PM] jim40:1289494 has account: jim40
[09:07:10:PM] jim40:1289494 joined the room.
[09:07:10:PM] doxxy: lmao
[09:07:11:PM] Tenvirgcel: soya needs to die
[09:07:14:PM] mmk: i dont care dude
[09:07:21:PM] Evoz:1289474 Left the room.
[09:07:23:PM] doxxy: okay chub
[09:07:23:PM] REVOLVER:1289507 has account: purplepur
[09:07:23:PM] REVOLVER:1289507 joined the room.
[09:07:39:PM] merrychristmas: this room lacks real men presence.. no offence but i will rather hang out in a room full of real alphas then hang out with bitchboy and easy hoes
[09:07:40:PM] doxxy: mason gonna hang?
[09:07:42:PM] merrychristmas:1289124 Left the room.
[09:08:01:PM] littlebunny: mmk has a cute smile
[09:08:07:PM] K: oh this is one of those you dont my life story chatters
[09:08:09:PM] littlebunny: ur welcome
[09:08:12:PM] scay:1283574 Left the room.
[09:08:15:PM] caf:1288909 stopped broadcasting.
[09:08:18:PM] caf:1288909 is broadcasting.
[09:08:25:PM] REVOLVER:1289507 Left the room.
[09:08:26:PM] littlebunny: men just talk shit about girls for an excuse to talk to them and get their attention
[09:08:38:PM] mmk: lol this room is always like that
[09:08:50:PM] doxxy: mmk leave?
[09:08:57:PM] mmk: nope still her
[09:08:59:PM] mmk: here
[09:09:02:PM] BIGGUS_DICKUS_FARTUS:1286880 Left the room.
[09:09:02:PM] doxxy: attention whore
[09:09:03:PM] doxxy: lam
[09:09:05:PM] K: spaft feinding for mmk to sit on his face
[09:09:07:PM] K: hes very suicidal lol
[09:09:10:PM] doxxy: you arent welcome here
[09:09:13:PM] yrrah:1289625 has account: yrrah
[09:09:14:PM] yrrah:1289625 joined the room.
[09:09:17:PM] doxxy: no one wants you here
[09:09:21:PM] doxxy: fat cunt
[09:09:23:PM] mmk: lol
[09:09:25:PM] doxxy:1287440 stopped broadcasting.
[09:09:27:PM] jergens: spaft wants that thick booty hole
[09:09:36:PM] yrrah: good afternoon
[09:09:43:PM] mmk: good afternoon
[09:10:00:PM] doxxy:1287440 Left the room.
[09:10:08:PM] yrrah: cocaine. No, flour
[09:10:23:PM] doxxy:1289693 has account: uxxx
[09:10:23:PM] doxxy:1289693 joined the room.
[09:10:27:PM] doxxy:1289693 is broadcasting.
[09:10:40:PM] doxxy: i wouldnt touch mmk
[09:10:46:PM] mmk: cool
[09:10:48:PM] doxxy: k is the real woman
[09:10:52:PM] Wittmann:1284702 is broadcasting.
[09:10:56:PM] doxxy: fucking mexican looking bitch
[09:10:57:PM] Wittmann:1284702 Left the room.
[09:11:01:PM] Room Owner Wittmann:1289724:real9k
[09:11:02:PM] Wittmann:1289724 joined the room.
[09:11:06:PM] Wittmann:1289724 is broadcasting.
[09:11:08:PM] jergens: K only fucks blacks doxxy
[09:11:11:PM] doxxy: dont bother typing fat mmk
[09:11:22:PM] rara: You racist mmk?
[09:11:24:PM] doxxy: you dumb whore
[09:11:25:PM] Wittmann: has sex?
[09:11:27:PM] L: bullies
[09:11:32:PM] doxxy: mmk is stupid
[09:11:34:PM] doxxy: 0 iq
[09:11:39:PM] Wittmann: what skin color?
[09:11:42:PM] rara: hmmm in this modern society that makes you racist.
[09:11:42:PM] doxxy: dont read my comments mmk
[09:11:45:PM] doxxy: you arent allowed
[09:11:47:PM] doxxy: whore
[09:11:55:PM] mmk: then stop writing them
[09:11:57:PM] mmk: lmao
[09:11:59:PM] doxxy: fuck you
[09:12:02:PM] doxxy: bitch cunt
[09:12:07:PM] mmk: and im the dumb one
[09:12:15:PM] doxxy: lol you keep replying
[09:12:18:PM] doxxy: dumbo
[09:12:33:PM] doxxy: you getting aids for christmas mmk
[09:12:35:PM] doxxy: lmao
[09:12:38:PM] rara: jk I don't think you're racist, but keep in mind that every black man that you reject will ponder it.
[09:12:41:PM] puss:1285770 Left the room.
[09:12:41:PM] littlebunny: some girls want other girls :P
[09:12:42:PM] puss:1289826 has account: puss
[09:12:43:PM] puss:1289826 joined the room.
[09:12:51:PM] I_never_laugh: bunny fuck u
[09:12:54:PM] SPAFT: cute !
[09:12:54:PM] I_never_laugh: u should be killed
[09:13:05:PM] K: mmk homewrecker
[09:13:08:PM] littlebunny: why would u ever kill a lil bunny
[09:13:08:PM] SPAFT:1288060 stopped broadcasting.
[09:13:09:PM] GABAAARECEPTORS888:1289850 has account: allizdoomed888
[09:13:09:PM] GABAAARECEPTORS888:1289850 joined the room.
[09:13:16:PM] I_never_laugh: u wont give me sex
[09:13:19:PM] I_never_laugh: and u will mock me
[09:13:21:PM] K: destorying tene and syd romance
[09:13:24:PM] ddddd: i doubt anyone would ever give you sex pal
[09:13:31:PM] mmk: dont listen to them lilbunny
[09:13:31:PM] I_never_laugh: wow owned me
[09:13:34:PM] ddddd: borrow mason's rope
[09:13:39:PM] littlebunny: i don't have an obligation to give sex to anyone but my bf
[09:13:39:PM] I_never_laugh: wow
[09:13:46:PM] yrrah:1289625 Left the room.
[09:13:52:PM] littlebunny: my bf should kill u actually
[09:13:53:PM] GABAAARECEPTORS888: mmk looks like a hababagolin
[09:13:56:PM] littlebunny: for threatening me
[09:14:09:PM] I_never_laugh: tell ur bf to suck my dick bitch
[09:14:12:PM] I_never_laugh: i destroy ur cuck bf
[09:14:13:PM] mmk: lmao
[09:14:15:PM] I_never_laugh: i make him cry
[09:14:16:PM] REVOLVER:1289912 has account: purplepur
[09:14:16:PM] REVOLVER:1289912 joined the room.
[09:14:17:PM] I_never_laugh: while i pee on his face
[09:14:18:PM] ddddd: ffs
[09:14:38:PM] littlebunny: he gonna suck ur dick with an industrial vacuum
[09:14:41:PM] Legend:1289938 has account: database
[09:14:41:PM] Legend:1289938 joined the room.
[09:14:42:PM] littlebunny: suck it right off
[09:14:43:PM] littlebunny: lol
[09:14:46:PM] ddddd: this guy needs help, if i was a girl i'd fuck him otherwise i can see him hanging from a tree in Alabama like a nigger cotton picker in 1895
[09:14:47:PM] I_never_laugh: i dickmog him
[09:14:50:PM] Tenvirgcel: why dont girls like me
[09:14:54:PM] L: u tie a hook to the line
[09:14:55:PM] Tenvirgcel: :(
[09:15:09:PM] GABAAARECEPTORS888:1289850 Left the room.
[09:15:13:PM] K: sydney likes u
[09:15:14:PM] I_never_laugh: ddddd suck my dick fag
[09:15:19:PM] K: u just dont like the girls that like u
[09:15:20:PM] littlebunny: you have cute bangs but a bad personality tenvircel
[09:15:20:PM] I_never_laugh: suck my dick good u homo
[09:15:22:PM] Tenvirgcel: no she doesnt she hates me
[09:15:27:PM] GABAAARECEPTORS888:1289989 has account: allizdoomed888
[09:15:27:PM] GABAAARECEPTORS888:1289989 joined the room.
[09:15:30:PM] K: yeah because u rejected her
[09:15:31:PM] Bossman:1289990 has account: bitchwho
[09:15:31:PM] Bossman:1289990 joined the room.
[09:15:32:PM] REVOLVER: lol
[09:15:35:PM] Tenvirgcel: no i didnt
[09:15:43:PM] Tenvirgcel: littlebunny you hate me
[09:15:49:PM] Tenvirgcel: all womyn hate me
[09:15:56:PM] littlebunny: nah i don't hate anyone besides dylan
[09:16:00:PM] Bossman: yo laugh, are you happy?
[09:16:01:PM] K: ^
[09:16:03:PM] SPAFT: sigh
[09:16:03:PM] I_never_laugh: why do u hate dylan
[09:16:04:PM] K: what bunny said
[09:16:07:PM] rara: Maybe you need to consider men as an option tene
[09:16:13:PM] REVOLVER: i mostly dislike people
[09:16:16:PM] K: dylan disgusts me
[09:16:19:PM] I_never_laugh: why
[09:16:22:PM] K: hate his face
[09:16:24:PM] K: hate his personality
[09:16:24:PM] Legend: did dylan get littlebunny naked?
[09:16:27:PM] I_never_laugh: cope
[09:16:28:PM] K: hate his frail voice
[09:16:28:PM] REVOLVER: i'm becoming a monk
[09:16:32:PM] Wittmann: I think she is talking about another dylan
[09:16:33:PM] I_never_laugh: K i would kill u
[09:16:34:PM] Bossman: British Dylan?
[09:16:35:PM] I_never_laugh: u disgusting whore
[09:16:36:PM] I_never_laugh: i despise u
[09:16:38:PM] I_never_laugh: u piece of shit
[09:16:40:PM] I_never_laugh: u deserve death
[09:16:41:PM] I_never_laugh: u nigger
[09:16:44:PM] K: no davi, you would keel me
[09:16:44:PM] I_never_laugh: come to brazil i will kill u
[09:16:46:PM] I_never_laugh: come here
[09:16:47:PM] littlebunny: no legend he just tried and fail at doxxing me and i hate his accent it's so cringe
[09:16:50:PM] I_never_laugh: i will destroy u
[09:16:56:PM] littlebunny: and dylan never stops showing his ugly ass
[09:16:57:PM] Bossman: laugh you look like the sketch of the guy who stole Madeline McCann
[09:17:00:PM] Bossman: give her back you sick fuck
[09:17:02:PM] REVOLVER: lol 
[09:17:04:PM] K: oh lol
[09:17:08:PM] K: bunny is talking about other dylan
[09:17:09:PM] k00l1:1290100 has account: k00l1
[09:17:09:PM] k00l1:1290100 joined the room.
[09:17:11:PM] Legend: i feel like we're talking about
[09:17:12:PM] Legend: yea
[09:17:15:PM] Legend: a different dylan
[09:17:18:PM] k00l1:1290100 Left the room.
[09:17:21:PM] I_never_laugh: All those American black men u fucked pale in comparison to me
[09:17:21:PM] K: bunny talking about british dylan
[09:17:22:PM] littlebunny: idk maybe
[09:17:27:PM] littlebunny: yeah
[09:17:27:PM] I_never_laugh: I 'm way more CHAD than those creaturs
[09:17:29:PM] K: you are
[09:17:31:PM] REVOLVER: british and american guys hate me
[09:17:33:PM] Legend: go back to psychwards u sebbybitch
[09:17:33:PM] I_never_laugh: I'm way more MASCULINE
[09:17:36:PM] L: k how many b hole have u eaten?
[09:17:40:PM] particlephysics:1290121 has account: particlephysics
[09:17:41:PM] particlephysics:1290121 joined the room.
[09:17:41:PM] I_never_laugh: i'm way more INTERESTING
[09:17:53:PM] Bossman: Laugh you look like a butch lesbian
[09:17:55:PM] littlebunny: legend i will when they ban me
[09:17:56:PM] Bossman: shut your ass up
[09:18:04:PM] particlephysics:1290121 Left the room.
[09:18:09:PM] I_never_laugh: come herer
[09:18:12:PM] I_never_laugh: and i will shut u
[09:18:13:PM] HuffIePuffin:1290151 has account: janetrock
[09:18:14:PM] HuffIePuffin:1290151 joined the room.
[09:18:18:PM] Bossman: with them pencil thin arms?
[09:18:21:PM] HuffIePuffin:1290151 Left the room.
[09:18:22:PM] I_never_laugh: yeah
[09:18:26:PM] particlephysics:1290175 has account: particlephysics
[09:18:26:PM] particlephysics:1290175 joined the room.
[09:18:32:PM] particlephysics: Can't sleep need a hug
[09:18:33:PM] littlebunny: brb i needa snack
[09:18:35:PM] I_never_laugh: i'll get a knife and stab u
[09:18:38:PM] particlephysics: Need cuddles
[09:18:43:PM] particlephysics:1290175 is broadcasting.
[09:18:46:PM] Bossman: laugh, you dont have the bottle to use a knife
[09:18:46:PM] K: wheres morebored when you need her
[09:18:56:PM] ddddd:1286605 Left the room.
[09:18:56:PM] particlephysics: Out with Chad
[09:18:56:PM] Bossman: youre still scared of the dark mate
[09:18:57:PM] GABAAARECEPTORS888: shes suckin bbc
[09:18:57:PM] Legend: i need to lose weight and my family wont stop fattening me up
[09:19:00:PM] I_never_laugh: dude u couldnt do shit to me IRL
[09:19:01:PM] K: :'(
[09:19:04:PM] I_never_laugh: ure weak
[09:19:11:PM] Bossman: You are illiterate
[09:19:12:PM] I_never_laugh: i live in the favela u ape nigger loving cracker
[09:19:13:PM] Bossman: do better
[09:19:13:PM] rara: Hugs and kisses nigra, I won't tell mb promise ;) *muah*
[09:19:21:PM] Bossman: You dont even know what favela means
[09:19:24:PM] Bossman: you fucking spaz
[09:19:25:PM] I_never_laugh: come to rio nigger
[09:19:33:PM] I_never_laugh: meet me at 10 pm
[09:19:33:PM] particlephysics: Lol
[09:19:43:PM] I_never_laugh: local time
[09:19:45:PM] REVOLVER: samba samba
[09:19:46:PM] particlephysics: Meet me at central station in Rio
[09:19:55:PM] I_never_laugh: i will obliterate u bossman
[09:20:01:PM] I_never_laugh:1284825 Left the room.
[09:20:04:PM] particlephysics: Hi revolver
[09:20:06:PM] I_never_laugh:1290285 has account: lifesuckslife
[09:20:06:PM] I_never_laugh:1290285 joined the room.
[09:20:06:PM] Bossman: You have an imagination barrier
[09:20:08:PM] Bossman: grow up
[09:20:10:PM] REVOLVER: hi nigra
[09:20:15:PM] I_never_laugh: cam up bossman
[09:20:19:PM] I_never_laugh: let me se ur weak face
[09:20:22:PM] REVOLVER: is boss
[09:20:27:PM] REVOLVER: from brasil
[09:20:40:PM] particlephysics: Jesus I'm ugly
[09:20:54:PM] littlebunny: ur not that ugly
[09:20:56:PM] doxxy:1289693 stopped broadcasting.
[09:21:02:PM] rara: You look good nigra.
[09:21:03:PM] particlephysics: Thanks
[09:21:04:PM] doxxy:1289693 Left the room.
[09:21:06:PM] doxxy:1290347 has account: uxxx
[09:21:06:PM] doxxy:1290347 joined the room.
[09:21:06:PM] rara: Especially when happy
[09:21:07:PM] I_never_laugh: fuck you too littlebunny
[09:21:09:PM] I_never_laugh: go to hell
[09:21:17:PM] doxxy:1290347 is broadcasting.
[09:21:19:PM] Tenvirgcel: littlebunny is so pretty
[09:21:23:PM] Tenvirgcel: i want her babies
[09:21:25:PM] rara: Yeah just like that
[09:21:26:PM] littlebunny: i went to hell but the parking lot was full
[09:21:28:PM] Tenvirgcel: K i want your babies too
[09:21:30:PM] littlebunny: had to come back to tinychat
[09:21:32:PM] K: no
[09:21:34:PM] I_never_laugh: kinky my ass bitch
[09:21:36:PM] Tenvirgcel: Beautiful children
[09:21:37:PM] I_never_laugh: u ever got raped?
[09:21:40:PM] I_never_laugh: fucking nigger
[09:21:47:PM] Bossman: K you look like Bam Magera
[09:21:49:PM] I_never_laugh: le kinky meme
[09:21:49:PM] MeKLiN: no
[09:21:52:PM] I_never_laugh: stupid cracker
[09:21:58:PM] K: lmao i love bam
[09:22:01:PM] white_mystery:1290416 has account: plusvat
[09:22:01:PM] white_mystery:1290416 joined the room.
[09:22:21:PM] littlebunny: @neverlaugh don't be so hostile i was nice to you
[09:22:24:PM] Luchk2:1290440 has account: luchk2
[09:22:24:PM] Luchk2:1290440 joined the room.
[09:22:27:PM] I_never_laugh: suck my cock
[09:22:33:PM] white_mystery:1290416 is broadcasting.
[09:22:38:PM] Luchk2:1290440 Left the room.
[09:22:41:PM] I_never_laugh: i dont neeed ur niceness
[09:22:42:PM] littlebunny: fine, don't PM me again with your stupid life problems thne
[09:22:46:PM] I_never_laugh: haha
[09:22:51:PM] Wittmann: cringe
[09:23:04:PM] K:1288663 stopped broadcasting.
[09:23:05:PM] particlephysics:1290175 stopped broadcasting.
[09:23:09:PM] rara: Yes
[09:23:09:PM] I_never_laugh: i own all females
[09:23:15:PM] Bossman: neverlaugh you are a natural attention seeker
[09:23:15:PM] littlebunny: i don't want to hear about the women who want to dump you if you're going to be an asshole to me in main chat
[09:23:16:PM] I_never_laugh: i destroy trhem
[09:23:19:PM] doxxy: mmk noone wants you here
[09:23:25:PM] SPAFT:1288060 is broadcasting.
[09:23:29:PM] I_never_laugh: u want to cheat on ur bf bitch
[09:23:31:PM] I_never_laugh: u fucking whore
[09:23:33:PM] SPAFT:1288060 stopped broadcasting.
[09:23:34:PM] I_never_laugh: u wanna expose my pms cunt
[09:23:41:PM] I_never_laugh: i will expose ur sluttiness bitch whore cunt fucker
[09:23:42:PM] Bossman: definitely cuts for bieber still
[09:23:44:PM] white_mystery: well its dead in here
[09:23:53:PM] Wittmann: jesus christ davi
[09:23:56:PM] Legend: its been dead in here since the australians left
[09:24:03:PM] white_mystery: its almost 2:£0
[09:24:05:PM] white_mystery: i shoudl really go to bed
[09:24:10:PM] white_mystery: i have to be up at 6 am
[09:24:12:PM] Legend: in the top row
[09:24:12:PM] particlephysics: 2:25.. sigh
[09:24:13:PM] white_mystery: and go to work
[09:24:16:PM] particlephysics: Gotta be up at 7
[09:24:17:PM] Wittmann: not in america anymore
[09:24:20:PM] mmk: ew its 8 here
[09:24:22:PM] white_mystery: i might drive even though i dont have a licence
[09:24:23:PM] Legend: we have wittman, cafs cam is blurred out, melkin, now an r9k resident
[09:24:25:PM] dj1:1290581 has account: madting69
[09:24:25:PM] dj1:1290581 joined the room.
[09:24:26:PM] particlephysics: Another week of crippling loneliness
[09:24:29:PM] Bossman:1289990 Left the room.
[09:24:29:PM] Legend: and seth mcfarlan's daughter
[09:24:40:PM] masaa:1290599 has account: masaa
[09:24:41:PM] masaa:1290599 joined the room.
[09:24:45:PM] ghogho:1290604 has account: ghogho
[09:24:45:PM] ghogho:1290604 joined the room.
[09:24:47:PM] littlebunny: some men get so hostile when you reject them, grow up
[09:24:52:PM] Bossman:1290594 has account: bitchwho
[09:24:52:PM] Bossman:1290594 joined the room.
[09:24:54:PM] sydney:1290612 has account: holdenisabitch
[09:24:54:PM] sydney:1290612 joined the room.
[09:24:54:PM] mmk: true that
[09:24:56:PM] ghogho:1290604 Left the room.
[09:24:58:PM] I_never_laugh: u think i was hitting on u?
[09:25:00:PM] masaa: hi peeps
[09:25:00:PM] littlebunny: just masturbate to porn and get over it
[09:25:05:PM] sydney:1290612 is broadcasting.
[09:25:07:PM] I_never_laugh: ure a fucking midget
[09:25:11:PM] I_never_laugh: u have inferior genetics
[09:25:13:PM] Wittmann: wb syd
[09:25:15:PM] Wittmann: you look clean
[09:25:17:PM] sydney: thx sean
[09:25:19:PM] sydney: im clean
[09:25:24:PM] rara: Whoa syd nice umm
[09:25:26:PM] doxxy: pussy clean?
[09:25:28:PM] rara: funbags
[09:25:35:PM] Bossman: sydney you have a lovely pair of personalities
[09:25:40:PM] Bossman: put your burka on
[09:25:42:PM] sydney: haha thanks
[09:25:49:PM] masaa: meklin always in it
[09:25:50:PM] doxxy: sydney is chubby
[09:25:56:PM] doxxy: so she looks like she has boobs
[09:25:57:PM] javier:1290682 has account: javier900
[09:25:58:PM] javier:1290682 joined the room.
[09:25:59:PM] Tenvirgcel: im trying to lose wewight but i canttt
[09:25:59:PM] doxxy: reeeeeeeeeeeeeeeeeee\
[09:26:09:PM] sydney: no doxxy i really do have big tits
[09:26:13:PM] sydney: even tho i am kinda fat lol
[09:26:17:PM] doxxy: size
[09:26:18:PM] particlephysics: Kinda?
[09:26:22:PM] particlephysics: You're 180lns lol
[09:26:24:PM] javier:1290682 Left the room.
[09:26:28:PM] particlephysics: In the real world you're obese
[09:26:33:PM] dj1:1290581 is broadcasting.
[09:26:36:PM] sydney: ?
[09:26:41:PM] doxxy: she weighs as much as me
[09:26:42:PM] Tenvirgcel: Nigra
[09:26:44:PM] doxxy: and im 6 foot
[09:26:46:PM] doxxy: fucking hell
[09:26:48:PM] particlephysics: Amen lol
[09:26:50:PM] Bossman: dj you look like one of them terrorists
[09:26:51:PM] sydney: im 5'9
[09:26:53:PM] sydney: it's not tha bad
[09:26:56:PM] particlephysics: ...
[09:26:58:PM] particlephysics: lol
[09:27:05:PM] Legend: we watched sydney walk around recently
[09:27:05:PM] doxxy: how big are your milkers?
[09:27:07:PM] particlephysics: Hello Hilas
[09:27:08:PM] sydney: men always forget that women carry weight differently
[09:27:13:PM] Legend: and seeing her big round butt just made me think of my sister
[09:27:15:PM] Ben:1290758 has account: squirtalot
[09:27:15:PM] Ben:1290758 joined the room.
[09:27:19:PM] littlebunny: her boobs prolly weigh more than ur arm is why
[09:27:25:PM] Bossman: man said milkers
[09:27:25:PM] Legend: sydney's a chubster
[09:27:33:PM] guest-15899:1290776 has account: kakabo
[09:27:34:PM] guest-15899:1290776 joined the room.
[09:27:34:PM] BOTNAME banned Legend
[09:27:34:PM] Legend:1289938 Left the room.
[09:27:40:PM] sydney: good ban
[09:27:44:PM] littlebunny:1286190 Left the room.
[09:27:44:PM] guest-15899:1290776 Left the room.
[09:27:46:PM] littlebunny:1290797 has account: littlebunny
[09:27:46:PM] littlebunny:1290797 joined the room.
[09:27:47:PM] guest-15900:1290798 has account: kakabo
[09:27:47:PM] guest-15900:1290798 joined the room.
[09:27:47:PM] BOTNAME banned sydney
[09:27:47:PM] sydney:1290612 Left the room.
[09:27:54:PM] particlephysics:1290175 Left the room.
[09:27:59:PM] guest-15900:1290798 Left the room.
[09:28:08:PM] Bossman: Fair one
[09:28:12:PM] white_mystery:1290416 stopped broadcasting.
[09:28:14:PM] jim40:1289494 Left the room.
[09:28:15:PM] guest-15904:1290835 has account: kakabo
[09:28:16:PM] guest-15904:1290835 joined the room.
[09:28:16:PM] BOTNAME banned Bossman
[09:28:16:PM] Bossman:1290594 Left the room.
[09:28:29:PM] guest-15904:1290835 Left the room.
[09:28:30:PM] Tenvirgcel:1283587 stopped broadcasting.
[09:28:32:PM] masaa: am i next
[09:28:34:PM] REVOLVER:1289912 Left the room.
[09:28:34:PM] guest-15906:1290851 has account: kakabo
[09:28:34:PM] guest-15906:1290851 joined the room.
[09:28:34:PM] BOTNAME banned masaa
[09:28:34:PM] masaa:1290599 Left the room.
[09:28:36:PM] Ben:1290758 Left the room.
[09:28:40:PM] guest-15906:1290851 is broadcasting.
[09:28:42:PM] dope:1290861 has account: lekkerdope
[09:28:42:PM] dope:1290861 joined the room.
[09:28:46:PM] white_mystery: well good chat KIK
[09:28:51:PM] white_mystery: oh its boyaka
[09:28:54:PM] sydney:1290867 has account: holdenisabitch
[09:28:55:PM] sydney:1290867 joined the room.
[09:28:58:PM] doxxy: SYDNEY HOW BIG ARE YOUR MILKERS
[09:28:59:PM] guest-15906:1290851 Left the room.
[09:29:03:PM] doxxy: TELL ME
[09:29:04:PM] sydney:1290867 is broadcasting.
