[09:39:47:PM] Logged in as: trap
[09:39:48:PM] Client joined the room: Jura:388648
[09:39:48:PM] Joins: MrPink:388631:bjjujg
[09:39:48:PM] Joins: goodhumand:388620:on2
[09:39:48:PM] Joins moderator: EmoBabe:388524:2goodforyou
[09:39:48:PM] Joins moderator: fembot:388445:cocksnot
[09:39:48:PM] Joins: AdvantageousMutation:388118:fringebanger
[09:39:48:PM] Joins room owner: Sebby:387765:th3psychward
[09:39:48:PM] Joins: VeganVaginas:387423:sdfsdf
[09:39:48:PM] Joins: sysadmin:387416:sysadmin
[09:39:48:PM] Joins: Kriss:387045:kriss631sit
[09:39:48:PM] Joins: 777:386026:meklin
[09:39:48:PM] Joins: ryan:385991:ryan93
[09:39:48:PM] Joins: guest:388548:mudflap
[09:39:48:PM] Joins: nigga2:385515:xhem
[09:39:48:PM] Joins: Chatroom_of_peace:384761:coffeetalk
[09:39:48:PM] Joins: MicroIndulgence:356802:microindulgence
[09:39:48:PM] Sebby:387765 is broadcasting.
[09:39:49:PM] EmoBabe: you sent 3 people to find me sebby
[09:39:56:PM] ryan:385991 Left the room.
[09:39:59:PM] EmoBabe: lol
[09:39:59:PM] nigga2:385515 Left the room.
[09:40:06:PM] EmoBabe: why am i so special
[09:40:10:PM] nigga2:388670 has account: xhem
[09:40:10:PM] nigga2:388670 joined the room.
[09:40:18:PM] nigga2: wb me n
[09:40:19:PM] goodhumand: :( emobabe 4 mod 
[09:40:21:PM] EmoBabe: yea
[09:40:25:PM] MrPink:388631 Left the room.
[09:40:25:PM] 777: i vote for lolli to cam up
[09:40:28:PM] EmoBabe: no
[09:40:31:PM] sysadmin: I vote too
[09:40:32:PM] nigga2: i want moid
[09:40:33:PM] nigga2: mod
[09:40:33:PM] EmoBabe: um
[09:40:36:PM] nigga2: i want the power
[09:40:39:PM] 777:386026 is broadcasting.
[09:40:40:PM] sysadmin: I'll mod if yoou come Emo
[09:40:40:PM] summerwing:388725 has account: summerwing
[09:40:40:PM] summerwing:388725 joined the room.
[09:40:43:PM] fembot: you gotta be a hot girl to get mod
[09:40:45:PM] summerwing:388725 Left the room.
[09:40:46:PM] EmoBabe: Fine
[09:40:48:PM] kite:388741 has account: notsure
[09:40:48:PM] kite:388741 joined the room.
[09:40:50:PM] 777: what if i show my muscles off lilli
[09:40:51:PM] sysadmin: Lemme log in to wtf
[09:40:54:PM] sysadmin:387416 Left the room.
[09:40:55:PM] EmoBabe:388524 is broadcasting.
[09:41:00:PM] fembot: ehe
[09:41:00:PM] Room Owner XO:388756:wtf
[09:41:00:PM] XO:388756 joined the room.
[09:41:03:PM] goodhumand: Brb xp
[09:41:03:PM] nigga2: jigglypuff
[09:41:04:PM] XO:388756 Changed nick to: WTF
[09:41:06:PM] goodhumand:388620 Left the room.
[09:41:12:PM] WTF: <3
[09:41:15:PM] Kriss:387045 Left the room.
[09:42:21:PM] 777: put the buddy but on so you can camban people
[09:42:26:PM] 777: like micro
[09:42:27:PM] guest:388548 Left the room.
[09:42:33:PM] fembot: nigga is chem
[09:42:38:PM] 777: invoker i think
[09:42:44:PM] VeganVaginas: i'll sign into my main
[09:42:45:PM] VeganVaginas: got banned
[09:42:46:PM] 777: i dont know if it will work but ill try
[09:42:49:PM] WTF: He got more shoulders than neck though
[09:42:49:PM] VeganVaginas:387423 Left the room.
[09:42:53:PM] EmoBabe: wow i was so missed this is surprising
[09:42:57:PM] kite: hi sebby
[09:42:57:PM] fembot: kite is some lurker
[09:43:03:PM] WTF: Yeah you were really missed Emo
[09:43:06:PM] kite: I am an old fag
[09:43:09:PM] 777: i couldnt get the buddy bot to work when i last tried but i need to unpack it from the website to fresh edit it scripts and it will probably work
[09:43:11:PM] Room Owner VeganVaginas:388933:maesynmay
[09:43:11:PM] VeganVaginas:388933 joined the room.
[09:43:16:PM] kite: too old for the cam
[09:43:17:PM] EmoBabe: surprising
[09:43:24:PM] kite: k
[09:43:27:PM] AdvantageousMutation:388118 Left the room.
[09:43:28:PM] Warpghost:388959 has account: nightlion
[09:43:28:PM] Warpghost:388959 joined the room.
[09:43:31:PM] Moderator AdvantageousMutation:388963:fringebanger
[09:43:31:PM] AdvantageousMutation:388963 joined the room.
[09:43:34:PM] Warpghost:388959 Left the room.
[09:43:34:PM] WTF: The Buddybot is pretty garbage IMO
[09:43:35:PM] nigga2:388670 Left the room.
[09:43:42:PM] WTF: But that's my opinion
[09:43:46:PM] AdvantageousMutation: first time ive been moded in here
[09:43:51:PM] WTF: I mean not only that it's built from Pinylib
[09:43:51:PM] Moderator nigga2:388970:xhem
[09:43:51:PM] nigga2:388970 joined the room.
[09:43:54:PM] kite: by mittens
[09:43:54:PM] conan:388985 has account: conank
[09:43:55:PM] conan:388985 joined the room.
[09:43:55:PM] 777:386026 Left the room.
[09:43:58:PM] WTF:388756 Left the room.
[09:43:58:PM] Room Owner 777:388987:meklin
[09:43:59:PM] 777:388987 joined the room.
[09:43:59:PM] 777:388987 is broadcasting.
[09:44:00:PM] fembot: i never have mod
[09:44:00:PM] Room Owner WTF:388992:wtf
[09:44:01:PM] WTF:388992 joined the room.
[09:44:03:PM] fembot: people can put me on ignore
[09:44:04:PM] conan:388985 is broadcasting.
[09:45:29:PM] Sebby: https://gyazo.com/c642adb6472cde12434d936cc484086e
[09:45:30:PM] malorixd:389090 has account: malorixd
[09:45:31:PM] malorixd:389090 joined the room.
[09:45:41:PM] WTF: Oh lol
[09:46:10:PM] malorixd:389090 Left the room.
[09:46:32:PM] Sebby: https://gyazo.com/37bedbb2e2a8db41289c76cc7d5725de
[09:47:02:PM] WTF: Blue her opinion don't matter anyway
[09:47:52:PM] guest:389258 has account: fbiinvestigating
[09:47:52:PM] guest:389258 joined the room.
[09:47:55:PM] VeganVaginas: what a retard
[09:47:56:PM] VeganVaginas: http://is2.4chan.org/gif/1565218188453.webm
[09:48:14:PM] guest: rapsheets.org/ohio/doc-prisoner/GONZALES_GENE/A650631
[09:48:17:PM] tweakintugin:389311 has account: tweakintugin
[09:48:17:PM] tweakintugin:389311 joined the room.
[09:48:17:PM] guest:389258 Left the room.
[09:48:21:PM] tweakintugin:389311 is broadcasting.
[09:48:39:PM] WTF: That is very stupid
[09:48:41:PM] WTF: closed tweakintugin
[09:48:41:PM] tweakintugin:389311 stopped broadcasting.
[09:48:48:PM] WTF: Want me to get a seizure?
[09:49:02:PM] conan:388985 Left the room.
[09:49:17:PM] fembot: cereal
[09:49:21:PM] WTF:388992 Left the room.
[09:49:23:PM] 777:388987 stopped broadcasting.
[09:49:24:PM] Room Owner WTF:389433:wtf
[09:49:24:PM] WTF:389433 joined the room.
[09:49:24:PM] tweakintugin: Is my cocky to small from the meth
[09:49:33:PM] 777:388987 Left the room.
[09:49:34:PM] Room Owner 777:389451:meklin
[09:49:35:PM] 777:389451 joined the room.
[09:49:35:PM] 777:389451 is broadcasting.
[09:49:43:PM] tweakintugin:389311 is broadcasting.
[09:49:49:PM] WTF banned tweakintugin
[09:49:49:PM] tweakintugin:389311 Left the room.
[09:49:55:PM] fembot: bang
[09:49:56:PM] VeganVaginas:388933 Left the room.
[09:49:57:PM] 777: !bn rapsheets.org/ohio/doc-prisoner/GONZALES_GENE/A650631
[09:49:57:PM] Room Owner VeganVaginas:389479:maesynmay
[09:49:57:PM] VeganVaginas:389479 joined the room.
[09:49:59:PM] w4yf3r3r:389481 has account: wayfarer
[09:49:59:PM] w4yf3r3r:389481 joined the room.
[09:50:01:PM] VeganVaginas:389479 is broadcasting.
[09:50:01:PM] fembot: lulll
[09:50:02:PM] WTF: !ba tweakintugin
[09:50:04:PM] WTF: !bn tweakintugin
[09:50:10:PM] w4yf3r3r:389481 Left the room.
[09:50:16:PM] WTF: Wait I'm a idiot
[09:50:24:PM] WTF: I was suppose to do SBL before :P
[09:50:29:PM] WTF: !sbl tweakintugin
[09:50:41:PM] WTF: > do sbl > do ba > do bn
[09:50:44:PM] WTF: New best method
[09:50:50:PM] x:389561 has account: tamarax
[09:50:50:PM] x:389561 joined the room.
[09:50:56:PM] 777: mitteens was doing that before u
[09:51:00:PM] tippytators:389582 has account: tippytators
[09:51:00:PM] tippytators:389582 joined the room.
[09:51:00:PM] WTF: L(
[09:51:02:PM] WTF: :(
[09:51:09:PM] WTF:389433 Left the room.
[09:51:10:PM] tippytators:389582 Left the room.
[09:51:11:PM] Room Owner WTF:389605:wtf
[09:51:12:PM] WTF:389605 joined the room.
[09:51:59:PM] fembot: ?
[09:52:03:PM] bagj:389690 has account: bagj
[09:52:03:PM] bagj:389690 joined the room.
[09:52:19:PM] bagj:389690 Left the room.
[09:52:21:PM] bagj:389724 has account: bagj
[09:52:21:PM] bagj:389724 joined the room.
[09:52:26:PM] Sebby kicked x
[09:52:26:PM] x:389561 Left the room.
[09:52:28:PM] guest:389732 has account: fbiinvestigating
[09:52:28:PM] guest:389732 joined the room.
[09:52:37:PM] Moderator x:389736:tamarax
[09:52:37:PM] x:389736 joined the room.
[09:52:39:PM] AdvantageousMutation: i talk better when im drunk
[09:52:44:PM] fembot: no you don't
[09:52:45:PM] guest: https://www.rapsheets.org/ohio/doc-prisoner-search.php?firstname=gene&lastname=gonzales
couldn't ban me loser
[09:52:46:PM] Jura banned guest
[09:52:46:PM] guest:389732 Left the room.
[09:52:46:PM] Jura banned kite
[09:52:46:PM] kite:388741 Left the room.
[09:52:47:PM] nigga2:388970 is broadcasting.
[09:52:47:PM] AdvantageousMutation: lol
[09:52:52:PM] fembot: drunk people are loud and stupid
[09:53:02:PM] bagj:389724 Left the room.
[09:53:19:PM] Sebby: it was kite all along
[09:53:28:PM] Sebby: imagine me asking him to cam up
[09:53:35:PM] summerwing:389823 has account: summerwing
[09:53:35:PM] summerwing:389823 joined the room.
[09:53:41:PM] fembot: side part steve
[09:53:46:PM] summerwing:389823 Left the room.
[09:53:47:PM] AdvantageousMutation: im about to go get some beer i think
[09:53:53:PM] nigga2: basicallh
[09:54:11:PM] AdvantageousMutation:388963 Left the room.
[09:54:51:PM] x:389736 Left the room.
[09:55:42:PM] FirojKhan:389999 has account: firojkhan
[09:55:42:PM] FirojKhan:389999 joined the room.
[09:55:48:PM] atl:389996 has account: atl
[09:55:48:PM] atl:389996 joined the room.
[09:56:14:PM] FirojKhan:389999 Left the room.
[09:56:18:PM] WTF: Basically chainbanned
[09:57:03:PM] Kriss:390096 has account: kriss631sit
[09:57:03:PM] Kriss:390096 joined the room.
[09:57:07:PM] guest:390103 has account: fejclkm
[09:57:07:PM] guest:390103 joined the room.
[09:57:09:PM] Sebby:387765 Left the room.
[09:57:10:PM] lamp:390111 has account: lamp
[09:57:11:PM] lamp:390111 joined the room.
[09:57:17:PM] guest:390103 Changed nick to: jikm
[09:57:19:PM] lamp:390111 Left the room.
[09:57:25:PM] WyattEarly:390136 has account: wyattearly
[09:57:25:PM] WyattEarly:390136 joined the room.
[09:57:27:PM] jikm:390103 Left the room.
[09:57:36:PM] WyattEarly:390136 Left the room.
[09:57:56:PM] guest:390161 has account: foxnews
[09:57:56:PM] guest:390161 joined the room.
[09:57:59:PM] guest: ASIAN MEN CAN'T BE MALE STRIPPERS CAUSE DICK SIZE RACISM!
[09:58:01:PM] guest:390161 Left the room.
[09:58:47:PM] Chatroom_of_peace:384761 is broadcasting.
[09:58:51:PM] 777: !ba notsure
[09:59:01:PM] Sara:390241 has account: bahbah76
[09:59:01:PM] Sara:390241 joined the room.
[09:59:02:PM] Jura banned Sara
[09:59:02:PM] Sara:390241 Left the room.
[09:59:18:PM] WTF: ^ lurker
[09:59:39:PM] guest:390274 has account: jakeisb4k3d
[09:59:39:PM] guest:390274 joined the room.
[09:59:39:PM] guest:390274 Changed nick to: jay
[09:59:41:PM] fembot:388445 is broadcasting.
[09:59:58:PM] 777: !ba fbiinvestigating
[09:59:59:PM] 777: !lurkers 
[10:00:01:PM] 777: !noguest 
[10:00:06:PM] 777: !sbl Sara
[10:00:36:PM] 777:389451 Left the room.
[10:00:38:PM] Room Owner 777:390373:meklin
[10:00:39:PM] 777:390373 joined the room.
[10:00:40:PM] 777:390373 is broadcasting.
[10:00:51:PM] jay:390274 Left the room.
[10:01:03:PM] RabitGabriel_20:390404 has account: gabrieldossantosgonalves
[10:01:03:PM] RabitGabriel_20:390404 joined the room.
[10:01:14:PM] RabitGabriel_20: hi
[10:01:21:PM] RabitGabriel_20:390404 is broadcasting.
[10:01:34:PM] RabitGabriel_20: thanks for letting me in
[10:02:44:PM] WTF: Hmmm
[10:03:12:PM] Wabbadeebidabba:390533 has account: weenie
[10:03:12:PM] Wabbadeebidabba:390533 joined the room.
[10:03:12:PM] Jura banned Wabbadeebidabba
[10:03:12:PM] Wabbadeebidabba:390533 Left the room.
[10:03:13:PM] Kriss:390096 Left the room.
[10:03:25:PM] WTF: Lol there goes weenie
[10:04:01:PM] WTF: !sbl Wabbadeebidabba
[10:04:06:PM] WTF: !fg 0
[10:04:06:PM] Wabbadeebidabba was unbanned.
[10:04:25:PM] WTF: If the bot lets him in lul
[10:04:27:PM] WTF:389605 Left the room.
[10:04:30:PM] Room Owner WTF:390648:wtf
[10:04:30:PM] WTF:390648 joined the room.
[10:05:09:PM] slurpndrool:390689 has account: slurpndrool
[10:05:10:PM] slurpndrool:390689 joined the room.
[10:05:10:PM] Wabbadeebidabba:390690 has account: weenie
[10:05:10:PM] Wabbadeebidabba:390690 joined the room.
[10:05:10:PM] Jura banned Wabbadeebidabba
[10:05:10:PM] Wabbadeebidabba:390690 Left the room.
[10:05:13:PM] incellectual:390695 has account: crumbum
[10:05:14:PM] incellectual:390695 joined the room.
[10:05:24:PM] slurpndrool: Blinded by the light
[10:05:54:PM] slurpndrool:390689 Left the room.
[10:06:03:PM] incellectual: mason are you okay?
[10:06:18:PM] up:390763 has account: uppy
[10:06:19:PM] up:390763 joined the room.
[10:06:52:PM] gomez:390799 has account: gomez
[10:06:52:PM] gomez:390799 joined the room.
[10:06:59:PM] asd1233w:390806 has account: asd1233w
[10:07:00:PM] asd1233w:390806 joined the room.
[10:07:02:PM] up:390763 Left the room.
[10:07:19:PM] asd1233w:390806 Left the room.
[10:07:23:PM] gomez:390799 Left the room.
[10:07:36:PM] atl: !yt 
[10:08:00:PM] ameliapretty:390883 has account: ameliapretty
[10:08:01:PM] ameliapretty:390883 joined the room.
[10:08:10:PM] incellectual:390695 Left the room.
[10:08:10:PM] ameliapretty:390883 Left the room.
[10:08:40:PM] atl: !yt Anal Bleaching Demonstration With Alexis Monroe
[10:08:41:PM] YouTube: Jura started "Anal Bleaching Demonstration With Alexis Monroe"
[10:08:42:PM] atl:389996 Left the room.
[10:08:49:PM] malorixd:390971 has account: malorixd
[10:08:49:PM] malorixd:390971 joined the room.
[10:08:51:PM] The youtube (IUnvATi1yzE) was stopped.
[10:09:04:PM] malorixd:390971 Left the room.
[10:09:12:PM] Chatroom_of_peace: BREAKING: Multiple people stabbed at locations across Orange County, California; Santa Ana Police the Garden Grove Police Department are investigating - KABC
[10:09:16:PM] RabitGabriel_20:390404 Left the room.
[10:09:20:PM] Chatroom_of_peace: i should put my chainmail on
[10:09:39:PM] fembot: weird
[10:09:40:PM] asd1233w:391056 has account: asd1233w
[10:09:41:PM] asd1233w:391056 joined the room.
[10:09:42:PM] WTF: That's messed up
[10:09:43:PM] Hawl:391061 has account: hawk92
[10:09:43:PM] Hawl:391061 joined the room.
[10:09:54:PM] asd1233w:391056 Left the room.
[10:09:54:PM] Hawl:391061 Changed nick to: Hawk
[10:10:03:PM] Chatroom_of_peace: i told you all about the terrorists
[10:10:03:PM] fembot: how does anyone get far with a knife in the US
[10:10:06:PM] Chatroom_of_peace: did you beleive me?
[10:10:19:PM] Chatroom_of_peace: no you just laughed it off and went on vacation
[10:12:40:PM] Room Owner Sebby:391310:th3psychward
[10:12:40:PM] Sebby:391310 joined the room.
[10:12:43:PM] sliknig:391317 has account: trudat80
[10:12:43:PM] sliknig:391317 joined the room.
[10:12:46:PM] Sebby:391310 is broadcasting.
[10:13:16:PM] malorixd:391353 has account: malorixd
[10:13:16:PM] malorixd:391353 joined the room.
[10:13:23:PM] malorixd:391353 Left the room.
[10:14:10:PM] sliknig:391317 Left the room.
[10:15:33:PM] Eithan:391500 has account: eithanf
[10:15:33:PM] Eithan:391500 joined the room.
[10:16:03:PM] AnitaBIackhawk:391536 has account: janetrock
[10:16:04:PM] AnitaBIackhawk:391536 joined the room.
[10:16:11:PM] badwolfbae:391551 has account: badwolfbae
[10:16:12:PM] badwolfbae:391551 joined the room.
[10:16:12:PM] AnitaBIackhawk:391536 Left the room.
[10:17:02:PM] Eithan:391500 is broadcasting.
[10:17:15:PM] tigerfoxxx:391620 has account: tigerfoxxx
[10:17:16:PM] tigerfoxxx:391620 joined the room.
[10:17:23:PM] badwolfbae:391551 Left the room.
[10:17:25:PM] outlaws:391638 has account: tony8988
[10:17:25:PM] outlaws:391638 joined the room.
[10:17:30:PM] tigerfoxxx: She wants to ruin micro
[10:17:35:PM] outlaws:391638 Left the room.
[10:17:37:PM] Eithan:391500 Left the room.
[10:17:44:PM] WTF: What a good comeback
[10:17:59:PM] reformed_incel:391683 has account: lioncat
[10:17:59:PM] reformed_incel:391683 joined the room.
[10:18:05:PM] reformed_incel:391683 is broadcasting.
[10:18:18:PM] tigerfoxxx: That’s it?
[10:19:03:PM] Chatroom_of_peace: i wish i gave enough of a shit to do my dishes
[10:19:33:PM] tigerfoxxx:391620 Left the room.
[10:19:33:PM] fembot: wish i cared enough to empty my blood in the toilet
[10:19:41:PM] fembot: but my legs hurt
[10:19:47:PM] nigga2:388970 stopped broadcasting.
[10:20:47:PM] slurpndrool:391927 has account: slurpndrool
[10:20:47:PM] slurpndrool:391927 joined the room.
[10:20:58:PM] Moxie:391943 has account: moxie
[10:20:58:PM] Moxie:391943 joined the room.
[10:20:59:PM] slurpndrool:391927 Left the room.
[10:21:15:PM] nickk:391963 has account: nickk
[10:21:15:PM] nickk:391963 joined the room.
[10:21:23:PM] nickk:391963 Left the room.
[10:21:48:PM] Moxie: Omg lol
[10:22:09:PM] RIPtc:392059 has account: legendarybroly
[10:22:09:PM] RIPtc:392059 joined the room.
[10:22:23:PM] RIPtc:392059 Left the room.
[10:22:31:PM] Ben:392092 has account: squirtalot
[10:22:31:PM] Ben:392092 joined the room.
[10:22:37:PM] Ben:392092 Left the room.
[10:22:45:PM] malorixd:392103 has account: malorixd
[10:22:45:PM] malorixd:392103 joined the room.
[10:23:00:PM] malorixd:392103 Left the room.
[10:23:00:PM] Moxie: You don’t need the sugar lol
[10:23:24:PM] Moxie:391943 Left the room.
[10:24:22:PM] Sebby:391310 stopped broadcasting.
[10:24:38:PM] EmoBabe:388524 stopped broadcasting.
[10:25:07:PM] soprano:392265 has account: podan
[10:25:07:PM] soprano:392265 joined the room.
[10:25:25:PM] soprano:392265 Left the room.
[10:26:26:PM] MicroIndulgence: https://www.youtube.com/watch?v=Mqbw7CUVWhM
[10:26:28:PM] MicroIndulgence: 10/10.
[10:26:53:PM] reformed_incel:391683 Left the room.
[10:26:58:PM] sunny123:392443 has account: sunny123
[10:26:58:PM] sunny123:392443 joined the room.
[10:27:14:PM] sunny123:392443 Left the room.
[10:28:03:PM] james744:392537 has account: james744
[10:28:03:PM] james744:392537 joined the room.
[10:28:12:PM] james744:392537 Left the room.
[10:29:28:PM] up:392643 has account: uppy
[10:29:28:PM] up:392643 joined the room.
[10:29:33:PM] sawq12:392654 has account: sawq12
[10:29:33:PM] sawq12:392654 joined the room.
[10:29:43:PM] sawq12:392654 Left the room.
[10:29:45:PM] up:392643 Left the room.
[10:30:22:PM] 777: !yt forgone destruction
[10:30:23:PM] YouTube: Jura started "Foregone Destruction (Facing Worlds) - Unreal Tournament"
[10:30:37:PM] Hawk:391061 Left the room.
[10:30:51:PM] MicroIndulgence:356802 Left the room.
[10:30:59:PM] Room Owner MicroIndulgence:392767:microindulgence
[10:30:59:PM] MicroIndulgence:392767 joined the room.
[10:31:32:PM] CaseyDavis:392810 has account: caseydavis
[10:31:32:PM] CaseyDavis:392810 joined the room.
[10:31:32:PM] CaseyDavis:392810 Left the room.
[10:31:56:PM] FirojKhan:392841 has account: firojkhan
[10:31:57:PM] FirojKhan:392841 joined the room.
[10:32:11:PM] FirojKhan:392841 Left the room.
[10:32:20:PM] OussamaTaboubi:392870 has account: oussamataboubi
[10:32:20:PM] OussamaTaboubi:392870 joined the room.
[10:32:32:PM] deadmancasey:392890 has account: deadmancasey
[10:32:32:PM] deadmancasey:392890 joined the room.
[10:32:38:PM] OussamaTaboubi:392870 Left the room.
[10:32:53:PM] deadmancasey:392890 Left the room.
[10:33:45:PM] Logged in as: trap
[10:33:46:PM] Client joined the room: Jura:392989
[10:33:46:PM] Joins: MicroIndulgence:392767:microindulgence
[10:33:46:PM] Joins room owner: Sebby:391310:th3psychward
[10:33:46:PM] Joins moderator: WTF:390648:wtf
[10:33:46:PM] Joins moderator: 777:390373:meklin
[10:33:46:PM] Joins moderator: nigga2:388970:xhem
[10:33:46:PM] Joins moderator: EmoBabe:388524:2goodforyou
[10:33:46:PM] Joins moderator: fembot:388445:cocksnot
[10:33:46:PM] Joins: VeganVaginas:389479:maesynmay
[10:33:46:PM] Joins: Chatroom_of_peace:384761:coffeetalk
[10:33:46:PM] 777:390373 is broadcasting.
[10:33:46:PM] fembot:388445 is broadcasting.
[10:33:46:PM] Chatroom_of_peace:384761 is broadcasting.
[10:33:46:PM] VeganVaginas:389479 is broadcasting.
[10:33:46:PM] YouTube: now playing "Foregone Destruction (Facing Worlds) - Unreal Tournament"
[10:33:47:PM] outlaws:392990 has account: tony8988
[10:33:47:PM] outlaws:392990 joined the room.
[10:33:48:PM] Jura banned outlaws
[10:33:48:PM] outlaws:392990 Left the room.
[10:33:54:PM] 777:390373 Left the room.
[10:34:05:PM] Room Owner 777:393006:meklin
[10:34:05:PM] 777:393006 joined the room.
[10:34:06:PM] 777:393006 is broadcasting.
[10:34:26:PM] FirojKhan:393040 has account: firojkhan
[10:34:26:PM] FirojKhan:393040 joined the room.
[10:34:34:PM] The youtube (i_0G6WPuss4) was stopped.
[10:34:36:PM] 777:393006 Left the room.
[10:34:40:PM] FirojKhan:393040 Left the room.
[10:34:41:PM] Room Owner 777:393055:meklin
[10:34:42:PM] 777:393055 joined the room.
[10:34:43:PM] 777:393055 is broadcasting.
[10:34:46:PM] FirojKhan:393062 has account: firojkhan
[10:34:46:PM] FirojKhan:393062 joined the room.
[10:34:56:PM] guest:393074 has account: foxnews
[10:34:56:PM] guest:393074 joined the room.
[10:34:58:PM] FirojKhan:393062 Left the room.
[10:34:59:PM] guest: I FEEL LIKE VASELINE TONIGHT LIKE VASELINE TONIGHT LIKE VASELINE TONIGHT!
[10:35:01:PM] guest:393074 Left the room.
[10:35:12:PM] WTF:390648 Left the room.
[10:35:15:PM] Room Owner WTF:393094:wtf
[10:35:15:PM] WTF:393094 joined the room.
[10:35:18:PM] 777: !lurkers 
[10:35:20:PM] 777: !noguest 
[10:35:36:PM] ashleeyerin:393121 has account: ashleeyerin
[10:35:36:PM] ashleeyerin:393121 joined the room.
[10:35:41:PM] ashleeyerin:393121 Left the room.
[10:37:58:PM] cincy88:393304 has account: cincy88
[10:37:59:PM] cincy88:393304 joined the room.
[10:38:07:PM] cincy88:393304 Left the room.
[10:39:17:PM] fembot: !tokes 
[10:40:46:PM] VeganVaginas:389479 Left the room.
[10:41:12:PM] Chatroom_of_peace: palm touches palm and the feet always lands on target
[10:41:15:PM] Chatroom_of_peace: old axiom
[10:41:44:PM] Room Owner VeganVaginas:393582:maesynmay
[10:41:45:PM] VeganVaginas:393582 joined the room.
[10:42:02:PM] VeganVaginas:393582 is broadcasting.
[10:42:10:PM] 777: ?
[10:42:13:PM] fembot: weenie got removed
[10:42:16:PM] fembot: by wtf
[10:42:16:PM] VeganVaginas: the bots banning weenie
[10:42:22:PM] 777: mitteens is doing it
[10:42:27:PM] 777: or the other person
[10:42:30:PM] WTF: No it didn'tt actually remove it
[10:42:35:PM] fembot: oh
[10:42:39:PM] fembot: well i saw you try
[10:42:40:PM] WTF: Only works when Meklin does it I guess
[10:42:50:PM] carlbar:393675 has account: cjlbar
[10:42:50:PM] carlbar:393675 joined the room.
[10:42:54:PM] WTF: Yeah because someone said can you not ban Weenie
[10:42:54:PM] collin666:393681 has account: stevencollin
[10:42:55:PM] collin666:393681 joined the room.
[10:42:56:PM] carlbar:393675 Left the room.
[10:42:59:PM] collin666:393681 Left the room.
[10:43:24:PM] VeganVaginas: mittens favorite girl is back on the live stream service
[10:43:28:PM] VeganVaginas: the whitney girl
[10:44:19:PM] 777: i dont see him in the ban list, tell him to try joining
[10:44:35:PM] WEENIE:393829 has account: weenie
[10:44:35:PM] WEENIE:393829 joined the room.
[10:44:35:PM] Jura banned WEENIE
[10:44:35:PM] WEENIE:393829 Left the room.
[10:45:01:PM] 777: !rmbn WEENIE
[10:45:10:PM] fembot: she looks way diff close up
[10:45:12:PM] 777: !rmba weenie
[10:45:13:PM] fembot: tarot readings lul
[10:45:22:PM] EmoBabe: im here
[10:45:24:PM] 777: ok i unbanned
[10:45:25:PM] EmoBabe: whats up
[10:45:26:PM] fembot: what a scam
[10:45:31:PM] WEENIE:393956 has account: weenie
[10:45:31:PM] WEENIE:393956 joined the room.
[10:45:35:PM] FATHER888:393966 has account: allizdoomed888
[10:45:35:PM] FATHER888:393966 joined the room.
[10:45:37:PM] WEENIE:393956 Left the room.
[10:45:38:PM] WEENIE:393972 has account: weenie
[10:45:38:PM] WEENIE:393972 joined the room.
[10:45:38:PM] 777: !ba g0d
[10:45:42:PM] WEENIE: ty
[10:45:44:PM] FATHER888:393966 Left the room.
[10:45:47:PM] 777: !ba xiuyhgf
[10:45:52:PM] Chatroom_of_peace: weenie on screen
[10:45:55:PM] 777: !ba wiggy
[10:46:03:PM] WEENIE:393972 is broadcasting.
[10:46:06:PM] WEENIE: ok b b
[10:46:12:PM] 777: !ba teeheexd
[10:46:16:PM] 777: !ba blueshirtjames
[10:46:21:PM] Sebby:391310 Left the room.
[10:46:22:PM] Room Owner Sebby:394028:th3psychward
[10:46:22:PM] Sebby:394028 joined the room.
[10:46:27:PM] Sebby kicked WEENIE
[10:46:27:PM] WEENIE:393972 Left the room.
[10:46:29:PM] EmoBabe:388524 Left the room.
[10:46:31:PM] Moderator EmoBabe:394045:2goodforyou
[10:46:31:PM] EmoBabe:394045 joined the room.
[10:46:31:PM] Sebby:394028 is broadcasting.
[10:46:32:PM] lameass:394049 has account: sadashellgirl
[10:46:32:PM] lameass:394049 joined the room.
[10:46:37:PM] EmoBabe:394045 is broadcasting.
[10:46:40:PM] lameass:394049 Left the room.
[10:46:41:PM] 777: mason told me to
[10:47:01:PM] fembot: black dance class live stream
[10:47:20:PM] AtmaneAG:394104 has account: atmaneag
[10:47:20:PM] AtmaneAG:394104 joined the room.
[10:47:30:PM] AtmaneAG:394104 Left the room.
[10:48:06:PM] fembot: mawma is thick
[10:48:20:PM] EmoBabe:394045 stopped broadcasting.
[10:48:38:PM] EmoBabe:394045 Left the room.
[10:48:59:PM] fembot: mason always makes the girls leave
[10:49:00:PM] fembot: eyeroll
[10:49:06:PM] Sebby banned VeganVaginas
[10:49:06:PM] VeganVaginas:393582 Left the room.
[10:49:18:PM] 777: he reminds me of my little brother
[10:49:46:PM] WEENIE:394316 has account: weenie
[10:49:47:PM] WEENIE:394316 joined the room.
[10:49:51:PM] WEENIE: why was i kicked lol
[10:49:53:PM] Moderator EmoBabe:394326:2goodforyou
[10:49:53:PM] EmoBabe:394326 joined the room.
[10:49:58:PM] WEENIE: you don't get to choose
[10:49:59:PM] EmoBabe:394326 is broadcasting.
[10:50:01:PM] WEENIE: i'm just gonna leave because you're weird
[10:50:13:PM] WEENIE: bye weird pedo sebby
[10:50:16:PM] WEENIE:394316 Left the room.
[10:50:59:PM] jerichomira21:394416 has account: jerichomira21
[10:51:00:PM] jerichomira21:394416 joined the room.
[10:51:03:PM] SiR_:394427 has account: 3mils0n
[10:51:04:PM] SiR_:394427 joined the room.
[10:51:14:PM] SiR_:394427 Left the room.
[10:51:19:PM] jerichomira21:394416 Left the room.
[10:52:30:PM] nigga2:388970 is broadcasting.
[10:52:39:PM] 777: weenie is the most sensitive
[10:54:12:PM] fembot: candy?
[10:54:38:PM] jay:394723 has account: jakeisb4k3d
[10:54:38:PM] jay:394723 joined the room.
[10:54:56:PM] kzarq:394754 has account: kzarq
[10:54:56:PM] kzarq:394754 joined the room.
[10:55:01:PM] nigga2: good girl
[10:55:07:PM] collin666:394773 has account: stevencollin
[10:55:07:PM] collin666:394773 joined the room.
[10:55:28:PM] 777: oh
[10:55:30:PM] ashleeyerin:394823 has account: ashleeyerin
[10:55:30:PM] ashleeyerin:394823 joined the room.
[10:55:34:PM] 777: thats why she had her name as 'HOOKER'
[10:55:44:PM] collin666:394773 Left the room.
[10:55:55:PM] ashleeyerin:394823 Left the room.
[10:56:10:PM] dababby:394898 has account: dababby
[10:56:10:PM] dababby:394898 joined the room.
[10:56:16:PM] dababby:394898 Left the room.
[10:57:11:PM] kzarq:394754 Left the room.
[10:57:37:PM] fembot: ya
[10:58:12:PM] VucciMane:395081 has account: vuccimane
[10:58:12:PM] VucciMane:395081 joined the room.
[10:58:39:PM] Sebby:394028 stopped broadcasting.
[10:58:42:PM] nigga2:388970 stopped broadcasting.
[10:59:41:PM] EmoBabe banned VucciMane
[10:59:41:PM] VucciMane:395081 Left the room.
[11:00:03:PM] nigga2 started youtube video (Douglas & Wesley - You Suffer (Napalm Death Cover))
[11:00:03:PM] YouTube: nigga2 started "Douglas &amp; Wesley - You Suffer (Napalm Death Cover)"
[11:00:05:PM] The youtube (bM1SiMYfy9s) was stopped.
[11:00:42:PM] nigga2 started youtube video (Napalm Death - You Suffer)
[11:00:42:PM] YouTube: nigga2 started "Napalm Death - You Suffer"
[11:00:45:PM] The youtube (ybGOT4d2Hs8) was stopped.
[11:00:56:PM] Sebby:394028 Left the room.
[11:00:57:PM] Room Owner Sebby:395270:th3psychward
[11:00:57:PM] Sebby:395270 joined the room.
[11:00:59:PM] Sebby:395270 is broadcasting.
[11:01:06:PM] jay:394723 Left the room.
[11:01:11:PM] nigga2: WE NEED THE PIZZA
[11:01:35:PM] nigga2: meatzza
[11:01:56:PM] knickt:395375 has account: knickt
[11:01:56:PM] knickt:395375 joined the room.
[11:02:13:PM] knickt:395375 Left the room.
[11:02:37:PM] slurpndrool:395437 has account: slurpndrool
[11:02:37:PM] slurpndrool:395437 joined the room.
[11:03:09:PM] slurpndrool:395437 Left the room.
[11:04:10:PM] micro_circumcision:395560 has account: igjzcblkar
[11:04:10:PM] micro_circumcision:395560 joined the room.
[11:04:16:PM] micro_circumcision:395560 Left the room.
[11:04:44:PM] placeholder:395611 has account: vipulbhavsar
[11:04:45:PM] placeholder:395611 joined the room.
[11:05:14:PM] placeholder:395611 Left the room.
[11:06:33:PM] Sebby: !ba weenie
[11:08:07:PM] Kriss:395913 has account: kriss631sit
[11:08:08:PM] Kriss:395913 joined the room.
[11:10:00:PM] Kriss:395913 Left the room.
[11:11:36:PM] Chatroom_of_peace:384761 Left the room.
[11:11:37:PM] Room Owner Chatroom_of_peace:396152:coffeetalk
[11:11:38:PM] Chatroom_of_peace:396152 joined the room.
[11:11:49:PM] alwaysswag:396166 has account: alwaysswag
[11:11:50:PM] alwaysswag:396166 joined the room.
[11:13:02:PM] w4yf3r3r:396273 has account: wayfarer
[11:13:02:PM] w4yf3r3r:396273 joined the room.
[11:13:14:PM] w4yf3r3r:396273 Left the room.
[11:13:45:PM] goodhumand:396318 has account: on2
[11:13:45:PM] goodhumand:396318 joined the room.
[11:14:02:PM] goodhumand: Yeahh suck on that loli loli ^^
[11:14:10:PM] goodhumand: Deeeper ^^
[11:14:26:PM] WTF: Like she didn't just do that to tease you
[11:14:32:PM] goodhumand:396318 Changed nick to: shittingtv
[11:14:38:PM] 777: shes doing it for me
[11:14:41:PM] EmoBabe: I do what i want when i want
[11:14:57:PM] Hawk:396422 has account: hawk92
[11:14:57:PM] Hawk:396422 joined the room.
[11:14:59:PM] shittingtv: I know u want my loly hahh
[11:15:05:PM] shittingtv: For sure hhh
[11:15:09:PM] Raven:396436 has account: ravensclaw
[11:15:09:PM] Raven:396436 joined the room.
[11:15:11:PM] shittingtv:396318 is broadcasting.
[11:15:30:PM] shittingtv: Hemmeroids suck
[11:15:31:PM] 777: lolly is hot
[11:15:32:PM] AdvantageousMutation:396460 has account: fringebanger
[11:15:32:PM] AdvantageousMutation:396460 joined the room.
[11:15:43:PM] alwaysswag:396166 Left the room.
[11:15:46:PM] EmoBabe: *lolli
[11:15:53:PM] 777: yes
[11:15:54:PM] AdvantageousMutation:396460 is broadcasting.
[11:16:03:PM] fembot: lul
[11:16:07:PM] shittingtv: She is right yoo emo never leave this room okey
[11:16:11:PM] fembot: dnt spit ur milk
[11:16:14:PM] WTF: She even got Mutant to cam up
[11:16:16:PM] EmoBabe: never?
[11:16:20:PM] EmoBabe: like ever
[11:16:32:PM] shittingtv: This is ur house
[11:16:34:PM] 777: i need to save the rest of those cookies
[11:16:36:PM] fembot: so many men in chat been mentioning haemorrhoids lately
[11:16:37:PM] 777: might make somee sausages
[11:17:00:PM] shittingtv: Yeahh wel i scratch my ass into pieces 
[11:17:01:PM] fembot: it's sugar
[11:17:03:PM] shittingtv: Its itchy
[11:17:08:PM] shittingtv: Really ?
[11:17:10:PM] E_N_D:396566 has account: worldchillzone
[11:17:10:PM] E_N_D:396566 joined the room.
[11:17:13:PM] fembot: wow
[11:17:16:PM] fembot: get some cream
[11:17:18:PM] fembot: for ur ass
[11:17:24:PM] E_N_D: yo
[11:17:25:PM] shittingtv: Lidocain soon
[11:17:26:PM] Raven:396436 Left the room.
[11:17:30:PM] shittingtv: Yo end cam up
[11:17:37:PM] EmoBabe: I missed you end
[11:17:38:PM] shittingtv: Lets poop together
[11:17:53:PM] shittingtv: Yo leave my nigga alone hes cool 😎 
[11:18:06:PM] E_N_D: lool
[11:18:15:PM] Hawk: sebby is my child
[11:18:25:PM] E_N_D: sup emobabe  been awhile.
[11:18:31:PM] EmoBabe: ikr
[11:18:42:PM] shittingtv: End i dont like to poop alone cmon man can up
[11:19:07:PM] fembot: eww
[11:19:15:PM] 777:393055 stopped broadcasting.
[11:19:21:PM] WTF: Lmfao
[11:19:23:PM] fembot: what a waste of plastic
[11:19:27:PM] Hawk: that is for kids
[11:19:32:PM] Hawk: kids do that
[11:19:34:PM] WTF: >she does what she wants
[11:19:36:PM] fembot: thats not going to degrade for hundreds of years
[11:19:49:PM] AdvantageousMutation:396460 stopped broadcasting.
[11:19:49:PM] EmoBabe: exactly WTF
[11:20:10:PM] shittingtv: Mmmmhhhh
[11:20:19:PM] E_N_D: kinda hoping it was a dildo ngl
[11:20:28:PM] EmoBabe: I dont have one
[11:20:29:PM] shittingtv: I like a lolly in my mouth hehe
[11:20:34:PM] shittingtv: Like end do
[11:20:44:PM] AdvantageousMutation: mason is the best chatter in here
[11:20:52:PM] WTF: Guess this is going to be her first time experience with a dildo then
[11:20:54:PM] E_N_D:396566 Left the room.
[11:21:09:PM] shittingtv: Did he ordered meth again?
[11:21:11:PM] shittingtv: Ughhh
[11:21:18:PM] WTF started youtube video (*KNOCK KNOCK KNOCK*  Fbi Open Up!!!!  *Explosions and Siren!*)
[11:21:18:PM] YouTube: WTF started "*KNOCK KNOCK KNOCK*  Fbi Open Up!!!!  *Explosions and Siren!*"
[11:21:19:PM] EmoBabe: lol
[11:21:22:PM] The youtube (3lkn7yf0pF4) was stopped.
[11:21:39:PM] WTF started youtube video (FBI Open Up - Sound Effect (HD))
[11:21:39:PM] YouTube: WTF started "FBI Open Up - Sound Effect (HD)"
[11:21:41:PM] shittingtv:396318 Changed nick to: 241
[11:21:43:PM] The youtube (QQR7t712Mhg) was stopped.
[11:21:46:PM] 777:393055 is broadcasting.
[11:21:49:PM] 241: She loves it 
[11:21:50:PM] WTF: Lmao
[11:21:54:PM] EmoBabe: Wb meklin
[11:21:55:PM] WTF: Who broke my god damn window
[11:21:56:PM] AdvantageousMutation: men get charged 63% longer for the same crime https://www.law.umich.edu/newsandinfo/features/Pages/starr_gender_disparities.aspx
[11:21:56:PM] 241: Such a entertaining girl
[11:21:58:PM] 777: ty
[11:22:07:PM] 777: i cammed down by accident
[11:22:18:PM] EmoBabe: I missed you meklin
[11:22:33:PM] 777: welcome back
[11:22:39:PM] 777: i was wondering where u went
[11:22:40:PM] WTF: Might actually be worth it
[11:22:41:PM] 241: A bowl of meth ?
[11:22:42:PM] EmoBabe started youtube video (Shawn Mendes, Camila Cabello - Señorita)
[11:22:42:PM] YouTube: EmoBabe started "Shawn Mendes, Camila Cabello - Señorita"
[11:22:44:PM] 241: Dayuum
[11:22:45:PM] AdvantageousMutation:396460 is broadcasting.
[11:22:48:PM] Chatroom_of_peace: wtf is that
[11:22:52:PM] 777: send the leftovers up here
[11:22:53:PM] Chatroom_of_peace: is that   A BOMB
[11:22:54:PM] 241: 10 pounds dayuum
[11:22:56:PM] Warpghost:397002 has account: nightlion
[11:22:57:PM] Warpghost:397002 joined the room.
[11:23:00:PM] Chatroom_of_peace: no
[11:23:00:PM] 777: we and lolli need them
[11:23:02:PM] Chatroom_of_peace: that's da bomb
[11:23:05:PM] Warpghost:397002 Left the room.
[11:23:23:PM] 241: Enjoy ur food :)
[11:23:35:PM] guest:397057 has account: youallsuckdick
[11:23:36:PM] guest:397057 joined the room.
[11:23:44:PM] AdvantageousMutation:396460 Left the room.
[11:23:51:PM] EmoBabe: for sure meklin we will share
[11:23:52:PM] guest:397057 Changed nick to: MrHands
[11:23:56:PM] MrHands: http://vidhuber.com/man-fked-in-the-ass-by-a-horse/
[11:24:16:PM] fembot: wtf
[11:24:18:PM] fembot: is that
[11:24:21:PM] MrHands: http://vidhuber.com/man-fked-in-the-ass-by-a-horse/
[11:24:33:PM] fembot: snickering
[11:24:57:PM] trapmoney:397159 has account: illuminatedone
[11:24:57:PM] trapmoney:397159 joined the room.
[11:25:07:PM] 241: I just took some amph
[11:25:12:PM] 241: Brb
[11:25:13:PM] MrHands: http://vidhuber.com/man-fked-in-the-ass-by-a-horse/
[11:25:14:PM] 241: Wipe
[11:25:17:PM] WTF banned MrHands
[11:25:17:PM] MrHands:397057 Left the room.
[11:25:32:PM] dj22:397208 has account: donkey6
[11:25:32:PM] dj22:397208 joined the room.
[11:25:36:PM] PandaOfe:397216 has account: panda12
[11:25:36:PM] PandaOfe:397216 joined the room.
[11:25:52:PM] PandaOfe:397216 Left the room.
[11:26:08:PM] The youtube (Pkh8UtuejGw) was stopped.
[11:26:25:PM] trapmoney:397159 is broadcasting.
[11:26:30:PM] 777: kjim
[11:26:33:PM] 777: kim
[11:26:43:PM] 777: yes
[11:26:51:PM] alwaysswag:397329 has account: alwaysswag
[11:26:51:PM] alwaysswag:397329 joined the room.
[11:26:51:PM] 241: Im staying
[11:26:53:PM] 241: ^^
[11:26:58:PM] AdvantageousMutation:397340 has account: fringebanger
[11:26:58:PM] AdvantageousMutation:397340 joined the room.
[11:26:59:PM] alwaysswag:397329 Left the room.
[11:27:01:PM] Peripheral:397350 has account: peripherai
[11:27:01:PM] Peripheral:397350 joined the room.
[11:27:03:PM] WTF: Wow
[11:27:05:PM] 777: ohio
[11:27:06:PM] guest:397353 has account: akdjfhkdsfhk
[11:27:06:PM] guest:397353 joined the room.
[11:27:06:PM] EmoBabe: lol 241 of course you are
[11:27:08:PM] 777: but i cant type when im in game
[11:27:09:PM] guest:397353 Changed nick to: Nigger
[11:27:21:PM] 241: ^^ im loyal to the game ^
[11:27:26:PM] Nigger: http://vidhuber.com/man-fked-in-the-ass-by-a-horse/
[11:27:27:PM] nigga2 started youtube video (The Strangers: Prey at Night (Pool Scene) [HD])
[11:27:27:PM] YouTube: nigga2 started "The Strangers: Prey at Night (Pool Scene) [HD]"
[11:27:27:PM] MicroIndulgence: ew fucking lolli is here
[11:27:32:PM] MicroIndulgence: why the fuck did u bring her in here sebby
[11:27:33:PM] MicroIndulgence: gross
[11:27:33:PM] fembot: lul
[11:27:33:PM] Peripheral: hi
[11:27:39:PM] AdvantageousMutation: yeah
[11:27:40:PM] Nigger: ç
[11:27:41:PM] madwolfv:397416 has account: madwolfv
[11:27:41:PM] madwolfv:397416 joined the room.
[11:27:42:PM] Sebby: click on the this link adavantage faggot it will clean your computer https://www.malwarebytes.com/trial/
[11:27:47:PM] WTF banned Nigger
[11:27:47:PM] Nigger:397353 Left the room.
[11:27:49:PM] AdvantageousMutation: you should leave loli
[11:27:55:PM] dj22:397208 Left the room.
[11:27:56:PM] EmoBabe: hi peri
[11:28:03:PM] Peripheral: hi emo!
[11:28:04:PM] MicroIndulgence: so fat and disgusting
[11:28:04:PM] madwolfv:397416 Left the room.
[11:28:05:PM] 241: A link in a link
[11:28:06:PM] EmoBabe: missed me already bud
[11:28:06:PM] AdvantageousMutation: stop sucking on that thing like everyone wants to see
[11:28:08:PM] 241: Nice
[11:28:19:PM] EmoBabe banned MicroIndulgence
[11:28:19:PM] MicroIndulgence:392767 Left the room.
[11:28:25:PM] AdvantageousMutation: with your toilet mouth
[11:28:26:PM] WTF: Lul
[11:28:39:PM] Peripheral:397350 is broadcasting.
[11:29:15:PM] Macky:397560 has account: macky2
[11:29:15:PM] Macky:397560 joined the room.
[11:29:20:PM] EmoBabe kicked AdvantageousMutation
[11:29:20:PM] AdvantageousMutation:397340 Left the room.
[11:29:29:PM] AdvantageousMutation:397570 has account: fringebanger
[11:29:29:PM] AdvantageousMutation:397570 joined the room.
[11:29:35:PM] Macky:397560 Left the room.
[11:29:40:PM] Peripheral: i love cigs
[11:29:56:PM] WTF: You can actually walk to Oklahoma it's 319 hours
[11:30:00:PM] EmoBabe: mutation do it again see what happens
[11:30:03:PM] Hawk:396422 Left the room.
[11:30:10:PM] kat:397634 has account: katass
[11:30:11:PM] kat:397634 joined the room.
[11:30:18:PM] fembot: lets see how far into the game i get before it breaks again
[11:30:25:PM] fembot: and i restart a fifth time
[11:30:34:PM] trapmoney: www.youtube.com/trinity00matrix00
[11:30:38:PM] WTF: What game is that
[11:30:40:PM] kat:397634 Left the room.
[11:30:44:PM] Hawk:397693 has account: hawk92
[11:30:44:PM] Hawk:397693 joined the room.
[11:30:55:PM] fembot: sims 2 ultimate collection
[11:30:59:PM] WTF: Ew....
[11:31:03:PM] fembot: ur ew
[11:31:07:PM] WTF: :(
[11:31:14:PM] nigga2:388970 is broadcasting.
[11:31:17:PM] The youtube (in-8nVavnww) was stopped.
[11:31:29:PM] EmoBabe: hi chemist
[11:31:35:PM] Room Owner MicroIndulgence:397756:microindulgence
[11:31:35:PM] MicroIndulgence:397756 joined the room.
[11:31:37:PM] squaz:397766 has account: lenseoftruth
[11:31:37:PM] squaz:397766 joined the room.
[11:31:42:PM] squaz:397766 Left the room.
[11:31:44:PM] AdvantageousMutation: is mason banned or something?
[11:31:44:PM] MicroIndulgence: stupid fat disgusting obese bitch
[11:31:47:PM] WTF: Buy The Sims 4 instead
[11:31:51:PM] trapmoney:397159 Left the room.
[11:31:53:PM] fembot: i have sims 4
[11:31:54:PM] fembot: ot
[11:31:56:PM] fembot: it's shit
[11:31:59:PM] WTF: Why?
[11:32:03:PM] AdvantageousMutation: shes so gross
[11:32:08:PM] fembot: lots of reasons
[11:32:14:PM] Peripheral: sims 2 was cool
[11:32:14:PM] Apollo:397821 has account: liberalartsrdead
[11:32:14:PM] Apollo:397821 joined the room.
[11:32:14:PM] fembot: i have sims 3 too
[11:32:17:PM] fembot: and 2 is the best
[11:32:19:PM] WTF: I mean can you give a few arguements
[11:32:23:PM] fembot: this game has every expansion and stuff pack
[11:32:32:PM] fembot: it just fkn breaks all the time cus origin and win 10 r shit
[11:32:37:PM] fembot: no i'm busy
[11:32:45:PM] WTF: Never broke for me but yeah could be a reason
[11:32:56:PM] Apollo:397821 Left the room.
[11:32:57:PM] Peripheral: definitions?
[11:33:13:PM] Big_Smoke420:397900 has account: djbigsmoke420
[11:33:13:PM] Big_Smoke420:397900 joined the room.
[11:33:33:PM] Big_Smoke420:397900 Left the room.
[11:34:25:PM] AdvantageousMutation: ya im just going to ignore her i cant watch her suck on that dildo anymore
[11:35:11:PM] Peripheral:397350 Left the room.
[11:35:38:PM] AdvantageousMutation: did you ban mason?
[11:35:41:PM] knickt:398101 has account: knickt
[11:35:42:PM] knickt:398101 joined the room.
[11:35:56:PM] knickt:398101 Left the room.
[11:36:02:PM] rowdy9:398129 has account: rowdy9
[11:36:03:PM] rowdy9:398129 joined the room.
[11:36:14:PM] AdvantageousMutation: loli for mason
[11:36:15:PM] rowdy9:398129 Left the room.
[11:36:24:PM] diggs:398156 has account: libz33
[11:36:24:PM] diggs:398156 joined the room.
[11:36:28:PM] AdvantageousMutation: fml
[11:36:30:PM] diggs:398156 Left the room.
[11:36:35:PM] EmoBabe: do you have a problem with tit
[11:36:37:PM] EmoBabe: *it
[11:36:38:PM] stephane1981:398179 has account: stephane1981
[11:36:39:PM] stephane1981:398179 joined the room.
[11:37:00:PM] stephane1981:398179 is broadcasting.
[11:37:11:PM] MASTERMUTED:398223 has account: masterprinter
[11:37:11:PM] MASTERMUTED:398223 joined the room.
[11:37:18:PM] MASTERMUTED:398223 Left the room.
[11:37:24:PM] MASTERMUTED:398236 has account: masterprinter
[11:37:24:PM] MASTERMUTED:398236 joined the room.
[11:37:42:PM] MASTERMUTED:398236 is broadcasting.
[11:37:43:PM] MASTERMUTED:398236 stopped broadcasting.
[11:37:57:PM] lc89:398283 has account: lc89
[11:37:57:PM] lc89:398283 joined the room.
[11:38:00:PM] stephane1981:398179 stopped broadcasting.
[11:38:01:PM] AdvantageousMutation:397570 Left the room.
[11:38:02:PM] stephane1981:398179 Left the room.
[11:38:05:PM] stephane1981:398289 has account: stephane1981
[11:38:05:PM] stephane1981:398289 joined the room.
[11:38:06:PM] MASTERMUTED:398236 is broadcasting.
[11:38:14:PM] lc89:398283 Left the room.
[11:38:14:PM] stephane1981:398289 Left the room.
[11:38:45:PM] tippytators:398349 has account: tippytators
[11:38:46:PM] tippytators:398349 joined the room.
[11:39:14:PM] tippytators:398349 Left the room.
[11:40:39:PM] ch1:398546 has account: nightcrawl
[11:40:39:PM] ch1:398546 joined the room.
[11:40:42:PM] Rayquaza:398553 has account: therealthatguy
[11:40:42:PM] Rayquaza:398553 joined the room.
[11:40:47:PM] Rayquaza:398553 Left the room.
[11:40:54:PM] cura:398567 has account: curacaoen
[11:40:55:PM] cura:398567 joined the room.
[11:40:55:PM] ch1:398546 Left the room.
[11:41:03:PM] cura:398567 Left the room.
[11:41:04:PM] 241: Brb 
[11:41:06:PM] 241:396318 stopped broadcasting.
[11:41:07:PM] 241:396318 Left the room.
[11:41:09:PM] 241:398602 has account: on2
[11:41:09:PM] 241:398602 joined the room.
[11:42:24:PM] AdvantageousMutation:398696 has account: fringebanger
[11:42:24:PM] AdvantageousMutation:398696 joined the room.
[11:43:01:PM] sliknig:398759 has account: trudat80
[11:43:01:PM] sliknig:398759 joined the room.
[11:43:29:PM] sliknig:398759 Left the room.
[11:43:37:PM] mattchu:398808 has account: matticusrex
[11:43:38:PM] mattchu:398808 joined the room.
[11:43:41:PM] mattchu:398808 Left the room.
[11:43:52:PM] AdvantageousMutation:398696 Left the room.
[11:44:31:PM] dom:398877 has account: stifflerxyz
[11:44:31:PM] dom:398877 joined the room.
[11:45:07:PM] Peripheral:398925 has account: peripherai
[11:45:07:PM] Peripheral:398925 joined the room.
[11:45:09:PM] lc89:398929 has account: lc89
[11:45:09:PM] lc89:398929 joined the room.
[11:45:18:PM] dom:398877 Left the room.
[11:45:27:PM] lc89:398929 Left the room.
[11:45:31:PM] Peripheral:398925 is broadcasting.
[11:45:41:PM] EmoBabe: hi bud
[11:45:42:PM] nigga2:388970 stopped broadcasting.
[11:45:50:PM] stephane1981:398995 has account: stephane1981
[11:45:50:PM] stephane1981:398995 joined the room.
[11:46:00:PM] stephane1981:398995 Left the room.
[11:46:43:PM] PANDER:399076 has account: sorry
[11:46:44:PM] PANDER:399076 joined the room.
[11:46:44:PM] Raven:399075 has account: ravensclaw
[11:46:44:PM] Raven:399075 joined the room.
[11:46:49:PM] Raven:399075 Left the room.
[11:46:54:PM] PANDER:399076 Left the room.
[11:47:07:PM] stephane1981:399112 has account: stephane1981
[11:47:07:PM] stephane1981:399112 joined the room.
[11:47:14:PM] stephane1981:399112 Left the room.
[11:47:26:PM] Peripheral: hi :)
[11:48:34:PM] qwertyafghan:399240 has account: lolophoneing
[11:48:34:PM] qwertyafghan:399240 joined the room.
[11:48:48:PM] qwertyafghan: AHHHHHHHHHHHHHHHHHHHHHHHHHHHHHHHHHHHHHHHHHHHHHHHHHHHHHHHHHHHHHHHHHHHHHHHHHHHHHHHHHHHHHHHH
[11:50:09:PM] alwaysswag:399389 has account: alwaysswag
[11:50:09:PM] alwaysswag:399389 joined the room.
[11:50:16:PM] alwaysswag:399389 Left the room.
[11:50:37:PM] Peripheral: emo u got a candy shank
[11:51:46:PM] Eileen:399552 has account: eileenlopez
[11:51:47:PM] Eileen:399552 joined the room.
[11:52:36:PM] qwertyafghan:399240 is broadcasting.
[11:52:37:PM] AdvantageousMutation:399603 has account: fringebanger
[11:52:38:PM] AdvantageousMutation:399603 joined the room.
[11:52:39:PM] Eileen:399552 Left the room.
[11:52:46:PM] qwertyafghan:399240 Left the room.
[11:52:48:PM] Moderator qwertyafghan:399616:lolophoneing
[11:52:49:PM] qwertyafghan:399616 joined the room.
[11:53:08:PM] qwertyafghan: a nigga movin down in the world
[11:53:10:PM] AdvantageousMutation: tinychat fucking sucks now
[11:53:24:PM] qwertyafghan: tinyhat has always sucked
[11:53:25:PM] AdvantageousMutation: 2-3 of my main rooms are gone
[11:53:26:PM] Hawk: it always sucked
[11:53:54:PM] qwertyafghan started youtube video (Stuck In the Sound - Let's Go [Official Video])
[11:53:54:PM] YouTube: qwertyafghan started "Stuck In the Sound - Let&#39;s Go [Official Video]"
[11:53:55:PM] qwertyafghan started youtube video (Stuck In the Sound - Let's Go [Official Video])
[11:53:55:PM] YouTube: qwertyafghan started "Stuck In the Sound - Let&#39;s Go [Official Video]"
[11:53:56:PM] qwertyafghan:399616 Left the room.
[11:53:58:PM] Moderator qwertyafghan:399692:lolophoneing
[11:53:59:PM] qwertyafghan:399692 joined the room.
[11:54:47:PM] lc89:399756 has account: lc89
[11:54:48:PM] lc89:399756 joined the room.
[11:55:06:PM] Hawk: tinychat is fo rold people now
[11:55:13:PM] NipseyHussle:399791 has account: eastcoastson
[11:55:13:PM] NipseyHussle:399791 joined the room.
[11:55:20:PM] qwertyafghan:399692 is broadcasting.
[11:55:21:PM] NipseyHussle:399791 is broadcasting.
[11:56:43:PM] incellectual:399903 has account: crumbum
[11:56:43:PM] incellectual:399903 joined the room.
[11:56:55:PM] incellectual:399903 Left the room.
[11:57:14:PM] alwaysswag:399942 has account: alwaysswag
[11:57:14:PM] alwaysswag:399942 joined the room.
[11:57:21:PM] alwaysswag:399942 Left the room.
[11:57:29:PM] The youtube (52Gg9CqhbP8) was stopped.
[11:57:36:PM] qwertyafghan started youtube video (Stuck In The Sound  - Brother [Official Video])
[11:57:36:PM] YouTube: qwertyafghan started "Stuck In The Sound  - Brother [Official Video]"
[11:58:18:PM] lc89:399756 Left the room.
[11:58:58:PM] 241:398602 Left the room.
[11:59:37:PM] 241:400196 has account: on2
[11:59:38:PM] 241:400196 joined the room.
