[05:43:42:PM] Logged in as: meklin
[05:43:44:PM] Client joined the room: Pumpkin:5296541
[05:43:44:PM] Joins: Rodr:5296516:rodr
[05:43:44:PM] Joins moderator: guest-664:5296478:trap
[05:43:44:PM] Joins: sleek:5296343:sleek111
[05:43:44:PM] Joins: boring:5296249:kingdoller
[05:43:44:PM] Joins: TheVikingOfDisapproval:5295734:coffeezone
[05:43:44:PM] Joins: Chad:5295567:tomreturnofthe
[05:43:44:PM] Joins: faeriedust:5294911:faeriedust
[05:43:44:PM] Joins: Birdman:5293924:mixed
[05:43:44:PM] Joins: MadManLotar:5292484:madmanlotar
[05:43:44:PM] Joins: Balk:5292111:balkboi
[05:43:44:PM] Joins: guest:5291466:thiswebsitesucks
[05:43:44:PM] Joins room owner: th3psychward:5289803:th3psychward
[05:43:44:PM] Joins moderator: MicroIndulgence:5287363:microindulgence
[05:43:44:PM] Joins moderator: 7eleven:5285066:blushbrush
[05:43:44:PM] Joins moderator: Coop:5285494:meta
[05:43:44:PM] Joins: Quodos:5279698:knerd
[05:43:44:PM] Joins moderator: Sub_Zero:5275888:maesynmay
[05:43:44:PM] Joins: spike_plissken:5291799:womansplaining
[05:43:44:PM] TheVikingOfDisapproval:5295734 is broadcasting.
[05:43:44:PM] Chad:5295567 is broadcasting.
[05:43:44:PM] spike_plissken:5291799 is broadcasting.
[05:43:44:PM] MadManLotar:5292484 is broadcasting.
[05:43:44:PM] guest:5291466 is broadcasting.
[05:43:44:PM] th3psychward:5289803 is broadcasting.
[05:43:44:PM] Balk:5292111 is broadcasting.
[05:43:44:PM] Coop:5285494 is broadcasting.
[05:43:47:PM] Hinaaa:5296549 has account: chai91
[05:43:47:PM] Hinaaa:5296549 joined the room.
[05:44:14:PM] sleek:5296343 Left the room.
[05:44:23:PM] Rodr:5296516 Left the room.
[05:44:25:PM] Hinaaa:5296549 is broadcasting.
[05:44:26:PM] Rodr:5296610 has account: rodr
[05:44:26:PM] Rodr:5296610 joined the room.
[05:44:26:PM] Rodr:5296610 Left the room.
[05:44:48:PM] guest-664:5296478 Left the room.
[05:44:48:PM] Room Owner MeKLiN:5296654:trap
[05:44:49:PM] MeKLiN:5296654 joined the room.
[05:44:56:PM] boring:5296249 Left the room.
[05:45:09:PM] MeKLiN:5296654 is broadcasting.
[05:45:19:PM] MadManLotar:5292484 Left the room.
[05:45:21:PM] MadManLotar:5296706 has account: madmanlotar
[05:45:21:PM] MadManLotar:5296706 joined the room.
[05:45:24:PM] MadManLotar:5296706 is broadcasting.
[05:46:17:PM] shame:5296789 has account: thegame
[05:46:17:PM] shame:5296789 joined the room.
[05:46:24:PM] oussama_benlaNigger:5296798 has account: musipazyry
[05:46:24:PM] oussama_benlaNigger:5296798 joined the room.
[05:46:41:PM] Hinaaa:5296549 Left the room.
[05:46:48:PM] oussama_benlaNigger:5296798 Left the room.
[05:47:07:PM] 7eleven:5285066 is broadcasting.
[05:48:20:PM] spike_plissken: !yt thank you very much kaufman
[05:48:21:PM] griff420197801:5296989 has account: griff420197801
[05:48:21:PM] griff420197801:5296989 joined the room.
[05:48:21:PM] YouTube: Pumpkin started "Andy Kaufman - SNL"
[05:48:39:PM] Jigglypuff:5297017 has account: nekooochan
[05:48:40:PM] Jigglypuff:5297017 joined the room.
[05:48:45:PM] Jigglypuff:5297017 is broadcasting.
[05:48:59:PM] Chad:5295567 Left the room.
[05:49:06:PM] shame: !skip 
[05:49:12:PM] MeKLiN: ur smoking the wrong stuff, jiggly
[05:49:23:PM] MeKLiN: i saw the blue one
[05:49:26:PM] MeKLiN: you're going to hell
[05:49:29:PM] Jigglypuff: :)
[05:49:30:PM] MeKLiN: throw it out fo the window
[05:49:32:PM] MeKLiN: the blue one
[05:49:33:PM] Moderator souljawitchsfaith:5297101:souljawitch
[05:49:33:PM] souljawitchsfaith:5297101 joined the room.
[05:49:34:PM] MeKLiN: yeah
[05:49:45:PM] griff420197801:5296989 Left the room.
[05:49:48:PM] MeKLiN: this is organic weed from mexico
[05:49:55:PM] shame:5296789 Left the room.
[05:50:17:PM] MeKLiN: its grown in large quantities and is too cheap and pesticides are not used on it
[05:50:24:PM] MadManLotar: lo
[05:50:28:PM] shame:5297202 has account: thegame
[05:50:28:PM] shame:5297202 joined the room.
[05:50:37:PM] MadManLotar: lol meklin
[05:50:42:PM] MadManLotar: go say hi to emma the boy
[05:50:47:PM] MadManLotar: in escape chat
[05:50:53:PM] Balk: Melikin you look like charline manson
[05:50:54:PM] MeKLiN: https://www.google.com/search?q=site%3Anationalgeographic.com+pesticide+marijuana&rlz=1C1CHBD_enUS850US850&oq=site%3Anationalgeographic.com+pesticide+marijuana&aqs=chrome..69i57j69i58.10255j0j8&sourceid=chrome&ie=UTF-8
[05:50:59:PM] Balk: you must get mad bitches
[05:51:02:PM] shame:5297202 Left the room.
[05:51:03:PM] MeKLiN: https://www.nationalgeographic.com/environment/2019/04/illegal-marijuana-growing-threatens-california-national-forests/
[05:51:08:PM] MeKLiN: https://news.nationalgeographic.com/2017/06/marijuana-organic-cannabis-industry-goes-green-energy-water-pesticides/
[05:51:21:PM] Warpghost:5297264 has account: nightlion
[05:51:21:PM] Warpghost:5297264 joined the room.
[05:51:22:PM] spike_plissken: !yt better sebby laugh
[05:51:32:PM] spike_plissken: !skip 
[05:51:32:PM] YouTube: Pumpkin started "READING DIRTY FANFICS YOU SENT US (Super Dirty) w/ Oliver Moy | Sebastian Moy"
[05:52:07:PM] oussama_benlaNigger:5297334 has account: musipazyry
[05:52:07:PM] oussama_benlaNigger:5297334 joined the room.
[05:52:31:PM] oussama_benlaNigger: kid jigglypuff
[05:52:42:PM] Jigglypuff: !yt micro moans for mod
[05:52:43:PM] Jigglypuff: !skip 
[05:52:44:PM] YouTube: Pumpkin started "micro moaning for mod for sebby"
[05:52:50:PM] oussama_benlaNigger:5297334 Left the room.
[05:52:51:PM] dj22:5297405 has account: donkey6
[05:52:52:PM] dj22:5297405 joined the room.
[05:52:56:PM] The youtube (mj-XkTZLVQ0) was stopped.
[05:52:57:PM] spike_plissken: !yt https://www.youtube.com/watch?v=tee2GKobxWk
[05:52:58:PM] YouTube: Pumpkin started "Better Sebby Laugh"
[05:53:08:PM] Jigglypuff: !yt sebby laugh
[05:53:17:PM] Jigglypuff: !remove 2
[05:53:21:PM] Jigglypuff: !remove2 
[05:53:22:PM] The youtube (tee2GKobxWk) was stopped.
[05:53:28:PM] Jigglypuff: !yt russ
[05:53:29:PM] YouTube: Pumpkin started "Russ - AINT GOIN BACK (Official Video)"
[05:53:29:PM] dj22:5297405 Left the room.
[05:53:36:PM] MeKLiN: https://github.com/nortxort/tinybot/wiki/Commands
[05:53:52:PM] MeKLiN: !tokes 
[05:54:12:PM] AdvantageousMutation:5297514 has account: mutationchan
[05:54:13:PM] AdvantageousMutation:5297514 joined the room.
[05:54:22:PM] 23_kombat:5297529 has account: lbj23goat
[05:54:22:PM] 23_kombat:5297529 joined the room.
[05:54:26:PM] Jigglypuff: ok
[05:54:29:PM] Ravenlunitic:5297541 has account: ravenlunitic
[05:54:29:PM] Ravenlunitic:5297541 joined the room.
[05:54:33:PM] 23_kombat:5297529 is broadcasting.
[05:54:51:PM] Sub_Zero:5275888 Left the room.
[05:54:52:PM] Room Owner Sub_Zero:5297578:maesynmay
[05:54:52:PM] Sub_Zero:5297578 joined the room.
[05:54:53:PM] Ravenlunitic:5297541 Left the room.
[05:54:56:PM] Sub_Zero:5297578 is broadcasting.
[05:55:03:PM] spike_plissken: !yt https://youtu.be/N4HyQoMclNc
[05:55:15:PM] Warpghost:5297264 Left the room.
[05:55:19:PM] spike_plissken:5291799 stopped broadcasting.
[05:55:22:PM] AdvantageousMutation: wow idk madmanlotar was obese
[05:55:34:PM] Jigglypuff:5297017 Left the room.
[05:55:35:PM] Jigglypuff:5297650 has account: nekooochan
[05:55:36:PM] Jigglypuff:5297650 joined the room.
[05:55:39:PM] Jigglypuff:5297650 is broadcasting.
[05:55:42:PM] AdvantageousMutation: he hasnt been hitting himself in the stomach enough with a sledgehammer
[05:55:52:PM] guest-665:5297679 has account: nofathoesafter5p
[05:55:52:PM] guest-665:5297679 joined the room.
[05:55:52:PM] Pumpkin banned AdvantageousMutation
[05:55:52:PM] AdvantageousMutation:5297514 Left the room.
[05:56:08:PM] guest-665:5297679 Changed nick to: No_Fat_Hoes_After_5pm
[05:56:13:PM] MeKLiN: !sbl AdvantageousMutation
[05:56:15:PM] MeKLiN: !fg 0
[05:56:15:PM] AdvantageousMutation was unbanned.
[05:56:16:PM] SamDlo:5297723 has account: samdlo
[05:56:17:PM] SamDlo:5297723 joined the room.
[05:56:18:PM] SamDlo:5297723 Left the room.
[05:56:25:PM] No_Fat_Hoes_After_5pm: lol, someone unbaned me?
[05:56:28:PM] The youtube (9R3mfb9tWWE) was stopped.
[05:56:30:PM] No_Fat_Hoes_After_5pm: Was it loser sebby?
[05:56:38:PM] No_Fat_Hoes_After_5pm: Sebby, your dog is here dude
[05:56:39:PM] Jigglypuff: hi
[05:56:49:PM] MadManLotar: fucking nice on the toke function
[05:56:53:PM] No_Fat_Hoes_After_5pm: Sebby is sleeping on his bed as if it was a job
[05:56:53:PM] MadManLotar: this room needed one
[05:56:58:PM] No_Fat_Hoes_After_5pm: hey jiggly
[05:57:07:PM] anonxo:5297800 has account: anonxo
[05:57:07:PM] anonxo:5297800 joined the room.
[05:57:11:PM] 23_kombat:5297529 stopped broadcasting.
[05:57:13:PM] 23_kombat:5297529 Left the room.
[05:57:15:PM] spike_plissken:5291799 Left the room.
[05:57:18:PM] spike_plissken:5297819 has account: womansplaining
[05:57:18:PM] spike_plissken:5297819 joined the room.
[05:57:18:PM] No_Fat_Hoes_After_5pm: Sebby, when was the last time you recieved a check that wasnt from the Governement?
[05:57:21:PM] anonxo:5297800 Left the room.
[05:57:44:PM] SamDlo:5297871 has account: samdlo
[05:57:44:PM] SamDlo:5297871 joined the room.
[05:57:46:PM] No_Fat_Hoes_After_5pm: Damn, sebby the US is going in debt because of you bro
[05:57:57:PM] SamDlo:5297871 Left the room.
[05:58:10:PM] No_Fat_Hoes_After_5pm: no way Sebby is sleeping
[05:58:30:PM] No_Fat_Hoes_After_5pm: Anywyas, have o study . Iwill come back later
[05:58:31:PM] No_Fat_Hoes_After_5pm:5297679 Left the room.
[05:58:33:PM] spike_plissken: !yt https://www.youtube.com/watch?v=O9MvdMqKvpU
[05:58:34:PM] YouTube: Pumpkin started "Pocahontas | Colors of the Wind | Disney Sing-Along"
[05:58:47:PM] 7eleven:5285066 stopped broadcasting.
[05:58:52:PM] 7eleven:5285066 Left the room.
[05:58:53:PM] wintersoldier:5297987 has account: optimustokes
[05:58:53:PM] wintersoldier:5297987 joined the room.
[05:58:54:PM] Sub_Zero: the last thing you see before you die
[05:58:55:PM] Sub_Zero: http://is2.4chan.org/pol/1561067300047.jpg
[05:59:01:PM] guest-666:5297997 has account: dylannn
[05:59:01:PM] guest-666:5297997 joined the room.
[05:59:02:PM] Dope:5298000 has account: dope123
[05:59:02:PM] Dope:5298000 joined the room.
[05:59:05:PM] guest-666:5297997 Changed nick to: Dylan
[05:59:06:PM] Dope:5298000 Left the room.
[05:59:06:PM] wintersoldier:5297987 Left the room.
[05:59:07:PM] Dope:5298010 has account: dope123
[05:59:07:PM] Dope:5298010 joined the room.
[05:59:10:PM] Dope:5298010 Left the room.
[05:59:11:PM] Dope:5298019 has account: dope123
[05:59:11:PM] Dope:5298019 joined the room.
[05:59:12:PM] Jigglypuff: !yt awful things
[05:59:17:PM] Jigglypuff: !skip 
[05:59:18:PM] YouTube: Pumpkin started "How I make my nephew love me By Alex Gonzaga"
[05:59:44:PM] Dope:5298019 Left the room.
[06:00:01:PM] Dylan:5297997 is broadcasting.
[06:00:29:PM] MeKLiN: tinychat-webrtc-app.html:3 Event {isTrusted: true, type: "iceconnectionstatechange", target: RTCPeerConnection, currentTarget: RTCPeerConnection, eventPhase: 2, …}
[06:00:32:PM] MeKLiN: oops bot died
[06:00:53:PM] MeKLiN: !check 
[06:01:02:PM] Dylan:5297997 Left the room.
[06:01:13:PM] MeKLiN: oop
[06:01:14:PM] kev:5298181 has account: kev89
[06:01:14:PM] kev:5298181 joined the room.
[06:01:20:PM] spike_plissken: !yt https://www.youtube.com/watch?v=1AvC4-qcGIU
[06:01:51:PM] kev:5298181 Left the room.
[06:02:08:PM] Jigglypuff: !skip 
[06:02:08:PM] YouTube: Pumpkin started "Like a degenerate"
[06:02:14:PM] Jigglypuff: !skip 
[06:02:14:PM] YouTube: Pumpkin started "Lil Peep - Awful Things ft. Lil Tracy (Official Video)"
[06:02:28:PM] AdvantageousMutation:5298285 has account: mutationchan
[06:02:28:PM] AdvantageousMutation:5298285 joined the room.
[06:02:29:PM] spike_plissken: !skip 
[06:02:29:PM] YouTube: Pumpkin started "What Happens When You Eat 8 Beds? | My Strange Addiction"
[06:02:34:PM] Jigglypuff: !skip 
[06:02:43:PM] AdvantageousMutation:5298285 is broadcasting.
[06:02:44:PM] Jigglypuff: !yt fuck you
[06:02:45:PM] Jigglypuff: !skip 
[06:02:46:PM] YouTube: Pumpkin started "CeeLo Green - FUCK YOU (Official Video)"
[06:03:09:PM] Coop: hey jiggly
[06:03:17:PM] spike_plissken: stop skipping stupid bitch
[06:03:21:PM] Jigglypuff: lmao
[06:03:24:PM] Jigglypuff: make me
[06:03:38:PM] MeKLiN: dont come in after refreshing ur cookies cuz u were vpn trolling other tinychat rooms, advantageous
[06:03:43:PM] MeKLiN: the bot doesnt like that
[06:03:59:PM] AdvantageousMutation: nice guess
[06:04:06:PM] Jigglypuff: oh shit exposed
[06:04:09:PM] MeKLiN: change your name in a room before u come in
[06:04:15:PM] AdvantageousMutation: someone unbanned me
[06:04:21:PM] Jigglypuff: fag
[06:04:26:PM] MeKLiN: i told to bot to unban u
[06:04:28:PM] spike_plissken: pocahontas snowflake
[06:04:34:PM] FabriceLavenu:5298478 has account: fabricelavenu
[06:04:34:PM] FabriceLavenu:5298478 joined the room.
[06:04:39:PM] AdvantageousMutation: i was vpn trolling
[06:04:44:PM] AdvantageousMutation: nt*
[06:04:45:PM] MeKLiN: when u first join tinychat after clearing cookies ur name is blank
[06:04:45:PM] AdvantageousMutation: lol
[06:04:59:PM] MeKLiN: that i believe is who the bot bans
[06:05:00:PM] Jigglypuff: rip
[06:05:09:PM] FabriceLavenu:5298478 Left the room.
[06:05:32:PM] faeriedust:5294911 Left the room.
[06:05:36:PM] MeKLiN: !lurkers 
[06:05:40:PM] AdvantageousMutation: i didnt clear anything
[06:05:51:PM] MeKLiN: quit lying
[06:06:07:PM] AdvantageousMutation: quit pretending you know everything
[06:06:22:PM] Jigglypuff: what do you know nerd
[06:06:40:PM] The youtube (pc0mxOXbWIU) was stopped.
[06:06:47:PM] kwerkL:5298650 has account: glitchify
[06:06:47:PM] kwerkL:5298650 joined the room.
[06:06:52:PM] Balk:5292111 Left the room.
[06:06:53:PM] kwerkL:5298650 Left the room.
[06:07:15:PM] AdvantageousMutation: im about to shave my head or something
[06:07:17:PM] FabriceLavenu:5298695 has account: fabricelavenu
[06:07:18:PM] FabriceLavenu:5298695 joined the room.
[06:07:45:PM] FabriceLavenu:5298695 Left the room.
[06:08:07:PM] 911:5298763 has account: 911rd2
[06:08:07:PM] 911:5298763 joined the room.
[06:08:13:PM] 911:5298763 is broadcasting.
[06:08:40:PM] MeKLiN: cya guys later
[06:08:43:PM] petetalk74:5298827 has account: petetalk74
[06:08:43:PM] petetalk74:5298827 joined the room.
[06:08:46:PM] MeKLiN: i gotta drop in my parachute now
[06:08:51:PM] MeKLiN: im in an airplane
[06:08:58:PM] petetalk74:5298827 Left the room.
[06:08:59:PM] soryon:5298853 has account: europeanunion
[06:09:00:PM] soryon:5298853 joined the room.
[06:09:01:PM] 911:5298763 Left the room.
[06:09:15:PM] MadManLotar: muted
[06:09:26:PM] souljawitchsfaith: hi sly
[06:09:47:PM] MadManLotar: dont take advice from people that arent doctors
[06:09:47:PM] soryon:5298853 Changed nick to: militia
[06:09:54:PM] militia:5298853 Left the room.
[06:09:59:PM] MadManLotar: everyone wants to share their garbage
[06:10:10:PM] MadManLotar: find a doctor
[06:10:14:PM] MadManLotar: or a nutritionist
[06:10:29:PM] Jigglypuff: guest = muted
[06:10:34:PM] Jigglypuff: lotar = hidden
[06:10:43:PM] MadManLotar: so what, jiggly
[06:10:49:PM] MadManLotar: you are into dadless boys
[06:10:58:PM] MadManLotar: sorrt for your dad trauma
[06:11:08:PM] Jigglypuff: he didn't do anything lol
[06:11:17:PM] MeKLiN: lets rock and roll
[06:11:20:PM] Coop: lol
[06:11:51:PM] MadManLotar: filipinos have been cucked so much they dont no who to suck anymore
[06:12:21:PM] Jigglypuff: not you lmao
[06:12:35:PM] MadManLotar: i dont get sucked by trans
[06:12:44:PM] Jigglypuff: im not even trans lmao
[06:13:25:PM] spike_plissken: !yt freddie aguilar anak
[06:13:26:PM] YouTube: Pumpkin started "Freddie Aguilar — Anak [Official Lyric Video with Chords]"
[06:13:51:PM] MadManLotar: hu cooop
[06:14:07:PM] Jigglypuff: or
[06:14:09:PM] Coop: sup
[06:14:13:PM] Jigglypuff: just listen to bruno mars
[06:14:20:PM] Jigglypuff: !yt super fly
[06:14:23:PM] Jigglypuff: !skip 
[06:14:23:PM] YouTube: Pumpkin started "Gucci Mane, Bruno Mars, Kodak Black - Wake Up in The Sky [Official Music Video]"
[06:14:32:PM] spike_plissken: !skip 
[06:14:40:PM] Jigglypuff: lmao stupid
[06:15:04:PM] spike_plissken: !yt https://www.youtube.com/watch?v=-0mhpBR0hxU
[06:15:08:PM] spike_plissken: !skip 
[06:15:08:PM] YouTube: Pumpkin started "Musika ang buhay na aking tinataglay"
[06:15:16:PM] Jigglypuff: stoooop
[06:15:17:PM] Jigglypuff: :(
[06:15:24:PM] Jigglypuff: !yt super fly
[06:15:26:PM] Jigglypuff: !skip 
[06:15:26:PM] YouTube: Pumpkin started "Gucci Mane, Bruno Mars, Kodak Black - Wake Up in The Sky [Official Music Video]"
[06:15:31:PM] spike_plissken: !yt https://www.youtube.com/watch?v=-0mhpBR0hxU
[06:15:34:PM] spike_plissken: !skip 
[06:15:34:PM] YouTube: Pumpkin started "Musika ang buhay na aking tinataglay"
[06:15:49:PM] Jigglypuff: I'm telling sebby
[06:16:01:PM] spike_plissken: do what you want little kid
[06:16:08:PM] Jigglypuff: 19 fyi
[06:16:09:PM] MeKLiN: they will 80-% find me in here
[06:16:12:PM] Jigglypuff: gen z bitch
[06:16:20:PM] spike_plissken: still like a 3 year old
[06:16:22:PM] Jigglypuff: I'm calling the police on you too
[06:16:27:PM] MeKLiN: im prepared to gun down these queers
[06:16:31:PM] spike_plissken: yeah call the cops
[06:16:36:PM] spike_plissken: call the UN
[06:16:42:PM] Jigglypuff: on your stupid ass
[06:16:49:PM] Jigglypuff: not even cammed up bitch
[06:17:01:PM] Jigglypuff: how can I listen to this
[06:17:09:PM] Jigglypuff: and stare at coop wtf lol
[06:17:15:PM] Jigglypuff: im too high lmao
[06:17:29:PM] Coop: lol
[06:17:49:PM] spike_plissken: drama queen
[06:17:54:PM] Sub_Zero:5297578 stopped broadcasting.
[06:17:55:PM] Jigglypuff: nahhh
[06:17:59:PM] Jigglypuff: I dont fut wit drama
[06:18:03:PM] Jigglypuff: im low key silent
[06:18:13:PM] Jigglypuff: im only a slut about weed
[06:18:15:PM] Jigglypuff: that's it
[06:18:18:PM] The youtube (-0mhpBR0hxU) was stopped.
[06:18:18:PM] spike_plissken: fix your trailer
[06:18:23:PM] Coop: YOU WHORE
[06:18:28:PM] Jigglypuff: i live in a house
[06:18:33:PM] Jigglypuff: HOW DARE YOU
[06:18:40:PM] Coop: lol
[06:18:42:PM] spike_plissken: thats a cave not a house
[06:18:52:PM] Jigglypuff: um
[06:18:56:PM] Jigglypuff: my brother lives down there
[06:18:58:PM] spike_plissken: 200 year old wallpaper
[06:18:58:PM] Jigglypuff: not me lmao
[06:19:10:PM] spike_plissken: your brother is rich
[06:19:17:PM] Jigglypuff: I WAS LIKE 7 YEARS OLD CHOOSING THIS
[06:19:45:PM] shame:5299741 has account: thegame
[06:19:45:PM] shame:5299741 joined the room.
[06:19:58:PM] Z:5299760 has account: zolla8
[06:19:58:PM] Z:5299760 joined the room.
[06:20:17:PM] MeKLiN: bushes only cover so much of ur body
[06:20:19:PM] spike_plissken: salamat po sa mga kantang tulad nito,masarap pakinggan sa tainga totoo lahat
[06:20:21:PM] MeKLiN: u gotta know which way they are coming at u from
[06:20:25:PM] Z:5299760 Left the room.
[06:20:36:PM] LOKI:5299817 has account: donemakingthissh
[06:20:36:PM] LOKI:5299817 joined the room.
[06:20:36:PM] MeKLiN: use the bush as a cover which will be blown half the time and just attack them before they know which bush ur in
[06:20:56:PM] MadManLotar: is that pidgin, spike?
[06:21:04:PM] spike_plissken: filipino
[06:21:24:PM] MadManLotar: i understand like half of that
[06:21:48:PM] MadManLotar: very interesting pigeon
[06:22:02:PM] MadManLotar: like a variant of afrikhaans
[06:22:11:PM] MadManLotar: but spanish and french
[06:22:27:PM] TheVikingOfDisapproval:5295734 stopped broadcasting.
[06:22:31:PM] spike_plissken: yeah it's a delicate mesh of spanish and portugese, and some native
[06:23:02:PM] Chemist:5300049 has account: gargargar
[06:23:02:PM] Chemist:5300049 joined the room.
[06:23:55:PM] shame:5299741 Left the room.
[06:25:37:PM] spike_plissken:5297819 Left the room.
[06:27:02:PM] Room Owner b0undb0nes:5300372:b0undb0nes
[06:27:02:PM] b0undb0nes:5300372 joined the room.
[06:27:02:PM] LOKI:5299817 Left the room.
[06:27:03:PM] chinasecretpolice:5300373 has account: europeanunion
[06:27:04:PM] chinasecretpolice:5300373 joined the room.
[06:27:07:PM] b0undb0nes:5300372 is broadcasting.
[06:27:23:PM] chinasecretpolice:5300373 Changed nick to: militia
[06:27:36:PM] b0undb0nes started youtube video (Panic! At The Disco - Bohemian Rhapsody (Live) [from the Death Of A Bachelor Tour])
[06:27:36:PM] YouTube: b0undb0nes started "Panic! At The Disco - Bohemian Rhapsody (Live) [from the Death Of A Bachelor Tour]"
[06:27:46:PM] MeKLiN: prone gamers association
[06:27:49:PM] MeKLiN: welcome
[06:29:02:PM] militia:5300373 Left the room.
[06:29:49:PM] Chemist:5300049 Changed nick to: LotarsDad
[06:29:55:PM] hobowithashotgun:5300605 has account: wayferrer2
[06:29:55:PM] hobowithashotgun:5300605 joined the room.
[06:29:56:PM] LotarsDad: it's me
[06:30:01:PM] howie:5300614 has account: dealornodeal
[06:30:01:PM] howie:5300614 joined the room.
[06:30:04:PM] Jigglypuff: you
[06:30:07:PM] hobowithashotgun:5300605 is broadcasting.
[06:30:11:PM] LotarsDad: Lotar's Dad
[06:30:19:PM] howie:5300614 Left the room.
[06:30:19:PM] Jigglypuff: ew
[06:31:11:PM] MadManLotar: hi dad
[06:31:21:PM] LotarsDad:5300049 Changed nick to: Sillykittens
[06:31:28:PM] Sillykittens: now look who I am
[06:31:54:PM] Jigglypuff: i know
[06:31:58:PM] Jigglypuff: ugly
[06:32:05:PM] Sillykittens: Yes I am ugly sillykittens
[06:32:36:PM] Jigglypuff: guess what
[06:32:47:PM] BM:5300829 has account: karritkiller153
[06:32:47:PM] BM:5300829 joined the room.
[06:33:13:PM] BM:5300829 Left the room.
[06:33:18:PM] Gadget:5300877 has account: gadget
[06:33:18:PM] Gadget:5300877 joined the room.
[06:33:27:PM] Kody:5300888 has account: therealkody
[06:33:27:PM] Kody:5300888 joined the room.
[06:33:34:PM] Gadget: howdy folks
[06:33:44:PM] MadManLotar: hi gadget
[06:33:56:PM] MadManLotar: long time
[06:34:00:PM] Kody:5300888 Left the room.
[06:34:03:PM] The youtube (irK0Su5SE2Y) was stopped.
[06:34:15:PM] Gadget: yeah how you been?
[06:34:29:PM] MadManLotar: mostly trolling in escape
[06:34:37:PM] MadManLotar: but it has been getting better
[06:34:41:PM] MadManLotar: good though
[06:34:45:PM] MadManLotar: missed you man
[06:34:49:PM] Gadget: cool, i gave up ezcapechat after they banned me cause i put pants on.
[06:34:57:PM] MadManLotar: lmao
[06:35:13:PM] Gadget: i was like wtf? a 7 day ban too. I never went back
[06:35:36:PM] MadManLotar: yeah, it is the same people just warring with ech other and switching places every so often
[06:35:39:PM] AdvantageousMutation:5298285 stopped broadcasting.
[06:35:41:PM] Jigglypuff:5297650 stopped broadcasting.
[06:35:44:PM] MadManLotar: filipinos worship anglos
[06:35:46:PM] AdvantageousMutation:5298285 Left the room.
[06:35:53:PM] MadManLotar: sorry kitten
[06:36:04:PM] b0undb0nes started youtube video (RuPaul's Drag Race | 7 Fiercest Quotes)
[06:36:04:PM] YouTube: b0undb0nes started "RuPaul&#39;s Drag Race | 7 Fiercest Quotes"
[06:36:11:PM] The youtube (Ksut0yk8mDM) was stopped.
[06:36:22:PM] Gadget: mind you, that site runs much better than tinychat for older laptops like mine, and i like their audio quality and VU meters and stuff
[06:36:29:PM] b0undb0nes started youtube video (Bianca Del Rio's Really Queen? - Jiggly Caliente)
[06:36:29:PM] YouTube: b0undb0nes started "Bianca Del Rio&#39;s Really Queen? - Jiggly Caliente"
[06:36:34:PM] MadManLotar: it does
[06:36:38:PM] guest:5291466 Left the room.
[06:36:39:PM] guest:5301115 has account: thiswebsitesucks
[06:36:40:PM] guest:5301115 joined the room.
[06:36:41:PM] Jigglypuff:5297650 is broadcasting.
[06:36:44:PM] guest:5301115 Changed nick to: jkh
[06:36:45:PM] jkh:5301115 is broadcasting.
[06:36:50:PM] MadManLotar: i do like the video format here sometimes
[06:36:57:PM] Gadget: ,y cpus sweat on here, they cannot keep up
[06:37:05:PM] b0undb0nes: closed jkh
[06:37:05:PM] jkh:5301115 stopped broadcasting.
[06:37:08:PM] MadManLotar: and the bot control as well
[06:37:15:PM] Suzuha:5301157 has account: zerothe3rd
[06:37:15:PM] Suzuha:5301157 joined the room.
[06:37:16:PM] jkh:5301115 Left the room.
[06:37:23:PM] MadManLotar: it's slowly getting ack to old tc
[06:37:26:PM] MadManLotar: but not fast enough
[06:37:34:PM] Gadget: lol
[06:37:41:PM] Gadget: well the old tc was hacked
[06:37:46:PM] MadManLotar: yeah
[06:37:48:PM] Gadget: so it had ot be modified
[06:37:53:PM] MadManLotar: this one was too a few times
[06:37:58:PM] Jigglypuff:5297650 stopped broadcasting.
[06:37:59:PM] Gadget: sucks
[06:38:03:PM] MadManLotar: gold
[06:38:05:PM] MadManLotar: generation
[06:38:09:PM] MadManLotar: and theft
[06:38:10:PM] Gadget: hackers should spend more time trying to get laid.
[06:38:18:PM] MeKLiN: u can right click this tc and delete element
[06:38:44:PM] Jigglypuff: !yt asians are cool pen trick
[06:38:47:PM] Jigglypuff: !skip 
[06:38:47:PM] YouTube: Pumpkin started "Epic Pen Spinning"
[06:39:01:PM] MeKLiN: https://imgur.com/a/jzPrBJk
[06:39:08:PM] Suzuha:5301157 Left the room.
[06:39:10:PM] Gadget: yeah baby
[06:39:13:PM] Jigglypuff:5297650 is broadcasting.
[06:39:24:PM] Gadget: the spy who shagged me
[06:39:31:PM] ob1:5301341 has account: djob1
[06:39:31:PM] ob1:5301341 joined the room.
[06:39:49:PM] ob1:5301341 Left the room.
[06:40:45:PM] lost4:5301446 has account: lost4
[06:40:46:PM] lost4:5301446 joined the room.
[06:40:59:PM] Gadget: lol
[06:41:05:PM] lost4:5301446 Left the room.
[06:41:26:PM] Gadget: I asked God gor a bigger peen and he came on here and showed me his.
[06:41:27:PM] Coop: those are mostly power tricks
[06:41:30:PM] The youtube (voqYX8_VjvQ) was stopped.
[06:41:32:PM] Gadget: for rather
[06:41:32:PM] Coop: i suck at power tricxks
[06:41:35:PM] Jigglypuff: rawr
[06:41:36:PM] b0undb0nes started youtube video (A Beautiful Lotus "Redrum is Murder v.1.2" (Official Video))
[06:41:36:PM] YouTube: b0undb0nes started "A Beautiful Lotus &quot;Redrum is Murder v.1.2&quot; (Official Video)"
[06:41:38:PM] Coop: its when they toss the pen in the air
[06:41:49:PM] b0undb0nes: REQUEST
[06:41:56:PM] MeKLiN: https://imgur.com/a/XCkUfZa
[06:42:00:PM] MeKLiN: notice i only have 3 camso n
[06:42:05:PM] MeKLiN: but theres more than that in ur screen :)
[06:42:30:PM] Jigglypuff:5297650 stopped broadcasting.
[06:42:30:PM] Room Owner what:5301584:whatwhatwhatwhat
[06:42:31:PM] what:5301584 joined the room.
[06:42:58:PM] Gadget: Noonedeservesme made a screen cap of me https://gyazo.com/457be6281124e07f6956ae6e3148e020
[06:43:03:PM] gfufigshj:5301628 has account: gfufigshj
[06:43:03:PM] gfufigshj:5301628 joined the room.
[06:43:05:PM] theone:5301633 has account: theone4unow
[06:43:06:PM] theone:5301633 joined the room.
[06:43:16:PM] gfufigshj:5301628 Left the room.
[06:43:31:PM] Jigglypuff:5297650 Left the room.
[06:43:32:PM] Jigglypuff:5301672 has account: nekooochan
[06:43:32:PM] Jigglypuff:5301672 joined the room.
[06:43:33:PM] MadManLotar: lmao
[06:43:41:PM] The youtube (_yKzSxNkiuI) was stopped.
[06:43:45:PM] MadManLotar: ghost riders is a cool song
[06:43:45:PM] Gadget: someone pour some of that gatorade on his shorts before he wakes up :P
[06:43:59:PM] MadManLotar: relistening again
[06:44:00:PM] what banned hobowithashotgun
[06:44:00:PM] hobowithashotgun:5300605 Left the room.
[06:44:37:PM] MadManLotar: that movie was crzy
[06:44:43:PM] what:5301584 Left the room.
[06:45:05:PM] MadManLotar: rutger hauer is amazing
[06:45:26:PM] b0undb0nes started youtube video (Red Hot Chili Peppers - Dani California [Official Music Video])
[06:45:26:PM] YouTube: b0undb0nes started "Red Hot Chili Peppers - Dani California [Official Music Video]"
[06:45:47:PM] MeKLiN: ok so
[06:45:50:PM] MeKLiN: ill explain
[06:45:57:PM] MeKLiN: u right click an element in tinychat and use DOM inspector
[06:46:11:PM] MeKLiN: find out what root <htmlcode> is controlling that part of the site
[06:46:19:PM] MeKLiN: right click the actual code dispalyed oon the right and click delete element
[06:46:24:PM] MeKLiN: so i wait for me to be in the top 3 cams
[06:46:25:PM] MadManLotar: ive played around with inspect element
[06:46:31:PM] MeKLiN: as in chronologically. ive been on cam longer
[06:46:33:PM] MeKLiN: so im on top
[06:46:37:PM] MeKLiN: all new cams appear at bottom
[06:46:40:PM] MeKLiN: if i delete all the bottom cams
[06:46:45:PM] Gadget:5300877 Left the room.
[06:46:47:PM] MeKLiN: even new people who cam up, if i did it right, wont be shown
[06:46:57:PM] MeKLiN: if i do it wrong, my cam will shift to a deleted camslot and be hidden
[06:47:06:PM] MeKLiN: which isnt bad, if im already on c am and dont need to adjust my sound settings
[06:47:13:PM] MadManLotar: you should see if there is a script for greasemonkey
[06:47:14:PM] MeKLiN: in fact i deleted the cam down button
[06:47:16:PM] MeKLiN: ther is
[06:47:19:PM] MadManLotar: to keep it in order
[06:47:22:PM] MeKLiN: and the guy who made TES enhancer
[06:47:25:PM] MadManLotar: kk
[06:47:28:PM] MadManLotar: i see
[06:47:29:PM] MeKLiN: he has javascript injector code
[06:47:37:PM] MadManLotar: very cool
[06:47:37:PM] MeKLiN: u can take that code, or any others, and inject to tinychat
[06:47:41:PM] MeKLiN: to overwrite the html
[06:47:46:PM] MadManLotar: oh yeah
[06:47:48:PM] MeKLiN: thats what i wanna do to make my own script
[06:47:55:PM] MeKLiN: vbut too lazy right now
[06:48:21:PM] Stunt:5302100 has account: stunt9000
[06:48:21:PM] Stunt:5302100 joined the room.
[06:48:21:PM] Gadget:5302103 has account: gadget
[06:48:22:PM] Gadget:5302103 joined the room.
[06:48:57:PM] Stunt:5302100 Left the room.
[06:49:26:PM] spike_plissken:5302226 has account: womansplaining
[06:49:26:PM] spike_plissken:5302226 joined the room.
[06:49:44:PM] spike_plissken: !yt smack my bitch up
[06:50:13:PM] spike_plissken:5302226 Left the room.
[06:50:14:PM] The youtube (Sb5aq5HcS1A) was stopped.
[06:50:15:PM] YouTube: Pumpkin started "Prodigy - Smack My Bitch Up (banned from mtv)"
[06:50:15:PM] spike_plissken:5302324 has account: womansplaining
[06:50:15:PM] spike_plissken:5302324 joined the room.
[06:50:26:PM] b0undb0nes: GOOD SONG
[06:50:37:PM] spike_plissken: need the full song
[06:51:02:PM] b0undb0nes: !yt https://www.youtube.com/watch?v=G_sBOsh-vyI
[06:51:11:PM] Jigglypuff:5301672 is broadcasting.
[06:51:20:PM] b0undb0nes: RIP KEITH FLINT
[06:51:29:PM] The youtube (20tWDFxQq5A) was stopped.
[06:51:44:PM] spike_plissken: yeah poor dude
[06:51:50:PM] b0undb0nes started youtube video (Smack My Bitch Up)
[06:51:50:PM] YouTube: b0undb0nes started "Smack My Bitch Up"
[06:51:51:PM] spike_plissken: had to leave way to soon
[06:51:53:PM] b0undb0nes searched the youtube video to: 41
[06:52:13:PM] Room Owner what:5302543:whatwhatwhatwhat
[06:52:13:PM] what:5302543 joined the room.
[06:52:45:PM] b0undb0nes: press F PLS
[06:52:53:PM] MeKLiN: so chrome only using 10% my cpu
[06:52:57:PM] thegame_getsGOOD:5302613 has account: thegameisover
[06:52:57:PM] thegame_getsGOOD:5302613 joined the room.
[06:53:04:PM] spike_plissken: but i bet saint peter  love his music
[06:53:05:PM] thegame_getsGOOD:5302613 Left the room.
[06:53:09:PM] MeKLiN: i also have chrome in low priority cpu
[06:53:22:PM] MeKLiN: using Process Lasso by Bitsum
[06:53:33:PM] MeKLiN: gay cuck chrome
[06:53:33:PM] MadManLotar: lol stunned a fly
[06:53:40:PM] MadManLotar: with an air swat
[06:53:40:PM] MeKLiN: my software detect chrome try to use my cpu
[06:53:47:PM] MeKLiN: and throttle it so i can get 150 fps for my 144hz monitor
[06:53:47:PM] MadManLotar: just flew away
[06:53:58:PM] spike_plissken: smack my orinocco up
[06:54:17:PM] what: my software detected sly's tranny aids
[06:54:23:PM] Coop: huh
[06:54:27:PM] spike_plissken: bones: https://www.youtube.com/watch?v=u1zSHGL3Drg
[06:54:33:PM] Coop: I wore my mos clothes i didnt take hormones
[06:54:36:PM] Coop: moms*
[06:54:40:PM] what: so
[06:54:58:PM] what: you present yourself as a tranny aids victim
[06:55:13:PM] Coop: i put on 20 lb from side effects of my anti psychotic
[06:55:19:PM] Coop: so i started drinking a lot of coffee
[06:55:20:PM] what: no one needs to hear you suffer on open mic fatty
[06:55:20:PM] TheVikingOfDisapproval:5295734 is broadcasting.
[06:55:23:PM] Coop: and no eat
[06:55:26:PM] Coop: much
[06:55:28:PM] Gadget: is chrome able to run tinychat better on an old computer than opera browser?
[06:55:31:PM] Coop: im down to 150 155
[06:55:43:PM] what: fat delet
[06:55:50:PM] MadManLotar: looking sharp, jedi
[06:56:07:PM] Quodos: sack my witch up..
[06:56:19:PM] MadManLotar: so did you know it was tyr day on tuesday?
[06:56:31:PM] MadManLotar: after father's day
[06:56:44:PM] MadManLotar: which was on the strawberry harvest moon?
[06:56:54:PM] what: did you know you dress like a pedo clown
[06:56:54:PM] The youtube (iIMVbL1rq5c) was stopped.
[06:56:55:PM] b0undb0nes started youtube video (Muse - Knights Of Cydonia  (Video))
[06:56:55:PM] YouTube: b0undb0nes started "Muse - Knights Of Cydonia  (Video)"
[06:57:10:PM] MadManLotar: do i remind yoy of your dad?
[06:57:14:PM] what: no
[06:57:23:PM] MadManLotar: or uncle?
[06:57:27:PM] what: my dad isnt a fat spic in children's clothing
[06:57:29:PM] MadManLotar: who hurt you son?
[06:57:38:PM] jenny:5303090 has account: jenny1
[06:57:39:PM] jenny:5303090 joined the room.
[06:57:40:PM] MadManLotar: you dad is prob an anglo pedo
[06:57:50:PM] jenny:5303090 Left the room.
[06:57:51:PM] what: my dad isnt attracted to children
[06:57:52:PM] MadManLotar: which is why im not your dad or you
[06:57:56:PM] MadManLotar: you are reflecting
[06:58:01:PM] what: cus he isnt a pedo
[06:58:03:PM] what: like you
[06:58:05:PM] MadManLotar: and projecting your trauma
[06:58:07:PM] theone:5301633 Left the room.
[06:58:17:PM] MadManLotar: you brought it up
[06:58:22:PM] what: im telling you that youre dressed like a pedo clown
[06:58:22:PM] MadManLotar: not me
[06:58:24:PM] what: cus you are
[06:58:27:PM] what: that is a fact
[06:58:28:PM] Jigglypuff:5301672 stopped broadcasting.
[06:58:32:PM] MadManLotar: you would know
[06:58:38:PM] MadManLotar: what that looks like, not me
[06:58:43:PM] JustGotFoodBankFoodPraiseGod:5303207 has account: jbbbbbn
[06:58:43:PM] JustGotFoodBankFoodPraiseGod:5303207 joined the room.
[06:58:48:PM] JustGotFoodBankFoodPraiseGod: https://youtu.be/XVY2Udowy_8
[06:58:50:PM] what: you are a turd coloured john wayne gacy
[06:58:52:PM] JustGotFoodBankFoodPraiseGod:5303207 Left the room.
[06:58:55:PM] MadManLotar: because you associate that dress with that behavior
[06:58:59:PM] what: maybe learn about the country you invaded
[06:59:06:PM] MadManLotar: sorry you were molested
[06:59:08:PM] what: and its inhabitants 
[06:59:13:PM] tired:5303257 has account: tiredwanttodie
[06:59:13:PM] tired:5303257 joined the room.
[06:59:16:PM] MeKLiN: THIS DUDE OUT THERE ON A BOAT
[06:59:17:PM] MadManLotar: yes
[06:59:18:PM] MeKLiN: GETTING THE AIRDROP
[06:59:22:PM] MeKLiN: HE MUST PAY THE CONSEQUENCES
[06:59:23:PM] MadManLotar: this is a toltec hat
[06:59:25:PM] what: sorry you dress like a childrens entertainer who fingers their ass after the show
[06:59:27:PM] MadManLotar: because i am toltec
[06:59:31:PM] deno99:5303289 has account: deno33
[06:59:31:PM] deno99:5303289 joined the room.
[06:59:37:PM] MadManLotar: sorry you are a pedo
[06:59:38:PM] deno99:5303289 Left the room.
[06:59:39:PM] MadManLotar: what
[06:59:44:PM] MadManLotar: you are getting very specific
[06:59:48:PM] MeKLiN: NVM ITS 3
[06:59:50:PM] tired: obese
[06:59:52:PM] what: sorry you dress like a pedo clown to attract children to your van
[06:59:57:PM] MadManLotar: the fbi knows your porn habits
[06:59:58:PM] MadManLotar: what
[07:00:00:PM] what: sorry you can't run after them
[07:00:09:PM] MadManLotar: nothing you type can change that
[07:00:25:PM] what: the fbi knows youre dressed like a pedo clown
[07:00:30:PM] Jigglypuff:5301672 is broadcasting.
[07:00:31:PM] MadManLotar: i walk
[07:00:31:PM] tired: finger what?
[07:00:34:PM] MadManLotar: like a man
[07:00:35:PM] what: and they do not approve
[07:00:42:PM] MadManLotar: you scamper like a rat
[07:00:45:PM] what: you walk like a fag
[07:00:47:PM] MadManLotar: idk
[07:00:53:PM] what: you waddle
[07:00:53:PM] Gadget: MadManLotar is a cool Cat in the Hat
[07:00:54:PM] MadManLotar: i triggered trauma in what
[07:00:56:PM] what: lets be honest
[07:00:58:PM] MadManLotar: with my dress
[07:01:09:PM] tired: he likes kids
[07:01:12:PM] MadManLotar: he started ranting about pedos
[07:01:19:PM] Jigglypuff: !yt red hot chili peppers dark nesseci
[07:01:20:PM] what: your body can't carry the weight of all the children you abuse
[07:01:30:PM] Gadget: a lot of trolls on this site point pedo fingers at everyone
[07:01:38:PM] what: gadget is a pedo though
[07:01:39:PM] MadManLotar: the things people see, i swear
[07:01:43:PM] what: with a conviction 
[07:01:44:PM] tired: pedo
[07:01:52:PM] MadManLotar: he is seeing what he experienced
[07:01:54:PM] tired: lotar pedo
[07:02:01:PM] what: i said he's dressed like a pedo and he got upset very quickly 
[07:02:02:PM] Gadget: What is a pedo. Won't even cam up his 80 year old ass
[07:02:06:PM] tired: rapes kids
[07:02:07:PM] MadManLotar: it is called situated knowledges
[07:02:07:PM] what: because theres some truth behind it
[07:02:18:PM] what: fatman touches children
[07:02:18:PM] tired: lotar rapes small boys
[07:02:25:PM] what: cus they cant escape his rolls
[07:02:42:PM] what: it's easy to overpower a child when youre 10 times the size of them
[07:02:51:PM] MadManLotar: situated knowleges
[07:02:54:PM] MadManLotar: look it up
[07:02:56:PM] Gadget: really What? Is that how you do it?
[07:02:56:PM] what: anyway
[07:02:58:PM] tired: you are absolutely right
[07:03:00:PM] what: liars go to hell
[07:03:00:PM] The youtube (Q3Yc3HhSl1Q) was stopped.
[07:03:01:PM] YouTube: Pumpkin started "Muse - Knights Of Cydonia  (Video)"
[07:03:04:PM] what banned Gadget
[07:03:04:PM] Gadget:5302103 Left the room.
[07:03:09:PM] what:5302543 Left the room.
[07:03:12:PM] MadManLotar: it is a sociological term
[07:03:18:PM] MadManLotar: people project what they know
[07:03:21:PM] MadManLotar: or exerience
[07:03:25:PM] spike_plissken: !yt faithless insomnia
[07:03:26:PM] The youtube (G_sBOsh-vyI) was stopped.
[07:03:28:PM] MadManLotar: it is super fucke dup
[07:03:34:PM] MeKLiN: !sbl Gadget
[07:03:36:PM] MeKLiN: !fg 0
[07:03:36:PM] Gadget was unbanned.
[07:03:39:PM] Jigglypuff:5301672 stopped broadcasting.
[07:03:40:PM] MadManLotar: people just spill their guts a
[07:03:40:PM] Sillykittens:5300049 Changed nick to: Jediiiiiiiiiiiiiiiiiiiiiiiiiiiii
[07:03:43:PM] Harlownap:5303693 has account: harlownap
[07:03:44:PM] Harlownap:5303693 joined the room.
[07:03:47:PM] MadManLotar: it is like a living confession
[07:03:48:PM] Harlownap:5303693 Left the room.
[07:03:54:PM] MadManLotar: evil cant help itself
[07:03:55:PM] b0undb0nes started youtube video (Queens of the Stone Age - A Song For The Deaf)
[07:03:55:PM] YouTube: b0undb0nes started "Queens of the Stone Age - A Song For The Deaf"
[07:04:00:PM] tired: I was abused by a man who looked like lotar
[07:04:11:PM] MadManLotar: i dont even have to disembowl evil any ore
[07:04:17:PM] MadManLotar: i just have to wear a hat and shirt
[07:04:26:PM] MadManLotar: and evil reveals itself
[07:04:30:PM] spike_plissken: good choice boneshusband
[07:04:30:PM] MadManLotar: to me
[07:04:40:PM] Jediiiiiiiiiiiiiiiiiiiiiiiiiiiii: lol
[07:05:22:PM] MadManLotar: it is a sad world, jedi
[07:05:33:PM] MadManLotar: but people can fix it slowly
[07:05:40:PM] militia:5303843 has account: europeanunion
[07:05:40:PM] militia:5303843 joined the room.
[07:05:41:PM] MadManLotar: if they work together
[07:05:55:PM] militia:5303843 Left the room.
[07:05:58:PM] boring:5303861 has account: kingdoller
[07:05:58:PM] boring:5303861 joined the room.
[07:06:02:PM] Jediiiiiiiiiiiiiiiiiiiiiiiiiiiii:5300049 is broadcasting.
[07:06:31:PM] tired: 530-756-0233
[07:06:38:PM] boring:5303861 Changed nick to: forpig
[07:06:48:PM] forpig:5303861 is broadcasting.
[07:06:53:PM] spike_plissken:5302324 is broadcasting.
[07:06:58:PM] Gadget:5303961 has account: gadget
[07:06:58:PM] Gadget:5303961 joined the room.
[07:07:17:PM] Jigglypuff: aayayayaya
[07:07:23:PM] TheVikingOfDisapproval: im calling the fuck out of that number
[07:07:25:PM] Jigglypuff: gogogogoo
[07:07:57:PM] forpig: ŧ‹"ŧ‹"ŧ‹"ŧ‹"(๑´ㅂ`๑)ŧ‹"ŧ‹"ŧ‹"ŧ‹"
[07:08:11:PM] b0undb0nes paused the video at 255
[07:08:39:PM] b0undb0nes:5300372 Left the room.
[07:08:51:PM] Jigglypuff:5301672 is broadcasting.
[07:08:56:PM] Gadget:5303961 Left the room.
[07:08:56:PM] Coop:5285494 Left the room.
[07:08:57:PM] Moderator Coop:5304132:meta
[07:08:58:PM] Coop:5304132 joined the room.
[07:08:59:PM] Coop:5304132 is broadcasting.
[07:09:13:PM] TheVikingOfDisapproval: i muted the room because everyone was spamming mics
[07:09:18:PM] TheVikingOfDisapproval: like 2 hours ago
[07:10:10:PM] Cory:5304229 has account: coryinthehouse
[07:10:10:PM] Cory:5304229 joined the room.
[07:10:12:PM] Cory:5304229 Left the room.
[07:13:03:PM] spike_plissken:5302324 stopped broadcasting.
[07:13:13:PM] spike_plissken:5302324 is broadcasting.
[07:13:45:PM] Sub_Zero:5297578 Left the room.
[07:13:46:PM] Room Owner Sub_Zero:5304566:maesynmay
[07:13:46:PM] Sub_Zero:5304566 joined the room.
[07:14:09:PM] Sub_Zero:5304566 is broadcasting.
[07:14:29:PM] tired: Fuck me mason
[07:14:48:PM] spike_plissken: robo doesn't need drugs, he is always happy
[07:15:24:PM] spike_plissken: hihorito san robo
[07:16:56:PM] spike_plissken: kotsushita mikimori sanfujinka
[07:17:08:PM] jker:5304885 has account: jker6969
[07:17:08:PM] jker:5304885 joined the room.
[07:17:08:PM] jker:5304885 Left the room.
[07:17:14:PM] kimm99:5304894 has account: kimm99
[07:17:14:PM] kimm99:5304894 joined the room.
[07:17:19:PM] the_man176:5304902 has account: theman176
[07:17:19:PM] the_man176:5304902 joined the room.
[07:17:32:PM] the_man176:5304902 Left the room.
[07:18:00:PM] petetalk74:5304954 has account: petetalk74
[07:18:00:PM] petetalk74:5304954 joined the room.
[07:18:14:PM] kimm99:5304894 Left the room.
[07:18:29:PM] petetalk74:5304954 Left the room.
[07:18:58:PM] phopho:5305032 has account: phoenixjames
[07:18:58:PM] phopho:5305032 joined the room.
[07:19:00:PM] spike_plissken:5302324 Left the room.
[07:19:02:PM] jker:5305037 has account: jker6969
[07:19:02:PM] jker:5305037 joined the room.
[07:19:04:PM] spike_plissken:5305038 has account: womansplaining
[07:19:04:PM] spike_plissken:5305038 joined the room.
[07:19:09:PM] spike_plissken:5305038 is broadcasting.
[07:19:21:PM] phopho:5305032 Left the room.
[07:19:39:PM] Axel:5305079 has account: undercover96
[07:19:39:PM] Axel:5305079 joined the room.
[07:19:50:PM] Axel: Stare stare*
[07:20:20:PM] jker:5305037 Left the room.
[07:20:25:PM] Axel:5305079 Left the room.
[07:21:36:PM] tired: mason ban spike
[07:22:38:PM] Birdman:5293924 Left the room.
[07:22:38:PM] mixed:5305334 has account: mixed
[07:22:38:PM] mixed:5305334 joined the room.
[07:23:03:PM] MadManLotar: that looks good, spike
[07:23:11:PM] spike_plissken: tiramisu
[07:25:30:PM] mixed:5305334 is broadcasting.
[07:26:16:PM] MadManLotar: hi, mixed
[07:26:16:PM] Jigglypuff: stfu
[07:26:30:PM] militia:5305648 has account: europeanunion
[07:26:30:PM] militia:5305648 joined the room.
[07:26:31:PM] spike_plissken:5305038 stopped broadcasting.
[07:26:42:PM] MadManLotar: whaat have you been up to?
[07:26:45:PM] militia:5305648 is broadcasting.
[07:27:09:PM] spike_plissken:5305038 is broadcasting.
[07:27:28:PM] mixed:5305334 stopped broadcasting.
[07:27:31:PM] mixed: Shit
[07:27:42:PM] mixed: ^^
[07:27:50:PM] blackjack:5305764 has account: blackjackch
[07:27:50:PM] blackjack:5305764 joined the room.
[07:27:55:PM] MadManLotar: nice
[07:27:59:PM] blackjack:5305764 is broadcasting.
[07:27:59:PM] tired: lotar rapes kids
[07:28:02:PM] MadManLotar: ive been good as well
[07:28:06:PM] militia:5305648 stopped broadcasting.
[07:28:13:PM] blackjack:5305764 Left the room.
[07:28:14:PM] blackjack:5305805 has account: blackjackch
[07:28:14:PM] blackjack:5305805 joined the room.
[07:28:24:PM] blackjack:5305805 Left the room.
[07:28:28:PM] Room Owner EmoBabe:5305823:2goodforyou
[07:28:29:PM] EmoBabe:5305823 joined the room.
[07:28:37:PM] MadManLotar: you arent  a child, tired
[07:28:42:PM] MadManLotar: just in your head
[07:28:56:PM] militia:5305648 is broadcasting.
[07:29:04:PM] tired: You are a pedo
[07:29:06:PM] Jigglypuff: uh oh
[07:29:09:PM] tired: stop pretending
[07:29:31:PM] MadManLotar: situat4ed knowledges folks
[07:29:43:PM] tired: pedo
[07:29:44:PM] MadManLotar: people share knowelge from their experience
[07:29:48:PM] MadManLotar: matrix
[07:30:06:PM] MadManLotar: and project it opon their reality
[07:30:13:PM] tired: I was abused by a man who looked like you so I know better
[07:30:15:PM] MadManLotar: get help
[07:30:20:PM] tired: He is in the jail
[07:30:23:PM] dood:5305974 has account: zzzzzzz
[07:30:23:PM] dood:5305974 joined the room.
[07:30:25:PM] MadManLotar: befroe you harm someone, tired
[07:30:56:PM] MadManLotar: you were raised a bastard
[07:31:06:PM] MadManLotar: i have nothing to do with your dad or step dad
[07:31:39:PM] dood:5305974 Left the room.
[07:31:41:PM] militia: robo look at me
[07:31:44:PM] Jigglypuff: !play 
[07:31:47:PM] oussama_benlaNigger:5306108 has account: musipazyry
[07:31:47:PM] oussama_benlaNigger:5306108 joined the room.
[07:31:48:PM] MeKLiN:5296654 Left the room.
[07:31:51:PM] Room Owner MeKLiN:5306115:trap
[07:31:52:PM] MeKLiN:5306115 joined the room.
[07:31:52:PM] Jigglypuff: sly play the video pls
[07:31:53:PM] oussama_benlaNigger: lol
 
 
 
 
 
JOLENE'S REAL NAME IS JODI WILSON
DATE OF BIRTH: JULY 18, 2000 
PROOF OF HER AGE = https://imgur.com/a/VNr1CuS
Father =  jeff wilson https://www.facebook.com/1509288221
SHE'S FROM Tuscaloosa, Alabama
chaturbate carreer  =
 https://xfantasy.tv/video/5c35b87d2f46bf685eb8512a
https://camgirlfap.com/princessphoebe-chaturbate-new-teen-toy-cumshow-video/
https://www.facebook.com/100006478269558
more pics:
https://imgur.com/a/beXOEr4
full dox = https://pastebin.com/61yDKMrd
[07:31:53:PM] Pumpkin banned oussama_benlaNigger
[07:31:53:PM] oussama_benlaNigger:5306108 Left the room.
[07:31:56:PM] MadManLotar: dont blame me for your traumaor project it
[07:31:58:PM] tired: lotar rapist
[07:31:59:PM] MeKLiN:5306115 is broadcasting.
[07:32:00:PM] MadManLotar: seek help
[07:32:03:PM] MadManLotar: if you can
[07:32:18:PM] tired: lotar, you need to stop
[07:32:23:PM] ___:5306175 has account: msela
[07:32:24:PM] ___:5306175 joined the room.
[07:32:24:PM] kneipp:5306176 has account: kneipp
[07:32:24:PM] kneipp:5306176 joined the room.
[07:32:30:PM] MadManLotar: you first
[07:32:32:PM] Jigglypuff: !yt dancin remix
[07:32:34:PM] ___:5306175 Left the room.
[07:32:34:PM] Jigglypuff: !skip 
[07:32:34:PM] MadManLotar: you are slandering me
[07:32:34:PM] YouTube: Pumpkin started "Red Hot Chili Peppers - Dark Necessities [OFFICIAL VIDEO]"
[07:32:39:PM] MadManLotar: for yourghosts
[07:32:40:PM] EatMYBologna66:5306202 has account: eatmybologna
[07:32:40:PM] EatMYBologna66:5306202 joined the room.
[07:32:41:PM] kneipp:5306176 Left the room.
[07:32:41:PM] Jigglypuff: oh yeah
[07:32:46:PM] EatMYBologna66: howdy
[07:32:46:PM] militia:5305648 stopped broadcasting.
[07:32:47:PM] MadManLotar: dont try to hand off your demons to me
[07:32:51:PM] TheVikingOfDisapproval:5295734 Left the room.
[07:32:53:PM] TheVikingOfDisapproval:5306229 has account: coffeezone
[07:32:53:PM] TheVikingOfDisapproval:5306229 joined the room.
[07:32:55:PM] TheVikingOfDisapproval:5306229 is broadcasting.
[07:33:09:PM] tired: pedo
[07:33:11:PM] MadManLotar: work through your trauma
[07:33:17:PM] tired: lotar is a pedo
[07:33:23:PM] EatMYBologna66:5306202 Left the room.
[07:33:23:PM] MadManLotar: find yourself
[07:33:25:PM] tired: I know him very well
[07:33:29:PM] Jigglypuff: dance sly
[07:33:34:PM] MadManLotar: hi eat my blongna66
[07:34:07:PM] undePhined:5306375 has account: hermesthoth
[07:34:07:PM] undePhined:5306375 joined the room.
[07:34:25:PM] MadManLotar: you dont know a thing about me
[07:34:36:PM] Room Owner cold:5306422:sweetheart
[07:34:36:PM] cold:5306422 joined the room.
[07:34:36:PM] carleetoe:5306423 has account: carleetoe
[07:34:37:PM] carleetoe:5306423 joined the room.
[07:34:51:PM] Coop: the schizophrenia i ahve sometimes makes me twitch
[07:34:54:PM] Coop: like a retard
[07:34:56:PM] tired: I know everything pedo
[07:34:57:PM] undePhined:5306375 Changed nick to: Jedi_is_a_fucking_FAGGOT
[07:34:59:PM] Jigglypuff: awwww
[07:35:03:PM] Jigglypuff: that laugh
[07:35:07:PM] tired: You won't get near me
[07:35:08:PM] Jedi_is_a_fucking_FAGGOT: FAGGOT JEDI DOESNT HAVE MOD ANYMORE.  GOOD!
[07:35:13:PM] Jedi_is_a_fucking_FAGGOT:5306375 Left the room.
[07:35:35:PM] mixed:5305334 Left the room.
[07:36:22:PM] TheVikingOfDisapproval: why would I want the STD "MODs"
[07:37:04:PM] TheVikingOfDisapproval: facebooks are literally killing themselves because of their disease
[07:37:07:PM] cold:5306422 is broadcasting.
[07:37:14:PM] TheVikingOfDisapproval: facebook MODs rather
[07:37:22:PM] MadManLotar:5296706 Left the room.
[07:37:25:PM] MadManLotar:5306698 has account: madmanlotar
[07:37:26:PM] MadManLotar:5306698 joined the room.
[07:37:35:PM] MadManLotar:5306698 is broadcasting.
[07:37:38:PM] The youtube (Q0oIoR9mLwc) was stopped.
[07:37:55:PM] Jigglypuff: !skip 
[07:37:55:PM] YouTube: Pumpkin started "Faithless: Insomnia (Forever Faithless)"
[07:38:08:PM] Johnwick:5306760 has account: mixed
[07:38:08:PM] Johnwick:5306760 joined the room.
[07:38:16:PM] bily:5306773 has account: wedontgiveafuck
[07:38:16:PM] bily:5306773 joined the room.
[07:38:18:PM] tired: lotar pedo
[07:38:26:PM] Jigglypuff: !skip 
[07:38:26:PM] YouTube: Pumpkin started "Aaron Smith - Dancin (KRONO Remix)"
[07:38:37:PM] bily:5306773 Left the room.
[07:38:43:PM] tired: !skip 
[07:40:39:PM] ogemiily:5306981 has account: ogemiily
[07:40:39:PM] ogemiily:5306981 joined the room.
[07:40:45:PM] militia: !skip 
[07:40:46:PM] ogemiily:5306981 Left the room.
[07:41:02:PM] MeKLiN:5306115 Left the room.
[07:41:15:PM] Quodos:5279698 Left the room.
[07:41:17:PM] Quodos:5307038 has account: knerd
[07:41:17:PM] Quodos:5307038 joined the room.
[07:41:45:PM] The youtube (8pm_KoguqPM) was stopped.
[07:44:29:PM] TheVikingOfDisapproval: fug i have to restart my computer
[07:44:44:PM] TheVikingOfDisapproval:5306229 Left the room.
