[06:09:28:PM] Logged in as: trap
[06:09:29:PM] Client joined the room: Jura:813621
[06:09:29:PM] Joins: MeKLiN:813260:meklin
[06:09:29:PM] Joins moderator: J:812539:juv
[06:09:29:PM] Joins moderator: WEENIE:812049:weenie
[06:09:29:PM] Joins room owner: Sebby:805048:th3psychward
[06:09:29:PM] Joins moderator: coffeezone:799616:coffeetalk
[06:09:29:PM] Joins moderator: Katpiss:758153:maesynmay
[06:09:29:PM] Joins moderator: Bieber:758077:bieber
[06:09:29:PM] Joins moderator: MicroIndulgence:758059:microindulgence
[06:09:29:PM] J:812539 is broadcasting.
[06:09:29:PM] Sebby:805048 is broadcasting.
[06:09:29:PM] MicroIndulgence:758059 is broadcasting.
[06:09:29:PM] MeKLiN:813260 is broadcasting.
[06:09:29:PM] Katpiss:758153 is broadcasting.
[06:09:29:PM] coffeezone:799616 is broadcasting.
[06:09:29:PM] Bieber:758077 is broadcasting.
[06:09:34:PM] MeKLiN:813260 Left the room.
[06:09:39:PM] Sebby: !ba sass
[06:10:30:PM] Maleficent:813701 has account: 2goodforyou
[06:10:30:PM] Maleficent:813701 joined the room.
[06:10:38:PM] Maleficent:813701 Left the room.
[06:11:13:PM] Room Owner MeKLiN:813772:meklin
[06:11:13:PM] MeKLiN:813772 joined the room.
[06:11:14:PM] MeKLiN:813772 is broadcasting.
[06:11:36:PM] Moderator maui:813809:kuri
[06:11:36:PM] maui:813809 joined the room.
[06:11:39:PM] Maleficent:813813 has account: 2goodforyou
[06:11:39:PM] Maleficent:813813 joined the room.
[06:11:42:PM] incellectual:813819 has account: crumbum
[06:11:42:PM] incellectual:813819 joined the room.
[06:11:42:PM] Maleficent:813813 is broadcasting.
[06:11:48:PM] incellectual:813819 Left the room.
[06:11:58:PM] maui:813809 is broadcasting.
[06:12:03:PM] coffeezone banned Maleficent
[06:12:03:PM] Maleficent:813813 Left the room.
[06:12:12:PM] Maleficent:813860 has account: 2goodforyou
[06:12:12:PM] Maleficent:813860 joined the room.
[06:12:15:PM] Maleficent:813860 is broadcasting.
[06:12:40:PM] Sebby kicked Maleficent
[06:12:40:PM] Maleficent:813860 Left the room.
[06:12:44:PM] Moderator Maleficent:813889:2goodforyou
[06:12:45:PM] Maleficent:813889 joined the room.
[06:12:46:PM] Maleficent:813889 is broadcasting.
[06:13:43:PM] kzarq:813975 has account: kzarq
[06:13:43:PM] kzarq:813975 joined the room.
[06:14:26:PM] R6:814045 has account: rhyan6000
[06:14:27:PM] R6:814045 joined the room.
[06:14:32:PM] maui: who wants to toke
[06:14:58:PM] R6: ill gas with ya
[06:15:10:PM] J: just did /:
[06:15:18:PM] Maleficent: Brb
[06:15:20:PM] Maleficent:813889 stopped broadcasting.
[06:15:24:PM] R6:814045 is broadcasting.
[06:15:28:PM] Maleficent:813889 Left the room.
[06:15:29:PM] Sympho:814128 has account: sympho
[06:15:29:PM] Sympho:814128 joined the room.
[06:15:44:PM] Sympho:814128 Left the room.
[06:16:00:PM] Sheffwally:814172 has account: sheffwally237
[06:16:00:PM] Sheffwally:814172 joined the room.
[06:16:06:PM] Bieber: lol
[06:16:15:PM] R6: nobody saw that but us
[06:16:34:PM] Sheffwally:814172 Left the room.
[06:17:34:PM] Bieber: u into gay sexy R6
[06:17:37:PM] maui: juvia
[06:17:45:PM] R6: all day big gay sex greasy boyx
[06:17:49:PM] J: maori
[06:17:59:PM] J: 7
[06:18:00:PM] R6: juulia
[06:18:26:PM] J: u wish
[06:18:43:PM] R6: i got banned from there
[06:18:48:PM] neb:814418 has account: fuckneb
[06:18:48:PM] neb:814418 joined the room.
[06:18:53:PM] neb: come to the new 4chan room http://www.tinychat.com/4chan
[06:18:55:PM] neb: come to the new 4chan room http://www.tinychat.com/4chan
[06:18:57:PM] neb: come to the new 4chan room http://www.tinychat.com/4chan
[06:18:58:PM] neb: come to the new 4chan room http://www.tinychat.com/4chan
[06:19:00:PM] neb: come to the new 4chan room http://www.tinychat.com/4chan
[06:19:02:PM] Bieber: my thing laggin
[06:19:02:PM] neb: come to the new 4chan room http://www.tinychat.com/4chan
[06:19:04:PM] neb: come to the new 4chan room http://www.tinychat.com/4chan
[06:19:06:PM] neb: come to the new 4chan room http://www.tinychat.com/4chan
[06:19:08:PM] Bieber:758077 Left the room.
[06:19:09:PM] Moderator Bieber:814444:bieber
[06:19:10:PM] Bieber:814444 joined the room.
[06:19:10:PM] neb: come to the new 4chan room http://www.tinychat.com/4chan
[06:19:12:PM] neb: come to the new 4chan room http://www.tinychat.com/4chan
[06:19:16:PM] Bieber:814444 is broadcasting.
[06:19:16:PM] neb: come to the new 4chan room http://www.tinychat.com/4chan
[06:19:18:PM] neb: come to the new 4chan room http://www.tinychat.com/4chan
[06:19:22:PM] neb: come to the new 4chan room http://www.tinychat.com/4chan
[06:19:24:PM] neb: come to the new 4chan room http://www.tinychat.com/4chan
[06:19:28:PM] neb: come to the new 4chan room http://www.tinychat.com/4chan
[06:19:29:PM] neb: come to the new 4chan room http://www.tinychat.com/4chan
[06:19:30:PM] maui: churs juvia
[06:19:31:PM] neb: come to the new 4chan room http://www.tinychat.com/4chan
[06:19:33:PM] neb: come to the new 4chan room http://www.tinychat.com/4chan
[06:19:34:PM] MeKLiN: https://imgur.com/a/QIffdTE
[06:19:37:PM] neb: come to the new 4chan room http://www.tinychat.com/4chan
[06:19:39:PM] neb: come to the new 4chan room http://www.tinychat.com/4chan
[06:19:41:PM] neb: come to the new 4chan room http://www.tinychat.com/4chan
[06:19:43:PM] R6: fuck u neb
[06:19:43:PM] neb: come to the new 4chan room http://www.tinychat.com/4chan
[06:19:45:PM] neb: come to the new 4chan room http://www.tinychat.com/4chan
[06:19:47:PM] neb: come to the new 4chan room http://www.tinychat.com/4chan
[06:19:48:PM] MeKLiN: https://imgur.com/a/ASELrui
[06:19:51:PM] neb: come to the new 4chan room http://www.tinychat.com/4chan
[06:19:53:PM] neb: come to the new 4chan room http://www.tinychat.com/4chan
[06:19:55:PM] neb: come to the new 4chan room http://www.tinychat.com/4chan
[06:19:57:PM] neb: come to the new 4chan room http://www.tinychat.com/4chan
[06:19:58:PM] neb: come to the new 4chan room http://www.tinychat.com/4chan
[06:20:00:PM] neb: come to the new 4chan room http://www.tinychat.com/4chan
[06:20:02:PM] neb: come to the new 4chan room http://www.tinychat.com/4chan
[06:20:06:PM] neb: come to the new 4chan room http://www.tinychat.com/4chan
[06:20:08:PM] neb: come to the new 4chan room http://www.tinychat.com/4chan
[06:20:09:PM] neb: come to the new 4chan room http://www.tinychat.com/4chan
[06:20:11:PM] neb: come to the new 4chan room http://www.tinychat.com/4chan
[06:20:13:PM] neb: come to the new 4chan room http://www.tinychat.com/4chan
[06:20:14:PM] neb: come to the new 4chan room http://www.tinychat.com/4chan
[06:20:19:PM] neb: come to the new 4chan room http://www.tinychat.com/4chan
[06:20:21:PM] neb: come to the new 4chan room http://www.tinychat.com/4chan
[06:20:23:PM] neb: come to the new 4chan room http://www.tinychat.com/4chan
[06:20:24:PM] neb: come to the new 4chan room http://www.tinychat.com/4chan
[06:20:26:PM] neb: come to the new 4chan room http://www.tinychat.com/4chan
[06:20:28:PM] neb: come to the new 4chan room http://www.tinychat.com/4chan
[06:20:29:PM] neb: come to the new 4chan room http://www.tinychat.com/4chan
[06:20:33:PM] neb: come to the new 4chan room http://www.tinychat.com/4chan
[06:20:35:PM] neb: come to the new 4chan room http://www.tinychat.com/4chan
[06:20:41:PM] neb: come to the new 4chan room http://www.tinychat.com/4chan
[06:20:43:PM] neb: come to the new 4chan room http://www.tinychat.com/4chan
[06:20:48:PM] neb: come to the new 4chan room http://www.tinychat.com/4chan
[06:20:54:PM] neb: come to the new 4chan room http://www.tinychat.com/4chan
[06:20:56:PM] neb: come to the new 4chan room http://www.tinychat.com/4chan
[06:20:58:PM] neb: come to the new 4chan room http://www.tinychat.com/4chan
[06:20:59:PM] MeKLiN: so never troll from fake accounts
[06:21:00:PM] neb: come to the new 4chan room http://www.tinychat.com/4chan
[06:21:03:PM] neb: come to the new 4chan room http://www.tinychat.com/4chan
[06:21:03:PM] MeKLiN: facebook support will own u
[06:21:06:PM] neb: come to the new 4chan room http://www.tinychat.com/4chan
[06:21:09:PM] neb: come to the new 4chan room http://www.tinychat.com/4chan
[06:21:11:PM] neb: come to the new 4chan room http://www.tinychat.com/4chan
[06:21:13:PM] neb: come to the new 4chan room http://www.tinychat.com/4chan
[06:21:13:PM] MeKLiN: i dont know how many people will get their case closed like mine
[06:21:19:PM] MeKLiN: i basically said it was a dead persons profile and got away with it
[06:21:20:PM] neb: come to the new 4chan room http://www.tinychat.com/4chan
[06:21:25:PM] neb: come to the new 4chan room http://www.tinychat.com/4chan
[06:21:25:PM] MeKLiN: i attempted to memorialize it from my main account
[06:21:27:PM] neb: come to the new 4chan room http://www.tinychat.com/4chan
[06:21:29:PM] neb: come to the new 4chan room http://www.tinychat.com/4chan
[06:21:31:PM] neb: come to the new 4chan room http://www.tinychat.com/4chan
[06:21:33:PM] neb: come to the new 4chan room http://www.tinychat.com/4chan
[06:21:38:PM] MeKLiN: whch was set as the legacy account holder (can login to ur account if ur dead basically)
[06:21:38:PM] neb: come to the new 4chan room http://www.tinychat.com/4chan
[06:21:40:PM] neb: come to the new 4chan room http://www.tinychat.com/4chan
[06:21:41:PM] MeKLiN: also in a rrelationship with it
[06:21:44:PM] neb: come to the new 4chan room http://www.tinychat.com/4chan
[06:21:46:PM] neb: come to the new 4chan room http://www.tinychat.com/4chan
[06:21:48:PM] neb: come to the new 4chan room http://www.tinychat.com/4chan
[06:21:50:PM] MeKLiN: they wanted to see a death certificate
[06:21:51:PM] neb: come to the new 4chan room http://www.tinychat.com/4chan
[06:21:53:PM] neb: come to the new 4chan room http://www.tinychat.com/4chan
[06:21:55:PM] neb: come to the new 4chan room http://www.tinychat.com/4chan
[06:21:58:PM] neb: come to the new 4chan room http://www.tinychat.com/4chan
[06:22:01:PM] neb: come to the new 4chan room http://www.tinychat.com/4chan
[06:22:01:PM] MeKLiN: but i showed a random website memorial from my city
[06:22:06:PM] neb: come to the new 4chan room http://www.tinychat.com/4chan
[06:22:07:PM] neb: come to the new 4chan room http://www.tinychat.com/4chan
[06:22:09:PM] R6:814045 Left the room.
[06:22:10:PM] neb: come to the new 4chan room http://www.tinychat.com/4chan
[06:22:12:PM] neb: come to the new 4chan room http://www.tinychat.com/4chan
[06:22:14:PM] MeKLiN: and they figured its why it had a fake name which couldnt be changed, cuz the person is dead
[06:22:14:PM] neb: come to the new 4chan room http://www.tinychat.com/4chan
[06:22:16:PM] neb: come to the new 4chan room http://www.tinychat.com/4chan
[06:22:19:PM] neb: come to the new 4chan room http://www.tinychat.com/4chan
[06:22:20:PM] MeKLiN: mind you the account never posted or anything in 10 years
[06:22:21:PM] neb: come to the new 4chan room http://www.tinychat.com/4chan
[06:22:23:PM] neb: come to the new 4chan room http://www.tinychat.com/4chan
[06:22:25:PM] neb: come to the new 4chan room http://www.tinychat.com/4chan
[06:22:27:PM] neb: come to the new 4chan room http://www.tinychat.com/4chan
[06:22:29:PM] neb: come to the new 4chan room http://www.tinychat.com/4chan
[06:22:31:PM] neb: come to the new 4chan room http://www.tinychat.com/4chan
[06:22:33:PM] neb: come to the new 4chan room http://www.tinychat.com/4chan
[06:22:35:PM] neb: come to the new 4chan room http://www.tinychat.com/4chan
[06:22:37:PM] neb: come to the new 4chan room http://www.tinychat.com/4chan
[06:22:38:PM] neb: come to the new 4chan room http://www.tinychat.com/4chan
[06:22:40:PM] neb: come to the new 4chan room http://www.tinychat.com/4chan
[06:22:42:PM] neb: come to the new 4chan room http://www.tinychat.com/4chan
[06:22:44:PM] neb: come to the new 4chan room http://www.tinychat.com/4chan
[06:22:52:PM] neb:814418 Left the room.
[06:23:26:PM] johnnqwertyuiop:814795 has account: johnnqwertyuiop
[06:23:27:PM] johnnqwertyuiop:814795 joined the room.
[06:23:34:PM] johnnqwertyuiop:814795 Left the room.
[06:23:56:PM] guest:814847 has account: profile
[06:23:56:PM] guest:814847 joined the room.
[06:23:58:PM] guest:814847 Changed nick to: Profile
[06:24:20:PM] maui: what is that huvia
[06:24:31:PM] J: pepsi max
[06:24:37:PM] J: obviously
[06:24:41:PM] Room Owner guest:814922:wtf
[06:24:41:PM] guest:814922 joined the room.
[06:24:43:PM] guest:814922 Changed nick to: WTF
[06:24:44:PM] WTF:814922 Left the room.
[06:24:47:PM] Room Owner WTF:814929:wtf
[06:24:47:PM] WTF:814929 joined the room.
[06:25:05:PM] MeKLiN: !bs tinychat.com/4chan
[06:25:05:PM] maui: i was hoping it was diet cola
[06:25:09:PM] MeKLiN: !lurkers 
[06:25:10:PM] MeKLiN: !noguest 
[06:25:12:PM] MeKLiN: !check 
[06:25:13:PM] MeKLiN: !tokes 
[06:25:15:PM] MeKLiN: !joke 
[06:25:24:PM] MeKLiN:813772 Left the room.
[06:25:25:PM] Room Owner MeKLiN:814993:meklin
[06:25:25:PM] MeKLiN:814993 joined the room.
[06:25:27:PM] MeKLiN:814993 is broadcasting.
[06:26:22:PM] Profile:814847 Left the room.
[06:26:24:PM] MeKLiN:814993 stopped broadcasting.
[06:26:26:PM] MeKLiN:814993 is broadcasting.
[06:26:55:PM] coffeezone:799616 stopped broadcasting.
[06:27:05:PM] coffeezone: all you had to do
[06:27:10:PM] coffeezone: was play planetside 2
[06:27:13:PM] coffeezone: now you suffer
[06:27:15:PM] coffeezone:799616 Left the room.
[06:27:24:PM] bigbob:815168 has account: bigdwwww
[06:27:24:PM] bigbob:815168 joined the room.
[06:27:29:PM] bigbob:815168 Left the room.
[06:27:34:PM] J: thats why youre alone sebby
[06:31:28:PM] Moderator Howsit:815523:whatwhatwhatwhat
[06:31:29:PM] Howsit:815523 joined the room.
[06:31:46:PM] Howsit:815523 Left the room.
[06:32:00:PM] Moderator Howsit:815563:whatwhatwhatwhat
[06:32:01:PM] Howsit:815563 joined the room.
[06:32:03:PM] FATHER888:815567 has account: allizdoomed888
[06:32:03:PM] FATHER888:815567 joined the room.
[06:32:29:PM] Howsit: wait no way
[06:32:43:PM] Howsit: its my mom
[06:32:44:PM] Sebby: https://www.youtube.com/watch?v=IoYWO03b71M
[06:32:49:PM] Howsit: Meklin
[06:33:25:PM] Howsit: Is mommy vacuuming like usual
[06:33:34:PM] Howsit: Mommy meklin
[06:33:44:PM] kzarq: thats exactly what every male thinks of you Seeby
[06:33:54:PM] kzarq: you are the male equivalent
[06:34:01:PM] Martial:815739 has account: qwrpjpio
[06:34:01:PM] Martial:815739 joined the room.
[06:34:18:PM] Howsit: MOM
[06:34:31:PM] Howsit: You don't have to sweep all the time
[06:35:19:PM] Howsit:815563 Left the room.
[06:36:25:PM] kzarq:813975 Left the room.
[06:38:24:PM] Martial:815739 Left the room.
[06:39:02:PM] up:816143 has account: uppy
[06:39:02:PM] up:816143 joined the room.
[06:39:14:PM] J: lol youre so mean sebby
[06:39:32:PM] up: j do u really have a dick?
[06:39:53:PM] up: meklin murdering furniture
[06:40:03:PM] up: the chair looked at him funny
[06:40:05:PM] MadManLotar:816244 has account: madmanlotar
[06:40:05:PM] MadManLotar:816244 joined the room.
[06:40:09:PM] J: its more fun if you dont know
[06:40:11:PM] MadManLotar:816244 is broadcasting.
[06:40:43:PM] up: meklin went full retard
[06:41:48:PM] up: what u gonna do about it, boy
[06:41:59:PM] maui: juvia wanna join the navy with me
[06:42:19:PM] up: maori got kicked out of army after two weeks
[06:42:20:PM] J: i dont think tell let me in
[06:42:25:PM] J: im from norway
[06:42:29:PM] maui: who said that
[06:42:52:PM] maui: yeah when our boats meet lets play hockey
[06:42:57:PM] maui: or rugby
[06:43:15:PM] J: i dont know how to play either
[06:43:17:PM] J: but sure
[06:43:24:PM] Bieber: maui why dont u talk on cam anymore
[06:43:46:PM] up: lol
[06:44:07:PM] up:816143 Left the room.
[06:44:29:PM] sharknado:816612 has account: tony8988
[06:44:29:PM] sharknado:816612 joined the room.
[06:44:43:PM] maui: eve been to antartica?
[06:44:46:PM] sharknado:816612 Left the room.
[06:44:52:PM] Bieber: why u ignoring me
[06:44:59:PM] maui: i wanna go there
[06:45:07:PM] maui: some time in my life
[06:46:00:PM] Moderator Maleficent:816719:2goodforyou
[06:46:00:PM] Maleficent:816719 joined the room.
[06:46:57:PM] maui: churs
[06:47:08:PM] J: that would probably be interesting
[06:50:48:PM] Bieber: maui u practicing riding my cock
[06:52:50:PM] kzarq:817334 has account: kzarq
[06:52:50:PM] kzarq:817334 joined the room.
[06:53:03:PM] kzarq:817334 Left the room.
[06:56:11:PM] up:817629 has account: uppy
[06:56:11:PM] up:817629 joined the room.
[06:56:26:PM] up: meklin always bitchin
[06:56:32:PM] MeKLiN: !ban up
[06:56:32:PM] Jura banned up
[06:56:32:PM] up:817629 Left the room.
[06:57:02:PM] kzarq:817689 has account: kzarq
[06:57:02:PM] kzarq:817689 joined the room.
[06:57:37:PM] kzarq:817689 Left the room.
[06:58:21:PM] sharknado:817819 has account: tony8988
[06:58:22:PM] sharknado:817819 joined the room.
[06:58:29:PM] sharknado:817819 Left the room.
[06:58:52:PM] Sebby:805048 Left the room.
[07:00:34:PM] Maleficent:816719 Left the room.
[07:03:18:PM] MadManLotar: interesting conbo
[07:03:24:PM] MadManLotar: convo*
[07:06:21:PM] maui: wanna do that workout iwth me mason
[07:06:28:PM] Katpiss: in a little bit
[07:06:33:PM] maui: start with 1 push up
[07:06:55:PM] Katpiss: i just drank my protein shake, so i'mgonna let it digest a bit
[07:07:00:PM] maui: then 1 sqaut 2 sit ups
[07:07:14:PM] maui: then 2 push ups
[07:07:26:PM] maui: 2 sqauts 4 sit ups
[07:07:34:PM] maui: then keep going
[07:07:41:PM] maui: till 10
[07:08:15:PM] maui: then thats 55 reps or each exercise
[07:08:39:PM] Room Owner Sebby:818632:th3psychward
[07:08:39:PM] Sebby:818632 joined the room.
[07:08:45:PM] Sebby:818632 is broadcasting.
[07:08:52:PM] squaz:818648 has account: lenseoftruth
[07:08:52:PM] squaz:818648 joined the room.
[07:08:59:PM] squaz:818648 is broadcasting.
[07:09:41:PM] squaz: magic israel?
[07:09:42:PM] squaz: wut
[07:09:54:PM] maui: ready mason?
[07:10:32:PM] Katpiss: in a little bit
[07:10:42:PM] Katpiss: i really need to digest or it gonna come up
[07:10:44:PM] maui: ill wait in push up postion till you get down
[07:11:05:PM] squaz: the holy land is secured by zionism and they put a real krusty krab there
[07:12:02:PM] Sympho:818890 has account: sympho
[07:12:02:PM] Sympho:818890 joined the room.
[07:12:06:PM] Sympho:818890 is broadcasting.
[07:13:32:PM] Sympho:818890 Left the room.
[07:13:38:PM] WEENIE:812049 Left the room.
[07:13:54:PM] skitzo:819038 has account: psychosis
[07:13:54:PM] skitzo:819038 joined the room.
[07:14:22:PM] squaz: china white heroin is for good boys surrounded by bad people
[07:14:36:PM] squaz: fuck the lesspure brown shit
[07:14:48:PM] squaz: I only ever snorted it years ago
[07:14:58:PM] Room Owner microispedo:819132:cocksnot
[07:14:58:PM] microispedo:819132 joined the room.
[07:15:10:PM] squaz: deleted dudes #
[07:15:13:PM] microispedo: heavy
[07:15:38:PM] frisky:819188 has account: friskyfish
[07:15:38:PM] frisky:819188 joined the room.
[07:15:43:PM] skitzo:819038 Left the room.
[07:15:45:PM] frisky:819188 Left the room.
[07:15:54:PM] squaz: I wanted to know what morphine might feel like
[07:15:55:PM] hytymz:819210 has account: hytymz
[07:15:55:PM] hytymz:819210 joined the room.
[07:16:01:PM] squaz: so im prepared for it
[07:16:21:PM] microispedo:819132 Left the room.
[07:16:23:PM] Room Owner microispedo:819250:cocksnot
[07:16:24:PM] microispedo:819250 joined the room.
[07:16:51:PM] hytymz:819210 Left the room.
[07:17:05:PM] hytymz:819317 has account: hytymz
[07:17:05:PM] hytymz:819317 joined the room.
[07:17:17:PM] squaz: mdma and the big green
[07:17:22:PM] squaz: for me
[07:17:34:PM] squaz: I binge on shit but then cut it out
[07:17:38:PM] squaz: not weed though
[07:17:47:PM] hytymz:819317 is broadcasting.
[07:17:54:PM] squaz: I smoke literally most of the time
[07:17:56:PM] microispedo:819250 Left the room.
[07:18:08:PM] squaz: was at more than an 8th a day
[07:18:08:PM] J:812539 stopped broadcasting.
[07:18:40:PM] J:812539 Left the room.
[07:19:08:PM] Room Owner microispedo:819513:cocksnot
[07:19:09:PM] microispedo:819513 joined the room.
[07:19:15:PM] microispedo:819513 is broadcasting.
[07:19:28:PM] squaz: cucksnot
[07:19:44:PM] maui: you ready
[07:20:10:PM] whereismybeloved:819590 has account: whereismybeloved
[07:20:10:PM] whereismybeloved:819590 joined the room.
[07:20:11:PM] whereismybeloved:819590 Left the room.
[07:20:15:PM] whereismybeloved:819598 has account: whereismybeloved
[07:20:15:PM] whereismybeloved:819598 joined the room.
[07:20:20:PM] MadManLotar: time to toke
[07:20:27:PM] whereismybeloved:819598 Left the room.
[07:20:48:PM] thexnator:819648 has account: rhohja420
[07:20:48:PM] thexnator:819648 joined the room.
[07:20:50:PM] WTF: Ew those teeth
[07:20:57:PM] WTF: Gross
[07:20:57:PM] MadManLotar: happy 420
[07:21:23:PM] thexnator:819648 Left the room.
[07:22:46:PM] squaz:818648 Left the room.
[07:23:32:PM] BM:819912 has account: karritkiller153
[07:23:32:PM] BM:819912 joined the room.
[07:24:27:PM] BM:819912 Left the room.
[07:25:09:PM] gothsauce:820024 has account: gothsauce
[07:25:10:PM] gothsauce:820024 joined the room.
[07:25:47:PM] dt321:820087 has account: dt321
[07:25:47:PM] dt321:820087 joined the room.
[07:25:49:PM] zane:820093 has account: wooferzane
[07:25:49:PM] zane:820093 joined the room.
[07:25:51:PM] zane:820093 Left the room.
[07:25:52:PM] zane:820097 has account: wooferzane
[07:25:52:PM] zane:820097 joined the room.
[07:25:57:PM] zane:820097 is broadcasting.
[07:26:09:PM] pussypiss:820127 has account: tchopie
[07:26:09:PM] pussypiss:820127 joined the room.
[07:26:13:PM] gothsauce:820024 Left the room.
[07:26:26:PM] zane: man i wish i could keep my shirt off like u sebby
[07:26:30:PM] zane: but my tits get me banned
[07:26:32:PM] pussypiss: mittens!
[07:26:42:PM] dt321:820087 Left the room.
[07:27:49:PM] pussypiss: wtf
[07:29:15:PM] pussypiss: have u gone crazy?!
[07:29:33:PM] microispedo:819513 stopped broadcasting.
[07:30:52:PM] guest:820578 has account: bedre
[07:30:52:PM] guest:820578 joined the room.
[07:30:57:PM] guest:820578 Changed nick to: Ever
[07:31:02:PM] microispedo:819513 Left the room.
[07:31:04:PM] benji443ukoutlaws:820607 has account: thebesthomerx
[07:31:04:PM] benji443ukoutlaws:820607 joined the room.
[07:31:04:PM] Room Owner microispedo:820608:cocksnot
[07:31:05:PM] microispedo:820608 joined the room.
[07:31:36:PM] benji443ukoutlaws:820607 Left the room.
[07:31:42:PM] Ever:820578 Left the room.
[07:32:25:PM] maui: churs kuri
[07:33:12:PM] Martial:820829 has account: qwrpjpio
[07:33:13:PM] Martial:820829 joined the room.
[07:33:30:PM] pussypiss:820127 Left the room.
[07:33:43:PM] pussypiss:820883 has account: tchopie
[07:33:44:PM] pussypiss:820883 joined the room.
[07:33:59:PM] microispedo:820608 is broadcasting.
[07:34:31:PM] mowgli:820961 has account: honest
[07:34:31:PM] mowgli:820961 joined the room.
[07:34:31:PM] microispedo: let me pack another
[07:34:33:PM] microispedo: that was ash
[07:34:41:PM] pussypiss: wtf...
[07:35:13:PM] mowgli:820961 Left the room.
[07:35:49:PM] Martial: Maori idk if it's just the cam angle but you honestly look softer and smaller than before.
[07:36:08:PM] Martial: Do they not feed you and let you sleep at basic?
[07:36:10:PM] Martial: Would explain it.
[07:36:12:PM] microispedo: you just got fatter marsha
[07:36:25:PM] Martial: No No I have an 8 pack and weigh 200 lbs vs 215 lbs 7 mnths ago
[07:36:27:PM] Martial: def not fatter here
[07:36:34:PM] Martial: Stupid girl.
[07:36:55:PM] pussypiss: mittens pretty
[07:37:27:PM] Katpiss: at 40 each
[07:37:38:PM] maui: join te navy with me mitties
[07:37:41:PM] FATHER888:815567 Left the room.
[07:37:45:PM] microispedo: no
[07:37:49:PM] Martial: lol mittens can't even cook herself dinner let alone join the military.
[07:38:10:PM] microispedo: i'm gonna become a nazi
[07:38:16:PM] Martial: Lol
[07:38:17:PM] maui: found out i could be a medic
[07:38:26:PM] maui: radar opeator
[07:38:50:PM] Katpiss: those are both fun
[07:39:00:PM] Martial: how was it going without weed for 2 months?
[07:39:02:PM] Katpiss: the medic seams like training would be more hands on and involved
[07:39:05:PM] gaahl:821342 has account: ghaal555
[07:39:05:PM] gaahl:821342 joined the room.
[07:39:30:PM] maui: amazing
[07:39:33:PM] Martial: I'm sure.
[07:39:38:PM] maui: an .4 k in 10 mins
[07:39:42:PM] guest:821394 has account: thiswebsitesucks
[07:39:43:PM] guest:821394 joined the room.
[07:39:45:PM] guest:821394 is broadcasting.
[07:39:46:PM] maui: 2.4
[07:40:15:PM] gaahl:821342 Left the room.
[07:40:23:PM] Martial: that's not hard.
[07:40:27:PM] Martial: 1.5 miles in 10 mins
[07:40:38:PM] MadManLotar: we got to roll another up
[07:40:42:PM] MadManLotar: give us a sec
[07:41:16:PM] maui: white boys were running it in 8
[07:41:36:PM] squaz:821548 has account: lenseoftruth
[07:41:36:PM] squaz:821548 joined the room.
[07:41:39:PM] squaz:821548 is broadcasting.
[07:41:40:PM] microispedo: i saw a huge rainbow before when i went for a walk
[07:41:47:PM] microispedo: it was so wide
[07:41:50:PM] squaz: ever see a double rainbow
[07:41:51:PM] Martial: Props to you Maori for joining something greater than yourself.
[07:41:56:PM] squaz: I have
[07:41:59:PM] microispedo: ya
[07:42:00:PM] bigboi420:821596 has account: bigboi420
[07:42:01:PM] bigboi420:821596 joined the room.
[07:42:02:PM] Martial: You should be proud.
[07:42:03:PM] microispedo: they r pretty common
[07:42:20:PM] squaz: fuck i was sweating
[07:42:23:PM] maui: omg my friend said rain bows ae gods sign he wont flood the world
[07:42:23:PM] squaz: shirt stuck
[07:42:29:PM] squaz: DOOR STUCK DOOR STUCK
[07:42:32:PM] maui: thats like his promise
[07:42:36:PM] microispedo: it's gonna storm later
[07:42:46:PM] bigboi420:821596 Left the room.
[07:42:48:PM] squaz: someone rang my door bell
[07:42:56:PM] maui: im gonna go camp out side
[07:43:01:PM] squaz: twice and then walked away before i got my mom to answer it
[07:43:15:PM] microispedo: fuck that
[07:43:19:PM] microispedo: theres like snow storms in the south rn
[07:43:28:PM] guest:821394 Left the room.
[07:43:30:PM] maui: that would be fun
[07:43:45:PM] floridaman:821746 has account: floridaman
[07:43:46:PM] floridaman:821746 joined the room.
[07:43:46:PM] microispedo: you could see the aurora lights in the south island this year
[07:43:48:PM] pussypiss:820883 Left the room.
[07:43:55:PM] microispedo: i hate living in the nigger north
[07:43:56:PM] floridaman:821746 is broadcasting.
[07:43:59:PM] maui: lucky fuckers
[07:44:10:PM] Martial: Th noth
[07:44:20:PM] maui: we saw like planets and shit in the kaimais
[07:44:33:PM] microispedo: lul wtf
[07:44:35:PM] floridaman:821746 Left the room.
[07:44:35:PM] floridaman:821812 has account: floridaman
[07:44:36:PM] floridaman:821812 joined the room.
[07:44:38:PM] microispedo: i want to go into the kaimais
[07:44:39:PM] floridaman:821812 Left the room.
[07:44:41:PM] microispedo: like where you can walk
[07:44:45:PM] microispedo: ive only been on the road
[07:44:52:PM] Martial: Maori nigger you should join spec ops
[07:45:01:PM] microispedo: theres prob a million birds in there
[07:45:02:PM] maui: yeah we walked like 15 km each day
[07:45:05:PM] maui: and camped
[07:45:26:PM] squaz: shower plebs take a bath like a boomer
[07:45:28:PM] guest:821882 has account: tobyangel
[07:45:28:PM] guest:821882 joined the room.
[07:45:30:PM] 123x:821889 has account: priesty
[07:45:30:PM] 123x:821889 joined the room.
[07:45:32:PM] squaz: warm bath rubber duck
[07:45:34:PM] Martial: fuck I wish I didn't have to quit weed to join military I'm low key jealous maori.
[07:45:42:PM] Martial: I want to jump out of planes and shit.
[07:45:44:PM] squaz: soap bubbles in the water
[07:45:47:PM] guest:821882 Left the room.
[07:45:49:PM] microispedo: the military is for suicidal closeted fags
[07:45:52:PM] microispedo: join anyway marsha
[07:45:54:PM] squaz: maybe a cigarette or joint
[07:46:00:PM] Martial: I need to pass a drug test before basic.
[07:46:04:PM] Martial: then I'm pretty much good
[07:46:08:PM] Martial: So i have to quit weed fully for a month
[07:46:11:PM] IronGrasp:821947 has account: amonrae331
[07:46:11:PM] IronGrasp:821947 joined the room.
[07:46:19:PM] squaz: tea tree oil shanpoo is fucking magic
[07:46:24:PM] Martial: I'll also go to OCS
[07:46:30:PM] IronGrasp:821947 is broadcasting.
[07:46:30:PM] Martial: Since I have a college degree
[07:46:33:PM] squaz: little dab is very strong smelling
[07:46:37:PM] squaz: like menthol or mint
[07:46:43:PM] microispedo: dandruff
[07:47:00:PM] squaz: shit keeps your hair not oily for days
[07:47:02:PM] maui: no peen touching
[07:47:08:PM] squaz: unless you sweat a lot
[07:47:09:PM] whereismybeloved:822005 has account: whereismybeloved
[07:47:10:PM] whereismybeloved:822005 joined the room.
[07:47:11:PM] maui: no fufus for 6 weeks
[07:47:20:PM] r1cky1:822039 has account: r1cky1
[07:47:21:PM] r1cky1:822039 joined the room.
[07:47:35:PM] whereismybeloved: hi
[07:48:24:PM] r1cky1:822039 Left the room.
[07:48:27:PM] giul:822138 has account: giuliboy
[07:48:27:PM] giul:822138 joined the room.
[07:48:33:PM] WTF:814929 Left the room.
[07:48:36:PM] silentstorm:822150 has account: jamesmogford
[07:48:36:PM] silentstorm:822150 joined the room.
[07:48:42:PM] giul:822138 Left the room.
[07:48:53:PM] IronGrasp: ur aight cept pedom, she nasty
[07:48:53:PM] silentstorm:822150 Left the room.
[07:49:32:PM] Room Owner coffeezone:822216:coffeetalk
[07:49:32:PM] coffeezone:822216 joined the room.
[07:49:44:PM] IronGrasp: gurty
[07:50:33:PM] 123x:821889 Left the room.
[07:50:38:PM] IronGrasp:821947 Left the room.
[07:50:41:PM] Martial: loook at this goofsoup nigga ass
[07:51:28:PM] MicroIndulgence:758059 stopped broadcasting.
[07:51:36:PM] Z_Aliens:822362 has account: liquidstrange
[07:51:36:PM] Z_Aliens:822362 joined the room.
[07:51:55:PM] D_Real_Bear:822388 has account: bears12
[07:51:55:PM] D_Real_Bear:822388 joined the room.
[07:51:56:PM] Z_Aliens:822362 Left the room.
[07:52:01:PM] D_Real_Bear:822388 Left the room.
[07:52:05:PM] FATHER888:822402 has account: allizdoomed888
[07:52:05:PM] FATHER888:822402 joined the room.
[07:52:17:PM] MicroIndulgence:758059 Left the room.
[07:52:18:PM] Room Owner MicroIndulgence:822418:microindulgence
[07:52:19:PM] MicroIndulgence:822418 joined the room.
[07:52:29:PM] Martial: Mittens nice short hair
[07:52:32:PM] Martial: thicc
[07:52:43:PM] Martial: LOL
[07:53:25:PM] James:822499 has account: jimtomlinson
[07:53:25:PM] James:822499 joined the room.
[07:53:25:PM] whereismybeloved:822005 Left the room.
[07:53:28:PM] WTF:822506 has account: mohmal
[07:53:28:PM] WTF:822506 joined the room.
[07:53:36:PM] WTF:822506 Left the room.
[07:54:01:PM] James:822499 Left the room.
[07:54:18:PM] microispedo: who is whereismybeloved
[07:54:24:PM] Martial: me
[07:54:26:PM] squaz:821548 Left the room.
[07:54:28:PM] microispedo: orly
[07:54:38:PM] microispedo: whereismybeloved 11:53:10am
cya snoot

whereismybeloved 11:54:28am 11:53:16am
you are one of my favorite peoples in the world
[07:54:44:PM] guest:822627 has account: thiswebsitesucks
[07:54:44:PM] guest:822627 joined the room.
[07:54:46:PM] guest:822627 is broadcasting.
[07:54:46:PM] Martial: yes
[07:54:52:PM] microispedo: that aint you
[07:54:53:PM] Martial: you are one of my favorite peoples in the world.
[07:54:55:PM] microispedo: poseur
[07:55:12:PM] Martial: lol
[07:55:13:PM] coffeezone:822216 is broadcasting.
[07:55:16:PM] microispedo: i think it's jedi
[07:55:18:PM] microispedo: tbh
[07:55:31:PM] microispedo: zane has a child
[07:55:38:PM] microispedo: sew smol
[07:55:42:PM] Martial: lmao
[07:55:46:PM] Martial: imagine having a fuckin child
[07:55:48:PM] Martial: shit
[07:55:51:PM] Sebby:818632 stopped broadcasting.
[07:55:51:PM] Sebby:818632 Left the room.
[07:55:52:PM] Room Owner Sebby:822716:th3psychward
[07:55:53:PM] Sebby:822716 joined the room.
[07:55:56:PM] microispedo: its prob his sibling
[07:55:59:PM] Martial: sounds like a mess.
[07:56:00:PM] Sebby:822716 is broadcasting.
[07:56:06:PM] Martial: If I had a child oof
[07:56:08:PM] microispedo: i'm going 2 do yoga
[07:56:10:PM] Martial: I'd have to start working.
[07:56:13:PM] coffeezone: my cookies say goy on them
[07:56:18:PM] maui: can i join
[07:56:18:PM] microispedo: lul
[07:56:20:PM] microispedo: no
[07:56:29:PM] microispedo: i aint doing that shit on cam
[07:56:36:PM] Hookedonafeeling:822775 has account: whatsyourpleasur
[07:56:36:PM] Hookedonafeeling:822775 joined the room.
[07:56:42:PM] microispedo: i wish itchy would tho
[07:56:45:PM] maui: just yell the postion
[07:56:52:PM] coffeezone: they are very good
[07:56:53:PM] Martial: today is my first full rest day in weeks I slept on and off all day
[07:56:55:PM] Hookedonafeeling: money is shit can we get a new system pls
[07:56:58:PM] microispedo: r they dutch
[07:56:58:PM] Hookedonafeeling: lol
[07:56:59:PM] microispedo: or something
[07:57:00:PM] Sebby kicked guest
[07:57:00:PM] guest:822627 Left the room.
[07:57:04:PM] guest:822814 has account: thiswebsitesucks
[07:57:04:PM] guest:822814 joined the room.
[07:57:06:PM] guest:822814 is broadcasting.
[07:57:09:PM] coffeezone: spanish import lol
[07:57:12:PM] microispedo: weird
[07:57:16:PM] Sebby: closed guest
[07:57:16:PM] guest:822814 stopped broadcasting.
[07:57:25:PM] green room enabled
[07:57:34:PM] Martial: mittens show that bald head
[07:57:35:PM] Martial: sexy
[07:57:38:PM] microispedo: nah
[07:57:40:PM] Martial: lol
[07:57:42:PM] microispedo: i'm getting on the floor
[07:57:48:PM] Martial: lmao mittens doing yoga
[07:57:51:PM] guest:822814 Left the room.
[07:57:51:PM] Hookedonafeeling: dude I like the way yo cut..your hair
[07:57:51:PM] Ginger:822872 has account: gingey
[07:57:52:PM] Ginger:822872 joined the room.
[07:57:56:PM] Ginger:822872 Left the room.
[07:58:00:PM] microispedo: same
[07:58:06:PM] microispedo: it's so easy to wash now
[07:58:13:PM] Hookedonafeeling: stop cutting ur body damn it
[07:58:39:PM] coffeezone started youtube video (Perfect Dark BGM - Deep Sea Nullify Threat - Beta Ver.)
[07:58:39:PM] YouTube: coffeezone started "Perfect Dark BGM - Deep Sea Nullify Threat - Beta Ver."
[07:58:52:PM] coffeezone: white people music
[07:59:14:PM] coffeezone:822216 Left the room.
[07:59:15:PM] Room Owner coffeezone:822986:coffeetalk
[07:59:15:PM] coffeezone:822986 joined the room.
[07:59:17:PM] coffeezone:822986 is broadcasting.
[07:59:22:PM] microispedo: can we open mic
[07:59:24:PM] microispedo: i got a good song
[07:59:25:PM] microispedo: goin
[07:59:44:PM] coffeezone: did you ever need permission for open mic before
[07:59:53:PM] microispedo: well idk if anyone is on open mic
[07:59:55:PM] microispedo: cus i'm muted
[08:00:06:PM] microispedo: i usually do it when other people are
[08:00:14:PM] maui: just sebby
[08:00:24:PM] microispedo: so he's not listening to the room
[08:00:32:PM] maui: doing voddoo
[08:00:39:PM] microispedo: my good song ended
[08:01:08:PM] FATHER888:822402 Left the room.
[08:01:11:PM] microispedo: wish jewvia was still here
[08:01:14:PM] microispedo: with her drag makeup
[08:01:19:PM] microispedo: it was intense
[08:01:25:PM] microispedo: spider lashes
[08:01:27:PM] Hookedonafeeling:822775 Left the room.
[08:01:33:PM] microispedo: sharpie eyebrows
[08:01:45:PM] Martial: my parents jsut offered me 400 dollars to shave my beard before my cousins wedding lol
[08:01:58:PM] kilpokiuj:823193 has account: lyotard
[08:01:58:PM] kilpokiuj:823193 joined the room.
[08:02:11:PM] The youtube (bnf02CW_xY8) was stopped.
[08:02:16:PM] Martial: idt I'm going to do it
[08:02:34:PM] Katpiss: don't do it
[08:02:44:PM] Katpiss: be the beared man in the photographs
[08:02:46:PM] microispedo: ask for $420
[08:02:57:PM] coffeezone started youtube video (Deus Ex - DuClare Chateau)
[08:02:57:PM] YouTube: coffeezone started "Deus Ex - DuClare Chateau"
[08:02:59:PM] Martial: 400 bucks I could buy a bunch of weed new heavy bag
[08:03:01:PM] Katpiss: say 420 or no deal
[08:03:02:PM] Martial: and month of jiu jitsu
[08:03:05:PM] coffeezone: >putting a price tag on your dignity
[08:03:16:PM] Martial: or I could landscape for two days and make that same money
[08:03:18:PM] Martial: fuck it
[08:03:19:PM] coffeezone: >offering your dignity for pocket change as a gift at a wedding
[08:03:20:PM] Martial: I'm not shaving
[08:03:34:PM] kilpokiuj: TAGLINE FOR THIS ROOM SHOULD BE -COME FOR THE BEWBS STAY FOR THE AUTISM
[08:03:35:PM] microispedo: shave one side of your face
[08:03:37:PM] microispedo: for the wedding
[08:03:41:PM] microispedo: just to piss them off
[08:03:44:PM] Martial: lmao
[08:03:45:PM] Katpiss: i say offer it for 420, for the chuckle
[08:03:59:PM] maui: get half my face tatted
[08:04:25:PM] Martial: I think the beard looks good and I want to keep it indefinitely not going to cave in for short term gratification
[08:04:28:PM] Martial: I know I'll regret it
[08:04:38:PM] microispedo: facial hair is ugly
[08:04:42:PM] Martial: not mine
[08:04:45:PM] likethedeer:823427 has account: deergray
[08:04:45:PM] likethedeer:823427 joined the room.
[08:04:53:PM] IronGrasp:823440 has account: amonrae331
[08:04:53:PM] IronGrasp:823440 joined the room.
[08:04:53:PM] kilpokiuj: GET HALF YOUR FACE REMOVED THEN YOULL ONLY HAVE TO SHAVE HALF THE REST OF YOUR LIFE
[08:05:01:PM] IronGrasp:823440 is waiting in the green room.
[08:05:01:PM] likethedeer:823427 is waiting in the green room.
[08:05:07:PM] maui: martial wanna do some iluminatiii workouts or you to tireed?
[08:05:16:PM] microispedo: men only grow that shit to cover weak jawlines and fat acne filled faces
[08:05:19:PM] microispedo: it's gross
[08:05:22:PM] microispedo: pubey shit
[08:05:22:PM] Martial: what gay workout is that
[08:05:22:PM] IronGrasp: madson
[08:05:26:PM] Katpiss: maybe they want you to shave it, because your cousin has a baby face
[08:05:27:PM] microispedo: you look like a terrorist
[08:05:32:PM] microispedo: stranded in a desert
[08:05:41:PM] Katpiss allowed likethedeer
[08:05:41:PM] likethedeer:823427 is broadcasting.
[08:05:43:PM] Martial: I feel authentic with facial hair
[08:05:43:PM] IronGrasp: u did gudfrus
[08:05:49:PM] kilpokiuj: I GROW A BEARD TO DETER WIMMINZ
[08:06:02:PM] microispedo: i shaved my head so more men would want to fuck me
[08:06:03:PM] Martial: I downloaded tinder and have only matched with ugly girls
[08:06:04:PM] IronGrasp:823440 Left the room.
[08:06:04:PM] microispedo: and get denied
[08:06:06:PM] IronGrasp:823565 has account: amonrae331
[08:06:06:PM] IronGrasp:823565 joined the room.
[08:06:10:PM] IronGrasp:823565 is waiting in the green room.
[08:06:12:PM] Martial: I think I get it
[08:06:12:PM] Katpiss allowed IronGrasp
[08:06:12:PM] IronGrasp:823565 is broadcasting.
[08:06:14:PM] Martial: I'm an ugly man
[08:06:15:PM] The youtube (uX0hU7jQ5O4) was stopped.
[08:06:27:PM] caloe:823600 has account: calebchristopher
[08:06:27:PM] caloe:823600 joined the room.
[08:06:41:PM] maui: do 1 push up 1 sit up 1 sqaut 1 more sit up the 2 of each then 3
[08:06:49:PM] maui: then go to 10
[08:07:01:PM] coffeezone started youtube video (testing out my new gaim glass 2019 06 16 17 52 04works good)
[08:07:01:PM] YouTube: coffeezone started "testing out my new gaim glass 2019 06 16 17 52 04works good"
[08:07:23:PM] coffeezone: pretty cool video
[08:07:26:PM] The youtube (NRAAeYDczOU) was stopped.
[08:07:29:PM] Martial: lmao
[08:07:40:PM] Martial: sounds like a goo dwork out maori but I'm trying to chill today
[08:07:42:PM] coffeezone started youtube video (Kenny Loggins - Danger Zone (Video))
[08:07:42:PM] YouTube: coffeezone started "Kenny Loggins - Danger Zone (Video)"
[08:07:45:PM] caloe:823600 is waiting in the green room.
[08:07:47:PM] kilpokiuj:823193 Left the room.
[08:07:50:PM] Martial: Just doing light light stretching throughout day
[08:07:56:PM] Martial: and isometric work
[08:07:59:PM] bs:823747 has account: bs44
[08:07:59:PM] bs:823747 joined the room.
[08:08:01:PM] Katpiss allowed caloe
[08:08:02:PM] IronGrasp:823565 Left the room.
[08:08:02:PM] caloe:823600 is broadcasting.
[08:08:20:PM] maui: okay you tired
[08:08:26:PM] maui: have a sleep
[08:08:30:PM] guest:823785 has account: paytinychat
[08:08:30:PM] guest:823785 joined the room.
[08:08:31:PM] maui: all that good stuff
[08:08:34:PM] guest: IF YOU'RE A DUDE AND ON WELFARE YOU CAN'T HAVE KIDS SO JUST ADOPT A BUNCH OF KIDS CAUSE THE MORE KIDS THE MORE WELFARE, BABY BONUS MONEY AND OTHER GOVERNMENT MONEY YOU WILL GET!
[08:08:36:PM] guest:823785 Left the room.
[08:08:40:PM] Nohinname:823792 has account: nohinname
[08:08:41:PM] Nohinname:823792 joined the room.
[08:09:08:PM] microispedo: churs kuri teko
[08:09:10:PM] likethedeer:823427 Left the room.
[08:09:14:PM] Nohinname:823792 Left the room.
[08:09:21:PM] bs:823747 Left the room.
[08:09:23:PM] caloe:823600 Left the room.
[08:09:37:PM] MicroIndulgence: mittens
[08:09:37:PM] maui: churs kuri
[08:10:18:PM] microispedo: i'm not 14
[08:10:21:PM] microispedo: don't talk 2 me micro
[08:10:35:PM] maui: or a crack head micro
[08:10:45:PM] microispedo: i don't have std's to give you either
[08:11:10:PM] MicroIndulgence: someone wants my attention
[08:11:12:PM] MicroIndulgence: with a name like that
[08:11:13:PM] Mada:824041 has account: mohamedfathy
[08:11:13:PM] Mada:824041 joined the room.
[08:11:13:PM] MicroIndulgence: pathetic
[08:11:21:PM] maui: ♥
[08:11:28:PM] The youtube (siwpn14IE7E) was stopped.
[08:11:44:PM] Mada:824041 Left the room.
[08:12:05:PM] GYGO:824123 has account: auckperson
[08:12:06:PM] GYGO:824123 joined the room.
[08:12:51:PM] coffeezone started youtube video (On My Way - Galaktikon)
[08:12:51:PM] YouTube: coffeezone started "On My Way - Galaktikon"
[08:13:16:PM] GYGO:824123 Left the room.
[08:16:09:PM] zane: babies be smellin foul
[08:16:14:PM] zane: illegal
[08:16:27:PM] guest:824501 has account: thiswebsitesucks
[08:16:27:PM] guest:824501 joined the room.
[08:16:30:PM] guest:824501 is waiting in the green room.
[08:16:41:PM] guest:824501 Left the room.
[08:16:54:PM] R6:824546 has account: quietriot
[08:16:55:PM] R6:824546 joined the room.
[08:16:57:PM] green room disabled
[08:17:01:PM] R6:824546 is broadcasting.
[08:17:04:PM] Martial:820829 Left the room.
[08:17:09:PM] coffeezone: sebby if youre so bored play planetside you complete fool
[08:17:14:PM] IronGrasp:824577 has account: amonrae331
[08:17:15:PM] IronGrasp:824577 joined the room.
[08:17:19:PM] coffeezone: theres all these people to abuse in this game
[08:17:22:PM] IronGrasp:824577 is broadcasting.
[08:18:14:PM] The youtube (Bpd3j3ZMRks) was stopped.
[08:18:15:PM] benji443ukoutlaws:824662 has account: thebesthomerx
[08:18:15:PM] benji443ukoutlaws:824662 joined the room.
[08:18:41:PM] coffeezone started youtube video (The Agenda)
[08:18:41:PM] YouTube: coffeezone started "The Agenda"
[08:18:47:PM] benji443ukoutlaws:824662 Left the room.
[08:18:49:PM] Sebby: https://tinychat.com/room/treehouse
[08:19:43:PM] Sebby: https://gyazo.com/7cb28ddfde430db27136edcb046437d9
[08:20:17:PM] zane: at least they're blatently honest
[08:20:44:PM] The_Boosh:824848 has account: theboosh
[08:20:44:PM] The_Boosh:824848 joined the room.
[08:20:50:PM] The_Boosh:824848 Left the room.
[08:20:54:PM] Emiley:824862 has account: 3miley
[08:20:55:PM] Emiley:824862 joined the room.
[08:20:57:PM] Emiley: https://tinychat.com/room/reformedpub
[08:21:00:PM] Emiley:824862 Left the room.
[08:21:18:PM] Ray:824897 has account: reformedpub
[08:21:19:PM] Ray:824897 joined the room.
[08:21:22:PM] Ray: https://tinychat.com/room/reformedpub
[08:21:23:PM] Ray:824897 Left the room.
[08:21:38:PM] took:824926 has account: priesty
[08:21:38:PM] took:824926 joined the room.
[08:21:40:PM] R6: lemonparty.com
[08:21:44:PM] MeKLiN: !bs https://tinychat.com/room/reformedpub
[08:21:48:PM] took:824926 Left the room.
[08:22:22:PM] The youtube (7i49X2I-vcg) was stopped.
[08:22:25:PM] zane: lol
[08:22:48:PM] zane: tittens put on a shirt
[08:23:04:PM] Sebby: 🔴🔴🔴🔴🔴🔴⚪⚪⚪🔴🔴🔴🔴🔴🔴
🔴🔴🔴🔴🔴⚪⚪⚪⚪⚪🔴🔴🔴🔴🔴
🔴🔴🔴🔴⚪⚪⚪⚫⚪⚪⚪🔴🔴🔴🔴
🔴🔴🔴⚪⚪⚪⚫⚫⚫⚪⚪⚪🔴🔴🔴
🔴🔴⚪⚪⚪⚫⚫⚫⚪⚪⚪⚪⚪🔴🔴
🔴⚪⚪⚪⚫⚫⚫⚪⚪⚪⚫⚪⚪⚪🔴
⚪⚪⚪⚫⚫⚫⚪⚪⚪⚫⚫⚫⚪⚪⚪
⚪⚪⚪⚪⚫⚫⚫⚪⚫⚫⚫⚫⚫⚪⚪
⚪⚫⚪⚪⚪⚫⚫⚫⚫⚫⚪⚫⚫⚫⚪
⚫⚫⚫⚪⚪⚪⚫⚫⚫⚪⚪⚪⚫⚫⚫
⚪⚫⚫⚫⚪⚫⚫⚫⚫⚫⚪⚪⚪⚫⚪
⚪⚪⚫⚫⚫⚫⚫⚪⚫⚫⚫⚪⚪⚪⚪
⚪⚪⚪⚫⚫⚫⚪⚪⚪⚫⚫⚫⚪⚪⚪
🔴⚪⚪⚪⚫⚪⚪⚪⚫⚫⚫⚪⚪⚪🔴
🔴🔴⚪⚪⚪⚪⚪⚫⚫⚫⚪⚪⚪🔴🔴
🔴🔴🔴⚪⚪⚪⚫⚫⚫⚪⚪⚪🔴🔴🔴
🔴🔴🔴🔴⚪⚪⚪⚫⚪⚪⚪🔴🔴🔴🔴
🔴🔴🔴🔴🔴⚪⚪⚪⚪⚪🔴🔴🔴🔴🔴
🔴🔴🔴🔴🔴🔴⚪⚪⚪🔴🔴🔴🔴🔴🔴
[08:23:09:PM] R6: lemonparty.com
[08:23:30:PM] zane: are u sure that's spam ?
[08:23:35:PM] zane: seems pretty directional
[08:23:36:PM] coffeezone: planetside 2
[08:23:36:PM] Martial:825145 has account: qwrpjpio
[08:23:37:PM] Martial:825145 joined the room.
[08:23:41:PM] Bieber:814444 stopped broadcasting.
[08:25:18:PM] R6: shit looks fun as fuck
[08:25:39:PM] Sebby: 🔴🔴🔴🔴🔴🔴⚪⚪⚪🔴🔴🔴🔴🔴🔴
🔴🔴🔴🔴🔴⚪⚪⚪⚪⚪🔴🔴🔴🔴🔴
🔴🔴🔴🔴⚪⚪⚪⚫⚪⚪⚪🔴🔴🔴🔴
🔴🔴🔴⚪⚪⚪⚫⚫⚫⚪⚪⚪🔴🔴🔴
🔴🔴⚪⚪⚪⚫⚫⚫⚪⚪⚪⚪⚪🔴🔴
🔴⚪⚪⚪⚫⚫⚫⚪⚪⚪⚫⚪⚪⚪🔴
⚪⚪⚪⚫⚫⚫⚪⚪⚪⚫⚫⚫⚪⚪⚪
⚪⚪⚪⚪⚫⚫⚫⚪⚫⚫⚫⚫⚫⚪⚪
⚪⚫⚪⚪⚪⚫⚫⚫⚫⚫⚪⚫⚫⚫⚪
⚫⚫⚫⚪⚪⚪⚫⚫⚫⚪⚪⚪⚫⚫⚫
⚪⚫⚫⚫⚪⚫⚫⚫⚫⚫⚪⚪⚪⚫⚪
⚪⚪⚫⚫⚫⚫⚫⚪⚫⚫⚫⚪⚪⚪⚪
⚪⚪⚪⚫⚫⚫⚪⚪⚪⚫⚫⚫⚪⚪⚪
🔴⚪⚪⚪⚫⚪⚪⚪⚫⚫⚫⚪⚪⚪🔴
🔴🔴⚪⚪⚪⚪⚪⚫⚫⚫⚪⚪⚪🔴🔴
🔴🔴🔴⚪⚪⚪⚫⚫⚫⚪⚪⚪🔴🔴🔴
🔴🔴🔴🔴⚪⚪⚪⚫⚪⚪⚪🔴🔴🔴🔴
🔴🔴🔴🔴🔴⚪⚪⚪⚪⚪🔴🔴🔴🔴🔴
🔴🔴🔴🔴🔴🔴⚪⚪⚪🔴🔴🔴🔴🔴🔴https://tinychat.com/room/th3psychward
[08:26:01:PM] Sebby: 🔴🔴🔴🔴🔴🔴⚪⚪⚪🔴🔴🔴🔴🔴🔴
🔴🔴🔴🔴🔴⚪⚪⚪⚪⚪🔴🔴🔴🔴🔴
🔴🔴🔴🔴⚪⚪⚪⚫⚪⚪⚪🔴🔴🔴🔴
🔴🔴🔴⚪⚪⚪⚫⚫⚫⚪⚪⚪🔴🔴🔴
🔴🔴⚪⚪⚪⚫⚫⚫⚪⚪⚪⚪⚪🔴🔴
🔴⚪⚪⚪⚫⚫⚫⚪⚪⚪⚫⚪⚪⚪🔴
⚪⚪⚪⚫⚫⚫⚪⚪⚪⚫⚫⚫⚪⚪⚪
⚪⚪⚪⚪⚫⚫⚫⚪⚫⚫⚫⚫⚫⚪⚪
⚪⚫⚪⚪⚪⚫⚫⚫⚫⚫⚪⚫⚫⚫⚪
⚫⚫⚫⚪⚪⚪⚫⚫⚫⚪⚪⚪⚫⚫⚫
⚪⚫⚫⚫⚪⚫⚫⚫⚫⚫⚪⚪⚪⚫⚪
⚪⚪⚫⚫⚫⚫⚫⚪⚫⚫⚫⚪⚪⚪⚪
⚪⚪⚪⚫⚫⚫⚪⚪⚪⚫⚫⚫⚪⚪⚪
🔴⚪⚪⚪⚫⚪⚪⚪⚫⚫⚫⚪⚪⚪🔴
🔴🔴⚪⚪⚪⚪⚪⚫⚫⚫⚪⚪⚪🔴🔴
🔴🔴🔴⚪⚪⚪⚫⚫⚫⚪⚪⚪🔴🔴🔴
🔴🔴🔴🔴⚪⚪⚪⚫⚪⚪⚪🔴🔴🔴🔴
🔴🔴🔴🔴🔴⚪⚪⚪⚪⚪🔴🔴🔴🔴🔴
🔴🔴🔴🔴🔴🔴⚪⚪⚪🔴🔴🔴🔴🔴🔴tinychat.com/room/th3psychward come and get it because you cant spam anymore TOP KEK
[08:26:13:PM] Mathew:825409 has account: mathew2223
[08:26:13:PM] Mathew:825409 joined the room.
[08:26:19:PM] Mathew:825409 Left the room.
[08:26:34:PM] R6:824546 Left the room.
[08:26:46:PM] hytymz:819317 Left the room.
[08:28:52:PM] Martial: !tokes 
[08:29:15:PM] Martial: mittens
[08:29:22:PM] Martial: about to hit the 4th time
[08:29:42:PM] IronGrasp:824577 stopped broadcasting.
[08:30:24:PM] IronGrasp:824577 Left the room.
[08:31:17:PM] Sebby: i feel like spamming this sound rape to alot of rooms
[08:31:19:PM] Martial: Mittens I'm thinking about my dick in your mouth.
[08:31:25:PM] Sebby: then if i get banned or close or kick i spam it
[08:31:26:PM] Martial: lol
[08:31:27:PM] Sebby: all day
[08:31:29:PM] Sebby:822716 Left the room.
[08:31:38:PM] Martial: Training by day and joe rogan podcast by night all day
[08:32:04:PM] Sympho:825899 has account: sympho
[08:32:04:PM] Sympho:825899 joined the room.
[08:32:12:PM] Sympho:825899 Left the room.
[08:32:25:PM] Martial: Train by day, Joe Rogan podcast by night, all day.
[08:32:37:PM] R6:825943 has account: quietriot
[08:32:37:PM] R6:825943 joined the room.
[08:32:37:PM] Martial: "Train by day, Joe Rogan podcast by night, all day." - Nick Diaz
[08:32:44:PM] R6:825943 Left the room.
[08:34:01:PM] IronGrasp:826062 has account: amonrae331
[08:34:02:PM] IronGrasp:826062 joined the room.
[08:34:07:PM] IronGrasp:826062 is broadcasting.
[08:34:47:PM] Martial: "Train by day, Joe Rogan podcast by night, all day."
[08:34:48:PM] Martial: "Train by day, Joe Rogan podcast by night, all day."
[08:34:51:PM] Martial: "Train by day, Joe Rogan podcast by night, all day."
[08:35:43:PM] vys:826234 has account: pacivys
[08:35:43:PM] vys:826234 joined the room.
[08:35:51:PM] MadManLotar: `1bvr
[08:35:53:PM] vys:826234 is broadcasting.
[08:35:59:PM] ydrycytdy:826269 has account: coolguy1
[08:35:59:PM] ydrycytdy:826269 joined the room.
[08:36:05:PM] took:826275 has account: priesty
[08:36:05:PM] took:826275 joined the room.
[08:36:25:PM] Martial: "Train by day, Joe Rogan podcast by night, all day."
[08:36:26:PM] vys: damn i thought that was an actual episode of rugrats playing for a sec
[08:36:29:PM] Martial: "Train by day, Joe Rogan podcast by night, all day."
[08:36:38:PM] took:826275 Left the room.
[08:36:58:PM] microispedo: who is that?
[08:37:06:PM] vys: that guy that interviewed elon musk once
[08:37:15:PM] Martial: lol vys you're a nobody
[08:37:16:PM] microispedo: with the mouth
[08:37:21:PM] ydrycytdy:826269 Left the room.
[08:37:23:PM] Martial: LOL at the nobody.
[08:37:23:PM] vys: who r u
[08:37:29:PM] Martial: I'm nobody
[08:37:33:PM] vys: stfu
[08:37:35:PM] Martial: LOL
[08:37:44:PM] Martial: teacuppin
[08:37:53:PM] Martial: kid thinks he's got skills or something.
[08:37:53:PM] sokkerbum111:826458 has account: sokkerbum111
[08:37:53:PM] sokkerbum111:826458 joined the room.
[08:37:57:PM] Martial: lol
[08:38:00:PM] sokkerbum111:826458 Left the room.
[08:38:04:PM] vys: apparently u do
[08:38:09:PM] Martial: never made the claim.
[08:38:14:PM] vys: think that i do
[08:38:18:PM] vys: not have skills obv
[08:38:21:PM] vys: no one would think i meant that
[08:39:29:PM] Hookedonafeeling:826592 has account: whatsyourpleasur
[08:39:29:PM] Hookedonafeeling:826592 joined the room.
[08:40:11:PM] Hookedonafeeling:826592 Left the room.
[08:41:16:PM] maui: churs kuri
[08:41:32:PM] microispedo:820608 Left the room.
[08:41:39:PM] Room Owner microispedo:826767:cocksnot
[08:41:39:PM] microispedo:826767 joined the room.
[08:41:44:PM] microispedo:826767 is broadcasting.
[08:41:54:PM] MicroIndulgence:822418 Left the room.
[08:41:56:PM] Room Owner MicroIndulgence:826792:microindulgence
[08:41:56:PM] MicroIndulgence:826792 joined the room.
[08:41:59:PM] microispedo: churs
[08:42:49:PM] Martial: vys do you shoot heroin?
[08:42:57:PM] Martial: You look like a junkie.
[08:43:05:PM] microispedo: he just has aids
[08:43:09:PM] Martial: Similar to sunshine.
[08:43:14:PM] Martial: lol
[08:44:14:PM] maui: go to my dads to day wonder if i should go with tie or without
[08:44:47:PM] Hookedonafeeling:827025 has account: whatsyourpleasur
[08:44:47:PM] Hookedonafeeling:827025 joined the room.
[08:45:24:PM] microispedo: lul
[08:45:26:PM] microispedo: it's the intro
[08:45:35:PM] microispedo: THE ANIMALS
[08:45:37:PM] microispedo: THE ANIMALS
[08:45:42:PM] Hookedonafeeling:827025 Left the room.
[08:45:47:PM] microispedo: it's mostly spix
[08:45:58:PM] microispedo: and 1 russian
[08:49:40:PM] vys:826234 Left the room.
[08:51:56:PM] Nohinname:827744 has account: nohinname
[08:51:56:PM] Nohinname:827744 joined the room.
[08:52:04:PM] Nohinname:827744 Left the room.
[08:52:15:PM] maui: okay play♥
[08:52:19:PM] guest:827777 has account: thiswebsitesucks
[08:52:19:PM] guest:827777 joined the room.
[08:52:21:PM] guest:827777 is broadcasting.
[08:52:25:PM] kilpokiuj:827801 has account: lyotard
[08:52:25:PM] kilpokiuj:827801 joined the room.
[08:52:50:PM] Room Owner Sebby:827838:th3psychward
[08:52:50:PM] Sebby:827838 joined the room.
[08:53:21:PM] kilpokiuj:827801 Left the room.
[08:54:22:PM] w01f:828024 has account: wolfxpc
[08:54:22:PM] w01f:828024 joined the room.
[08:54:52:PM] whereismybeloved:828081 has account: whereismybeloved
[08:54:52:PM] whereismybeloved:828081 joined the room.
[08:54:54:PM] w01f:828024 Left the room.
[08:55:13:PM] whereismybeloved: finally morri
[08:55:15:PM] whereismybeloved: you stopped being lazy
[08:55:48:PM] whereismybeloved:828081 Left the room.
[08:56:36:PM] HungryBojack:828244 has account: humbert
[08:56:36:PM] HungryBojack:828244 joined the room.
[08:56:44:PM] guest-1946:828257 has account: bl4yaaaa
[08:56:45:PM] guest-1946:828257 joined the room.
[08:56:45:PM] incellectual:828258 has account: crumbum
[08:56:45:PM] incellectual:828258 joined the room.
[08:56:56:PM] incellectual:828258 Left the room.
[08:57:05:PM] guest-1946:828257 Changed nick to: bLaya
[08:57:25:PM] guest:827777 Left the room.
[08:58:19:PM] bLaya:828257 is broadcasting.
[08:59:06:PM] bLaya: .
[09:01:55:PM] bLaya:828257 stopped broadcasting.
[09:02:54:PM] maui: i wanna run but have nowhere to go
[09:03:52:PM] HungryBojack: irongrasp has some form of schizophrenia
[09:05:14:PM] hOtZu:828991 has account: hotzu
[09:05:15:PM] hOtZu:828991 joined the room.
[09:05:26:PM] Martial:825145 Left the room.
[09:05:27:PM] hOtZu:828991 Left the room.
[09:05:28:PM] bLaya:828257 Left the room.
[09:08:41:PM] MeKLiN:814993 Left the room.
[09:08:41:PM] guest:829306 has account: thiswebsitesucks
[09:08:41:PM] guest:829306 joined the room.
[09:08:42:PM] Room Owner MeKLiN:829322:meklin
[09:08:42:PM] MeKLiN:829322 joined the room.
[09:08:43:PM] MeKLiN:829322 is broadcasting.
[09:08:44:PM] guest:829306 is broadcasting.
[09:08:57:PM] MeKLiN: !close guest
[09:08:57:PM] Jura: closed guest
[09:08:57:PM] guest:829306 stopped broadcasting.
[09:08:59:PM] guest-1947:829311 has account: bl4yaaaa
[09:08:59:PM] guest-1947:829311 joined the room.
[09:09:00:PM] guest:829306 Left the room.
[09:09:01:PM] guest:829348 has account: thiswebsitesucks
[09:09:01:PM] guest:829348 joined the room.
[09:09:02:PM] guest-1947:829311 Changed nick to: bLaya
[09:09:02:PM] guest:829348 is broadcasting.
[09:09:07:PM] Sebby: closed guest
[09:09:07:PM] guest:829348 stopped broadcasting.
[09:09:10:PM] guest:829348 Left the room.
[09:09:10:PM] bLaya:829311 is broadcasting.
[09:09:10:PM] guest:829357 has account: thiswebsitesucks
[09:09:10:PM] guest:829357 joined the room.
[09:09:12:PM] guest:829357 is broadcasting.
[09:09:12:PM] MicroIndulgence: fuck around and never come downnn
[09:09:15:PM] bringmetheheadofalfredogarcia:829367 has account: scrotum
[09:09:15:PM] bringmetheheadofalfredogarcia:829367 joined the room.
[09:09:29:PM] Sebby:827838 Left the room.
[09:09:30:PM] Room Owner Sebby:829402:th3psychward
[09:09:30:PM] Sebby:829402 joined the room.
[09:09:36:PM] bringmetheheadofalfredogarcia:829367 Left the room.
[09:09:38:PM] Sebby: closed guest
[09:09:38:PM] guest:829357 stopped broadcasting.
[09:09:38:PM] Luci:829414 has account: odsum
[09:09:38:PM] Luci:829414 joined the room.
[09:09:43:PM] guest:829357 Left the room.
[09:09:44:PM] guest:829424 has account: thiswebsitesucks
[09:09:44:PM] guest:829424 joined the room.
[09:09:46:PM] guest:829424 is broadcasting.
[09:09:50:PM] Luci: hi
[09:09:52:PM] Sebby: closed guest
[09:09:52:PM] guest:829424 stopped broadcasting.
[09:09:56:PM] guest:829424 Left the room.
[09:09:57:PM] Sebby:829402 is broadcasting.
[09:09:59:PM] Sebby:829402 stopped broadcasting.
[09:10:02:PM] guest:829444 has account: thiswebsitesucks
[09:10:02:PM] guest:829444 joined the room.
[09:10:04:PM] guest:829444 is broadcasting.
[09:10:06:PM] Room Owner guest-1948:829459:44pro
[09:10:06:PM] guest-1948:829459 joined the room.
[09:10:07:PM] guest-1948:829459 Changed nick to: f67
[09:10:09:PM] Sebby: closed guest
[09:10:09:PM] guest:829444 stopped broadcasting.
[09:10:11:PM] f67:829459 Left the room.
[09:10:12:PM] Room Owner f67:829473:44pro
[09:10:12:PM] f67:829473 joined the room.
[09:10:12:PM] guest:829444 Left the room.
[09:10:12:PM] Sebby:829402 is broadcasting.
[09:10:12:PM] guest:829474 has account: thiswebsitesucks
[09:10:13:PM] guest:829474 joined the room.
[09:10:14:PM] guest:829474 is broadcasting.
[09:10:19:PM] Sebby: closed guest
[09:10:19:PM] guest:829474 stopped broadcasting.
[09:10:19:PM] f67:829473 Left the room.
[09:10:20:PM] Room Owner f67:829483:44pro
[09:10:20:PM] f67:829483 joined the room.
[09:10:26:PM] guest:829474 Left the room.
[09:10:26:PM] f67:829483 is broadcasting.
[09:10:26:PM] THOR:829497 has account: opa007
[09:10:26:PM] THOR:829497 joined the room.
[09:10:27:PM] guest:829498 has account: thiswebsitesucks
[09:10:27:PM] guest:829498 joined the room.
[09:10:29:PM] guest:829498 is broadcasting.
[09:10:32:PM] Sebby: closed guest
[09:10:32:PM] guest:829498 stopped broadcasting.
[09:10:36:PM] guest:829498 Left the room.
[09:10:36:PM] guest:829510 has account: thiswebsitesucks
[09:10:37:PM] guest:829510 joined the room.
[09:10:38:PM] guest:829510 is broadcasting.
[09:10:43:PM] Sebby: closed guest
[09:10:43:PM] guest:829510 stopped broadcasting.
[09:10:49:PM] guest:829510 Left the room.
[09:10:59:PM] Room Owner guest-1949:829538:skar
[09:10:59:PM] guest-1949:829538 joined the room.
[09:10:59:PM] bLaya: suuppp
[09:11:00:PM] guest-1949:829538 is broadcasting.
[09:11:09:PM] THOR:829497 Left the room.
[09:11:28:PM] Hookedonafeeling:829590 has account: whatsyourpleasur
[09:11:28:PM] Hookedonafeeling:829590 joined the room.
[09:12:02:PM] Hookedonafeeling: When I was a pirate my captain told me to take a short walk of a long plank
[09:12:11:PM] Hookedonafeeling: but he was kinda retared
[09:12:47:PM] Hookedonafeeling: *retarded, I caught some if it too cause I was the cabin boy
[09:12:50:PM] d:829688 has account: mrshrute
[09:12:51:PM] d:829688 joined the room.
[09:12:52:PM] Luci:829414 Left the room.
[09:13:00:PM] Sebby:829402 Left the room.
[09:13:13:PM] f67:829483 Left the room.
[09:13:17:PM] guest-1949:829538 Left the room.
[09:13:28:PM] maui:813809 stopped broadcasting.
[09:13:38:PM] d:829688 Left the room.
[09:13:53:PM] JoachimVonTittentrop:829786 has account: drgoebbels
[09:13:53:PM] JoachimVonTittentrop:829786 joined the room.
[09:13:55:PM] Hookedonafeeling: you know the best part of 2019
[09:14:05:PM] Hookedonafeeling: the end
[09:14:11:PM] HungryBojack:828244 Left the room.
[09:14:23:PM] JoachimVonTittentrop:829786 Left the room.
[09:14:35:PM] maui:813809 is broadcasting.
[09:14:51:PM] bLaya: 2020 hype?
[09:15:33:PM] Hookedonafeeling: 2020 for 5 more genders, 10 more school shootings, climate change bashing, political dramedies, some shit about electric cars, and bitch wanting more money for being shitter at a man at work
[09:15:52:PM] bLaya: hopefully economic collapse
[09:16:00:PM] Hookedonafeeling: due lighten the fuck up
[09:16:04:PM] Hookedonafeeling: ll
[09:16:05:PM] Hookedonafeeling: lol
[09:16:13:PM] bLaya:829311 stopped broadcasting.
[09:16:40:PM] Hookedonafeeling: it's like we will being the center of a black hole and the news will be like at least it's not canada
[09:16:52:PM] bLaya:829311 Left the room.
[09:17:12:PM] Hookedonafeeling: sorry if I offended any gay
[09:17:46:PM] Hookedonafeeling: i cancelled netflix, orange is the new what?
[09:18:13:PM] Hookedonafeeling: it just was like watching not very good old movies *uk version*
[09:18:25:PM] Hookedonafeeling: couldnt watch house md etc
[09:19:05:PM] Hookedonafeeling: I call a spade a spade
[09:19:11:PM] Hookedonafeeling: hahaha
[09:19:28:PM] Hookedonafeeling: I did mince my words
[09:19:42:PM] Hookedonafeeling: unless I after a gay boy
[09:20:04:PM] maui:813809 stopped broadcasting.
[09:20:29:PM] Hookedonafeeling:829590 Left the room.
[09:20:34:PM] DrunkHoneybee:830401 has account: zolla8
[09:20:35:PM] DrunkHoneybee:830401 joined the room.
[09:20:53:PM] DrunkHoneybee: Mason
[09:21:29:PM] maui:813809 is broadcasting.
[09:21:59:PM] DrunkHoneybee: Maoriiii
[09:22:17:PM] maui:813809 stopped broadcasting.
[09:22:35:PM] nipps:830568 has account: tchopie
[09:22:35:PM] nipps:830568 joined the room.
[09:22:59:PM] nipps:830568 is broadcasting.
[09:23:04:PM] nipps:830568 stopped broadcasting.
[09:23:09:PM] nipps: lol
[09:23:37:PM] maui:813809 is broadcasting.
[09:23:40:PM] nipps:830568 Left the room.
[09:24:31:PM] nipps:830750 has account: tchopie
[09:24:31:PM] nipps:830750 joined the room.
[09:24:39:PM] nipps:830750 is broadcasting.
[09:24:48:PM] Moderator WEENIE:830780:weenie
[09:24:48:PM] WEENIE:830780 joined the room.
[09:24:50:PM] nipps:830750 Left the room.
[09:25:03:PM] WEENIE:830780 Left the room.
[09:25:54:PM] Martial:830859 has account: qwrpjpio
[09:25:54:PM] Martial:830859 joined the room.
[09:25:58:PM] DrunkHoneybee:830401 is broadcasting.
[09:26:00:PM] DrunkHoneybee:830401 stopped broadcasting.
[09:26:08:PM] DrunkHoneybee:830401 is broadcasting.
[09:26:10:PM] guest:830880 has account: ujyhg
[09:26:10:PM] guest:830880 joined the room.
[09:26:15:PM] guest:830880 Changed nick to: m
[09:26:20:PM] incellectual:830889 has account: crumbum
[09:26:20:PM] incellectual:830889 joined the room.
[09:26:29:PM] incellectual:830889 Left the room.
[09:26:32:PM] m: mason when are you going for the shooting?
[09:26:41:PM] MadManLotar: hi snake lady
[09:26:41:PM] m: you always say it but never do it
[09:26:55:PM] DrunkHoneybee: hey friend
[09:26:58:PM] m: there was an another mass shooting yesterday
[09:27:24:PM] DrunkHoneybee:830401 Left the room.
[09:27:25:PM] Honeybee:830986 has account: zolla8
[09:27:26:PM] Honeybee:830986 joined the room.
[09:27:27:PM] Honeybee:830986 is broadcasting.
[09:27:57:PM] coffeezone: well planetside is futile alone I invited everyone if everyone comes together i'll play it with them
[09:29:10:PM] m:830880 Left the room.
[09:29:36:PM] can:831193 has account: ujyhg
[09:29:37:PM] can:831193 joined the room.
[09:30:07:PM] MeKLiN: !ban can
[09:30:07:PM] Jura banned can
[09:30:07:PM] can:831193 Left the room.
[09:30:20:PM] MeKLiN: !ba ujyhg
[09:30:26:PM] raine:831283 has account: rainelivingston
[09:30:26:PM] raine:831283 joined the room.
[09:30:42:PM] raine:831283 Left the room.
[09:30:57:PM] Martial: !tokes 
[09:31:03:PM] MeKLiN: !sbl can
[09:31:51:PM] maui:813809 stopped broadcasting.
[09:32:01:PM] coffeezone: i love pancakes
[09:32:09:PM] coffeezone: i think i'll make some
[09:32:42:PM] Katpiss:758153 stopped broadcasting.
[09:32:49:PM] maui:813809 is broadcasting.
[09:35:02:PM] Martial: cheers
[09:39:25:PM] incellectual:832147 has account: crumbum
[09:39:26:PM] incellectual:832147 joined the room.
[09:40:07:PM] incellectual:832147 Left the room.
[09:40:41:PM] took:832253 has account: sykoz
[09:40:42:PM] took:832253 joined the room.
[09:41:10:PM] took:832253 Left the room.
[09:45:42:PM] MicroIndulgence: lol meklin is cracking me up
[09:45:44:PM] MicroIndulgence: playing with that kitty
[09:45:47:PM] MicroIndulgence: trying to out smart her
[09:46:18:PM] keef:832692 has account: keef16
[09:46:18:PM] keef:832692 joined the room.
[09:46:23:PM] incellectual:832698 has account: crumbum
[09:46:23:PM] incellectual:832698 joined the room.
[09:46:34:PM] incellectual: maori youve been inspiring me to train thank you brother
[09:46:48:PM] incellectual: good to see not everybody just fucking sits here 24/7 documenting and doxing
[09:47:04:PM] keef:832692 Left the room.
[09:47:19:PM] maui: navy in a couple months the on a boat in 2 years
[09:47:25:PM] incellectual: martial is also an inspiratino
[09:47:32:PM] incellectual: good luck my friend
[09:49:12:PM] incellectual:832698 Left the room.
[09:49:22:PM] whereismybeloved:832933 has account: whereismybeloved
[09:49:22:PM] whereismybeloved:832933 joined the room.
[09:49:36:PM] whereismybeloved: hi
[09:49:50:PM] whereismybeloved: hey zolly
[09:49:54:PM] whereismybeloved: x
[09:50:21:PM] whereismybeloved: shit zolla you like everyone
[09:50:25:PM] whereismybeloved: thats gonna be your downfall
[09:50:28:PM] neb:833016 has account: nebspam
[09:50:29:PM] neb:833016 joined the room.
[09:50:37:PM] Honeybee: no, i don't
[09:50:38:PM] neb: Come to new 4chan Room http://www.tinychat.com/4chan
[09:50:40:PM] neb: Come to new 4chan Room http://www.tinychat.com/4chan
[09:50:42:PM] neb: Come to new 4chan Room http://www.tinychat.com/4chan
[09:50:44:PM] neb: Come to new 4chan Room http://www.tinychat.com/4chan
[09:50:46:PM] neb: Come to new 4chan Room http://www.tinychat.com/4chan
[09:50:47:PM] neb: Come to new 4chan Room http://www.tinychat.com/4chan
[09:50:49:PM] neb: Come to new 4chan Room http://www.tinychat.com/4chan
[09:50:51:PM] neb: Come to new 4chan Room http://www.tinychat.com/4chan
[09:50:53:PM] neb: Come to new 4chan Room http://www.tinychat.com/4chan
[09:50:54:PM] neb: Come to new 4chan Room http://www.tinychat.com/4chan
[09:50:56:PM] neb: Come to new 4chan Room http://www.tinychat.com/4chan
[09:51:00:PM] whereismybeloved: zolla where is my beloved?
[09:51:01:PM] neb: Come to new 4chan Room http://www.tinychat.com/4chan
[09:51:03:PM] neb: Come to new 4chan Room http://www.tinychat.com/4chan
[09:51:05:PM] neb: Come to new 4chan Room http://www.tinychat.com/4chan
[09:51:07:PM] neb: Come to new 4chan Room http://www.tinychat.com/4chan
[09:51:09:PM] neb: Come to new 4chan Room http://www.tinychat.com/4chan
[09:51:11:PM] neb: Come to new 4chan Room http://www.tinychat.com/4chan
[09:51:13:PM] neb: Come to new 4chan Room http://www.tinychat.com/4chan
[09:51:15:PM] neb: Come to new 4chan Room http://www.tinychat.com/4chan
[09:51:16:PM] neb: Come to new 4chan Room http://www.tinychat.com/4chan
[09:51:18:PM] neb: Come to new 4chan Room http://www.tinychat.com/4chan
[09:51:20:PM] neb: Come to new 4chan Room http://www.tinychat.com/4chan
[09:51:22:PM] neb: Come to new 4chan Room http://www.tinychat.com/4chan
[09:51:24:PM] neb: Come to new 4chan Room http://www.tinychat.com/4chan
[09:51:25:PM] neb: Come to new 4chan Room http://www.tinychat.com/4chan
[09:51:27:PM] neb: Come to new 4chan Room http://www.tinychat.com/4chan
[09:51:30:PM] neb: Come to new 4chan Room http://www.tinychat.com/4chan
[09:51:31:PM] neb: Come to new 4chan Room http://www.tinychat.com/4chan
[09:51:33:PM] neb: Come to new 4chan Room http://www.tinychat.com/4chan
[09:51:35:PM] neb: Come to new 4chan Room http://www.tinychat.com/4chan
[09:51:37:PM] neb: Come to new 4chan Room http://www.tinychat.com/4chan
[09:51:37:PM] Honeybee: !ban neb
[09:51:38:PM] neb: Come to new 4chan Room http://www.tinychat.com/4chan
[09:51:40:PM] neb: Come to new 4chan Room http://www.tinychat.com/4chan
[09:51:42:PM] neb: Come to new 4chan Room http://www.tinychat.com/4chan
[09:51:44:PM] neb: Come to new 4chan Room http://www.tinychat.com/4chan
[09:51:45:PM] neb: Come to new 4chan Room http://www.tinychat.com/4chan
[09:51:47:PM] whereismybeloved: i only think about one thing
[09:51:47:PM] neb: Come to new 4chan Room http://www.tinychat.com/4chan
[09:51:48:PM] maui: kuri wanna be pen pals
[09:51:49:PM] neb: Come to new 4chan Room http://www.tinychat.com/4chan
[09:51:51:PM] neb: Come to new 4chan Room http://www.tinychat.com/4chan
[09:51:53:PM] whereismybeloved: its a question
[09:51:54:PM] neb: Come to new 4chan Room http://www.tinychat.com/4chan
[09:51:58:PM] neb: Come to new 4chan Room http://www.tinychat.com/4chan
[09:52:00:PM] neb: Come to new 4chan Room http://www.tinychat.com/4chan
[09:52:02:PM] neb: Come to new 4chan Room http://www.tinychat.com/4chan
[09:52:04:PM] neb: Come to new 4chan Room http://www.tinychat.com/4chan
[09:52:05:PM] Room Owner contentsafari:833120:contentsafari
[09:52:05:PM] contentsafari:833120 joined the room.
[09:52:05:PM] neb: Come to new 4chan Room http://www.tinychat.com/4chan
[09:52:24:PM] whereismybeloved: what do i want the most?
[09:52:41:PM] MicroInduIgence:833172 has account: microinduigence
[09:52:42:PM] MicroInduIgence:833172 joined the room.
[09:52:55:PM] maui:813809 Left the room.
[09:53:01:PM] whereismybeloved: lotar is flower
[09:53:06:PM] MicroInduIgence:833172 Left the room.
[09:53:08:PM] MicroInduIgence:833210 has account: microinduigence
[09:53:08:PM] MicroInduIgence:833210 joined the room.
[09:53:08:PM] whereismybeloved: with the nectar
[09:53:17:PM] Honeybee: hi
[09:53:36:PM] MicroInduIgence:833210 Left the room.
[09:53:50:PM] neb:833016 Left the room.
[09:54:10:PM] guest:833282 has account: microinduigence
[09:54:10:PM] guest:833282 joined the room.
[09:54:10:PM] whereismybeloved: hello
[09:54:15:PM] guest:833282 Changed nick to: microinduIgence
[09:54:23:PM] microinduIgence: hello
[09:54:23:PM] whereismybeloved: what do you want the most?
[09:54:43:PM] Honeybee: i want my enemies to suffer
[09:54:46:PM] microinduIgence: who is microispedo?
[09:54:50:PM] MadManLotar:816244 Left the room.
[09:55:07:PM] whereismybeloved: really?
[09:55:13:PM] MadManLotar:833359 has account: madmanlotar
[09:55:13:PM] MadManLotar:833359 joined the room.
[09:55:20:PM] MadManLotar:833359 is broadcasting.
[09:55:20:PM] Honeybee: oui
[09:55:32:PM] whereismybeloved: is that what you want the most?
[09:55:37:PM] microinduIgence: honeybee you fucking slut
[09:55:55:PM] microinduIgence:833282 Changed nick to: microinduigencee
[09:56:03:PM] whereismybeloved: micro whens the last time you saw some sluts doing ass to ass?
[09:56:03:PM] microinduigencee:833282 Changed nick to: Microinduigence
[09:56:03:PM] Honeybee: micro suck my cock
[09:56:06:PM] Honeybee: <3
[09:56:07:PM] Katpiss:758153 Left the room.
[09:56:08:PM] Room Owner Katpiss:833442:maesynmay
[09:56:09:PM] Katpiss:833442 joined the room.
[09:56:12:PM] Moderator maui:833457:kuri
[09:56:13:PM] maui:833457 joined the room.
[09:56:17:PM] Microinduigence: stfu
[09:56:22:PM] Microinduigence: dumb bitch
[09:56:53:PM] coffeezone: w o w
[09:57:00:PM] Room Owner Sebby:833549:th3psychward
[09:57:00:PM] Sebby:833549 joined the room.
[09:57:01:PM] Microinduigence:833282 Left the room.
[09:57:10:PM] MadManLotar: honey bee where is the honey comb?
[09:57:17:PM] Sebby:833549 is broadcasting.
[09:57:18:PM] maui:833457 is broadcasting.
[09:57:23:PM] Sebby:833549 Left the room.
[09:57:24:PM] Room Owner Sebby:833590:th3psychward
[09:57:24:PM] Sebby:833590 joined the room.
[09:57:27:PM] Sebby:833590 is broadcasting.
[09:57:44:PM] MicroIndulgence: whos using my fucking name
[09:57:48:PM] MicroIndulgence: get the fuck off sebby
[09:57:55:PM] sharknado:833642 has account: tony8988
[09:57:55:PM] sharknado:833642 joined the room.
[09:58:10:PM] sharknado:833642 Left the room.
[09:58:23:PM] Microinduigence:833696 has account: microinduigence
[09:58:23:PM] Microinduigence:833696 joined the room.
[09:58:32:PM] MicroIndulgence banned Microinduigence
[09:58:32:PM] Microinduigence:833696 Left the room.
[09:59:04:PM] MadManLotar: im parzifal
[09:59:04:PM] Microinduigence:833725 has account: microinduigence
[09:59:04:PM] Microinduigence:833725 joined the room.
[09:59:08:PM] MadManLotar: honeybee
[09:59:12:PM] Microinduigence:833725 Changed nick to: microinduigencee
[09:59:16:PM] Honeybee: lol
[09:59:23:PM] microinduigencee:833725 Changed nick to: MicroInduIgence
[09:59:30:PM] MicroInduIgence: fake micro banning me
[09:59:34:PM] MicroIndulgence banned MicroInduIgence
[09:59:34:PM] MicroInduIgence:833725 Left the room.
[09:59:52:PM] Microinduigence:833839 has account: microinduigence
[09:59:53:PM] Microinduigence:833839 joined the room.
[09:59:53:PM] Sebby kicked MicroIndulgence
[09:59:53:PM] MicroIndulgence:826792 Left the room.
[09:59:58:PM] Room Owner MicroIndulgence:833847:microindulgence
[09:59:58:PM] MicroIndulgence:833847 joined the room.
[10:00:02:PM] Microinduigence: Nice try fake micro
[10:00:05:PM] MicroIndulgence banned Microinduigence
[10:00:05:PM] Microinduigence:833839 Left the room.
[10:00:19:PM] MicroIndulgence: sebby if you kick me again i will leave and not come back
[10:00:23:PM] Microinduigence:833871 has account: microinduigence
[10:00:24:PM] Microinduigence:833871 joined the room.
[10:00:27:PM] MicroIndulgence banned Microinduigence
[10:00:27:PM] Microinduigence:833871 Left the room.
[10:00:42:PM] Microinduigence:833910 has account: microinduigence
[10:00:43:PM] Microinduigence:833910 joined the room.
[10:00:45:PM] MicroIndulgence banned Microinduigence
[10:00:45:PM] Microinduigence:833910 Left the room.
[10:01:12:PM] Sebby: closed coffeezone
[10:01:12:PM] coffeezone:822986 stopped broadcasting.
[10:01:16:PM] MicroInduIgence:833948 has account: microinduigence
[10:01:16:PM] MicroInduIgence:833948 joined the room.
[10:01:16:PM] Sebby: closed microispedo
[10:01:16:PM] microispedo:826767 stopped broadcasting.
[10:01:19:PM] coffeezone:822986 Left the room.
[10:01:19:PM] MicroIndulgence banned MicroInduIgence
[10:01:19:PM] MicroInduIgence:833948 Left the room.
[10:01:20:PM] Room Owner coffeezone:833978:coffeetalk
[10:01:20:PM] coffeezone:833978 joined the room.
[10:01:21:PM] coffeezone:833978 is broadcasting.
[10:01:26:PM] Sebby: closed coffeezone
[10:01:26:PM] coffeezone:833978 stopped broadcasting.
[10:01:30:PM] coffeezone:833978 Left the room.
[10:01:31:PM] Room Owner coffeezone:833997:coffeetalk
[10:01:31:PM] coffeezone:833997 joined the room.
[10:01:32:PM] coffeezone:833997 is broadcasting.
[10:01:33:PM] MicroInduIgence:833989 has account: microinduigence
[10:01:33:PM] MicroInduIgence:833989 joined the room.
[10:01:36:PM] Sebby: closed coffeezone
[10:01:36:PM] coffeezone:833997 stopped broadcasting.
[10:01:39:PM] coffeezone:833997 Left the room.
[10:01:40:PM] Room Owner coffeezone:834022:coffeetalk
[10:01:40:PM] coffeezone:834022 joined the room.
[10:01:42:PM] MicroInduIgence: poor fake micro
[10:01:42:PM] coffeezone:834022 is broadcasting.
[10:01:43:PM] MicroInduIgence: lol
[10:01:52:PM] MicroIndulgence banned MicroInduIgence
[10:01:52:PM] MicroInduIgence:833989 Left the room.
[10:02:18:PM] MicroInduIgence:834051 has account: microinduigence
[10:02:18:PM] MicroInduIgence:834051 joined the room.
[10:02:27:PM] MicroInduIgence: lol
[10:02:30:PM] MicroIndulgence banned MicroInduIgence
[10:02:30:PM] MicroInduIgence:834051 Left the room.
[10:02:33:PM] Nohinname:834113 has account: nohinname
[10:02:34:PM] Nohinname:834113 joined the room.
[10:02:40:PM] Nohinname:834113 Left the room.
[10:02:41:PM] CrookedTrump:834132 has account: wayfarer
[10:02:42:PM] CrookedTrump:834132 joined the room.
[10:02:45:PM] Moderator MicroInduIgence:834128:microinduigence
[10:02:46:PM] MicroInduIgence:834128 joined the room.
[10:02:51:PM] Honeybee:830986 Left the room.
[10:02:52:PM] MicroInduIgence: MWUHAHAHA
[10:02:52:PM] HoneybeeZ:834152 has account: zolla8
[10:02:53:PM] HoneybeeZ:834152 joined the room.
[10:02:54:PM] Hookedonafeeling:834155 has account: whatsyourpleasur
[10:02:54:PM] Hookedonafeeling:834155 joined the room.
[10:02:54:PM] HoneybeeZ:834152 is broadcasting.
[10:03:00:PM] MicroInduIgence: i am too good
[10:03:04:PM] MicroIndulgence: okay
[10:03:05:PM] CrookedTrump:834132 is broadcasting.
[10:03:06:PM] MicroIndulgence: im leaving then
[10:03:07:PM] MicroIndulgence: have fun sebby
[10:03:09:PM] MicroInduIgence: i am inevitable
[10:03:11:PM] MicroIndulgence:833847 Left the room.
[10:03:16:PM] whereismybeloved:832933 Left the room.
[10:03:20:PM] MicroInduIgence: ok
[10:03:24:PM] MicroInduIgence: fine i will stay
[10:03:27:PM] defloww:834215 has account: defloww
[10:03:27:PM] defloww:834215 joined the room.
[10:03:39:PM] JoachimVonTittentrop:834234 has account: drgoebbels
[10:03:39:PM] JoachimVonTittentrop:834234 joined the room.
[10:03:59:PM] JoachimVonTittentrop:834234 Left the room.
[10:04:07:PM] MeKLiN: !close CrookedTrump
[10:04:07:PM] Jura: closed CrookedTrump
[10:04:07:PM] CrookedTrump:834132 stopped broadcasting.
[10:04:08:PM] coffeezone banned CrookedTrump
[10:04:08:PM] CrookedTrump:834132 Left the room.
[10:04:19:PM] Nohinname:834315 has account: nohinname
[10:04:20:PM] Nohinname:834315 joined the room.
[10:04:24:PM] Nohinname:834315 Left the room.
[10:04:25:PM] sharknado:834326 has account: tony8988
[10:04:25:PM] sharknado:834326 joined the room.
[10:04:25:PM] defloww:834215 Left the room.
[10:04:27:PM] microispedo banned coffeezone
[10:04:27:PM] coffeezone:834022 Left the room.
[10:04:27:PM] microispedo banned contentsafari
[10:04:27:PM] contentsafari:833120 Left the room.
[10:04:33:PM] Hookedonafeeling: hey honeybeez can you come back when you don't look like rumpelstiltskin retarded gran
[10:04:38:PM] sharknado:834326 Left the room.
[10:04:43:PM] Sebby banned maui
[10:04:43:PM] maui:833457 Left the room.
[10:04:45:PM] Sebby banned microispedo
[10:04:45:PM] microispedo:826767 Left the room.
[10:04:47:PM] Sebby banned Bieber
[10:04:47:PM] Bieber:814444 Left the room.
[10:04:50:PM] Sebby banned MeKLiN
[10:04:50:PM] MeKLiN:829322 Left the room.
[10:04:50:PM] Sebby banned Jura
[10:04:50:PM] You have been banned from the room.
[11:38:20:PM] Logged in as: annielucia
[11:38:21:PM] Client joined the room: Anna:843518
[11:39:12:PM] Logged in as: annielucia
[11:39:13:PM] Client joined the room: Anna:843592
[11:39:23:PM] Logged in as: annielucia
[11:39:24:PM] Client joined the room: Anna:843621
[11:40:14:PM] Logged in as: annielucia
[11:40:15:PM] Client joined the room: Anna:843700
[11:40:15:PM] Joins: cherub:843669:avjacyjs
[11:40:15:PM] Joins room owner: Sebby:843642:th3psychward
[11:40:15:PM] Joins: maui:843231:kuri
[11:40:15:PM] Joins: sharknado:843095:tony8988
[11:40:15:PM] Joins: Katpiss:842541:maesynmay
[11:40:15:PM] Joins moderator: Crimson:842117:kryptonite
[11:40:15:PM] Joins: coffeezone:841915:coffeetalk
[11:40:15:PM] Joins: kill:841573:acesnof
[11:40:15:PM] Joins: JonSnowsBrother:840545:bootysweat
[11:40:15:PM] Joins: JoachimVonTittentrop:839686:drgoebbels
[11:40:15:PM] Joins: microispedo:834522:cocksnot
[11:40:15:PM] Joins: IronGrasp:826062:amonrae331
[11:40:15:PM] Joins: zane:820097:wooferzane
[11:45:05:PM] Logged in as: annielucia
[11:45:06:PM] Client joined the room: Anna:844231
[11:45:06:PM] Joins: freya:844214:ilsatheshewolf
[11:45:06:PM] Joins: sharknado:844145:tony8988
[11:45:06:PM] Joins room owner: Sebby:844063:th3psychward
[11:45:06:PM] Joins: AdvantageousMutation:843902:mutationchan
[11:45:06:PM] Joins: maui:843231:kuri
[11:45:06:PM] Joins: Katpiss:842541:maesynmay
[11:45:06:PM] Joins moderator: Crimson:842117:kryptonite
[11:45:06:PM] Joins: coffeezone:841915:coffeetalk
[11:45:06:PM] Joins: kill:841573:acesnof
[11:45:06:PM] Joins: JonSnowsBrother:840545:bootysweat
[11:45:06:PM] Joins: JoachimVonTittentrop:839686:drgoebbels
[11:45:06:PM] Joins: microispedo:834522:cocksnot
[11:45:06:PM] Joins: IronGrasp:826062:amonrae331
[11:45:06:PM] Joins: zane:820097:wooferzane
[11:45:06:PM] Sebby:844063 is broadcasting.
[11:45:06:PM] maui:843231 is broadcasting.
[11:45:06:PM] Crimson:842117 is broadcasting.
[11:45:06:PM] coffeezone:841915 is broadcasting.
[11:45:06:PM] JonSnowsBrother:840545 is broadcasting.
[11:45:06:PM] kill:841573 is broadcasting.
[11:45:06:PM] microispedo:834522 is broadcasting.
[11:45:06:PM] Katpiss:842541 is broadcasting.
[11:45:06:PM] IronGrasp:826062 is broadcasting.
[11:45:06:PM] zane:820097 is broadcasting.
[11:45:14:PM] Sebby: closed coffeezone
[11:45:14:PM] coffeezone:841915 stopped broadcasting.
[11:45:15:PM] freya:844214 Left the room.
[11:45:47:PM] AdvantageousMutation: i saw Mittens face
[11:45:57:PM] Hookedonafeeling:844316 has account: whatsyourpleasur
[11:45:58:PM] Hookedonafeeling:844316 joined the room.
[11:46:03:PM] AdvantageousMutation: it was in here
[11:46:17:PM] Hookedonafeeling:844316 Changed nick to: HexStarGeneral
[11:46:22:PM] miles:844358 has account: angelotores
[11:46:23:PM] miles:844358 joined the room.
[11:46:35:PM] AdvantageousMutation: she doesnt have a face?
[11:46:42:PM] miles:844358 Left the room.
[11:46:50:PM] Room Owner MeKLiN:844400:meklin
[11:46:50:PM] MeKLiN:844400 joined the room.
[11:46:56:PM] HexStarGeneral:844316 Left the room.
[11:46:57:PM] MeKLiN:844400 Changed nick to: amber
[11:46:57:PM] amber:844400 Left the room.
[11:47:00:PM] kill:841573 Left the room.
[11:47:06:PM] Room Owner amber:844435:meklin
[11:47:07:PM] amber:844435 joined the room.
[11:47:11:PM] amber: !noguest 
[11:47:11:PM] Ickle:844441 has account: icklepickle
[11:47:11:PM] Ickle:844441 joined the room.
[11:47:12:PM] amber: !lurkers 
[11:47:13:PM] amber:844435 Left the room.
[11:47:26:PM] AdvantageousMutation: Mittens is pretty
[11:47:27:PM] Room Owner Jim:844474:meklin
[11:47:27:PM] Jim:844474 joined the room.
[11:47:31:PM] Jim:844474 is broadcasting.
[11:47:44:PM] microispedo: wide jimbo
[11:48:30:PM] Danny:844582 has account: surethingmateok
[11:48:31:PM] Danny:844582 joined the room.
[11:48:43:PM] Danny:844582 Left the room.
[11:48:53:PM] JonSnowsBrother:840545 stopped broadcasting.
[11:50:11:PM] guest:844752 has account: thegreatkalii
[11:50:11:PM] guest:844752 joined the room.
[11:50:14:PM] guest:844752 Changed nick to: KALI
[11:50:21:PM] Sebby: https://www.pornhub.com/view_video.php?viewkey=ph5b636ae2378db
[11:50:27:PM] KALI:844752 Left the room.
[11:50:40:PM] reilly:844795 has account: msreilly
[11:50:41:PM] reilly:844795 joined the room.
[11:50:45:PM] reilly:844795 is broadcasting.
[11:50:46:PM] coffeezone:841915 is broadcasting.
[11:50:57:PM] sharknado:844145 Left the room.
[11:51:28:PM] tinychat:844878 has account: tinychat7571
[11:51:28:PM] tinychat:844878 joined the room.
[11:51:30:PM] cass:844883 has account: speeditupsugah
[11:51:30:PM] cass:844883 joined the room.
[11:51:32:PM] tinychat: hi
[11:51:37:PM] tinychat: helo
[11:51:39:PM] tinychat: tinychat7571
[11:52:07:PM] Sebby:844063 stopped broadcasting.
[11:52:11:PM] up:844959 has account: uppy
[11:52:11:PM] up:844959 joined the room.
[11:53:06:PM] JonSnowsBrother:840545 is broadcasting.
[11:53:44:PM] up: crim dyed hair black
[11:53:47:PM] AdvantageousMutation:843902 Left the room.
[11:53:52:PM] cass:844883 Left the room.
[11:53:54:PM] cass:845107 has account: speeditupsugah
[11:53:55:PM] cass:845107 joined the room.
[11:54:00:PM] tinychat:844878 is broadcasting.
[11:54:10:PM] Crimson: the lighting makes it look so dark :(
[11:54:22:PM] tinychat:844878 stopped broadcasting.
[11:54:25:PM] up: a diff look
[11:54:30:PM] tinychat:844878 is broadcasting.
[11:54:34:PM] tinychat:844878 stopped broadcasting.
[11:54:37:PM] sonni:845176 has account: sonni
[11:54:37:PM] sonni:845176 joined the room.
[11:54:46:PM] Crimson: i am now a brunette for the time being
[11:54:51:PM] up: ^
[11:54:55:PM] Crimson: till the lighting changes. then im back to blonde
[11:55:07:PM] sonni:845176 Left the room.
[11:55:23:PM] Ickle:844441 Left the room.
[11:55:24:PM] Crimson:842117 stopped broadcasting.
[11:55:45:PM] cass:845107 Left the room.
[11:55:47:PM] Sebby:844063 Left the room.
[11:55:48:PM] Room Owner Sebby:845299:th3psychward
[11:55:48:PM] Sebby:845299 joined the room.
[11:55:49:PM] up: lol reilly
[11:55:55:PM] Crimson:842117 Left the room.
[11:56:14:PM] up: reilly reminds me of girl meklin
[11:56:23:PM] Room Owner Crimson:845345:kryptonite
[11:56:24:PM] Crimson:845345 joined the room.
[11:56:39:PM] Crimson:845345 is broadcasting.
[11:56:45:PM] tinychat:844878 is broadcasting.
[11:56:45:PM] up: reilly how many push ups can u do brah
[11:56:50:PM] tinychat:844878 stopped broadcasting.
[11:56:59:PM] tinychat: lo
[11:57:03:PM] tinychat: so
[11:57:11:PM] zane:820097 Left the room.
[11:57:12:PM] coffeezone: if up is female up is very fat and a pencil pusher professionally likely works at some dipshit inner city school
[11:57:12:PM] zane:845410 has account: wooferzane
[11:57:12:PM] zane:845410 joined the room.
[11:57:15:PM] tinychat: AM;190.000
[11:57:16:PM] zane:845410 is broadcasting.
[11:57:22:PM] up: x p o s e d
[11:57:31:PM] maui: redmist
[11:57:35:PM] tinychat: xczs
[11:57:39:PM] up: mittens leave me alone, NOT INTERESTED
[11:57:43:PM] up: HARD PASS
[11:57:50:PM] sharknado:845460 has account: tony8988
[11:57:50:PM] sharknado:845460 joined the room.
[11:58:02:PM] sharknado:845460 Left the room.
[11:58:05:PM] tinychat: ☹♥☹♥☹♥☹♥☹♥☹♥☹♥☹♥☹♥☹♥☹♥☹♥☹♥☹♥☹♥☹♥☹♥☹♥☹♥☹♥☹♥☹♥☹♥☹♥☹♥☹♥☹♥☹♥☹♥☹♥☹♥☹♥☹♥☹♥☹♥☹♥☹♥☹♥☹♥☹♥☹♥☹♥☹♥☹♥☹♥☹♥☹♥☹♥☹♥☹♥☹♥☹♥☹♥☹♥☹♥☹♥☹♥☹♥☹♥☹♥☹♥☹♥☹♥☹♥☹♥☹♥☹♥☹♥☹♥☹♥☹♥☹♥☹♥☹♥☹♥☹♥☹♥☹♥☹♥☹♥☹♥☹♥☹♥☹♥☹♥☹♥☹♥☹♥☹♥☹♥☹♥☹♥☹♥☹♥☹♥☹♥☹♥☹♥☹♥☹♥☹♥☹♥☹♥☹♥☹♥☹♥☹♥☹♥☹♥☹♥☹♥☹♥☹♥☹♥☹♥☹♥☹♥☹♥☹♥☹♥☹♥☹♥☹♥☹♥☹♥☹♥☹♥☹♥☹♥☹♥☹♥☹♥☹♥☹♥☹♥☹♥☹♥☹♥☹♥☹♥☹♥☹♥☹♥☹♥☹♥☹♥☹♥☹♥☹♥☹♥☹♥☹♥☹♥☹♥☹♥☹♥☹♥☹♥☹♥☹♥☹♥☹♥☹♥☹♥☹♥☹♥☹♥☹♥☹♥☹♥☹♥☹♥☹♥☹♥☹♥☹♥☹♥☹♥☹♥☹♥☹♥☹♥☹♥☹♥☹♥☹♥☹♥☹♥☹♥☹♥☹♥☹♥☹♥☹♥☹♥☹♥☹♥☹♥☹♥☹♥☹♥☹♥☹♥☹♥☹♥☹♥☹♥☹♥☹♥☹♥☹♥☹♥☹♥☹♥☹♥☹♥☹♥☹♥☹♥☹♥☹♥☹♥☹♥☹♥☹♥☹♥☹♥☹♥☹♥☹♥☹♥☹♥☹♥☹♥☹♥☹♥☹♥☹♥☹♥☹♥☹♥☹♥☹♥☹♥☹♥☹♥☹♥☹♥☹♥☹♥
[11:58:05:PM] Anna banned tinychat
[11:58:05:PM] tinychat:844878 Left the room.
[11:58:15:PM] Crimson: lol
[11:58:23:PM] up: why u talking about me, i was talking to reilly
[11:58:38:PM] EpsteinPartyDontStop:845544 has account: epsteinrip
[11:58:38:PM] EpsteinPartyDontStop:845544 joined the room.
[11:58:56:PM] up: reilly obv plays soccer
[11:59:05:PM] EpsteinPartyDontStop: Fuck I miss crimson 
[11:59:20:PM] reilly: just drunk fun guys
[11:59:29:PM] up: loop...
[11:59:34:PM] up: so disappointed
[11:59:41:PM] EpsteinPartyDontStop: Typing with toes 
[11:59:44:PM] up: lol
[11:59:45:PM] Crimson: who wha
[11:59:58:PM] up: reilly is a loop
