[04:05:15:AM] Logged in as: trap
[04:05:16:AM] Client joined the room: trap:465145
[04:05:16:AM] Joins: brokenglass73:465111:brokenglass73
[04:05:16:AM] Joins moderator: tirednormie:465021:tirednormie2
[04:05:16:AM] Joins moderator: cafcafcaf:464990:cafcafcaf
[04:05:16:AM] Joins moderator: SUFFER_BOOMERS:464759:unicorns93
[04:05:16:AM] Joins: sandrine271281h:464092:sandrine271281h
[04:05:16:AM] Joins: kaobo:452074:kaobo
[04:05:16:AM] Joins: billysummersdiaperby:464883:diaperboybilly
[04:05:16:AM] Joins: dutch:464365:on2
[04:05:16:AM] Joins: Lord_MeKLiN:451008:meklin
[04:05:16:AM] tirednormie:465021 is broadcasting.
[04:05:16:AM] cafcafcaf:464990 is broadcasting.
[04:05:16:AM] sandrine271281h:464092 is broadcasting.
[04:05:16:AM] Lord_MeKLiN:451008 is broadcasting.
[04:05:16:AM] SUFFER_BOOMERS:464759 is broadcasting.
[04:05:16:AM] kaobo:452074 is broadcasting.
[04:05:19:AM] brokenglass73: I literally forget sandrine exists
[04:05:20:AM] Lord_MeKLiN:451008 Left the room.
[04:05:21:AM] Room Owner Lord_MeKLiN:465148:meklin
[04:05:21:AM] Lord_MeKLiN:465148 joined the room.
[04:05:25:AM] cafcafcaf:464990 Left the room.
[04:05:26:AM] Lord_MeKLiN: !tokes 
[04:05:32:AM] Lord_MeKLiN:465148 is broadcasting.
[04:05:38:AM] sandrine271281h: 146
[04:05:39:AM] brokenglass73: Why is meklin's bot in the room
[04:05:41:AM] brokenglass73: Lmaooo
[04:05:46:AM] brokenglass73: !yt nigger
[04:05:47:AM] tirednormie: ⛔accessNotConfigured⛔
[04:05:49:AM] Lord_MeKLiN: so we can type tokes
[04:05:53:AM] Lord_MeKLiN: lol
[04:06:01:AM] brokenglass73: !advice 
[04:06:01:AM] Lord_MeKLiN: !hyde 
[04:06:09:AM] Lord_MeKLiN: !op brokenglass73
[04:06:16:AM] brokenglass73: Thank u lmao
[04:06:17:AM] Lord_MeKLiN: !check 
[04:06:24:AM] brokenglass73: ! jeopardy
[04:06:24:AM] Lord_MeKLiN: !vip 
[04:06:27:AM] tirednormie:465021 Left the room.
[04:06:27:AM] Lord_MeKLiN: !vip 
[04:06:28:AM] sandrine271281h: Tirednormie lol Sandrine
[04:06:28:AM] Moderator tirednormie:465182:tirednormie2
[04:06:28:AM] tirednormie:465182 joined the room.
[04:06:29:AM] brokenglass73: looool
[04:06:32:AM] brokenglass73: Vip
[04:06:32:AM] tirednormie:465182 is broadcasting.
[04:06:36:AM] Lord_MeKLiN: non-mod bot telling us vip
[04:06:50:AM] Lord_MeKLiN: its going to try to kick people if they spam
[04:06:55:AM] Lord_MeKLiN: but just post a message
[04:07:02:AM] Lord_MeKLiN: i can also make it say "cucked" when people join
[04:07:08:AM] Lord_MeKLiN: which mods should i put on the cuck list
[04:07:16:AM] brokenglass73: Oat
[04:07:16:AM] sandrine271281h: Tirednormie message
[04:07:20:AM] billysummersdiaperby:464883 Left the room.
[04:07:21:AM] tirednormie: this is bizarre https://i.imgur.com/G8tRtvg.png
[04:07:23:AM] Lord_MeKLiN: whats his account name
[04:07:27:AM] Lord_MeKLiN: i forgot it
[04:07:40:AM] brokenglass73: Hmmm that's a tough one, fuckin irrelevant oat
[04:07:46:AM] Lord_MeKLiN: !bn oat
[04:07:47:AM] brokenglass73: Maybe just oatmeal
[04:07:55:AM] Lord_MeKLiN: i guess the command doesnt work since its not actually doing it
[04:08:00:AM] Lord_MeKLiN:465148 Left the room.
[04:08:01:AM] Room Owner Lord_MeKLiN:465239:meklin
[04:08:01:AM] Lord_MeKLiN:465239 joined the room.
[04:08:03:AM] Lord_MeKLiN:465239 is broadcasting.
[04:08:06:AM] Lord_MeKLiN: !bn oat
[04:08:09:AM] brokenglass73: Fuckin bad nicks file
[04:08:14:AM] Lord_MeKLiN: i can just add him in the text
[04:08:21:AM] Lord_MeKLiN: let me add one of you and you'll refresh to test it
[04:08:41:AM] brokenglass73: Do it on brokenglass73
[04:09:01:AM] sandrine271281h: Tirednormie love you too Sandrine
[04:09:04:AM] brokenglass73: Dudes I keep finding silverfish :( how fucked am I
[04:09:06:AM] Lord_MeKLiN: tired normie refresh for science
[04:09:13:AM] brokenglass73: Freakin out tbh
[04:09:16:AM] Lord_MeKLiN: i want to see if the bot greets you
[04:09:28:AM] tirednormie:465182 Left the room.
[04:09:30:AM] Moderator tirednormie:465304:tirednormie2
[04:09:30:AM] tirednormie:465304 joined the room.
[04:09:31:AM] brokenglass73: Meklin ur basically a home owner
[04:09:35:AM] tirednormie:465304 is broadcasting.
[04:09:38:AM] Lord_MeKLiN: there is a greet command i can attach a custom message announcement to each persons account
[04:09:39:AM] brokenglass73: You ever deal with silverfish?
[04:09:47:AM] Lord_MeKLiN: not really
[04:09:53:AM] Lord_MeKLiN: the spiders eat them
[04:10:05:AM] Lord_MeKLiN: i put spiders from the garden in the house
[04:10:11:AM] Lord_MeKLiN: the white ghost ones that move fast and dont make webs
[04:10:18:AM] Lord_MeKLiN: they just run into another web and snatch the spider out like a child
[04:10:24:AM] Lord_MeKLiN: i watched them do it in my shower
[04:10:30:AM] Lord_MeKLiN: i kill them now
[04:10:34:AM] Lord_MeKLiN: they are fucking up my ecosystem
[04:10:39:AM] brokenglass73: I know they're non-harmful but they're so fast I'm scared one day one will shoot up my leg
[04:10:40:AM] Lord_MeKLiN: i brought one into the house three years ago
[04:10:42:AM] Lord_MeKLiN: i see one per year now
[04:10:53:AM] Lord_MeKLiN: they are outdoor spiders
[04:10:53:AM] brokenglass73: Spiders are cute as fuck
[04:10:57:AM] brokenglass73: Helpful friends
[04:11:01:AM] Lord_MeKLiN: the ones inside are harmless
[04:11:06:AM] Lord_MeKLiN: but thes eones can probably hurt a human
[04:11:11:AM] Lord_MeKLiN: im gonna look it up
[04:11:42:AM] sandrine271281h: Tirednormie lol Sandrine hahaha
[04:12:12:AM] brokenglass73: Tirednormie love you too
[04:12:45:AM] Moderator cafcafcaf:465394:cafcafcaf
[04:12:45:AM] cafcafcaf:465394 joined the room.
[04:12:49:AM] cafcafcaf:465394 is broadcasting.
[04:13:07:AM] Lord_MeKLiN: https://spidersinohio.net/ohios-biting-spiders/
[04:13:09:AM] Lord_MeKLiN: yellow sac spider
[04:13:13:AM] brokenglass73: What's jimjam doing
[04:13:16:AM] brokenglass73: Ur laggin bro
[04:13:22:AM] brokenglass73: Looooool
[04:13:26:AM] brokenglass73: An ice coffee
[04:13:38:AM] brokenglass73: *yells nigger*
[04:14:20:AM] brokenglass73:465111 Left the room.
[04:15:07:AM] Lord_MeKLiN: https://www.insectidentification.org/insect-description.asp?identification=Yellow-Sac-Spider
[04:15:10:AM] Lord_MeKLiN: they are beasts
[04:16:23:AM] Moderator Bicurious_George:465521:fagolini
[04:16:23:AM] Bicurious_George:465521 joined the room.
[04:16:51:AM] Bicurious_George: closed sandrine271281h
[04:16:51:AM] sandrine271281h:464092 stopped broadcasting.
[04:16:54:AM] Bicurious_George:465521 is broadcasting.
[04:17:12:AM] Lord_MeKLiN: !tokes 
[04:17:22:AM] Lord_MeKLiN: !op sandrine271281h
[04:17:29:AM] sandrine271281h: Vidéo Sandrine 😭
[04:17:53:AM] sandrine271281h:464092 is broadcasting.
[04:17:57:AM] cafcafcaf:465394 Left the room.
[04:18:00:AM] Lord_MeKLiN: yes
[04:18:09:AM] Moderator cafcafcaf:465565:cafcafcaf
[04:18:09:AM] cafcafcaf:465565 joined the room.
[04:18:12:AM] cafcafcaf:465565 is broadcasting.
[04:18:40:AM] sandrine271281h: Tirednormie message
[04:18:40:AM] cafcafcaf: Yes
[04:19:24:AM] knit:465594 has account: knit
[04:19:24:AM] knit:465594 joined the room.
[04:19:57:AM] knit:465594 is broadcasting.
[04:20:03:AM] knit: e-thot mode
[04:20:10:AM] sandrine271281h: Tirednormie zzzzz Sandrine 😭❤️
[04:20:14:AM] guest:465615 has account: romeofurry
[04:20:14:AM] guest:465615 joined the room.
[04:20:23:AM] Bicurious_George: knit is a massive qt
[04:20:39:AM] Say10:465625 has account: say10
[04:20:39:AM] Say10:465625 joined the room.
[04:21:08:AM] Bicurious_George: bitch im a cow
[04:21:10:AM] Bicurious_George: I am not a cat
[04:21:13:AM] sandrine271281h: Tirednormie lol Sandrine hahaha
[04:21:14:AM] Bicurious_George: I dont say meow
[04:21:19:AM] Say10: I fall asleep to chat
[04:21:41:AM] Bicurious_George: wew
[04:21:52:AM] Elroy:465703 has account: jeric
[04:21:52:AM] Elroy:465703 joined the room.
[04:22:18:AM] Elroy:465703 is broadcasting.
[04:22:21:AM] sandrine271281h: Tirednormie lol Sandrine hahaha
[04:22:23:AM] guest:465615 Left the room.
[04:22:47:AM] Lord_MeKLiN: they disabled it
[04:22:51:AM] Lord_MeKLiN: but yes its still a button
[04:22:55:AM] guest:465724 has account: romeofurry
[04:22:55:AM] guest:465724 joined the room.
[04:23:12:AM] Lord_MeKLiN: i wonder if we all enable it will the api work
[04:23:15:AM] Lord_MeKLiN: or just we put a custom api on it
[04:23:22:AM] Lord_MeKLiN: for our client
[04:23:29:AM] Lord_MeKLiN: theres notihing stopping u from doing that
[04:23:38:AM] sandrine271281h: Tirednormie 📱lnstagream sandrine271281@hotmail.com
[04:23:38:AM] Lord_MeKLiN: putting extra stuff in the html for tinychaton the side
[04:23:44:AM] guest:465724 is broadcasting.
[04:23:45:AM] Lord_MeKLiN: u can put a button for my winamp stream
[04:23:48:AM] Lord_MeKLiN: and boom no more open mic
[04:23:55:AM] tirednormie banned guest
[04:23:55:AM] guest:465724 Left the room.
[04:23:58:AM] RugratBlood:465786 has account: rugratclown
[04:23:58:AM] RugratBlood:465786 joined the room.
[04:24:00:AM] RugratBlood:465786 is broadcasting.
[04:24:07:AM] Lord_MeKLiN: plus i have a good connection i can stream high quality music at a fast like 3megabit at least
[04:24:11:AM] Lord_MeKLiN: thats hould handle a few people listening
[04:24:26:AM] Lord_MeKLiN: can you embed tinychat to a custom html that we can have on our pcs
[04:24:37:AM] Lord_MeKLiN: ruddernation is a site u should look up
[04:24:47:AM] mdrixYeD:465820 has account: spbkj3agnk8z
[04:24:47:AM] mdrixYeD:465820 joined the room.
[04:24:47:AM] sandrine271281h: Tirednormie lol Sandrine
[04:24:55:AM] Lord_MeKLiN: knows some of the limited tinychat api stuff they disabld most long after they hid it from public
[04:25:46:AM] sandrine271281h: Tirednormie lol Sandrine
[04:25:53:AM] guest:465879 has account: abdelmonemkamal
[04:25:53:AM] guest:465879 joined the room.
[04:25:53:AM] Elroy:465703 Left the room.
[04:26:03:AM] guest:465879 Left the room.
[04:26:06:AM] cafcafcaf:465565 Left the room.
[04:26:11:AM] sandrine271281h:464092 stopped broadcasting.
[04:26:13:AM] sandrine271281h:464092 is broadcasting.
[04:26:18:AM] mdrixYeD:465820 Left the room.
[04:26:53:AM] sandrine271281h: Tirednormie lol Sandrine
[04:27:16:AM] SUFFER_BOOMERS: luv2cook
[04:28:05:AM] sandrine271281h: Tirednormie lnstagream sandrine271281@hotmail.com yes
[04:28:20:AM] Stolas:465956 has account: hollywood
[04:28:20:AM] Stolas:465956 joined the room.
[04:28:20:AM] Room Owner lordcafbinder444:465958:hitier
[04:28:20:AM] lordcafbinder444:465958 joined the room.
[04:28:26:AM] Stolas:465956 is broadcasting.
[04:28:28:AM] sandrine271281h:464092 Left the room.
[04:28:31:AM] lordcafbinder444:465958 is broadcasting.
[04:28:40:AM] lordcafbinder444: targeted
[04:28:43:AM] lordcafbinder444: advertisement
[04:28:45:AM] sandrine271281h:465977 has account: sandrine271281h
[04:28:45:AM] sandrine271281h:465977 joined the room.
[04:28:45:AM] lordcafbinder444: short
[04:28:46:AM] Lord_MeKLiN:465239 Left the room.
[04:28:49:AM] Stolas:465956 Left the room.
[04:28:54:AM] lordcafbinder444: fuck up
[04:28:57:AM] lordcafbinder444: february
[04:28:57:AM] sandrine271281h:465977 is broadcasting.
[04:28:58:AM] lordcafbinder444: dance
[04:29:01:AM] lordcafbinder444: yeah
[04:29:01:AM] RightInTheAddiction:465997 has account: rightinthekissa
[04:29:01:AM] RightInTheAddiction:465997 joined the room.
[04:29:03:AM] lordcafbinder444: one
[04:29:05:AM] lordcafbinder444: those
[04:29:11:AM] RightInTheAddiction: i just tried ezcapechat
[04:29:12:AM] lordcafbinder444: dankenschtein
[04:29:14:AM] RightInTheAddiction: it's much better than tc
[04:29:16:AM] RightInTheAddiction: wtf
[04:29:17:AM] lordcafbinder444: Schtein
[04:29:19:AM] RightInTheAddiction: how can it be
[04:29:21:AM] guest:466011 has account: halidohopi
[04:29:21:AM] guest:466011 joined the room.
[04:29:23:AM] lordcafbinder444: no it isnt idiot
[04:29:27:AM] Bicurious_George: https://vangogh.teespring.com/v3/image/52QFEdUl0oCONwu2RNv8r_r7iFg/480/560.jpg
[04:29:28:AM] lordcafbinder444: transcript?
[04:29:30:AM] lordcafbinder444: trainscript?
[04:29:31:AM] RightInTheAddiction: Tinychat is full of shit
[04:29:34:AM] RugratBlood:465786 Left the room.
[04:29:36:AM] sandrine271281h: Tirednormie lol Sandrine
[04:29:39:AM] guest:466011 Left the room.
[04:29:40:AM] lordcafbinder444: lol
[04:29:44:AM] SOLID:466024 has account: solidification
[04:29:44:AM] SOLID:466024 joined the room.
[04:29:47:AM] lordcafbinder444: i need one for march
[04:29:53:AM] sandrine271281h:465977 stopped broadcasting.
[04:29:55:AM] sandrine271281h:465977 Left the room.
[04:30:01:AM] sandrine271281h:466029 has account: sandrine271281h
[04:30:01:AM] sandrine271281h:466029 joined the room.
[04:30:04:AM] sandrine271281h:466029 is broadcasting.
[04:30:06:AM] Room Owner Lord_MeKLiN:466033:meklin
[04:30:06:AM] Lord_MeKLiN:466033 joined the room.
[04:30:06:AM] SOLID:466024 Left the room.
[04:30:09:AM] Lord_MeKLiN:466033 is broadcasting.
[04:30:24:AM] Soul:466041 has account: soulskiez
[04:30:24:AM] Soul:466041 joined the room.
[04:30:32:AM] RightInTheAddiction:465997 Left the room.
[04:31:11:AM] Lord_MeKLiN: !geek 
[04:31:18:AM] Soul: young dapper lad
[04:31:29:AM] Lord_MeKLiN: !gank 
[04:31:31:AM] Bicurious_George: closed sandrine271281h
[04:31:31:AM] sandrine271281h:466029 stopped broadcasting.
[04:31:34:AM] Lord_MeKLiN: !geek 
[04:31:39:AM] knit:465594 Left the room.
[04:31:41:AM] Soul: ouch
[04:33:15:AM] Logged in as: trap
[04:33:16:AM] Client joined the room: trap:466212
[04:33:16:AM] Joins: Soul:466041:soulskiez
[04:33:16:AM] Joins: sandrine271281h:466029:sandrine271281h
[04:33:16:AM] Joins moderator: lordcafbinder444:465958:hitier
[04:33:16:AM] Joins: Say10:465625:say10
[04:33:16:AM] Joins moderator: Bicurious_George:465521:fagolini
[04:33:16:AM] Joins moderator: tirednormie:465304:tirednormie2
[04:33:16:AM] Joins: Lord_MeKLiN:466033:meklin
[04:33:16:AM] Joins moderator: SUFFER_BOOMERS:464759:unicorns93
[04:33:16:AM] Joins: kaobo:452074:kaobo
[04:33:16:AM] Joins: dutch:464365:on2
[04:33:16:AM] sandrine271281h:466029 is broadcasting.
[04:33:16:AM] Lord_MeKLiN:466033 is broadcasting.
[04:33:16:AM] lordcafbinder444:465958 is broadcasting.
[04:33:16:AM] Bicurious_George:465521 is broadcasting.
[04:33:16:AM] tirednormie:465304 is broadcasting.
[04:33:16:AM] SUFFER_BOOMERS:464759 is broadcasting.
[04:33:16:AM] kaobo:452074 is broadcasting.
[04:33:17:AM] Soul:466041 Left the room.
[04:33:18:AM] Lord_MeKLiN:466033 Left the room.
[04:33:19:AM] Room Owner Lord_MeKLiN:466216:meklin
[04:33:19:AM] Lord_MeKLiN:466216 joined the room.
[04:33:22:AM] Lord_MeKLiN:466216 is broadcasting.
[04:33:26:AM] Lord_MeKLiN: !trump 
[04:33:26:AM] limeade:466214 has account: oogaboogagangban
[04:33:26:AM] limeade:466214 joined the room.
[04:33:27:AM] Bicurious_George: !vip 
[04:33:32:AM] limeade: cringe
[04:33:35:AM] Lord_MeKLiN: !trump 
[04:33:47:AM] wutang:466252 has account: jaywalk187
[04:33:47:AM] wutang:466252 joined the room.
[04:33:50:AM] limeade: I am a stalker i told you this
[04:33:55:AM] Lord_MeKLiN: tails and limeade gets banned
[04:33:56:AM] Lord_MeKLiN: !flip 
[04:34:04:AM] Bicurious_George: no stalkers allowed limeade
[04:34:05:AM] Lord_MeKLiN: !fortune 
[04:34:10:AM] wutang: wow normie still awake? lol
[04:34:12:AM] pZfXICu:466290 has account: xxjrrttk
[04:34:12:AM] pZfXICu:466290 joined the room.
[04:34:13:AM] pZfXICu:466290 Left the room.
[04:34:14:AM] wutang: sup sari caf
[04:34:17:AM] limeade: you don't know me
[04:34:20:AM] Lord_MeKLiN: !vip 
[04:34:32:AM] lordcafbinder444 kicked limeade
[04:34:32:AM] limeade:466214 Left the room.
[04:34:33:AM] Lord_MeKLiN: !tokes 
[04:34:34:AM] Bicurious_George: sup wutang
[04:34:39:AM] Bicurious_George: aint nufin 2 fuck with
[04:34:47:AM] lordcafbinder444: wutang'd
[04:34:53:AM] sandrine271281h: 146
[04:35:08:AM] Lord_MeKLiN: im going to make the bot respond to sandrine
[04:35:14:AM] Lord_MeKLiN: and name it after tirednormie
[04:35:16:AM] Lord_MeKLiN: so he doesnt have to type
[04:35:24:AM] wutang: limeade is actually hot. she hit u up?
[04:35:27:AM] Lord_MeKLiN: every word she makes will be a command
[04:35:33:AM] wutang: hhhhhh nah im jp i dont know him/her
[04:35:42:AM] wutang:466252 is broadcasting.
[04:35:51:AM] s1typNgReHr:466426 has account: divogx819fwdlmc
[04:35:51:AM] s1typNgReHr:466426 joined the room.
[04:35:52:AM] s1typNgReHr:466426 Left the room.
[04:36:26:AM] SUFFER_BOOMERS:464759 Left the room.
[04:36:29:AM] Lord_MeKLiN: !opme 
[04:36:32:AM] sandrine271281h: Tirednormie lol Sandrine
[04:36:42:AM] wutang: sandrine lol wutang!
[04:36:44:AM] wutang: .............
[04:37:12:AM] sandrine271281h: 146
[04:38:07:AM] Bicurious_George:465521 stopped broadcasting.
[04:38:16:AM] wutang: night
[04:38:42:AM] Bicurious_George:465521 Left the room.
[04:39:23:AM] wutang: sorry caf catch u later
[04:39:32:AM] wutang:466252 stopped broadcasting.
[04:39:49:AM] wutang:466252 Left the room.
[04:39:50:AM] Lord_MeKLiN: !all 
[04:39:52:AM] sandrine271281h: Tirednormie zzzzz Sandrine 😭
[04:39:54:AM] g0ku:466603 has account: huehugh
[04:39:54:AM] g0ku:466603 joined the room.
[04:39:55:AM] lordcafbinder444: !based 
[04:40:11:AM] g0ku:466603 Left the room.
[04:40:11:AM] Lord_MeKLiN: !mods 
[04:40:23:AM] lordcafbinder444: MODS = GODS
[04:40:26:AM] Lord_MeKLiN: !signed_in 
[04:40:31:AM] lordcafbinder444: !signed_in 
[04:40:34:AM] lordcafbinder444: !mods 
[04:40:35:AM] Lord_MeKLiN: !norms 
[04:40:37:AM] g0ku:466626 has account: huehugh
[04:40:37:AM] g0ku:466626 joined the room.
[04:40:38:AM] lordcafbinder444: fuck
[04:40:41:AM] lordcafbinder444: !norms 
[04:40:43:AM] g0ku:466626 is broadcasting.
[04:40:55:AM] Lord_MeKLiN: these are not even commands
[04:40:59:AM] Lord_MeKLiN: but the first one i typed was
[04:41:04:AM] Lord_MeKLiN: !all 
[04:41:11:AM] Lord_MeKLiN: wait maybe it wasnt
[04:41:13:AM] arc:466649 has account: arcanine1
[04:41:13:AM] arc:466649 joined the room.
[04:41:19:AM] arc:466649 Left the room.
[04:41:22:AM] Lord_MeKLiN: !add 
[04:41:33:AM] Lord_MeKLiN: !add uinfo
[04:41:34:AM] Lord_MeKLiN: !uinfo ad
[04:41:39:AM] lordcafbinder444: !add 
[04:41:41:AM] g0ku: meklin you the best a rust?
[04:41:42:AM] lordcafbinder444: !add uinfo
[04:41:44:AM] sandrine271281h: Tirednormie zzzzz Sandrine 😭
[04:41:48:AM] Smurfedoodle:466676 has account: gerogetheboink
[04:41:48:AM] Smurfedoodle:466676 joined the room.
[04:41:50:AM] g0ku: like in america
[04:42:02:AM] Lord_MeKLiN: u have the same files as me u should look for the command
[04:42:11:AM] Lord_MeKLiN: its part of the greet system but only for specific users
[04:42:12:AM] sandrine271281h:466029 stopped broadcasting.
[04:42:13:AM] sandrine271281h:466029 Left the room.
[04:42:13:AM] g0ku: meklin answer me
[04:42:14:AM] Lord_MeKLiN: !greet 
[04:42:20:AM] Lord_MeKLiN:466216 Left the room.
[04:42:21:AM] Room Owner Lord_MeKLiN:466697:meklin
[04:42:21:AM] Lord_MeKLiN:466697 joined the room.
[04:42:21:AM] g0ku: are you one of the best rust players
[04:42:24:AM] Lord_MeKLiN:466697 is broadcasting.
[04:42:26:AM] Lord_MeKLiN: yes
[04:42:28:AM] Lord_MeKLiN: 1vs1 me
[04:42:44:AM] g0ku: i have no good items
[04:42:45:AM] Lord_MeKLiN: u will lose everything u own if u decide to fight me
[04:42:50:AM] g0ku: how will i 1v1
[04:42:54:AM] g0ku: im a noob
[04:42:54:AM] Lord_MeKLiN: its 5x server and guns spawn in boxes
[04:42:59:AM] Winterized:466736 has account: deeewax
[04:42:59:AM] Winterized:466736 joined the room.
[04:43:06:AM] Lord_MeKLiN: just build north of launch site on rust academy 5x NO BPS
[04:43:11:AM] g0ku: so i dont need to make anyuthing?
[04:43:25:AM] Lord_MeKLiN: so u will learn how to aim guns because i wont kill you with the best gun
[04:43:26:AM] g0ku: i dont know how to create much
[04:43:32:AM] Lord_MeKLiN: it should be fair if i just use a pistol
[04:43:38:AM] Lord_MeKLiN: i have extra guns
[04:43:47:AM] Lord_MeKLiN: ill put them in part of the house i built u can access
[04:43:50:AM] g0ku: whats the pvp server called?
[04:43:53:AM] lordcafbinder444: georgetheboink'd
[04:43:56:AM] Lord_MeKLiN: rust academy 5x no BP
[04:44:06:AM] Lord_MeKLiN: 37 users on in the modded tab
[04:44:23:AM] g0ku: okay ill have a go later in that server
[04:44:32:AM] g0ku: can you show you playing on your screen?
[04:44:33:AM] Lord_MeKLiN: im in it now
[04:44:38:AM] Lord_MeKLiN: i can also duel you on the cargo ship
[04:44:40:AM] g0ku: i cbf now
[04:44:41:AM] g0ku: lmao
[04:44:45:AM] Lord_MeKLiN: thats one of my best areas i fight in
[04:45:01:AM] Lord_MeKLiN: im making a base which can get me on the ship every time without having to drive up on it with a little boat
[04:45:08:AM] Lord_MeKLiN: and then u gotta jump on a ladder while its moving, its hard
[04:45:17:AM] Lord_MeKLiN: for my base it comes out of the water i make it with scuba gear
[04:45:21:AM] Lord_MeKLiN: in the middle of the water
[04:45:24:AM] g0ku: show me you playing so i can learn some stuff
[04:45:26:AM] g0ku: hehe
[04:45:31:AM] Lord_MeKLiN: and i stand on my roof and the boat clips through my base and i fall on the deck of the cargo ship
[04:45:32:AM] g0ku: thx master meklin
[04:45:36:AM] Lord_MeKLiN: it has the best loot in the game
[04:45:45:AM] Lord_MeKLiN: ive maybe seen 1 or 2 bases in the water as far out as mine ever
[04:45:48:AM] Lord_MeKLiN: maybe only one
[04:45:51:AM] Winterized:466736 Left the room.
[04:45:57:AM] Lord_MeKLiN: its too hard to build for most people
[04:46:02:AM] g0ku: okay so you are really good then
[04:46:08:AM] Lord_MeKLiN: and it wouldnt be good for a clan cuz it keeps u off the mainland and theres less actionb
[04:46:14:AM] g0ku: you must have a lot of hours playued in the game
[04:46:19:AM] Lord_MeKLiN: but every once in a while boats drive by and shoot at the base or they throw up ladders and raid it
[04:46:27:AM] lordcafbinder444:465958 Changed nick to: caf
[04:46:29:AM] Lord_MeKLiN: and your toolchest cant be underwater anymore
[04:46:30:AM] caf:465958 stopped broadcasting.
[04:46:34:AM] Lord_MeKLiN: it has to be on the top of the surface
[04:46:36:AM] caf:465958 is broadcasting.
[04:46:40:AM] Sebastian:466900 has account: seabass
[04:46:40:AM] Sebastian:466900 joined the room.
[04:46:42:AM] Lord_MeKLiN: thats what they take to control ur base forever and ur gone
[04:46:46:AM] Lord_MeKLiN: if they find it ur done
[04:46:53:AM] Lord_MeKLiN: and u cant build in the area
[04:47:03:AM] Lord_MeKLiN: since u own the tool chest, u can build in the area and no one else can
[04:47:03:AM] g0ku: okay fuck dude
[04:47:08:AM] g0ku: sounds like a challenging game
[04:47:08:AM] Sebastian:466900 Left the room.
[04:47:09:AM] Lord_MeKLiN: so u gotta wall it off with no door and hide it
[04:47:25:AM] g0ku: i suck at it haha
[04:47:25:AM] Lord_MeKLiN: u can put the tool chest in a lower height foundation and encircle it with higher foundations
[04:47:37:AM] Lord_MeKLiN: then put a floor over it and its a secret lower compartment in the middle of ur base
[04:47:44:AM] Lord_MeKLiN: or off to the side, where ur not making items and crafting
[04:47:50:AM] Lord_MeKLiN: thats where they will attack ur base first
[04:48:01:AM] Lord_MeKLiN: so i build a long base and hope they attack one side
[04:48:06:AM] Lord_MeKLiN: most people build symmetrical
[04:48:21:AM] Lord_MeKLiN: if u do that or try to build like everyone else it increase ur chance of getting raided
[04:48:35:AM] Lord_MeKLiN: if u build stupid and noob but know what ur doing secretly, most people avoid wasting exposives on ur base
[04:48:52:AM] g0ku: hmm i see
[04:48:59:AM] Lord_MeKLiN: anywqays u can also teleport inside that part of the base with items ur storing and ak47's best item in game ur hiding
[04:49:05:AM] Lord_MeKLiN: u can have 2 teleport spots
[04:49:09:AM] Lord_MeKLiN: but they need to be far away from each othe3r
[04:49:35:AM] Lord_MeKLiN: i have two separate bases, but if i had the resources id have one big base with as ecret teleport room and a main teleport room further away, say on the castle wall or something, which i come home from with a hotkey
[04:49:43:AM] Lord_MeKLiN: u have to bind a hotkey to teleport
[04:49:54:AM] Lord_MeKLiN: it takes 20 seconds to do it and u cant do it in a fight
[04:50:47:AM] Lord_MeKLiN: thats about it
[04:50:50:AM] Lord_MeKLiN: also when ur fighting
[04:50:54:AM] Lord_MeKLiN: just strafe dont aim
[04:51:00:AM] Lord_MeKLiN: click when they pass ur crosshiar
[04:51:03:AM] Lord_MeKLiN: u will never ever miss
[04:51:07:AM] Lord_MeKLiN: like a pistol
[04:51:11:AM] Lord_MeKLiN: treat it as instant hit rail gun in quake
[04:51:25:AM] Lord_MeKLiN: and just strafing constantly to dodge and not worry about aim and eventually u get a quick idea of how to hit every shot
[04:51:33:AM] Lord_MeKLiN: by just waiting for them to move across ur crosshair rather than trying to track them
[04:51:45:AM] RightInTheAddiction:467107 has account: rightinthekissa
[04:51:45:AM] RightInTheAddiction:467107 joined the room.
[04:51:46:AM] Lord_MeKLiN: let me give you a quick video to study which might change your destiny
[04:51:49:AM] g0ku: yeah that all makes sense
[04:51:53:AM] RightInTheAddiction:467107 is broadcasting.
[04:51:57:AM] RightInTheAddiction:467107 Left the room.
[04:52:09:AM] Lord_MeKLiN: https://www.youtube.com/watch?v=3c-S3FJmNro
[04:52:59:AM] dbunny:467159 has account: dbunny
[04:52:59:AM] dbunny:467159 joined the room.
[04:53:11:AM] dbunny: Sleep is for the weak 
[04:53:16:AM] RightInTheAddiction:467166 has account: rightinthekissa
[04:53:16:AM] RightInTheAddiction:467166 joined the room.
[04:53:18:AM] RightInTheAddiction:467166 Left the room.
[04:53:49:AM] RightInTheAddiction:467198 has account: rightinthekissa
[04:53:49:AM] RightInTheAddiction:467198 joined the room.
[04:53:56:AM] RightInTheAddiction:467198 Left the room.
[04:54:25:AM] caf: amen
[04:54:28:AM] caf: i need more adderall
[04:54:28:AM] Lord_MeKLiN: both guns same concept
[04:54:31:AM] Lord_MeKLiN: railgun and lightning gun
[04:54:37:AM] Lord_MeKLiN: i go play quake if i ever feel my brain slow down
[04:54:43:AM] g0ku: yeah i see what you mean
[04:54:55:AM] dbunny:467159 Left the room.
[04:54:58:AM] Lord_MeKLiN: when i played too much dota i had to go back in the hyperbolic time chamber for training known as Quake Live
[04:55:06:AM] Lord_MeKLiN: after a few days every other FPS game was slow to me
[04:56:13:AM] gshans:467319 has account: gshans
[04:56:13:AM] gshans:467319 joined the room.
[04:56:52:AM] GYwttNI:467379 has account: bqwrvhuvojr
[04:56:52:AM] GYwttNI:467379 joined the room.
[04:56:52:AM] GYwttNI:467379 Left the room.
[04:57:37:AM] gshans:467319 Left the room.
[04:58:45:AM] caf:465958 Changed nick to: yggdrasil
[04:58:48:AM] yggdrasil:465958 stopped broadcasting.
[04:58:51:AM] yggdrasil:465958 is broadcasting.
[04:59:08:AM] r7CAr:467525 has account: y04wabu8beo3dw
[04:59:08:AM] r7CAr:467525 joined the room.
[04:59:08:AM] r7CAr:467525 Left the room.
[05:00:10:AM] nugget:467608 has account: vannietran
[05:00:10:AM] nugget:467608 joined the room.
[05:00:15:AM] nugget:467608 Left the room.
[05:01:39:AM] Lord_MeKLiN:466697 stopped broadcasting.
[05:01:59:AM] Lord_MeKLiN:466697 Left the room.
[05:02:00:AM] Room Owner Lord_MeKLiN:467694:meklin
[05:02:00:AM] Lord_MeKLiN:467694 joined the room.
[05:02:02:AM] Lord_MeKLiN:467694 is broadcasting.
[05:02:12:AM] Lord_MeKLiN: :)
[05:02:23:AM] Smurfedoodle:466676 Left the room.
[05:03:13:AM] Rhonda2020:467750 has account: therezamillerban
[05:03:13:AM] Rhonda2020:467750 joined the room.
[05:03:27:AM] Rhonda2020:467750 is broadcasting.
[05:03:34:AM] Lord_MeKLiN: wahaha
[05:04:20:AM] guest-9920:467787 has account: hollywood
[05:04:20:AM] guest-9920:467787 joined the room.
[05:04:25:AM] guest-9920:467787 Left the room.
[05:04:48:AM] gshans:467806 has account: gshans
[05:04:48:AM] gshans:467806 joined the room.
[05:05:37:AM] gshans:467806 is broadcasting.
[05:05:40:AM] gshans:467806 stopped broadcasting.
[05:05:59:AM] gshans:467806 Left the room.
[05:06:08:AM] gRDBF:467978 has account: z6hcjh66590w1p
[05:06:08:AM] gRDBF:467978 joined the room.
[05:06:08:AM] gRDBF:467978 Left the room.
[05:06:16:AM] gshans:468024 has account: gshans
[05:06:16:AM] gshans:468024 joined the room.
[05:06:17:AM] FKtVkLX:468030 has account: l3xxo1a7w6
[05:06:17:AM] FKtVkLX:468030 joined the room.
[05:06:18:AM] FKtVkLX:468030 Left the room.
[05:06:30:AM] GUqAQFOh:468100 has account: fttnbyss7d
[05:06:30:AM] GUqAQFOh:468100 joined the room.
[05:06:30:AM] GUqAQFOh:468100 Left the room.
[05:07:20:AM] gshans:468024 is broadcasting.
[05:07:31:AM] gshans:468024 stopped broadcasting.
[05:08:00:AM] igGawawvv3:468227 has account: u68nzr1x7i
[05:08:00:AM] igGawawvv3:468227 joined the room.
[05:08:01:AM] igGawawvv3:468227 Left the room.
[05:08:31:AM] elli:468301 has account: elli
[05:08:31:AM] elli:468301 joined the room.
[05:08:54:AM] gshans:468024 Left the room.
[05:08:59:AM] Lord_MeKLiN: yeah i almost killed 3 semi auto rifle guys today with my p2 pistol
[05:09:02:AM] gshans:468336 has account: gshans
[05:09:02:AM] gshans:468336 joined the room.
[05:09:08:AM] gshans:468336 is broadcasting.
[05:09:11:AM] Lord_MeKLiN: im still tuning my mouse sensitiveiy plus i have feed on the way
[05:09:13:AM] Lord_MeKLiN: mouse feet
[05:09:18:AM] Lord_MeKLiN: hyperglide PTFE teflon mouse feet
[05:09:20:AM] Lord_MeKLiN: skates*
[05:09:31:AM] Lord_MeKLiN: i swear my brain told me exactly where to aim
[05:09:36:AM] Lord_MeKLiN: and he was just moving too fast
[05:09:36:AM] sandrine271281h:468354 has account: sandrine271281h
[05:09:36:AM] sandrine271281h:468354 joined the room.
[05:09:38:AM] Lord_MeKLiN: the third guy
[05:09:43:AM] Rhonda2020: rofl
[05:09:43:AM] Lord_MeKLiN: they were all bad
[05:09:56:AM] Lord_MeKLiN: i have a base built around their base looking for revenge
[05:09:58:AM] Lord_MeKLiN: they went offline
[05:09:58:AM] Rhonda2020: you are so foreign
[05:09:59:AM] sandrine271281h: Tirednormie
[05:10:14:AM] Lord_MeKLiN: now im going to blow their doors off the hinges and rob all their materials, all their precious work
[05:10:23:AM] Lord_MeKLiN: if u go to sleep u get robbed
[05:10:23:AM] gshans:468336 stopped broadcasting.
[05:10:24:AM] gshans:468336 Left the room.
[05:10:25:AM] Rhonda2020: ok revenge i understand
[05:10:27:AM] Lord_MeKLiN: thats Rust the game
[05:10:35:AM] sandrine271281h:468354 is broadcasting.
[05:10:37:AM] gshans:468378 has account: gshans
[05:10:37:AM] gshans:468378 joined the room.
[05:10:40:AM] Rhonda2020: bleh games
[05:10:46:AM] gshans:468378 Left the room.
[05:10:48:AM] elli:468301 Left the room.
[05:11:57:AM] gshans:468424 has account: gshans
[05:11:57:AM] gshans:468424 joined the room.
[05:12:04:AM] sandrine271281h:468354 stopped broadcasting.
[05:12:05:AM] sandrine271281h:468354 Left the room.
[05:13:04:AM] gshans:468424 Left the room.
[05:14:26:AM] 5qm3f1o7:468555 has account: 4h88rjvioq
[05:14:26:AM] 5qm3f1o7:468555 joined the room.
[05:14:27:AM] 5qm3f1o7:468555 Left the room.
[05:15:14:AM] RightInTheAddiction:468648 has account: rightinthekissa
[05:15:14:AM] RightInTheAddiction:468648 joined the room.
[05:15:25:AM] RightInTheAddiction:468648 is broadcasting.
[05:15:51:AM] RightInTheAddiction: 2 cases in my city guhuhuhu
[05:17:22:AM] RightInTheAddiction: love thos little black icons
[05:17:35:AM] RightInTheAddiction: kek
[05:17:42:AM] RightInTheAddiction: pyongyang is the only place with this one
[05:17:45:AM] Lord_MeKLiN: i got 20 fine metal from the quarry machine so far
[05:17:51:AM] Lord_MeKLiN: thats as much as hitting 2 nodes of ore
[05:17:59:AM] Lord_MeKLiN: in about 6 or 7 mins
[05:18:02:AM] perpetual_zoloft_brain:468743 has account: roflcaust
[05:18:02:AM] perpetual_zoloft_brain:468743 joined the room.
[05:18:04:AM] Lord_MeKLiN: im building a wall around it
[05:18:09:AM] Lord_MeKLiN: i wonder how much low grade fuel it used
[05:18:25:AM] perpetual_zoloft_brain: WHATS GOOD
[05:18:38:AM] Lord_MeKLiN: not a lot
[05:18:44:AM] Lord_MeKLiN: and nothing
[05:19:05:AM] perpetual_zoloft_brain: true
[05:19:12:AM] perpetual_zoloft_brain:468743 is broadcasting.
[05:19:30:AM] perpetual_zoloft_brain: tfw went to a design meetup for international womens day and it was the gayest shit
[05:19:35:AM] Lord_MeKLiN: batman to the recue
[05:20:46:AM] perpetual_zoloft_brain: atleast i have this burger..
[05:20:51:AM] nugget:468831 has account: vannietran
[05:20:51:AM] nugget:468831 joined the room.
[05:20:57:AM] nugget:468831 Left the room.
[05:21:19:AM] Moderator SUFFER_BOOMERS:468853:unicorns93
[05:21:19:AM] SUFFER_BOOMERS:468853 joined the room.
[05:21:25:AM] SUFFER_BOOMERS:468853 is broadcasting.
[05:21:37:AM] fh76v:468955 has account: a6nu1t4pzya2od
[05:21:37:AM] fh76v:468955 joined the room.
[05:21:38:AM] fh76v:468955 Left the room.
[05:21:40:AM] Lord_MeKLiN: the chopper is shooting me
[05:21:42:AM] SUFFER_BOOMERS: Doxxy wanna see something cool
[05:22:01:AM] SUFFER_BOOMERS: actually it's not that cool nvm
[05:22:27:AM] SUFFER_BOOMERS: rhonda???
[05:22:29:AM] SUFFER_BOOMERS: boomer music?!?!?!
[05:22:40:AM] RightInTheAddiction: i love boomer music
[05:22:56:AM] RightInTheAddiction:468648 stopped broadcasting.
[05:22:59:AM] RightInTheAddiction:468648 is broadcasting.
[05:23:01:AM] guest-9930:469055 has account: hollywood
[05:23:01:AM] guest-9930:469055 joined the room.
[05:23:02:AM] RightInTheAddiction: new phone uni ?
[05:23:05:AM] SUFFER_BOOMERS: yeah
[05:23:07:AM] SUFFER_BOOMERS: s20 ultra
[05:23:11:AM] SUFFER_BOOMERS: released today
[05:23:19:AM] guest-9930:469055 Left the room.
[05:23:31:AM] RightInTheAddiction: nice
[05:23:42:AM] SUFFER_BOOMERS: not gonna get a new telephone for 5 years now
[05:23:45:AM] HARAMBE:469078 has account: daerizak
[05:23:45:AM] HARAMBE:469078 joined the room.
[05:23:49:AM] SUFFER_BOOMERS: I doubt they will get much more powerful anyway
[05:24:08:AM] HARAMBE:469078 Left the room.
[05:24:09:AM] ragith:469094 has account: ragithkr
[05:24:09:AM] ragith:469094 joined the room.
[05:24:16:AM] SUFFER_BOOMERS: ALSO
[05:24:19:AM] RightInTheAddiction: same got the iphone X A year and a half ago
[05:24:24:AM] RightInTheAddiction: it's still perfect
[05:24:25:AM] SUFFER_BOOMERS: guys can you tell me if this girl spilled spaghetti today or  not
[05:24:26:AM] ragith:469094 is broadcasting.
[05:24:32:AM] SUFFER_BOOMERS: ok I'll give you the scenario
[05:24:37:AM] RightInTheAddiction: Ragith
[05:24:38:AM] perpetual_zoloft_brain: im ready
[05:24:41:AM] RightInTheAddiction: Did you come for the blond girl ?
[05:24:51:AM] RightInTheAddiction: She's been waiting for you
[05:24:58:AM] perpetual_zoloft_brain: fuck off u kunt
[05:25:02:AM] perpetual_zoloft_brain: get corona'd
[05:25:04:AM] RightInTheAddiction: Ragith my son
[05:25:10:AM] SUFFER_BOOMERS: its an hour to the end of my shift at work
[05:25:11:AM] RightInTheAddiction: I checked my body temp it's 36,6 fuck fof
[05:25:15:AM] ragith: myson
[05:25:18:AM] SUFFER_BOOMERS: I work until 6 but most ppl work until 5
[05:25:20:AM] SUFFER_BOOMERS: anyway
[05:25:30:AM] Moderator Bicurious_George:469144:fagolini
[05:25:30:AM] Bicurious_George:469144 joined the room.
[05:25:35:AM] RightInTheAddiction: TFW JOBLESS  KUNT
[05:25:36:AM] SUFFER_BOOMERS: this girl who has never spoken to me before but ive sat across from for a year or so
[05:25:42:AM] Bicurious_George: is having a daughter the ultimate cuckoldry?
[05:25:47:AM] RightInTheAddiction: obviously
[05:25:50:AM] Bicurious_George: closed Rhonda2020
[05:25:50:AM] Rhonda2020:467750 stopped broadcasting.
[05:25:59:AM] SUFFER_BOOMERS: got up and said to me "oh are you staying late too? yes now I won't be lonely"
[05:26:07:AM] SUFFER_BOOMERS: I just gave her a weird look and I didnt know what to say
[05:26:08:AM] Rhonda2020:467750 Left the room.
[05:26:09:AM] RightInTheAddiction: did you finish by "let's fuck"
[05:26:16:AM] RightInTheAddiction: you should have
[05:26:17:AM] SUFFER_BOOMERS: I juts said "yeah im staying"
[05:26:20:AM] RightInTheAddiction: damn
[05:26:32:AM] SUFFER_BOOMERS: but she never spoek a word to me before that
[05:26:36:AM] SUFFER_BOOMERS: weird right?
[05:26:42:AM] ragith:469094 Left the room.
[05:26:43:AM] asdf22:469178 has account: dfsdfsdfsdfs
[05:26:43:AM] asdf22:469178 joined the room.
[05:26:54:AM] RightInTheAddiction: weemen...
[05:27:00:AM] RightInTheAddiction: as usual
[05:27:03:AM] SUFFER_BOOMERS: anyway I fel bad for giving her a weird look
[05:27:10:AM] asdf22:469178 Left the room.
[05:27:14:AM] RightInTheAddiction: I just ate a bowl of oatmeal with a banana
[05:27:15:AM] RightInTheAddiction: and milk
[05:27:16:AM] perpetual_zoloft_brain:468743 stopped broadcasting.
[05:27:18:AM] RightInTheAddiction: It's horrible
[05:27:22:AM] SUFFER_BOOMERS: I should have been alpha and asked her name
[05:27:30:AM] RightInTheAddiction: I'll stick to my glass of coke breakfast
[05:27:34:AM] SUFFER_BOOMERS: wtf lol
[05:27:37:AM] SUFFER_BOOMERS: coke for brekky
[05:27:37:AM] RightInTheAddiction: try next time
[05:27:38:AM] SUFFER_BOOMERS: mate....
[05:27:43:AM] RightInTheAddiction: yes
[05:27:44:AM] ttucks:469209 has account: ttucksbruh21
[05:27:44:AM] ttucks:469209 joined the room.
[05:27:49:AM] ttucks:469209 Left the room.
[05:27:55:AM] RightInTheAddiction: It's so great
[05:27:58:AM] RightInTheAddiction: I luv it
[05:28:20:AM] RightInTheAddiction:468648 Left the room.
[05:28:22:AM] SUFFER_BOOMERS: I think you would feel much better on a nutritious diet
[05:28:32:AM] Bicurious_George:469144 is broadcasting.
[05:28:44:AM] SUFFER_BOOMERS: anyway point is
[05:28:53:AM] SUFFER_BOOMERS: stupid femoid tried to say a word to me
[05:28:54:AM] 9HqjqBntP:469340 has account: k0eftt59
[05:28:54:AM] 9HqjqBntP:469340 joined the room.
[05:28:54:AM] 9HqjqBntP:469340 Left the room.
[05:29:00:AM] SUFFER_BOOMERS: and got SWERVED!
[05:29:17:AM] Bicurious_George: skrrrrt
[05:29:20:AM] SUFFER_BOOMERS: and for once I wasn't fucking up a conversation
[05:29:21:AM] yggdrasil: skrt
[05:29:26:AM] guest:469378 has account: abdelmonemkamal
[05:29:26:AM] guest:469378 joined the room.
[05:29:28:AM] yggdrasil: no cap
[05:29:53:AM] guest:469378 Left the room.
[05:30:06:AM] FVEAxB:469469 has account: 6ttyczc53jo4m
[05:30:06:AM] FVEAxB:469469 joined the room.
[05:30:06:AM] FVEAxB:469469 Left the room.
[05:30:10:AM] yggdrasil: think im out of cigs
[05:30:13:AM] SUFFER_BOOMERS: she was kinda pretty though
[05:30:18:AM] yggdrasil: cant remember if i bought le extra pack
[05:30:20:AM] Rhonda2020:469500 has account: therezamillerban
[05:30:20:AM] Rhonda2020:469500 joined the room.
[05:30:25:AM] QlT64j:469541 has account: ae9p7lj7uiho8wc
[05:30:25:AM] QlT64j:469541 joined the room.
[05:30:27:AM] QlT64j:469541 Left the room.
[05:30:32:AM] yggdrasil: tfw read for hours at a time smoking
[05:30:52:AM] Bicurious_George: shit was cash
[05:30:59:AM] Rhonda2020: tfw when smoking wont do
[05:31:01:AM] rightinthekissa:469594 has account: rightinthekissa
[05:31:01:AM] rightinthekissa:469594 joined the room.
[05:31:15:AM] Rhonda2020: fuck my lungs
[05:31:27:AM] rightinthekissa: Rhonda how old are ye again 
[05:31:35:AM] Rhonda2020: 67
[05:31:36:AM] yggdrasil: cigs are better than some chinese vape shit lol
[05:31:40:AM] rightinthekissa: Nice
[05:31:46:AM] rightinthekissa: 2 more years and 69
[05:31:51:AM] SUFFER_BOOMERS: vaping is way gayer than smoking
[05:31:55:AM] rightinthekissa: True
[05:31:59:AM] SUFFER_BOOMERS: also causes gum disease
[05:32:05:AM] SUFFER_BOOMERS: but smoking also does
[05:32:09:AM] rightinthekissa: Vaping is soy 
[05:32:09:AM] perpetual_zoloft_brain:468743 is broadcasting.
[05:32:17:AM] SUFFER_BOOMERS: yeah it is
[05:32:22:AM] Rhonda2020: itsv all poison
[05:32:28:AM] rightinthekissa: Rhonda did you see any good concert when you were young ?
[05:32:35:AM] SUFFER_BOOMERS: if I see someone with a vape in the city i def think they are some IT nerd
[05:32:37:AM] Rhonda2020: no
[05:32:46:AM] Rhonda2020: i went to good raves
[05:32:49:AM] rightinthekissa: Really ? You lived through the best bands 
[05:32:50:AM] rightinthekissa: Oh nice
[05:32:59:AM] SUFFER_BOOMERS: rhonda did u used to fuck back in the day?
[05:33:04:AM] SUFFER_BOOMERS: know what I mean?
[05:33:05:AM] yggdrasil: fuck i am out
[05:33:05:AM] Rhonda2020: no
[05:33:05:AM] aWN:469750 has account: 8qqifrx9
[05:33:05:AM] aWN:469750 joined the room.
[05:33:06:AM] aWN:469750 Left the room.
[05:33:06:AM] Brian:469734 has account: djfiwisijcv
[05:33:06:AM] Brian:469734 joined the room.
[05:33:08:AM] Bicurious_George: rikki's gonna be such a cute mom hehe
[05:33:10:AM] yggdrasil: shouldve bought a carton lol
[05:33:19:AM] Rhonda2020: i was too busy dancing
[05:33:27:AM] SUFFER_BOOMERS: on the googs?
[05:33:29:AM] perpetual_zoloft_brain: hehe u already know about these tubes sari...
[05:33:42:AM] Brian:469734 Left the room.
[05:33:47:AM] Bicurious_George: yeet....
[05:33:53:AM] rightinthekissa: Ricky is Rhonda your role model ?
[05:33:56:AM] perpetual_zoloft_brain: that's exactly right..
[05:34:01:AM] Rhonda2020: lol
[05:34:02:AM] SUFFER_BOOMERS: doxxy u need to CUT
[05:34:06:AM] Rhonda2020: shes mine <3
[05:34:07:AM] Ramble:469786 has account: ramble
[05:34:07:AM] Ramble:469786 joined the room.
[05:34:07:AM] perpetual_zoloft_brain: i'm my only role model..
[05:34:17:AM] rightinthekissa: It doesn’t Work like that
[05:34:29:AM] perpetual_zoloft_brain: it does
[05:34:44:AM] Sebastian:469801 has account: seabass
[05:34:44:AM] Sebastian:469801 joined the room.
[05:34:49:AM] rightinthekissa: Fuck oztmean
[05:34:55:AM] rightinthekissa: Im currently shitting the oatmeal
[05:34:59:AM] rightinthekissa: It’s horrible
[05:35:04:AM] rightinthekissa:469594 is broadcasting.
[05:35:32:AM] Rhonda2020: you not ugly even wen you pull ugly faces
[05:35:41:AM] rightinthekissa: Really ?
[05:35:50:AM] Rhonda2020: sucks to be perfect
[05:36:03:AM] Rhonda2020: rofl
[05:37:00:AM] rightinthekissa: Should have coughed in the taxi
[05:37:09:AM] rightinthekissa: It’s actually everywhere 
[05:37:10:AM] rightinthekissa: Dude
[05:37:17:AM] rightinthekissa: We just can’t test everybody 
[05:37:24:AM] rightinthekissa: Most people will fill a mild flu
[05:37:29:AM] rightinthekissa: Deal
[05:37:48:AM] Rhonda2020: i been debilated with flu years ago
[05:38:14:AM] cakefacekilla:469915 has account: ravebabe
[05:38:14:AM] cakefacekilla:469915 joined the room.
[05:38:20:AM] Rhonda2020: yah
[05:38:25:AM] cakefacekilla: hi =p
[05:38:30:AM] rightinthekissa:469594 stopped broadcasting.
[05:38:31:AM] cakefacekilla: my lorrrrdddds
[05:38:47:AM] cakefacekilla:469915 Left the room.
[05:39:14:AM] Rhonda2020: her carers are abusers
[05:39:18:AM] Rhonda2020: lowkey
[05:39:29:AM] Bicurious_George: its her mum
[05:39:37:AM] Bicurious_George: shes not in a care home
[05:39:39:AM] rightinthekissa:469594 Left the room.
[05:39:47:AM] Sebastian:469801 Left the room.
[05:39:55:AM] Sebastian:469962 has account: seabass
[05:39:55:AM] Sebastian:469962 joined the room.
[05:40:32:AM] SUFFER_BOOMERS: now i can finally show you
[05:40:38:AM] SUFFER_BOOMERS: the reason I got a $2000 phone
[05:40:50:AM] Bicurious_George: cant c lol
[05:40:51:AM] Bicurious_George: LOOOL
[05:40:54:AM] Sebastian:469962 Left the room.
[05:41:01:AM] Sebastian:470002 has account: seabass
[05:41:01:AM] Sebastian:470002 joined the room.
[05:41:05:AM] Bicurious_George: $2000 WASTED
[05:41:12:AM] Bicurious_George: based
[05:41:16:AM] RightInTheAddiction:470013 has account: rightinthekissa
[05:41:16:AM] RightInTheAddiction:470013 joined the room.
[05:41:27:AM] Rhonda2020: its his money no cap
[05:41:29:AM] RightInTheAddiction:470013 is broadcasting.
[05:41:29:AM] guest:470024 has account: abdelmonemkamal
[05:41:29:AM] guest:470024 joined the room.
[05:41:32:AM] Sebastian: wasted my nigga
[05:41:40:AM] guest:470024 Left the room.
[05:42:17:AM] augustine:470055 has account: neocon
[05:42:17:AM] augustine:470055 joined the room.
[05:42:22:AM] Rhonda2020:469500 Left the room.
[05:42:23:AM] augustine:470055 is broadcasting.
[05:42:38:AM] danzou:470073 has account: danzou
[05:42:38:AM] danzou:470073 joined the room.
[05:42:48:AM] RightInTheAddiction: jews
[05:42:56:AM] danzou: Rikki
[05:43:16:AM] danzou: Iloveyou
[05:43:21:AM] RightInTheAddiction: I stay in the cold everynight
[05:43:22:AM] danzou: A lot
[05:43:29:AM] RightInTheAddiction: My I.S is GOD like
[05:43:58:AM] RightInTheAddiction: Fake like your smile ?
[05:44:19:AM] danzou: Im saving myself for you rikki im still a virgin
[05:45:06:AM] Sebastian: the supreme gentleman
[05:45:07:AM] Bicurious_George: a dayman
[05:45:08:AM] danzou:470073 Left the room.
[05:45:25:AM] guest:470152 has account: anintegrativeguy
[05:45:25:AM] guest:470152 joined the room.
[05:45:30:AM] Lord_MeKLiN: ez clap
[05:45:41:AM] perpetual_zoloft_brain: i hope corona kills u danzou u dumb gook
[05:45:58:AM] Bicurious_George: not scared of my sheets
[05:46:00:AM] RightInTheAddiction: REMINDER
[05:46:03:AM] RightInTheAddiction:470013 Left the room.
[05:46:06:AM] Sebastian: he is going to wipe himself out
[05:46:12:AM] guest:470152 Left the room.
[05:46:17:AM] Sebastian: with that attitude
[05:46:27:AM] Ramble:469786 Left the room.
[05:47:08:AM] RightInTheAddiction:470195 has account: rightinthekissa
[05:47:08:AM] RightInTheAddiction:470195 joined the room.
[05:47:17:AM] Ramble:470200 has account: ramble
[05:47:17:AM] Ramble:470200 joined the room.
[05:47:18:AM] Sebastian:470002 is broadcasting.
[05:47:26:AM] jay:470206 has account: jimmyv
[05:47:26:AM] jay:470206 joined the room.
[05:47:29:AM] RightInTheAddiction:470195 is broadcasting.
[05:47:45:AM] Ramble:470200 Left the room.
[05:49:25:AM] augustine:470055 stopped broadcasting.
[05:49:30:AM] augustine:470055 Left the room.
[05:50:01:AM] Bicurious_George: I cannot think or comprehend of anything more cucked than having a daughter. Honestly, think about it rationally. You are feeding, clothing, raising and rearing a girl for at least 18 years solely so she can go and get ravaged by another man. All the hard work you put into your beautiful little girl - reading her stories at bedtime, making her go to sports practice, making sure she had a healthy diet, educating her, playing with her. All of it has one simple result: her body is more enjoyable f
[05:50:08:AM] perpetual_zoloft_brain: based
[05:50:11:AM] Bicurious_George: for the men who will fuck her
[05:50:14:AM] perpetual_zoloft_brain: fuk dem kids
[05:50:28:AM] Bicurious_George: Raised the perfect girl? Great. Who benefits? If you're lucky, a random man who had nothing to do with the way she grew up, who marries her. He gets to fuck her tight pussy every night. He gets the benefits of her kind and sweet personality that came from the way you raised her.
[05:50:37:AM] Bicurious_George: As a man who has a daughter, you are LITERALLY dedicating at least 20 years of your life simply to raise a girl for another man to enjoy. It is the ULTIMATE AND FINAL cuck. Think about it logically
[05:51:09:AM] Norwegian_KnightTemplar:470348 has account: armpitfetish
[05:51:09:AM] Norwegian_KnightTemplar:470348 joined the room.
[05:51:45:AM] yggdrasil: the final
[05:51:46:AM] yggdrasil: cuck
[05:51:53:AM] Norwegian_KnightTemplar: RightintheKissa true
[05:51:57:AM] Norwegian_KnightTemplar: thats very true
[05:52:05:AM] RightInTheAddiction: i'll never had a kid then
[05:52:10:AM] Norwegian_KnightTemplar: ahhaha
[05:52:12:AM] Sebastian:470002 Left the room.
[05:52:21:AM] Sebastian:470377 has account: seabass
[05:52:21:AM] Sebastian:470377 joined the room.
[05:52:34:AM] burst:470385 has account: burstintoflavor
[05:52:34:AM] burst:470385 joined the room.
[05:52:46:AM] burst:470385 Left the room.
[05:52:48:AM] Norwegian_KnightTemplar:470348 Left the room.
[05:54:09:AM] yggdrasil: https://www.youtube.com/watch?v=V7V7VtoWNEk
[05:54:17:AM] yggdrasil: bought marb reds
[05:54:20:AM] yggdrasil: redpilled
[05:55:13:AM] Lord_MeKLiN: buy DRUM roll-ups
[05:56:03:AM] Ramble:470507 has account: cutecouple
[05:56:03:AM] Ramble:470507 joined the room.
[05:56:41:AM] guest:470532 has account: beatthedow
[05:56:41:AM] guest:470532 joined the room.
[05:57:03:AM] galaxy:470557 has account: galaxysease
[05:57:03:AM] galaxy:470557 joined the room.
[05:57:04:AM] brah:470559 has account: brahhaha
[05:57:04:AM] brah:470559 joined the room.
[05:57:12:AM] brah:470559 Left the room.
[05:57:19:AM] guest:470532 Left the room.
[05:57:46:AM] Ramble:470507 Left the room.
[05:57:52:AM] Sebastian: she would drown her kids in the bath tub
[05:58:03:AM] galaxy:470557 Left the room.
[05:58:24:AM] Sebastian: nothing wrong with that
[05:58:30:AM] Sebastian: i wanna kill kids at times to
[05:58:35:AM] Sebastian: thats why i dont want any
[05:58:53:AM] Bicurious_George:469144 stopped broadcasting.
[05:59:01:AM] Bicurious_George:469144 is broadcasting.
[05:59:18:AM] Bicurious_George:469144 stopped broadcasting.
[05:59:22:AM] guest:470660 has account: psalmtrees
[05:59:22:AM] guest:470660 joined the room.
[05:59:27:AM] RightInTheAddiction:470195 Left the room.
[05:59:43:AM] Bicurious_George:469144 Left the room.
[05:59:49:AM] rightinthekissa:470680 has account: rightinthekissa
[05:59:49:AM] rightinthekissa:470680 joined the room.
[05:59:55:AM] rightinthekissa:470680 is broadcasting.
[06:00:01:AM] Lord_MeKLiN: damn i clapped that guy twice for a full inventory in the same place
[06:00:04:AM] Lord_MeKLiN: must've been a bot
[06:00:19:AM] Sebastian: wouldnt know
[06:00:25:AM] turbocar99:470694 has account: roonscape
[06:00:25:AM] turbocar99:470694 joined the room.
[06:00:27:AM] Lord_MeKLiN: 106 sewing kits ahaha
[06:01:10:AM] Laura:470712 has account: cutecouple
[06:01:10:AM] Laura:470712 joined the room.
[06:01:12:AM] Sebastian:470377 is broadcasting.
[06:01:19:AM] turbocar99:470694 is broadcasting.
[06:01:21:AM] Sandra:470718 has account: sandra3004
[06:01:21:AM] Sandra:470718 joined the room.
[06:01:22:AM] Laura:470712 Left the room.
[06:01:25:AM] turbocar99: hey
[06:01:27:AM] Sandra:470718 Left the room.
[06:01:36:AM] turbocar99: corona is in my city
[06:01:37:AM] perpetual_zoloft_brain: hi
[06:01:40:AM] perpetual_zoloft_brain: u corona'd yet?
[06:01:41:AM] turbocar99: IN MY FUCKING SMALL CITY
[06:01:46:AM] turbocar99: 200K PEOPLE CITY
[06:01:47:AM] perpetual_zoloft_brain: LMAOOOOO
[06:01:48:AM] turbocar99: got corona'd
[06:01:52:AM] perpetual_zoloft_brain: LMAOO
[06:01:54:AM] rightinthekissa: Dude
[06:01:59:AM] perpetual_zoloft_brain: thomas pls dont go outside
[06:01:59:AM] turbocar99: i just went to the bakery and someone was coughing
[06:02:01:AM] rightinthekissa: What’s so difficult to understand
[06:02:04:AM] Sebastian: shut he fuck
[06:02:06:AM] rightinthekissa: We all have corona in this chatroom
[06:02:10:AM] rightinthekissa: We just don’t know it yet
[06:02:12:AM] Sebastian: up stop being a bitch
[06:02:13:AM] rightinthekissa: Give it time
[06:02:16:AM] turbocar99: rikki ur hair is fine
[06:02:23:AM] turbocar99: s t y l e d hair
[06:02:31:AM] rightinthekissa: My hair is better tbh
[06:02:32:AM] perpetual_zoloft_brain: no..
[06:02:33:AM] rightinthekissa: Fuck off
[06:03:05:AM] turbocar99: sigh
[06:03:12:AM] turbocar99: should i buy 25kg bag of rice
[06:03:19:AM] SUFFER_BOOMERS: the camera on this phone is better than real life
[06:03:28:AM] rightinthekissa: No turbo
[06:03:35:AM] rightinthekissa: It’s too late 
[06:03:41:AM] JoeBlow:470799 has account: joebloww
[06:03:41:AM] JoeBlow:470799 joined the room.
[06:03:48:AM] JoeBlow:470799 Left the room.
[06:03:51:AM] rightinthekissa: Should have been ready a month ago
[06:04:19:AM] guest: is that frankinsence i smell?
[06:04:24:AM] rightinthekissa: Uni you have the one that takes celestial photos right ?
[06:04:28:AM] turbocar99: psalmtrees CORONA IS IN OUR CITY
[06:04:29:AM] guest: who summoned me...
[06:04:35:AM] guest: I KNOW DUDE are you armed yet?
[06:04:39:AM] SUFFER_BOOMERS: yeah 100x zoom
[06:04:40:AM] turbocar99: no
[06:04:43:AM] SUFFER_BOOMERS: they call it space zoom
[06:04:44:AM] guest:470660 Changed nick to: psalmtrees
[06:04:47:AM] rightinthekissa: Pretty cool
[06:04:51:AM] turbocar99: i didnt even stock up yet
[06:04:53:AM] SUFFER_BOOMERS: IDK if it will really work in space though
[06:05:02:AM] SUFFER_BOOMERS: I'll try and take a pic of the moon sometimes
[06:05:09:AM] rightinthekissa: It does I think
[06:05:09:AM] turbocar99: i need to go to the makro
[06:05:15:AM] turbocar99: and buy 25kg bag of rice
[06:05:18:AM] rightinthekissa: You can take photos of the moons surface
[06:05:21:AM] psalmtrees: yeah
[06:05:27:AM] psalmtrees: go do it giga
[06:05:33:AM] rightinthekissa: Buy 25g of weed it should be enough
[06:05:34:AM] psalmtrees: i got rice beans and fruit to last me a while
[06:05:36:AM] rightinthekissa: To fight corona
[06:05:46:AM] turbocar99: lol
[06:05:53:AM] jay:470206 Left the room.
[06:06:04:AM] rightinthekissa: Also water is more important 
[06:06:11:AM] psalmtrees: leverpastij
[06:06:14:AM] turbocar99: how do i clean my own water
[06:06:17:AM] turbocar99: nasty psalmtrees i hate that
[06:06:21:AM] psalmtrees: 57 cent for 3 cans
[06:06:25:AM] turbocar99: disgusting
[06:06:27:AM] psalmtrees: its the only canned meat youll find
[06:06:29:AM] rightinthekissa: Just drink rain water
[06:06:34:AM] Draconian:470870 has account: chronos
[06:06:34:AM] Draconian:470870 joined the room.
[06:06:35:AM] psalmtrees: there is literally no canned meat in dutch stores...
[06:06:39:AM] psalmtrees: its concerning
[06:06:40:AM] turbocar99: i dont think liver counts as meat anyways...
[06:06:45:AM] psalmtrees: you kidding me?
[06:06:47:AM] rightinthekissa: Yeah my local market got raided too
[06:06:50:AM] psalmtrees: YOU KIDDING ME ?
[06:06:50:AM] turbocar99: i dont count it
[06:06:51:AM] rightinthekissa: Fucking boomers
[06:06:52:AM] turbocar99: meat = edible
[06:06:54:AM] rightinthekissa: Got all the pasta
[06:06:54:AM] psalmtrees: liver is super nutritious
[06:06:59:AM] turbocar99: liver = not edible only if you're gross
[06:07:05:AM] turbocar99: ehh
[06:07:07:AM] Draconian: shame she has a zoloft brain
[06:07:09:AM] turbocar99: puke
[06:07:11:AM] psalmtrees: liver was the prize of the hunting party
[06:07:18:AM] rightinthekissa: I’ll eat the first dead of corona to become stronger
[06:07:18:AM] psalmtrees: they would eat it right off the dead animal before bringing the carcass home
[06:07:21:AM] turbocar99: my parents fed me liver when i was a kid
[06:07:22:AM] psalmtrees: the reward for the hunters
[06:07:23:AM] rightinthekissa: Like a Highlander 
[06:07:26:AM] turbocar99: like daily
[06:07:28:AM] turbocar99: eww
[06:07:33:AM] Draconian:470870 Left the room.
[06:07:35:AM] Sebastian: she needs to snap out of it
[06:07:42:AM] psalmtrees: i eat slices of leverworst like potato chips\
[06:07:48:AM] psalmtrees: lol not really but i love me some leverworst...
[06:07:50:AM] turbocar99: grillworst now that i like
[06:07:58:AM] mike:470919 has account: cyanideroom
[06:07:58:AM] mike:470919 joined the room.
[06:08:00:AM] turbocar99: from the kaasboertje
[06:08:09:AM] mike:470919 Left the room.
[06:08:53:AM] sandrine271281h:470946 has account: sandrine271281h
[06:08:53:AM] sandrine271281h:470946 joined the room.
[06:09:20:AM] guest:470958 has account: bradlombardo
[06:09:20:AM] guest:470958 joined the room.
[06:09:22:AM] guest:470958 is broadcasting.
[06:09:28:AM] SUFFER_BOOMERS:468853 Left the room.
[06:09:36:AM] guest: hii
[06:10:14:AM] guest-9948:470987 has account: nanogina
[06:10:14:AM] guest-9948:470987 joined the room.
[06:10:20:AM] guest: how do i change it
[06:10:33:AM] sandrine271281h:470946 is broadcasting.
[06:11:00:AM] guest-9948:470987 Left the room.
[06:11:16:AM] guest: well i'll have to find anothjer chatroom
[06:11:43:AM] guest-9949:471024 has account: juju1
[06:11:43:AM] guest-9949:471024 joined the room.
[06:11:51:AM] guest:470958 Left the room.
[06:11:52:AM] Sebastian:470377 Left the room.
[06:11:58:AM] Sebastian:471033 has account: seabass
[06:11:58:AM] Sebastian:471033 joined the room.
[06:12:01:AM] guest-9949:471024 Left the room.
[06:12:22:AM] sandrine271281h:470946 stopped broadcasting.
[06:12:25:AM] sandrine271281h:470946 Left the room.
[06:13:50:AM] turbocar99: traps not allowed
[06:17:45:AM] Moderator SUFFER_BOOMERS:471207:unicorns93
[06:17:45:AM] SUFFER_BOOMERS:471207 joined the room.
[06:17:56:AM] psalmtrees: therse chainsaws in rust now?
[06:18:06:AM] psalmtrees: meklin is stacked
[06:18:20:AM] Sebastian:471033 Left the room.
[06:18:44:AM] SUFFER_BOOMERS:471207 Left the room.
[06:23:23:AM] SUPERDRY:471378 has account: aesthetix
[06:23:23:AM] SUPERDRY:471378 joined the room.
[06:23:53:AM] yggdrasil: turbocar'd
[06:23:53:AM] SUPERDRY:471378 Left the room.
[06:25:04:AM] Lord_MeKLiN: yep u can get 20k wood in about 3 mins
[06:25:19:AM] turbocar99: isnt yggdrasil the icelandic monster that eats children on xmas?
[06:25:23:AM] Lord_MeKLiN: i got 300 high quality metal from the quarry so far
[06:25:32:AM] Lord_MeKLiN: it uses about 50 low grade per 15 mins or so
[06:25:41:AM] Lord_MeKLiN: lowgrade is rare on this server to prevent overcrafting of c4
[06:25:43:AM] Lord_MeKLiN: :)
[06:27:06:AM] Lord_MeKLiN: 1359
[06:27:08:AM] Lord_MeKLiN: caf
[06:27:09:AM] Lord_MeKLiN: 1359
[06:27:13:AM] RHONDA:471483 has account: therezamillerban
[06:27:13:AM] RHONDA:471483 joined the room.
[06:27:33:AM] Lord_MeKLiN: look where the 3 is
[06:27:40:AM] Lord_MeKLiN: its nowhere near 5 and the upside down 6
[06:27:51:AM] Lord_MeKLiN: showing that lucifer is eviler than man in this ancient tinychat numberology
[06:27:58:AM] Lord_MeKLiN: but man is almost as evil as him
[06:28:13:AM] Lord_MeKLiN: i had 666 cloth
[06:28:22:AM] Lord_MeKLiN: then i added it to the other stack and it became 1359 hiding the number of the beast
[06:28:28:AM] sandrine271281h:471547 has account: sandrine271281h
[06:28:28:AM] sandrine271281h:471547 joined the room.
[06:28:42:AM] Lord_MeKLiN: i only get 420's
[06:28:44:AM] RHONDA: its all numbers
[06:28:47:AM] Lord_MeKLiN: i never got that number before
[06:28:52:AM] yggdrasil: 1359
[06:28:53:AM] Lord_MeKLiN: not in any stack of any resource ever
[06:29:01:AM] sandrine271281h: 1359
[06:29:03:AM] Lord_MeKLiN: yes thats a whole sentence of numbers and a picture
[06:29:12:AM] tommyguns:471578 has account: kurama
[06:29:12:AM] tommyguns:471578 joined the room.
[06:29:12:AM] sandrine271281h: 146
[06:29:21:AM] yggdrasil: think i read about 1359 earlier
[06:29:26:AM] yggdrasil: been reading a lot..
[06:29:26:AM] sandrine271281h: Yes
[06:29:28:AM] Lord_MeKLiN: its ancientpractice of interpreting numbers as symbols and stuff
[06:29:30:AM] tommyguns: naruto GO!
[06:29:42:AM] sandrine271281h: 146
[06:29:43:AM] Lord_MeKLiN: its not reccomended by the bible and considered part of witch craft or astrology
[06:29:43:AM] sandrine271281h: Yes
[06:29:49:AM] HARAMBE:471593 has account: daerizak
[06:29:49:AM] HARAMBE:471593 joined the room.
[06:30:14:AM] tommyguns:471578 Left the room.
[06:30:15:AM] sandrine271281h:471547 Left the room.
[06:30:21:AM] Lord_MeKLiN: i hope no one raids me
[06:30:23:AM] Lord_MeKLiN: im having fun
[06:30:27:AM] RHONDA: 241
[06:30:44:AM] RHONDA: hes fun
[06:31:13:AM] sandrine271281h:471633 has account: sandrine271281h
[06:31:13:AM] sandrine271281h:471633 joined the room.
[06:31:23:AM] sandrine271281h: Rue Eugène Coquereau 146 Rue Eugène Coquereau 146, 7170 La Louvière https://maps.app.goo.gl/wtgpQuLGz5xnzJVK7
[06:31:26:AM] sandrine271281h: Yes
[06:31:31:AM] sandrine271281h: 146 yes
[06:31:46:AM] sandrine271281h:471633 is broadcasting.
[06:32:06:AM] gshans:471661 has account: gshans
[06:32:06:AM] gshans:471661 joined the room.
[06:32:17:AM] gshans:471661 Left the room.
[06:32:24:AM] HARAMBE:471593 Left the room.
[06:32:46:AM] JoeBlow:471682 has account: joebloww
[06:32:46:AM] JoeBlow:471682 joined the room.
[06:32:46:AM] sandrine271281h: Caf
[06:32:59:AM] JoeBlow:471682 Left the room.
[06:33:14:AM] yggdrasil: yeah all of it can be very interesting though
[06:33:19:AM] yggdrasil: the study of it at least
[06:33:23:AM] yggdrasil: interpretation
[06:33:27:AM] sandrine271281h: Yes
[06:34:05:AM] SUPERDRY:471731 has account: aesthetix
[06:34:05:AM] SUPERDRY:471731 joined the room.
[06:34:07:AM] sandrine271281h: 🚗
[06:34:29:AM] SUPERDRY:471731 Left the room.
[06:35:52:AM] zh6JURUV6x:471850 has account: ymc1a1ok2qwl6
[06:35:52:AM] zh6JURUV6x:471850 joined the room.
[06:35:52:AM] zh6JURUV6x:471850 Left the room.
[06:36:07:AM] xangeek:471911 has account: xangeek
[06:36:07:AM] xangeek:471911 joined the room.
[06:36:19:AM] Moderator SUFFER_BOOMERS:471920:unicorns93
[06:36:19:AM] SUFFER_BOOMERS:471920 joined the room.
[06:36:38:AM] RHONDA: i drive sandrine  in her car to the zoo
[06:36:56:AM] SUFFER_BOOMERS:471920 Changed nick to: purveryor_of_doom
[06:36:57:AM] 6p3O:472027 has account: 19l4ppb
[06:36:57:AM] 6p3O:472027 joined the room.
[06:36:57:AM] 6p3O:472027 Left the room.
[06:37:09:AM] purveryor_of_doom:471920 Left the room.
[06:37:17:AM] F8:472078 has account: ia7ab1b4z0j
[06:37:17:AM] F8:472078 joined the room.
[06:37:17:AM] F8:472078 Left the room.
[06:37:51:AM] xangeek:471911 Left the room.
[06:37:57:AM] xangeek:472144 has account: xangeek
[06:37:57:AM] xangeek:472144 joined the room.
[06:38:08:AM] rightinthekissa:470680 Left the room.
[06:38:11:AM] xangeek: Im retarsedded???
[06:38:15:AM] Lord_MeKLiN: 55
[06:38:29:AM] Y5Wqhx7NCc:472169 has account: fhc8vd
[06:38:29:AM] Y5Wqhx7NCc:472169 joined the room.
[06:38:29:AM] Y5Wqhx7NCc:472169 Left the room.
[06:39:36:AM] xangeek: Uhhhfggfg i dony t wana think ! Tginking make m e sad lol
[06:39:42:AM] psalmtrees: meklin wasnt man's number 555, the beast is the familiar one, and god's 777  ? is that biblical or new age nonsense
[06:40:33:AM] Moderator Bicurious_George:472393:fagolini
[06:40:33:AM] Bicurious_George:472393 joined the room.
[06:40:42:AM] Gw1TVPzCOj:472411 has account: 3c4gj4vfcj3f
[06:40:42:AM] Gw1TVPzCOj:472411 joined the room.
[06:40:43:AM] Gw1TVPzCOj:472411 Left the room.
[06:40:45:AM] Bicurious_George:472393 Left the room.
[06:40:47:AM] Moderator Bicurious_George:472453:fagolini
[06:40:47:AM] Bicurious_George:472453 joined the room.
[06:40:49:AM] wutang:472457 has account: jaywalk187
[06:40:49:AM] wutang:472457 joined the room.
[06:40:51:AM] Lord_MeKLiN: yes
[06:41:00:AM] guest-9954:472461 has account: hollywood
[06:41:00:AM] guest-9954:472461 joined the room.
[06:41:01:AM] sandrine271281h: Yes
[06:41:04:AM] Lord_MeKLiN: !noguest 
[06:41:06:AM] Lord_MeKLiN: !lurkers 
[06:41:06:AM] Bicurious_George: meklin i got a music question for u
[06:41:10:AM] guest-9954:472461 Left the room.
[06:41:10:AM] Lord_MeKLiN: what
[06:41:16:AM] sandrine271281h: 146
[06:41:20:AM] psalmtrees: > yes
[06:41:21:AM] Bicurious_George: if I wanna find songs that are the same genre as one song
[06:41:25:AM] Bicurious_George: is there a website for that
[06:41:34:AM] sandrine271281h: Yes
[06:41:35:AM] xangeek: Lastfm jaha
[06:41:35:AM] psalmtrees: it was a either or question, oh wise sage
[06:41:37:AM] Lord_MeKLiN: last fm
[06:41:40:AM] Lord_MeKLiN: 'similar bands'
[06:41:40:AM] qaCFWLz6:472519 has account: 56ov2e7i3nz
[06:41:40:AM] qaCFWLz6:472519 joined the room.
[06:41:43:AM] qaCFWLz6:472519 Left the room.
[06:41:45:AM] Lord_MeKLiN: i use it for discography checks
[06:41:49:AM] Bicurious_George: thank u friends love u
[06:41:51:AM] Lord_MeKLiN: when i like someone, i make sure i have every EP and LP
[06:41:56:AM] Lord_MeKLiN: discogs.com is official tho
[06:42:01:AM] Lord_MeKLiN: lastfm is just to community
[06:42:08:AM] Lord_MeKLiN: people used to ask me what mine was
[06:42:11:AM] Lord_MeKLiN: i never regiostrty it
[06:42:13:AM] SUPERDRY:472598 has account: aesthetix
[06:42:13:AM] SUPERDRY:472598 joined the room.
[06:42:15:AM] Lord_MeKLiN: i dont like stream or buying things
[06:42:38:AM] SUPERDRY:472598 is broadcasting.
[06:42:53:AM] xangeek: Im retarded???
[06:42:57:AM] cosmo:472618 has account: beatthedow
[06:42:57:AM] cosmo:472618 joined the room.
[06:42:59:AM] cosmo:472618 is broadcasting.
[06:43:56:AM] sandrine271281h:471633 stopped broadcasting.
[06:44:01:AM] sandrine271281h:471633 Left the room.
[06:44:08:AM] HZ4bBpdvPO:472738 has account: rsmhgr1zue6qj
[06:44:08:AM] HZ4bBpdvPO:472738 joined the room.
[06:44:09:AM] HZ4bBpdvPO:472738 Left the room.
[06:44:15:AM] guest:472763 has account: joebloww
[06:44:15:AM] guest:472763 joined the room.
[06:44:36:AM] Lord_MeKLiN: see how my cig goes out on its own, caf
[06:44:37:AM] guest-9955:472778 has account: ksfp
[06:44:37:AM] guest-9955:472778 joined the room.
[06:44:40:AM] Lord_MeKLiN: you are smoking poison paper
[06:44:43:AM] guest-9955:472778 Left the room.
[06:44:47:AM] cosmo:472618 Left the room.
[06:44:55:AM] guest:472763 is broadcasting.
[06:45:01:AM] Lord_MeKLiN: want me to mail you a pack of papers so you can try it out
[06:45:05:AM] Lord_MeKLiN: i have 50 packs
[06:45:10:AM] RHONDA:471483 Left the room.
[06:45:27:AM] xangeek: Im retarded ?
[06:45:30:AM] SUPERDRY:472598 Left the room.
[06:45:32:AM] Lord_MeKLiN: i can never stop if i want
[06:45:40:AM] Lord_MeKLiN: but i will eventually when the weather is nice and i run and bike more
[06:45:41:AM] guest-9956:472806 has account: dishu
[06:45:41:AM] guest-9956:472806 joined the room.
[06:45:56:AM] guest:472763 Left the room.
[06:45:58:AM] Lord_MeKLiN: its funny why my dad started smoking again after we both quit for 5 years, me 7 years
[06:46:03:AM] Troop:472840 has account: peaceway
[06:46:03:AM] Troop:472840 joined the room.
[06:46:04:AM] Lord_MeKLiN: time flew by
[06:46:16:AM] Troop:472840 Left the room.
[06:46:20:AM] guest-9956:472806 Left the room.
[06:46:25:AM] xangeek: Long enough breaak
[06:46:27:AM] xangeek: Lool
[06:46:42:AM] RHONDA:472869 has account: therezamillerban
[06:46:42:AM] RHONDA:472869 joined the room.
[06:47:22:AM] gshans:472904 has account: gshans
[06:47:22:AM] gshans:472904 joined the room.
[06:47:24:AM] guest:472898 has account: dishu
[06:47:24:AM] guest:472898 joined the room.
[06:47:29:AM] gshans:472904 Left the room.
[06:47:37:AM] xangeek:472144 Left the room.
[06:48:13:AM] guest-9958:472945 has account: joebloww
[06:48:13:AM] guest-9958:472945 joined the room.
[06:48:26:AM] dutch:464365 Left the room.
[06:48:29:AM] guest-9958:472945 Left the room.
[06:48:34:AM] Bicurious_George: !lurkers 
[06:48:36:AM] Bicurious_George: !lurker 
[06:48:41:AM] Bicurious_George: !lurk 
[06:49:30:AM] Bicurious_George kicked g0ku
[06:49:30:AM] g0ku:466626 Left the room.
[06:50:06:AM] adam2k21:473012 has account: adam2k21
[06:50:06:AM] adam2k21:473012 joined the room.
[06:50:11:AM] adam2k21:473012 Left the room.
[06:50:15:AM] g0ku:472998 has account: huehugh
[06:50:15:AM] g0ku:472998 joined the room.
[06:50:36:AM] RHONDA: lol tirednormie trying to roast me as if hes all that , he never leaves his bedroom
[06:50:48:AM] Bicurious_George: rhonda ur a loser old bitch
[06:50:55:AM] perpetual_zoloft_brain: tirednormie is based..
[06:51:02:AM] perpetual_zoloft_brain: and ur a baby boomer who is rotting..
[06:51:11:AM] psalmtrees: rhonda when did you last spend 18 hours a day contemplating god for MONTHS on end ?
[06:51:23:AM] psalmtrees: he's so still in his union with god... admirable
[06:51:27:AM] guest-9959:473062 has account: hollywood
[06:51:27:AM] guest-9959:473062 joined the room.
[06:51:36:AM] Bicurious_George: based psalm
[06:51:41:AM] psalmtrees: and you want to trash talk him while he's not paying attention ???
[06:51:44:AM] guest-9959:473062 Left the room.
[06:51:55:AM] psalmtrees: brimstone and fire for you Rhonda
[06:52:22:AM] perpetual_zoloft_brain: rhonda never show ur face again..
[06:52:27:AM] Bicurious_George: Exorcizamus te, omnis immundus spiritus
omnis satanica potestas, omnis incursio
infernalis adversarii, omnis legio,
omnis congregatio et secta diabolica.
[06:52:29:AM] Bicurious_George: Amen
[06:52:33:AM] psalmtrees: AMEN
[06:53:09:AM] Bicurious_George: Begone, demon! Our faith will not be shaken!
[06:53:17:AM] psalmtrees: far, far removed be the profane
[06:53:28:AM] wutang:472457 Left the room.
[06:53:31:AM] RHONDA: these  mods smh
[06:53:34:AM] xangeek:473139 has account: xangeek
[06:53:34:AM] xangeek:473139 joined the room.
[06:53:54:AM] RHONDA: i just laughed
[06:53:59:AM] xangeek: I miss last year already .. does that even make sense
[06:54:08:AM] RHONDA: people are so funny
[06:54:21:AM] Bicurious_George: Omni potentis Dei potestatem invoco,
omni potentis Dei potestatem invoco,
abrogo terra.
[06:54:27:AM] Bicurious_George: Amen
[06:54:58:AM] turbocar99: yesw
[06:55:01:AM] turbocar99: 146
[06:55:12:AM] sandrine271281h:473184 has account: sandrine271281h
[06:55:12:AM] sandrine271281h:473184 joined the room.
[06:55:23:AM] ragith:473188 has account: ragithkr
[06:55:23:AM] ragith:473188 joined the room.
[06:55:29:AM] sandrine271281h:473184 is broadcasting.
[06:55:38:AM] ragith:473188 is broadcasting.
[06:55:45:AM] Bicurious_George: you summoned her
[06:55:47:AM] Bicurious_George: holy fuck
[06:56:03:AM] turbocar99: LOL
[06:56:13:AM] turbocar99: ragith live from his jungle hut
[06:56:41:AM] guest:472898 Left the room.
[06:56:51:AM] xangeek:473139 Left the room.
[06:56:58:AM] yggdrasil: psalmtrees
rhonda when did you last spend 18 hours a day contemplating god for MONTHS on end ?
[06:56:59:AM] yggdrasil: lol
[06:57:12:AM] yggdrasil: ppl on their first human incarnation here bru
[06:57:12:AM] ragith: I WANNA MARRY PERPECTUAL
[06:57:24:AM] turbocar99: lol
[06:57:33:AM] Bicurious_George: perpectual
[06:57:37:AM] yggdrasil: rajith was a monkey in his last life lol
[06:57:43:AM] Betty:473271 has account: mountaingook
[06:57:43:AM] Betty:473271 joined the room.
[06:57:44:AM] ragith: ^
[06:57:50:AM] Betty:473271 is broadcasting.
[06:57:51:AM] Betty: oi
[06:57:52:AM] sandrine271281h: yggdrasil
[06:57:55:AM] ragith: I LOVE MONKEYS
[06:57:57:AM] dutch:473275 has account: on2
[06:57:57:AM] dutch:473275 joined the room.
[06:57:59:AM] Betty: ugli sardine
[06:58:10:AM] Frankrizzo:473284 has account: funnyfreckles613
[06:58:10:AM] Frankrizzo:473284 joined the room.
[06:58:12:AM] Betty: ragit
[06:58:14:AM] dutch: Omg omg im going to call the bird owners
[06:58:19:AM] turbocar99: he is a monkey in this life lol
[06:58:20:AM] Betty: u want to see betty pussy face?
[06:58:34:AM] dutch: 6 dwarfparrotw ohh yh ohht
[06:58:36:AM] Betty: ragith you want to see betty pussy face?
[06:58:50:AM] Frankrizzo:473284 Left the room.
[06:58:54:AM] turbocar99: caf u look cold go inside?
[06:59:44:AM] sandrine271281h: Caf
[06:59:47:AM] Betty: kaobo u look smelly
[06:59:56:AM] dutch:473275 is broadcasting.
[07:00:05:AM] Betty: kiss my pussy face
[07:00:12:AM] RHONDA:472869 Left the room.
[07:00:16:AM] wwk:473357 has account: wwk
[07:00:16:AM] wwk:473357 joined the room.
[07:00:17:AM] guest:473358 has account: jpcwy1k
[07:00:17:AM] guest:473358 joined the room.
[07:00:28:AM] guest:473358 Left the room.
[07:00:40:AM] Bicurious_George:472453 is broadcasting.
[07:01:01:AM] RHONDA:473385 has account: therezamillerban
[07:01:01:AM] RHONDA:473385 joined the room.
[07:01:11:AM] wwk:473357 Left the room.
[07:01:21:AM] xangeek:473402 has account: xangeek
[07:01:21:AM] xangeek:473402 joined the room.
[07:01:22:AM] Betty: he says the Gook
[07:01:37:AM] ragith: DONATE ME 1 OL;LAR
[07:01:42:AM] Moderator degeneracy:473419:degeneracy
[07:01:42:AM] degeneracy:473419 joined the room.
[07:01:42:AM] xangeek: Holly rj a tear jst dribble out my eye
[07:01:46:AM] Sebastian:473421 has account: seabass
[07:01:46:AM] Sebastian:473421 joined the room.
[07:01:48:AM] dutch:473275 Left the room.
[07:02:26:AM] sandrine271281h: Michael_l_itoris
[07:02:27:AM] Betty:473271 stopped broadcasting.
[07:02:30:AM] dutch:473447 has account: on2
[07:02:30:AM] dutch:473447 joined the room.
[07:02:35:AM] Bicurious_George: yggdrasil
[07:02:36:AM] dutch:473447 is broadcasting.
[07:02:38:AM] Bicurious_George: Anubis
[07:02:39:AM] degeneracy:473419 Left the room.
[07:02:39:AM] ragith: U  hswve good time on life george
[07:02:40:AM] sandrine271281h: Yes
[07:02:52:AM] Bicurious_George: life is good time ragith
[07:02:53:AM] Bicurious_George: :D
[07:02:59:AM] Sebastian:473421 Left the room.
[07:03:01:AM] Bicurious_George: you are gandu ragith
[07:03:05:AM] ragith: check ur nail
[07:03:09:AM] ragith: george
[07:03:18:AM] sandrine271281h: :D
[07:03:23:AM] Betty:473271 Left the room.
[07:03:26:AM] ragith: there is half shade like moon
[07:03:28:AM] perpetual_zoloft_brain:468743 Left the room.
[07:03:42:AM] ragith: yes
[07:03:42:AM] RightInTheAddiction:473491 has account: rightinthekissa
[07:03:42:AM] RightInTheAddiction:473491 joined the room.
[07:03:43:AM] xangeek: Tfw no moon dial
[07:03:57:AM] xangeek: Tfw not a lunar gardener
[07:03:58:AM] ragith: everything u will get
[07:04:03:AM] Bicurious_George: moon nails
[07:04:06:AM] ragith: easy
[07:04:06:AM] Bicurious_George: what does this mean ragith
[07:04:10:AM] Bicurious_George: really?
[07:04:11:AM] RightInTheAddiction:473491 is broadcasting.
[07:04:12:AM] sandrine271281h: Yes
[07:04:29:AM] ragith: that mean u  will get everything what u want
[07:04:46:AM] Bicurious_George: we will rule the world ragith
[07:04:48:AM] ragith: bad time for me
[07:04:57:AM] ragith: rule ass
[07:04:57:AM] sandrine271281h: Michael_l_itoris lnstagream yes
[07:05:04:AM] Bicurious_George: it's time for us brown people
[07:05:05:AM] xangeek:473402 Left the room.
[07:05:07:AM] Bicurious_George: to be the top
[07:05:10:AM] sandrine271281h: Yes
[07:05:16:AM] tallywacker:473553 has account: braddavis
[07:05:16:AM] tallywacker:473553 joined the room.
[07:05:25:AM] ragith: u wasting ur time
[07:05:42:AM] ragith: with cig
[07:05:46:AM] tallywacker:473553 Left the room.
[07:05:49:AM] wutang:473582 has account: jaywalk187
[07:05:49:AM] wutang:473582 joined the room.
[07:05:52:AM] faris:473586 has account: farishmikhaii
[07:05:52:AM] faris:473586 joined the room.
[07:05:56:AM] teenytiny333:473588 has account: teenytiny333
[07:05:56:AM] teenytiny333:473588 joined the room.
[07:06:07:AM] teenytiny333:473588 Left the room.
[07:06:08:AM] ragith: do u know
[07:06:12:AM] sandrine271281h: Michael_l_itoris yes Sandrine hahaha
[07:06:33:AM] ragith: am from poor family
[07:06:55:AM] ragith: i work hard to get everuything
[07:07:05:AM] sandrine271281h:473184 stopped broadcasting.
[07:07:10:AM] sandrine271281h:473184 Left the room.
[07:07:11:AM] ragith: everybody got easy
[07:07:19:AM] Bicurious_George: I am from rich family
[07:07:24:AM] Bicurious_George: I get everything easy
[07:07:36:AM] ragith: beacuse  balance life
[07:08:00:AM] uralreadydead:473698 has account: findyouiwll
[07:08:00:AM] uralreadydead:473698 joined the room.
[07:08:09:AM] ragith: last life was finished ur bad time
[07:08:35:AM] psalmtrees: mfw religiously charged memes on chat made me closer to Baruch Hashem than i ever have been in my practice
[07:08:42:AM] psalmtrees: my gratitude is eternal, chatters
[07:09:17:AM] Bicurious_George: chatting is the way to true enlightenment
[07:09:25:AM] Bicurious_George: the path is laid out
[07:09:29:AM] Bicurious_George: all you have to do is follow...
[07:09:30:AM] wutang:473582 Left the room.
[07:09:39:AM] psalmtrees: just need to CHOOSE, consciously, to walk it
[07:09:47:AM] psalmtrees: indeed frater sarimus
[07:09:57:AM] Sebastian:473801 has account: seabass
[07:09:57:AM] Sebastian:473801 joined the room.
[07:10:11:AM] psalmtrees: are you one of the good guys, chatters? do you keep the fire high?
[07:10:23:AM] yggdrasil banned uralreadydead
[07:10:23:AM] uralreadydead:473698 Left the room.
[07:10:33:AM] sandrine271281h:473832 has account: sandrine271281h
[07:10:33:AM] sandrine271281h:473832 joined the room.
[07:10:39:AM] yggdrasil: my fire is so high i cant read anything but the fire
[07:10:43:AM] sandrine271281h: Michael_l_itoris lnstagream
[07:10:48:AM] psalmtrees: lol
[07:10:54:AM] psalmtrees: caf u still get that dude sending you odd mean messages in dm
[07:10:55:AM] yggdrasil: i fucked you are mom
[07:10:55:AM] Sebastian:473801 is broadcasting.
[07:11:02:AM] sandrine271281h:473832 is broadcasting.
[07:11:07:AM] ragith: be safe
[07:11:09:AM] yggdrasil: imdone for rn im still reading ok
[07:11:17:AM] yggdrasil: ragith
be safe
[07:11:18:AM] ragith: use condom original
[07:11:28:AM] yggdrasil:465958 Left the room.
[07:11:39:AM] ragith: corona condom
[07:11:42:AM] Room Owner yggdrasil:473868:hitier
[07:11:42:AM] yggdrasil:473868 joined the room.
[07:11:50:AM] yggdrasil:473868 is broadcasting.
[07:12:02:AM] sandrine271281h: Michael_l_itoris 📱lnstagream
[07:13:07:AM] Sebastian:473801 Left the room.
[07:14:08:AM] Lord_MeKLiN: hot keyz
[07:14:35:AM] RightInTheAddiction: pretty sure it's not hot keyz
[07:14:43:AM] RightInTheAddiction: more like note file open all the time
[07:14:54:AM] RightInTheAddiction: she copy past stuff there back and forth
[07:15:06:AM] sandrine271281h:473832 stopped broadcasting.
[07:15:12:AM] RightInTheAddiction: oh
[07:15:14:AM] sandrine271281h:473832 Left the room.
[07:15:49:AM] Bicurious_George:472453 stopped broadcasting.
[07:15:49:AM] g0ku:472998 Left the room.
[07:17:00:AM] KING_WEENIE:474030 has account: weenie
[07:17:00:AM] KING_WEENIE:474030 joined the room.
[07:17:01:AM] Bicurious_George banned KING_WEENIE
[07:17:01:AM] KING_WEENIE:474030 Left the room.
[07:17:57:AM] RightInTheAddiction:473491 Left the room.
[07:17:58:AM] rightinthekissa:474063 has account: rightinthekissa
[07:17:58:AM] rightinthekissa:474063 joined the room.
[07:18:08:AM] rightinthekissa:474063 is broadcasting.
[07:18:19:AM] RHONDA:473385 Left the room.
[07:18:53:AM] dutch:473447 Left the room.
[07:18:59:AM] dutch:474098 has account: on2
[07:18:59:AM] dutch:474098 joined the room.
[07:19:05:AM] dutch:474098 is broadcasting.
[07:19:08:AM] zz:474105 has account: zyrnullil1ernnt
[07:19:08:AM] zz:474105 joined the room.
[07:19:46:AM] yyu:474133 has account: yyu
[07:19:46:AM] yyu:474133 joined the room.
[07:19:55:AM] zz: daily reminder that bicurious_george aka sari sucks his cousins dick regularly
[07:19:58:AM] zz: jeez brown people sure are freaks
[07:20:02:AM] RHONDA:474139 has account: therezamillerban
[07:20:02:AM] RHONDA:474139 joined the room.
[07:20:06:AM] zz:474105 Left the room.
[07:20:16:AM] yyu:474133 Left the room.
[07:20:26:AM] Bicurious_George: true
[07:20:38:AM] rightinthekissa: Not surprising 
[07:20:48:AM] rightinthekissa: This Turkish kid in my school told he sucked his cousin too
[07:20:57:AM] rightinthekissa: He was gay as fuck tho
[07:21:27:AM] RHONDA: always mods are the most facetious annoying cunts in the room ,
[07:21:42:AM] skamp:474196 has account: outthegame
[07:21:42:AM] skamp:474196 joined the room.
[07:22:07:AM] rightinthekissa: Rhonda any kids ?
[07:22:24:AM] guest:474219 has account: dickmcbutts
[07:22:24:AM] guest:474219 joined the room.
[07:22:27:AM] RHONDA: 11
[07:22:38:AM] rightinthekissa: Nice
[07:22:41:AM] dutch: Stay healthy peeps
[07:22:42:AM] rightinthekissa: FC Rhonda
[07:22:51:AM] dutch: Hardworkers? Need to eat hard
[07:22:56:AM] skamp: Inagine 11 kids falling out of you
[07:23:04:AM] feelio:474239 has account: tfwfeelio
[07:23:04:AM] feelio:474239 joined the room.
[07:23:18:AM] RHONDA: big ole loose fanny
[07:23:31:AM] rightinthekissa: Gotta serv somebody 
[07:23:39:AM] skamp: I brought hreen tea and a greens mixed salad to work today @dutch
[07:23:40:AM] guest:474219 is broadcasting.
[07:23:59:AM] feelio:474239 Left the room.
[07:24:02:AM] dutch: Yumyum
[07:24:16:AM] skamp: All organic ofc
[07:24:24:AM] rightinthekissa: Dutch i tired oatmeal banan and milk today 
[07:24:26:AM] dutch: Healthy ppl got more energy, 
[07:24:31:AM] rightinthekissa: It’s horrible I don’t know How you guys do it
[07:24:34:AM] dutch: And how was it
[07:24:46:AM] rightinthekissa: Maybe I should try other fruits 
[07:24:48:AM] dutch: I never ated oatmeal
[07:24:52:AM] rightinthekissa: But very meh
[07:24:54:AM] dutch: Yuk
[07:24:55:AM] rightinthekissa: Oh
[07:24:58:AM] dutch: I feel you
[07:25:04:AM] skamp: That sounds bland Rhonda
[07:25:06:AM] rightinthekissa: I though you also ate it in the morning
[07:25:10:AM] rightinthekissa: What do you eat then
[07:25:12:AM] dutch: Its so slimey
[07:25:18:AM] rightinthekissa: Especially in the morning 
[07:25:19:AM] skamp: Add something acidic
[07:25:24:AM] dutch: Nahh i eat soups banquet
[07:25:27:AM] rightinthekissa: I should stick to 2/3 eggs
[07:25:28:AM] dutch: Kushrooms 
[07:25:36:AM] dutch: Cumcumer for todayq
[07:25:53:AM] dutch: Eggs are good breakfast tho :D
[07:26:14:AM] rightinthekissa: 3 eggs washed with a good glass of fresh coke
[07:26:23:AM] skamp: What the hell is guest wearing
[07:26:24:AM] wlp5:474384 has account: ucekasnnr8
[07:26:24:AM] wlp5:474384 joined the room.
[07:26:24:AM] wlp5:474384 Left the room.
[07:26:41:AM] dutch: I closed him
[07:26:56:AM] K9S3q:474474 has account: 0e0hxcinkb8q49m
[07:26:56:AM] K9S3q:474474 joined the room.
[07:26:56:AM] K9S3q:474474 Left the room.
[07:27:17:AM] yggdrasil:473868 Left the room.
[07:27:18:AM] rightinthekissa:474063 stopped broadcasting.
[07:27:18:AM] dutch: Ok so soon im going to call the birdseller to get 6birds free and a cage
[07:27:23:AM] dutch: Thats ehat my plan is
[07:27:25:AM] guest-9974:474504 has account: aviana
[07:27:25:AM] guest-9974:474504 joined the room.
[07:27:42:AM] dutch: All agapornis dwarfparrots
[07:27:44:AM] rightinthekissa:474063 Left the room.
[07:28:10:AM] guest:474219 Left the room.
[07:28:24:AM] guest-9974:474504 Left the room.
[07:28:36:AM] skamp:474196 Left the room.
[07:28:37:AM] RHONDA: eating mushroom garlic and chicken
[07:28:51:AM] dutch: Yummyymm
[07:29:12:AM] s2:474564 has account: 20031023
[07:29:12:AM] s2:474564 joined the room.
[07:29:25:AM] s2:474564 Left the room.
[07:29:27:AM] s2:474574 has account: 20031023
[07:29:27:AM] s2:474574 joined the room.
[07:29:40:AM] gBt:474613 has account: jrya7vhcod
[07:29:40:AM] gBt:474613 joined the room.
[07:29:40:AM] gBt:474613 Left the room.
[07:30:20:AM] FEQufAx:474703 has account: bxehb04ktsu30ta
[07:30:20:AM] FEQufAx:474703 joined the room.
[07:30:20:AM] FEQufAx:474703 Left the room.
[07:30:25:AM] dutch: Looks guys
[07:30:36:AM] RHONDA: birdy
[07:30:46:AM] RHONDA: muwah
[07:31:41:AM] dutch: I want em damnit
[07:35:25:AM] sandrine271281h:474903 has account: sandrine271281h
[07:35:25:AM] sandrine271281h:474903 joined the room.
[07:35:41:AM] sandrine271281h:474903 Left the room.
[07:35:59:AM] s2:474574 Left the room.
[07:36:01:AM] RHONDA: i hate it when you not allowed to smoke, it makes me want to smoke  more
[07:36:20:AM] faris:473586 Left the room.
[07:36:21:AM] Lord_MeKLiN: theres 3
[07:36:22:AM] LordCoronaaa888:474942 has account: allizdoomed888
[07:36:22:AM] LordCoronaaa888:474942 joined the room.
[07:36:43:AM] RHONDA: get that medipack
[07:37:36:AM] Jewp:474996 has account: gopepe
[07:37:36:AM] Jewp:474996 joined the room.
[07:37:41:AM] Jewp:474996 Left the room.
[07:39:06:AM] sydney:475066 has account: sydneymobile
[07:39:06:AM] sydney:475066 joined the room.
[07:39:08:AM] guest:475062 has account: marlo
[07:39:08:AM] guest:475062 joined the room.
[07:40:00:AM] scay:475098 has account: sdfsdfdsfdsf
[07:40:00:AM] scay:475098 joined the room.
[07:41:37:AM] scay:475098 is broadcasting.
[07:41:59:AM] jgl_diff_go_next:475169 has account: faceheightframe5
[07:41:59:AM] jgl_diff_go_next:475169 joined the room.
[07:43:08:AM] X1:475261 has account: atchy2u0m
[07:43:08:AM] X1:475261 joined the room.
[07:43:10:AM] X1:475261 Left the room.
[07:45:40:AM] kaobo:452074 Left the room.
[07:46:12:AM] Bicurious_George:472453 Left the room.
[07:47:35:AM] Kingster:475423 has account: kwingy
[07:47:35:AM] Kingster:475423 joined the room.
[07:47:40:AM] LouisCyphre:475430 has account: thecomrade
[07:47:40:AM] LouisCyphre:475430 joined the room.
[07:47:48:AM] Kingster:475423 Left the room.
[07:47:50:AM] zz:475441 has account: zyrnullil1ernnt
[07:47:50:AM] zz:475441 joined the room.
[07:48:13:AM] LordCoronaaa888: holy raigth
[07:48:17:AM] turbocar99: LOL
[07:48:24:AM] guest-9980:475474 has account: whoreguess
[07:48:24:AM] guest-9980:475474 joined the room.
[07:48:39:AM] turbocar99: JESUS
[07:49:12:AM] mfshkl:475527 has account: mfshkel
[07:49:12:AM] mfshkl:475527 joined the room.
[07:50:38:AM] guest-9982:475604 has account: braddavis
[07:50:38:AM] guest-9982:475604 joined the room.
[07:50:45:AM] guest-9980:475474 Left the room.
[07:51:00:AM] guest-9982:475604 Changed nick to: tinycock
[07:51:07:AM] tinycock:475604 Left the room.
[07:51:07:AM] guest: Lordmeklin went to the prom with me,he sucked me off in the limo,ain't gay tho,I didn't go down on him
[07:51:16:AM] guest-9985:475647 has account: whoreguess
[07:51:16:AM] guest-9985:475647 joined the room.
[07:51:42:AM] fabio:475674 has account: fabio007
[07:51:42:AM] fabio:475674 joined the room.
[07:52:10:AM] fabio: i like to see homo's naked
[07:52:27:AM] guest-9985:475647 Left the room.
[07:52:34:AM] fabio:475674 is broadcasting.
[07:52:44:AM] s2:475745 has account: 20031023
[07:52:44:AM] s2:475745 joined the room.
[07:53:08:AM] guest:475062 Left the room.
[07:53:45:AM] RHONDA:474139 Left the room.
[07:54:05:AM] mfshkl:475527 Left the room.
[07:55:01:AM] Moderator Degeneracy:475884:degeneracy
[07:55:01:AM] Degeneracy:475884 joined the room.
[07:55:09:AM] sydney:475066 Left the room.
[07:55:44:AM] Lord_MeKLiN: i win
[07:56:11:AM] Moderator purveryor_of_doom:475944:unicorns93
[07:56:11:AM] purveryor_of_doom:475944 joined the room.
[07:56:16:AM] turbocar99:470694 Left the room.
[07:56:17:AM] turbocar99:475946 has account: roonscape
[07:56:17:AM] turbocar99:475946 joined the room.
[07:56:25:AM] fabio:475674 Left the room.
[07:56:27:AM] purveryor_of_doom:475944 Left the room.
[07:57:02:AM] dutch: Wooohoo
[07:57:05:AM] dutch:474098 Left the room.
[07:57:09:AM] LouisCyphre: Morning, lads
[07:57:13:AM] Degeneracy:475884 Left the room.
[07:57:46:AM] Lord_MeKLiN: if they rocket me
[07:57:48:AM] Lord_MeKLiN: ill be so mad
[07:57:53:AM] Lord_MeKLiN: im bout to teleport out with their loot
[07:57:59:AM] Lord_MeKLiN: fucking faggots fake russian accent
[07:59:18:AM] Lord_MeKLiN: he hit my base with a grenade
[07:59:19:AM] Lord_MeKLiN: :(
[07:59:23:AM] Lord_MeKLiN: they might get me
[07:59:30:AM] psalmtrees: this is not a drill meklin
[07:59:35:AM] psalmtrees: activate emergency survival protocols
[07:59:42:AM] zz: ^ LOL
[07:59:44:AM] zz: HELL YEAH
[07:59:48:AM] zz: FUCK EM UP MEKLIN
[08:00:05:AM] psalmtrees: yfw listening for the enemy
[08:00:22:AM] psalmtrees: ÒoÓ
[08:00:34:AM] Lord_MeKLiN: my floor is wood too
[08:00:35:AM] Lord_MeKLiN: they are dumb
[08:00:41:AM] Lord_MeKLiN: they are fucking raging
[08:00:54:AM] jgl_diff_go_next: stop hiding like a pussy
[08:01:02:AM] Lord_MeKLiN: i already killed them
[08:01:07:AM] Lord_MeKLiN: :)
[08:01:15:AM] ragith:473188 Left the room.
[08:01:16:AM] psalmtrees: did you rig your yard with explosives meklin?
[08:01:18:AM] psalmtrees: how did you get em
[08:01:31:AM] jgl_diff_go_next: he beat them all with the hammer
[08:01:53:AM] Lord_MeKLiN: hes leaving
[08:01:59:AM] Lord_MeKLiN: no i build a raid base
[08:02:14:AM] Lord_MeKLiN: i think hes going to get rockets
[08:02:31:AM] Lord_MeKLiN: i shouldnt move
[08:02:40:AM] Lord_MeKLiN: they might have given up
[08:02:44:AM] Lord_MeKLiN: or think i teleported
[08:03:11:AM] Lord_MeKLiN: nah they cominf
[08:03:12:AM] Lord_MeKLiN: uck
[08:03:33:AM] Lord_MeKLiN: 3 mins 5 secs
[08:03:37:AM] Lord_MeKLiN: then i can initiate a 20 second teleport
[08:03:44:AM] Lord_MeKLiN: i had 5 sec s left on the timer when they grenaded the wall
[08:03:48:AM] Lord_MeKLiN: meaning i cant telport or shop
[08:03:55:AM] Lord_MeKLiN: hes shooting the heli now im safe
[08:04:01:AM] Lord_MeKLiN: I WIN ALWAYS
[08:04:24:AM] psalmtrees: haha good job meklin
[08:04:37:AM] psalmtrees: its hard to follow sometimes what goes down on your little square, but i apreciate the fanaticism you put into this game
[08:04:40:AM] Lord_MeKLiN: HES SHOOTING A DOOR WTF
[08:04:51:AM] psalmtrees: awww shit
[08:05:00:AM] psalmtrees: youll get them next time
[08:05:12:AM] psalmtrees: lmfao tradekill nice job
[08:05:30:AM] psalmtrees: loot afster meklin they're coming for you
[08:06:28:AM] LouisCyphre: hey, trees
[08:06:38:AM] psalmtrees: whats good louis
[08:06:57:AM] LouisCyphre: Nothing much, waiting for my delivery of water
[08:07:04:AM] psalmtrees: word
[08:07:09:AM] psalmtrees: you prepping or is that a usual thing ?
[08:07:15:AM] LouisCyphre: got 10 cases, gonna order more
[08:07:25:AM] LouisCyphre: prepping
[08:07:27:AM] psalmtrees: word
[08:07:31:AM] psalmtrees: i pity y'all americans
[08:07:44:AM] psalmtrees: if it its you good it wont be any different thre from living in a third world country
[08:07:55:AM] psalmtrees: yfw living in a nanny state pays off for once
[08:08:02:AM] LouisCyphre: lol
[08:08:22:AM] LouisCyphre: a case was just discovered 20minutes from me
[08:09:05:AM] LouisCyphre: Only thing left to stock is multivitamins/protein shakes
[08:09:06:AM] psalmtrees: its been in my town since monday lol
[08:09:13:AM] psalmtrees: nice, what else you got?
[08:09:14:AM] LordCoronaaa888: where the girls at
[08:09:34:AM] LordCoronaaa888: this corona scare is crazy
[08:11:06:AM] tinycock:476794 has account: braddavis
[08:11:06:AM] tinycock:476794 joined the room.
[08:11:10:AM] tinycock:476794 Left the room.
[08:14:01:AM] LouisCyphre: canned veggies, protein shakes, gas for my portable hotplate
[08:14:19:AM] LouisCyphre: FUCK, they forgot the cases of water
[08:15:03:AM] 70spornactor:477055 has account: iwillripyou
[08:15:03:AM] 70spornactor:477055 joined the room.
[08:15:24:AM] 70spornactor:477055 Left the room.
[08:18:09:AM] LordCoronaaa888:474942 Left the room.
[08:18:55:AM] WhiteShirt:477292 has account: fassfafasafsfafs
[08:18:55:AM] WhiteShirt:477292 joined the room.
[08:19:00:AM] WhiteShirt:477292 Left the room.
[08:20:13:AM] LouisCyphre:475430 is broadcasting.
[08:21:33:AM] WhiteShirt:477450 has account: fassfafasafsfafs
[08:21:33:AM] WhiteShirt:477450 joined the room.
[08:22:23:AM] WhiteShirt:477450 Left the room.
[08:22:32:AM] ragith:477508 has account: ragithkr
[08:22:32:AM] ragith:477508 joined the room.
[08:22:48:AM] ragith:477508 Left the room.
[08:23:37:AM] Lord_MeKLiN: im in their compoiund
[08:28:21:AM] feelio:477820 has account: tfwfeelio
[08:28:21:AM] feelio:477820 joined the room.
[08:29:00:AM] zz:475441 Left the room.
[08:29:04:AM] E6XD3o0S:477884 has account: 1bldy8
[08:29:04:AM] E6XD3o0S:477884 joined the room.
[08:29:06:AM] E6XD3o0S:477884 Left the room.
[08:29:47:AM] LordCoronaaa888:477948 has account: allizdoomed888
[08:29:47:AM] LordCoronaaa888:477948 joined the room.
[08:30:04:AM] scay:475098 Left the room.
[08:30:06:AM] scay:477969 has account: sdfsdfdsfdsf
[08:30:06:AM] scay:477969 joined the room.
[08:30:09:AM] scay:477969 is broadcasting.
[08:31:20:AM] LordCoronaaa888:477948 Left the room.
[08:32:11:AM] scay:477969 Left the room.
[08:35:26:AM] scay:478358 has account: sdfsdfdsfdsf
[08:35:26:AM] scay:478358 joined the room.
[08:35:29:AM] scay:478358 is broadcasting.
[08:37:43:AM] scay: thats marijuana
[08:37:44:AM] scay: smoke
[08:38:35:AM] Room Owner caf:478588:hitier
[08:38:35:AM] caf:478588 joined the room.
[08:38:38:AM] caf: https://i.imgur.com/S5amwoq.gif
[08:38:44:AM] sandrine271281h:478600 has account: sandrine271281h
[08:38:44:AM] sandrine271281h:478600 joined the room.
[08:39:01:AM] LouisCyphre: Morning, caf
[08:39:09:AM] sandrine271281h: Tirednormie lol Sandrine
[08:39:13:AM] caf: sup brah
[08:39:19:AM] sandrine271281h: Caf
[08:39:22:AM] sandrine271281h: Yes
[08:39:35:AM] LouisCyphre: its over, coronavirus case popped up 20 minutes from me
[08:39:41:AM] caf: jesus lol
[08:39:48:AM] caf: i have to go to california this weekend for my gran
[08:39:51:AM] caf: to help her move
[08:39:53:AM] caf: its ogre bro
[08:39:55:AM] sandrine271281h: Caf lol
[08:39:57:AM] sandrine271281h: Yes
[08:39:58:AM] LouisCyphre: stay safe, lad
[08:40:03:AM] caf: based
[08:40:14:AM] sandrine271281h: based
[08:40:15:AM] sandrine271281h: Yes
[08:40:20:AM] LouisCyphre: going to nyc next week
[08:40:20:AM] caf: Oregon coronavirus quarantines ‘dozens’ of Hillsboro hospital staff
[08:40:22:AM] caf: ROFL ITS OVER
[08:40:26:AM] sandrine271281h: Yes
[08:40:41:AM] sandrine271281h: Caf
[08:40:43:AM] caf: Three cases have been reported in Oregon since last Friday. The state’s first two are adults -- the first presumptive COVID-19 patient lives in Washington County but works at Forest Hills Elementary School in Lake Oswego in Clackamas County and the second patient is a family member. The
[08:40:48:AM] caf: I AM DOOM ROFL
[08:40:49:AM] guest-10047:478773 has account: hollywood
[08:40:49:AM] guest-10047:478773 joined the room.
[08:40:50:AM] fluffio:478782 has account: fluffio
[08:40:50:AM] fluffio:478782 joined the room.
[08:40:54:AM] guest-10047:478773 Left the room.
[08:40:57:AM] LouisCyphre: GODDAMN, MAN
[08:40:59:AM] sandrine271281h: Caf video
[08:40:59:AM] caf kicked trap
[08:40:59:AM] You have been kicked from the room.
